[  1%] Built target geographic_msgs__rosidl_generator_type_description
[  1%] Built target geographic_msgs__rs
[  2%] Built target gtest
[  3%] Built target gtest_main
[  3%] Built target ament_cmake_python_symlink_geographic_msgs
[  3%] Built target geographic_msgs__cpp
[ 30%] Built target geographic_msgs__rosidl_generator_c
[ 39%] Built target geographic_msgs__rosidl_typesupport_c
[ 48%] Built target geographic_msgs__rosidl_typesupport_fastrtps_c
[ 77%] Built target geographic_msgs__rosidl_typesupport_fastrtps_cpp
[ 77%] Built target geographic_msgs__rosidl_typesupport_cpp
[ 77%] Built target geographic_msgs__rosidl_typesupport_introspection_c
[ 87%] Built target geographic_msgs__rosidl_typesupport_introspection_cpp
[ 88%] Built target validation_test
[ 88%] Built target geographic_msgs
[ 88%] Built target geographic_msgs__py
running egg_info
writing geographic_msgs.egg-info/PKG-INFO
writing dependency_links to geographic_msgs.egg-info/dependency_links.txt
writing top-level names to geographic_msgs.egg-info/top_level.txt
[ 97%] Built target geographic_msgs__rosidl_generator_py
reading manifest file 'geographic_msgs.egg-info/SOURCES.txt'
writing manifest file 'geographic_msgs.egg-info/SOURCES.txt'
[100%] Built target geographic_msgs_s__rosidl_typesupport_c
[100%] Built target geographic_msgs_s__rosidl_typesupport_fastrtps_c
[100%] Built target geographic_msgs_s__rosidl_typesupport_introspection_c
[100%] Built target ament_cmake_python_build_geographic_msgs_egg
-- Install configuration: ""
-- Execute custom install script
-- Up-to-date symlink: /home/macho/navivest_ws/install/geographic_msgs/share/ament_index/resource_index/rosidl_interfaces/geographic_msgs
-- Up-to-date symlink: /home/macho/navivest_ws/install/geographic_msgs/share/geographic_msgs/msg/BoundingBox.json
-- Up-to-date symlink: /home/macho/navivest_ws/install/geographic_msgs/share/geographic_msgs/msg/GeographicMapChanges.json
-- Up-to-date symlink: /home/macho/navivest_ws/install/geographic_msgs/share/geographic_msgs/msg/GeographicMap.json
-- Up-to-date symlink: /home/macho/navivest_ws/install/geographic_msgs/share/geographic_msgs/msg/GeoPath.json
-- Up-to-date symlink: /home/macho/navivest_ws/install/geographic_msgs/share/geographic_msgs/msg/GeoPoint.json
-- Up-to-date symlink: /home/macho/navivest_ws/install/geographic_msgs/share/geographic_msgs/msg/GeoPointStamped.json
-- Up-to-date symlink: /home/macho/navivest_ws/install/geographic_msgs/share/geographic_msgs/msg/GeoPose.json
-- Up-to-date symlink: /home/macho/navivest_ws/install/geographic_msgs/share/geographic_msgs/msg/GeoPoseStamped.json
-- Up-to-date symlink: /home/macho/navivest_ws/install/geographic_msgs/share/geographic_msgs/msg/GeoPoseWithCovariance.json
-- Up-to-date symlink: /home/macho/navivest_ws/install/geographic_msgs/share/geographic_msgs/msg/GeoPoseWithCovarianceStamped.json
-- Up-to-date symlink: /home/macho/navivest_ws/install/geographic_msgs/share/geographic_msgs/msg/KeyValue.json
-- Up-to-date symlink: /home/macho/navivest_ws/install/geographic_msgs/share/geographic_msgs/msg/MapFeature.json
-- Up-to-date symlink: /home/macho/navivest_ws/install/geographic_msgs/share/geographic_msgs/msg/RouteNetwork.json
-- Up-to-date symlink: /home/macho/navivest_ws/install/geographic_msgs/share/geographic_msgs/msg/RoutePath.json
-- Up-to-date symlink: /home/macho/navivest_ws/install/geographic_msgs/share/geographic_msgs/msg/RouteSegment.json
-- Up-to-date symlink: /home/macho/navivest_ws/install/geographic_msgs/share/geographic_msgs/msg/WayPoint.json
-- Up-to-date symlink: /home/macho/navivest_ws/install/geographic_msgs/share/geographic_msgs/srv/GetGeographicMap.json
-- Up-to-date symlink: /home/macho/navivest_ws/install/geographic_msgs/share/geographic_msgs/srv/GetGeoPath.json
-- Up-to-date symlink: /home/macho/navivest_ws/install/geographic_msgs/share/geographic_msgs/srv/GetRoutePlan.json
-- Up-to-date symlink: /home/macho/navivest_ws/install/geographic_msgs/share/geographic_msgs/srv/UpdateGeographicMap.json
-- Up-to-date symlink: /home/macho/navivest_ws/install/geographic_msgs/include/geographic_msgs/geographic_msgs/msg/bounding_box.h
-- Up-to-date symlink: /home/macho/navivest_ws/install/geographic_msgs/include/geographic_msgs/geographic_msgs/msg/detail/bounding_box__functions.h
-- Up-to-date symlink: /home/macho/navivest_ws/install/geographic_msgs/include/geographic_msgs/geographic_msgs/msg/detail/bounding_box__struct.h
-- Up-to-date symlink: /home/macho/navivest_ws/install/geographic_msgs/include/geographic_msgs/geographic_msgs/msg/detail/bounding_box__type_support.h
-- Up-to-date symlink: /home/macho/navivest_ws/install/geographic_msgs/include/geographic_msgs/geographic_msgs/msg/detail/geo_path__functions.h
-- Up-to-date symlink: /home/macho/navivest_ws/install/geographic_msgs/include/geographic_msgs/geographic_msgs/msg/detail/geo_path__struct.h
-- Up-to-date symlink: /home/macho/navivest_ws/install/geographic_msgs/include/geographic_msgs/geographic_msgs/msg/detail/geo_path__type_support.h
-- Up-to-date symlink: /home/macho/navivest_ws/install/geographic_msgs/include/geographic_msgs/geographic_msgs/msg/detail/geo_point__functions.h
-- Up-to-date symlink: /home/macho/navivest_ws/install/geographic_msgs/include/geographic_msgs/geographic_msgs/msg/detail/geo_point__struct.h
-- Up-to-date symlink: /home/macho/navivest_ws/install/geographic_msgs/include/geographic_msgs/geographic_msgs/msg/detail/geo_point__type_support.h
-- Up-to-date symlink: /home/macho/navivest_ws/install/geographic_msgs/include/geographic_msgs/geographic_msgs/msg/detail/geo_point_stamped__functions.h
-- Up-to-date symlink: /home/macho/navivest_ws/install/geographic_msgs/include/geographic_msgs/geographic_msgs/msg/detail/geo_point_stamped__struct.h
-- Up-to-date symlink: /home/macho/navivest_ws/install/geographic_msgs/include/geographic_msgs/geographic_msgs/msg/detail/geo_point_stamped__type_support.h
-- Up-to-date symlink: /home/macho/navivest_ws/install/geographic_msgs/include/geographic_msgs/geographic_msgs/msg/detail/geo_pose__functions.h
-- Up-to-date symlink: /home/macho/navivest_ws/install/geographic_msgs/include/geographic_msgs/geographic_msgs/msg/detail/geo_pose__struct.h
-- Up-to-date symlink: /home/macho/navivest_ws/install/geographic_msgs/include/geographic_msgs/geographic_msgs/msg/detail/geo_pose__type_support.h
-- Up-to-date symlink: /home/macho/navivest_ws/install/geographic_msgs/include/geographic_msgs/geographic_msgs/msg/detail/geo_pose_stamped__functions.h
-- Up-to-date symlink: /home/macho/navivest_ws/install/geographic_msgs/include/geographic_msgs/geographic_msgs/msg/detail/geo_pose_stamped__struct.h
-- Up-to-date symlink: /home/macho/navivest_ws/install/geographic_msgs/include/geographic_msgs/geographic_msgs/msg/detail/geo_pose_stamped__type_support.h
-- Up-to-date symlink: /home/macho/navivest_ws/install/geographic_msgs/include/geographic_msgs/geographic_msgs/msg/detail/geo_pose_with_covariance__functions.h
-- Up-to-date symlink: /home/macho/navivest_ws/install/geographic_msgs/include/geographic_msgs/geographic_msgs/msg/detail/geo_pose_with_covariance__struct.h
-- Up-to-date symlink: /home/macho/navivest_ws/install/geographic_msgs/include/geographic_msgs/geographic_msgs/msg/detail/geo_pose_with_covariance__type_support.h
-- Up-to-date symlink: /home/macho/navivest_ws/install/geographic_msgs/include/geographic_msgs/geographic_msgs/msg/detail/geo_pose_with_covariance_stamped__functions.h
-- Up-to-date symlink: /home/macho/navivest_ws/install/geographic_msgs/include/geographic_msgs/geographic_msgs/msg/detail/geo_pose_with_covariance_stamped__struct.h
-- Up-to-date symlink: /home/macho/navivest_ws/install/geographic_msgs/include/geographic_msgs/geographic_msgs/msg/detail/geo_pose_with_covariance_stamped__type_support.h
-- Up-to-date symlink: /home/macho/navivest_ws/install/geographic_msgs/include/geographic_msgs/geographic_msgs/msg/detail/geographic_map__functions.h
-- Up-to-date symlink: /home/macho/navivest_ws/install/geographic_msgs/include/geographic_msgs/geographic_msgs/msg/detail/geographic_map__struct.h
-- Up-to-date symlink: /home/macho/navivest_ws/install/geographic_msgs/include/geographic_msgs/geographic_msgs/msg/detail/geographic_map__type_support.h
-- Up-to-date symlink: /home/macho/navivest_ws/install/geographic_msgs/include/geographic_msgs/geographic_msgs/msg/detail/geographic_map_changes__functions.h
-- Up-to-date symlink: /home/macho/navivest_ws/install/geographic_msgs/include/geographic_msgs/geographic_msgs/msg/detail/geographic_map_changes__struct.h
-- Up-to-date symlink: /home/macho/navivest_ws/install/geographic_msgs/include/geographic_msgs/geographic_msgs/msg/detail/geographic_map_changes__type_support.h
-- Up-to-date symlink: /home/macho/navivest_ws/install/geographic_msgs/include/geographic_msgs/geographic_msgs/msg/detail/key_value__functions.h
-- Up-to-date symlink: /home/macho/navivest_ws/install/geographic_msgs/include/geographic_msgs/geographic_msgs/msg/detail/key_value__struct.h
-- Up-to-date symlink: /home/macho/navivest_ws/install/geographic_msgs/include/geographic_msgs/geographic_msgs/msg/detail/key_value__type_support.h
-- Up-to-date symlink: /home/macho/navivest_ws/install/geographic_msgs/include/geographic_msgs/geographic_msgs/msg/detail/map_feature__functions.h
-- Up-to-date symlink: /home/macho/navivest_ws/install/geographic_msgs/include/geographic_msgs/geographic_msgs/msg/detail/map_feature__struct.h
-- Up-to-date symlink: /home/macho/navivest_ws/install/geographic_msgs/include/geographic_msgs/geographic_msgs/msg/detail/map_feature__type_support.h
-- Up-to-date symlink: /home/macho/navivest_ws/install/geographic_msgs/include/geographic_msgs/geographic_msgs/msg/detail/route_network__functions.h
-- Up-to-date symlink: /home/macho/navivest_ws/install/geographic_msgs/include/geographic_msgs/geographic_msgs/msg/detail/route_network__struct.h
-- Up-to-date symlink: /home/macho/navivest_ws/install/geographic_msgs/include/geographic_msgs/geographic_msgs/msg/detail/route_network__type_support.h
-- Up-to-date symlink: /home/macho/navivest_ws/install/geographic_msgs/include/geographic_msgs/geographic_msgs/msg/detail/route_path__functions.h
-- Up-to-date symlink: /home/macho/navivest_ws/install/geographic_msgs/include/geographic_msgs/geographic_msgs/msg/detail/route_path__struct.h
-- Up-to-date symlink: /home/macho/navivest_ws/install/geographic_msgs/include/geographic_msgs/geographic_msgs/msg/detail/route_path__type_support.h
-- Up-to-date symlink: /home/macho/navivest_ws/install/geographic_msgs/include/geographic_msgs/geographic_msgs/msg/detail/route_segment__functions.h
-- Up-to-date symlink: /home/macho/navivest_ws/install/geographic_msgs/include/geographic_msgs/geographic_msgs/msg/detail/route_segment__struct.h
-- Up-to-date symlink: /home/macho/navivest_ws/install/geographic_msgs/include/geographic_msgs/geographic_msgs/msg/detail/route_segment__type_support.h
-- Up-to-date symlink: /home/macho/navivest_ws/install/geographic_msgs/include/geographic_msgs/geographic_msgs/msg/detail/way_point__functions.h
-- Up-to-date symlink: /home/macho/navivest_ws/install/geographic_msgs/include/geographic_msgs/geographic_msgs/msg/detail/way_point__struct.h
-- Up-to-date symlink: /home/macho/navivest_ws/install/geographic_msgs/include/geographic_msgs/geographic_msgs/msg/detail/way_point__type_support.h
-- Up-to-date symlink: /home/macho/navivest_ws/install/geographic_msgs/include/geographic_msgs/geographic_msgs/msg/geo_path.h
-- Up-to-date symlink: /home/macho/navivest_ws/install/geographic_msgs/include/geographic_msgs/geographic_msgs/msg/geo_point.h
-- Up-to-date symlink: /home/macho/navivest_ws/install/geographic_msgs/include/geographic_msgs/geographic_msgs/msg/geo_point_stamped.h
-- Up-to-date symlink: /home/macho/navivest_ws/install/geographic_msgs/include/geographic_msgs/geographic_msgs/msg/geo_pose.h
-- Up-to-date symlink: /home/macho/navivest_ws/install/geographic_msgs/include/geographic_msgs/geographic_msgs/msg/geo_pose_stamped.h
-- Up-to-date symlink: /home/macho/navivest_ws/install/geographic_msgs/include/geographic_msgs/geographic_msgs/msg/geo_pose_with_covariance.h
-- Up-to-date symlink: /home/macho/navivest_ws/install/geographic_msgs/include/geographic_msgs/geographic_msgs/msg/geo_pose_with_covariance_stamped.h
-- Up-to-date symlink: /home/macho/navivest_ws/install/geographic_msgs/include/geographic_msgs/geographic_msgs/msg/geographic_map.h
-- Up-to-date symlink: /home/macho/navivest_ws/install/geographic_msgs/include/geographic_msgs/geographic_msgs/msg/geographic_map_changes.h
-- Up-to-date symlink: /home/macho/navivest_ws/install/geographic_msgs/include/geographic_msgs/geographic_msgs/msg/key_value.h
-- Up-to-date symlink: /home/macho/navivest_ws/install/geographic_msgs/include/geographic_msgs/geographic_msgs/msg/map_feature.h
-- Up-to-date symlink: /home/macho/navivest_ws/install/geographic_msgs/include/geographic_msgs/geographic_msgs/msg/rosidl_generator_c__visibility_control.h
-- Up-to-date symlink: /home/macho/navivest_ws/install/geographic_msgs/include/geographic_msgs/geographic_msgs/msg/route_network.h
-- Up-to-date symlink: /home/macho/navivest_ws/install/geographic_msgs/include/geographic_msgs/geographic_msgs/msg/route_path.h
-- Up-to-date symlink: /home/macho/navivest_ws/install/geographic_msgs/include/geographic_msgs/geographic_msgs/msg/route_segment.h
-- Up-to-date symlink: /home/macho/navivest_ws/install/geographic_msgs/include/geographic_msgs/geographic_msgs/msg/way_point.h
-- Up-to-date symlink: /home/macho/navivest_ws/install/geographic_msgs/include/geographic_msgs/geographic_msgs/srv/detail/get_geo_path__functions.h
-- Up-to-date symlink: /home/macho/navivest_ws/install/geographic_msgs/include/geographic_msgs/geographic_msgs/srv/detail/get_geo_path__struct.h
-- Up-to-date symlink: /home/macho/navivest_ws/install/geographic_msgs/include/geographic_msgs/geographic_msgs/srv/detail/get_geo_path__type_support.h
-- Up-to-date symlink: /home/macho/navivest_ws/install/geographic_msgs/include/geographic_msgs/geographic_msgs/srv/detail/get_geographic_map__functions.h
-- Up-to-date symlink: /home/macho/navivest_ws/install/geographic_msgs/include/geographic_msgs/geographic_msgs/srv/detail/get_geographic_map__struct.h
-- Up-to-date symlink: /home/macho/navivest_ws/install/geographic_msgs/include/geographic_msgs/geographic_msgs/srv/detail/get_geographic_map__type_support.h
-- Up-to-date symlink: /home/macho/navivest_ws/install/geographic_msgs/include/geographic_msgs/geographic_msgs/srv/detail/get_route_plan__functions.h
-- Up-to-date symlink: /home/macho/navivest_ws/install/geographic_msgs/include/geographic_msgs/geographic_msgs/srv/detail/get_route_plan__struct.h
-- Up-to-date symlink: /home/macho/navivest_ws/install/geographic_msgs/include/geographic_msgs/geographic_msgs/srv/detail/get_route_plan__type_support.h
-- Up-to-date symlink: /home/macho/navivest_ws/install/geographic_msgs/include/geographic_msgs/geographic_msgs/srv/detail/update_geographic_map__functions.h
-- Up-to-date symlink: /home/macho/navivest_ws/install/geographic_msgs/include/geographic_msgs/geographic_msgs/srv/detail/update_geographic_map__struct.h
-- Up-to-date symlink: /home/macho/navivest_ws/install/geographic_msgs/include/geographic_msgs/geographic_msgs/srv/detail/update_geographic_map__type_support.h
-- Up-to-date symlink: /home/macho/navivest_ws/install/geographic_msgs/include/geographic_msgs/geographic_msgs/srv/get_geo_path.h
-- Up-to-date symlink: /home/macho/navivest_ws/install/geographic_msgs/include/geographic_msgs/geographic_msgs/srv/get_geographic_map.h
-- Up-to-date symlink: /home/macho/navivest_ws/install/geographic_msgs/include/geographic_msgs/geographic_msgs/srv/get_route_plan.h
-- Up-to-date symlink: /home/macho/navivest_ws/install/geographic_msgs/include/geographic_msgs/geographic_msgs/srv/update_geographic_map.h
-- Up-to-date symlink: /home/macho/navivest_ws/install/geographic_msgs/share/geographic_msgs/environment/library_path.sh
-- Up-to-date symlink: /home/macho/navivest_ws/install/geographic_msgs/share/geographic_msgs/environment/library_path.dsv
-- Up-to-date symlink: /home/macho/navivest_ws/install/geographic_msgs/include/geographic_msgs/geographic_msgs/msg/detail/bounding_box__rosidl_typesupport_fastrtps_c.h
-- Up-to-date symlink: /home/macho/navivest_ws/install/geographic_msgs/include/geographic_msgs/geographic_msgs/msg/detail/geo_path__rosidl_typesupport_fastrtps_c.h
-- Up-to-date symlink: /home/macho/navivest_ws/install/geographic_msgs/include/geographic_msgs/geographic_msgs/msg/detail/geo_point__rosidl_typesupport_fastrtps_c.h
-- Up-to-date symlink: /home/macho/navivest_ws/install/geographic_msgs/include/geographic_msgs/geographic_msgs/msg/detail/geo_point_stamped__rosidl_typesupport_fastrtps_c.h
-- Up-to-date symlink: /home/macho/navivest_ws/install/geographic_msgs/include/geographic_msgs/geographic_msgs/msg/detail/geo_pose__rosidl_typesupport_fastrtps_c.h
-- Up-to-date symlink: /home/macho/navivest_ws/install/geographic_msgs/include/geographic_msgs/geographic_msgs/msg/detail/geo_pose_stamped__rosidl_typesupport_fastrtps_c.h
-- Up-to-date symlink: /home/macho/navivest_ws/install/geographic_msgs/include/geographic_msgs/geographic_msgs/msg/detail/geo_pose_with_covariance__rosidl_typesupport_fastrtps_c.h
-- Up-to-date symlink: /home/macho/navivest_ws/install/geographic_msgs/include/geographic_msgs/geographic_msgs/msg/detail/geo_pose_with_covariance_stamped__rosidl_typesupport_fastrtps_c.h
-- Up-to-date symlink: /home/macho/navivest_ws/install/geographic_msgs/include/geographic_msgs/geographic_msgs/msg/detail/geographic_map__rosidl_typesupport_fastrtps_c.h
-- Up-to-date symlink: /home/macho/navivest_ws/install/geographic_msgs/include/geographic_msgs/geographic_msgs/msg/detail/geographic_map_changes__rosidl_typesupport_fastrtps_c.h
-- Up-to-date symlink: /home/macho/navivest_ws/install/geographic_msgs/include/geographic_msgs/geographic_msgs/msg/detail/key_value__rosidl_typesupport_fastrtps_c.h
-- Up-to-date symlink: /home/macho/navivest_ws/install/geographic_msgs/include/geographic_msgs/geographic_msgs/msg/detail/map_feature__rosidl_typesupport_fastrtps_c.h
-- Up-to-date symlink: /home/macho/navivest_ws/install/geographic_msgs/include/geographic_msgs/geographic_msgs/msg/detail/route_network__rosidl_typesupport_fastrtps_c.h
-- Up-to-date symlink: /home/macho/navivest_ws/install/geographic_msgs/include/geographic_msgs/geographic_msgs/msg/detail/route_path__rosidl_typesupport_fastrtps_c.h
-- Up-to-date symlink: /home/macho/navivest_ws/install/geographic_msgs/include/geographic_msgs/geographic_msgs/msg/detail/route_segment__rosidl_typesupport_fastrtps_c.h
-- Up-to-date symlink: /home/macho/navivest_ws/install/geographic_msgs/include/geographic_msgs/geographic_msgs/msg/detail/way_point__rosidl_typesupport_fastrtps_c.h
-- Up-to-date symlink: /home/macho/navivest_ws/install/geographic_msgs/include/geographic_msgs/geographic_msgs/msg/rosidl_typesupport_fastrtps_c__visibility_control.h
-- Up-to-date symlink: /home/macho/navivest_ws/install/geographic_msgs/include/geographic_msgs/geographic_msgs/srv/detail/get_geo_path__rosidl_typesupport_fastrtps_c.h
-- Up-to-date symlink: /home/macho/navivest_ws/install/geographic_msgs/include/geographic_msgs/geographic_msgs/srv/detail/get_geographic_map__rosidl_typesupport_fastrtps_c.h
-- Up-to-date symlink: /home/macho/navivest_ws/install/geographic_msgs/include/geographic_msgs/geographic_msgs/srv/detail/get_route_plan__rosidl_typesupport_fastrtps_c.h
-- Up-to-date symlink: /home/macho/navivest_ws/install/geographic_msgs/include/geographic_msgs/geographic_msgs/srv/detail/update_geographic_map__rosidl_typesupport_fastrtps_c.h
-- Up-to-date symlink: /home/macho/navivest_ws/install/geographic_msgs/include/geographic_msgs/geographic_msgs/msg/bounding_box.hpp
-- Up-to-date symlink: /home/macho/navivest_ws/install/geographic_msgs/include/geographic_msgs/geographic_msgs/msg/detail/bounding_box__builder.hpp
-- Up-to-date symlink: /home/macho/navivest_ws/install/geographic_msgs/include/geographic_msgs/geographic_msgs/msg/detail/bounding_box__struct.hpp
-- Up-to-date symlink: /home/macho/navivest_ws/install/geographic_msgs/include/geographic_msgs/geographic_msgs/msg/detail/bounding_box__traits.hpp
-- Up-to-date symlink: /home/macho/navivest_ws/install/geographic_msgs/include/geographic_msgs/geographic_msgs/msg/detail/bounding_box__type_support.hpp
-- Up-to-date symlink: /home/macho/navivest_ws/install/geographic_msgs/include/geographic_msgs/geographic_msgs/msg/detail/geo_path__builder.hpp
-- Up-to-date symlink: /home/macho/navivest_ws/install/geographic_msgs/include/geographic_msgs/geographic_msgs/msg/detail/geo_path__struct.hpp
-- Up-to-date symlink: /home/macho/navivest_ws/install/geographic_msgs/include/geographic_msgs/geographic_msgs/msg/detail/geo_path__traits.hpp
-- Up-to-date symlink: /home/macho/navivest_ws/install/geographic_msgs/include/geographic_msgs/geographic_msgs/msg/detail/geo_path__type_support.hpp
-- Up-to-date symlink: /home/macho/navivest_ws/install/geographic_msgs/include/geographic_msgs/geographic_msgs/msg/detail/geo_point__builder.hpp
-- Up-to-date symlink: /home/macho/navivest_ws/install/geographic_msgs/include/geographic_msgs/geographic_msgs/msg/detail/geo_point__struct.hpp
-- Up-to-date symlink: /home/macho/navivest_ws/install/geographic_msgs/include/geographic_msgs/geographic_msgs/msg/detail/geo_point__traits.hpp
-- Up-to-date symlink: /home/macho/navivest_ws/install/geographic_msgs/include/geographic_msgs/geographic_msgs/msg/detail/geo_point__type_support.hpp
-- Up-to-date symlink: /home/macho/navivest_ws/install/geographic_msgs/include/geographic_msgs/geographic_msgs/msg/detail/geo_point_stamped__builder.hpp
-- Up-to-date symlink: /home/macho/navivest_ws/install/geographic_msgs/include/geographic_msgs/geographic_msgs/msg/detail/geo_point_stamped__struct.hpp
-- Up-to-date symlink: /home/macho/navivest_ws/install/geographic_msgs/include/geographic_msgs/geographic_msgs/msg/detail/geo_point_stamped__traits.hpp
-- Up-to-date symlink: /home/macho/navivest_ws/install/geographic_msgs/include/geographic_msgs/geographic_msgs/msg/detail/geo_point_stamped__type_support.hpp
-- Up-to-date symlink: /home/macho/navivest_ws/install/geographic_msgs/include/geographic_msgs/geographic_msgs/msg/detail/geo_pose__builder.hpp
-- Up-to-date symlink: /home/macho/navivest_ws/install/geographic_msgs/include/geographic_msgs/geographic_msgs/msg/detail/geo_pose__struct.hpp
-- Up-to-date symlink: /home/macho/navivest_ws/install/geographic_msgs/include/geographic_msgs/geographic_msgs/msg/detail/geo_pose__traits.hpp
-- Up-to-date symlink: /home/macho/navivest_ws/install/geographic_msgs/include/geographic_msgs/geographic_msgs/msg/detail/geo_pose__type_support.hpp
-- Up-to-date symlink: /home/macho/navivest_ws/install/geographic_msgs/include/geographic_msgs/geographic_msgs/msg/detail/geo_pose_stamped__builder.hpp
-- Up-to-date symlink: /home/macho/navivest_ws/install/geographic_msgs/include/geographic_msgs/geographic_msgs/msg/detail/geo_pose_stamped__struct.hpp
-- Up-to-date symlink: /home/macho/navivest_ws/install/geographic_msgs/include/geographic_msgs/geographic_msgs/msg/detail/geo_pose_stamped__traits.hpp
-- Up-to-date symlink: /home/macho/navivest_ws/install/geographic_msgs/include/geographic_msgs/geographic_msgs/msg/detail/geo_pose_stamped__type_support.hpp
-- Up-to-date symlink: /home/macho/navivest_ws/install/geographic_msgs/include/geographic_msgs/geographic_msgs/msg/detail/geo_pose_with_covariance__builder.hpp
-- Up-to-date symlink: /home/macho/navivest_ws/install/geographic_msgs/include/geographic_msgs/geographic_msgs/msg/detail/geo_pose_with_covariance__struct.hpp
-- Up-to-date symlink: /home/macho/navivest_ws/install/geographic_msgs/include/geographic_msgs/geographic_msgs/msg/detail/geo_pose_with_covariance__traits.hpp
-- Up-to-date symlink: /home/macho/navivest_ws/install/geographic_msgs/include/geographic_msgs/geographic_msgs/msg/detail/geo_pose_with_covariance__type_support.hpp
-- Up-to-date symlink: /home/macho/navivest_ws/install/geographic_msgs/include/geographic_msgs/geographic_msgs/msg/detail/geo_pose_with_covariance_stamped__builder.hpp
-- Up-to-date symlink: /home/macho/navivest_ws/install/geographic_msgs/include/geographic_msgs/geographic_msgs/msg/detail/geo_pose_with_covariance_stamped__struct.hpp
-- Up-to-date symlink: /home/macho/navivest_ws/install/geographic_msgs/include/geographic_msgs/geographic_msgs/msg/detail/geo_pose_with_covariance_stamped__traits.hpp
-- Up-to-date symlink: /home/macho/navivest_ws/install/geographic_msgs/include/geographic_msgs/geographic_msgs/msg/detail/geo_pose_with_covariance_stamped__type_support.hpp
-- Up-to-date symlink: /home/macho/navivest_ws/install/geographic_msgs/include/geographic_msgs/geographic_msgs/msg/detail/geographic_map__builder.hpp
-- Up-to-date symlink: /home/macho/navivest_ws/install/geographic_msgs/include/geographic_msgs/geographic_msgs/msg/detail/geographic_map__struct.hpp
-- Up-to-date symlink: /home/macho/navivest_ws/install/geographic_msgs/include/geographic_msgs/geographic_msgs/msg/detail/geographic_map__traits.hpp
-- Up-to-date symlink: /home/macho/navivest_ws/install/geographic_msgs/include/geographic_msgs/geographic_msgs/msg/detail/geographic_map__type_support.hpp
-- Up-to-date symlink: /home/macho/navivest_ws/install/geographic_msgs/include/geographic_msgs/geographic_msgs/msg/detail/geographic_map_changes__builder.hpp
-- Up-to-date symlink: /home/macho/navivest_ws/install/geographic_msgs/include/geographic_msgs/geographic_msgs/msg/detail/geographic_map_changes__struct.hpp
-- Up-to-date symlink: /home/macho/navivest_ws/install/geographic_msgs/include/geographic_msgs/geographic_msgs/msg/detail/geographic_map_changes__traits.hpp
-- Up-to-date symlink: /home/macho/navivest_ws/install/geographic_msgs/include/geographic_msgs/geographic_msgs/msg/detail/geographic_map_changes__type_support.hpp
-- Up-to-date symlink: /home/macho/navivest_ws/install/geographic_msgs/include/geographic_msgs/geographic_msgs/msg/detail/key_value__builder.hpp
-- Up-to-date symlink: /home/macho/navivest_ws/install/geographic_msgs/include/geographic_msgs/geographic_msgs/msg/detail/key_value__struct.hpp
-- Up-to-date symlink: /home/macho/navivest_ws/install/geographic_msgs/include/geographic_msgs/geographic_msgs/msg/detail/key_value__traits.hpp
-- Up-to-date symlink: /home/macho/navivest_ws/install/geographic_msgs/include/geographic_msgs/geographic_msgs/msg/detail/key_value__type_support.hpp
-- Up-to-date symlink: /home/macho/navivest_ws/install/geographic_msgs/include/geographic_msgs/geographic_msgs/msg/detail/map_feature__builder.hpp
-- Up-to-date symlink: /home/macho/navivest_ws/install/geographic_msgs/include/geographic_msgs/geographic_msgs/msg/detail/map_feature__struct.hpp
-- Up-to-date symlink: /home/macho/navivest_ws/install/geographic_msgs/include/geographic_msgs/geographic_msgs/msg/detail/map_feature__traits.hpp
-- Up-to-date symlink: /home/macho/navivest_ws/install/geographic_msgs/include/geographic_msgs/geographic_msgs/msg/detail/map_feature__type_support.hpp
-- Up-to-date symlink: /home/macho/navivest_ws/install/geographic_msgs/include/geographic_msgs/geographic_msgs/msg/detail/route_network__builder.hpp
-- Up-to-date symlink: /home/macho/navivest_ws/install/geographic_msgs/include/geographic_msgs/geographic_msgs/msg/detail/route_network__struct.hpp
-- Up-to-date symlink: /home/macho/navivest_ws/install/geographic_msgs/include/geographic_msgs/geographic_msgs/msg/detail/route_network__traits.hpp
-- Up-to-date symlink: /home/macho/navivest_ws/install/geographic_msgs/include/geographic_msgs/geographic_msgs/msg/detail/route_network__type_support.hpp
-- Up-to-date symlink: /home/macho/navivest_ws/install/geographic_msgs/include/geographic_msgs/geographic_msgs/msg/detail/route_path__builder.hpp
-- Up-to-date symlink: /home/macho/navivest_ws/install/geographic_msgs/include/geographic_msgs/geographic_msgs/msg/detail/route_path__struct.hpp
-- Up-to-date symlink: /home/macho/navivest_ws/install/geographic_msgs/include/geographic_msgs/geographic_msgs/msg/detail/route_path__traits.hpp
-- Up-to-date symlink: /home/macho/navivest_ws/install/geographic_msgs/include/geographic_msgs/geographic_msgs/msg/detail/route_path__type_support.hpp
-- Up-to-date symlink: /home/macho/navivest_ws/install/geographic_msgs/include/geographic_msgs/geographic_msgs/msg/detail/route_segment__builder.hpp
-- Up-to-date symlink: /home/macho/navivest_ws/install/geographic_msgs/include/geographic_msgs/geographic_msgs/msg/detail/route_segment__struct.hpp
-- Up-to-date symlink: /home/macho/navivest_ws/install/geographic_msgs/include/geographic_msgs/geographic_msgs/msg/detail/route_segment__traits.hpp
-- Up-to-date symlink: /home/macho/navivest_ws/install/geographic_msgs/include/geographic_msgs/geographic_msgs/msg/detail/route_segment__type_support.hpp
-- Up-to-date symlink: /home/macho/navivest_ws/install/geographic_msgs/include/geographic_msgs/geographic_msgs/msg/detail/way_point__builder.hpp
-- Up-to-date symlink: /home/macho/navivest_ws/install/geographic_msgs/include/geographic_msgs/geographic_msgs/msg/detail/way_point__struct.hpp
-- Up-to-date symlink: /home/macho/navivest_ws/install/geographic_msgs/include/geographic_msgs/geographic_msgs/msg/detail/way_point__traits.hpp
-- Up-to-date symlink: /home/macho/navivest_ws/install/geographic_msgs/include/geographic_msgs/geographic_msgs/msg/detail/way_point__type_support.hpp
-- Up-to-date symlink: /home/macho/navivest_ws/install/geographic_msgs/include/geographic_msgs/geographic_msgs/msg/geo_path.hpp
-- Up-to-date symlink: /home/macho/navivest_ws/install/geographic_msgs/include/geographic_msgs/geographic_msgs/msg/geo_point.hpp
-- Up-to-date symlink: /home/macho/navivest_ws/install/geographic_msgs/include/geographic_msgs/geographic_msgs/msg/geo_point_stamped.hpp
-- Up-to-date symlink: /home/macho/navivest_ws/install/geographic_msgs/include/geographic_msgs/geographic_msgs/msg/geo_pose.hpp
-- Up-to-date symlink: /home/macho/navivest_ws/install/geographic_msgs/include/geographic_msgs/geographic_msgs/msg/geo_pose_stamped.hpp
-- Up-to-date symlink: /home/macho/navivest_ws/install/geographic_msgs/include/geographic_msgs/geographic_msgs/msg/geo_pose_with_covariance.hpp
-- Up-to-date symlink: /home/macho/navivest_ws/install/geographic_msgs/include/geographic_msgs/geographic_msgs/msg/geo_pose_with_covariance_stamped.hpp
-- Up-to-date symlink: /home/macho/navivest_ws/install/geographic_msgs/include/geographic_msgs/geographic_msgs/msg/geographic_map.hpp
-- Up-to-date symlink: /home/macho/navivest_ws/install/geographic_msgs/include/geographic_msgs/geographic_msgs/msg/geographic_map_changes.hpp
-- Up-to-date symlink: /home/macho/navivest_ws/install/geographic_msgs/include/geographic_msgs/geographic_msgs/msg/key_value.hpp
-- Up-to-date symlink: /home/macho/navivest_ws/install/geographic_msgs/include/geographic_msgs/geographic_msgs/msg/map_feature.hpp
-- Up-to-date symlink: /home/macho/navivest_ws/install/geographic_msgs/include/geographic_msgs/geographic_msgs/msg/rosidl_generator_cpp__visibility_control.hpp
-- Up-to-date symlink: /home/macho/navivest_ws/install/geographic_msgs/include/geographic_msgs/geographic_msgs/msg/route_network.hpp
-- Up-to-date symlink: /home/macho/navivest_ws/install/geographic_msgs/include/geographic_msgs/geographic_msgs/msg/route_path.hpp
-- Up-to-date symlink: /home/macho/navivest_ws/install/geographic_msgs/include/geographic_msgs/geographic_msgs/msg/route_segment.hpp
-- Up-to-date symlink: /home/macho/navivest_ws/install/geographic_msgs/include/geographic_msgs/geographic_msgs/msg/way_point.hpp
-- Up-to-date symlink: /home/macho/navivest_ws/install/geographic_msgs/include/geographic_msgs/geographic_msgs/srv/detail/get_geo_path__builder.hpp
-- Up-to-date symlink: /home/macho/navivest_ws/install/geographic_msgs/include/geographic_msgs/geographic_msgs/srv/detail/get_geo_path__struct.hpp
-- Up-to-date symlink: /home/macho/navivest_ws/install/geographic_msgs/include/geographic_msgs/geographic_msgs/srv/detail/get_geo_path__traits.hpp
-- Up-to-date symlink: /home/macho/navivest_ws/install/geographic_msgs/include/geographic_msgs/geographic_msgs/srv/detail/get_geo_path__type_support.hpp
-- Up-to-date symlink: /home/macho/navivest_ws/install/geographic_msgs/include/geographic_msgs/geographic_msgs/srv/detail/get_geographic_map__builder.hpp
-- Up-to-date symlink: /home/macho/navivest_ws/install/geographic_msgs/include/geographic_msgs/geographic_msgs/srv/detail/get_geographic_map__struct.hpp
-- Up-to-date symlink: /home/macho/navivest_ws/install/geographic_msgs/include/geographic_msgs/geographic_msgs/srv/detail/get_geographic_map__traits.hpp
-- Up-to-date symlink: /home/macho/navivest_ws/install/geographic_msgs/include/geographic_msgs/geographic_msgs/srv/detail/get_geographic_map__type_support.hpp
-- Up-to-date symlink: /home/macho/navivest_ws/install/geographic_msgs/include/geographic_msgs/geographic_msgs/srv/detail/get_route_plan__builder.hpp
-- Up-to-date symlink: /home/macho/navivest_ws/install/geographic_msgs/include/geographic_msgs/geographic_msgs/srv/detail/get_route_plan__struct.hpp
-- Up-to-date symlink: /home/macho/navivest_ws/install/geographic_msgs/include/geographic_msgs/geographic_msgs/srv/detail/get_route_plan__traits.hpp
-- Up-to-date symlink: /home/macho/navivest_ws/install/geographic_msgs/include/geographic_msgs/geographic_msgs/srv/detail/get_route_plan__type_support.hpp
-- Up-to-date symlink: /home/macho/navivest_ws/install/geographic_msgs/include/geographic_msgs/geographic_msgs/srv/detail/update_geographic_map__builder.hpp
-- Up-to-date symlink: /home/macho/navivest_ws/install/geographic_msgs/include/geographic_msgs/geographic_msgs/srv/detail/update_geographic_map__struct.hpp
-- Up-to-date symlink: /home/macho/navivest_ws/install/geographic_msgs/include/geographic_msgs/geographic_msgs/srv/detail/update_geographic_map__traits.hpp
-- Up-to-date symlink: /home/macho/navivest_ws/install/geographic_msgs/include/geographic_msgs/geographic_msgs/srv/detail/update_geographic_map__type_support.hpp
-- Up-to-date symlink: /home/macho/navivest_ws/install/geographic_msgs/include/geographic_msgs/geographic_msgs/srv/get_geo_path.hpp
-- Up-to-date symlink: /home/macho/navivest_ws/install/geographic_msgs/include/geographic_msgs/geographic_msgs/srv/get_geographic_map.hpp
-- Up-to-date symlink: /home/macho/navivest_ws/install/geographic_msgs/include/geographic_msgs/geographic_msgs/srv/get_route_plan.hpp
-- Up-to-date symlink: /home/macho/navivest_ws/install/geographic_msgs/include/geographic_msgs/geographic_msgs/srv/update_geographic_map.hpp
-- Up-to-date symlink: /home/macho/navivest_ws/install/geographic_msgs/include/geographic_msgs/geographic_msgs/msg/detail/bounding_box__rosidl_typesupport_fastrtps_cpp.hpp
-- Up-to-date symlink: /home/macho/navivest_ws/install/geographic_msgs/include/geographic_msgs/geographic_msgs/msg/detail/geo_path__rosidl_typesupport_fastrtps_cpp.hpp
-- Up-to-date symlink: /home/macho/navivest_ws/install/geographic_msgs/include/geographic_msgs/geographic_msgs/msg/detail/geo_point__rosidl_typesupport_fastrtps_cpp.hpp
-- Up-to-date symlink: /home/macho/navivest_ws/install/geographic_msgs/include/geographic_msgs/geographic_msgs/msg/detail/geo_point_stamped__rosidl_typesupport_fastrtps_cpp.hpp
-- Up-to-date symlink: /home/macho/navivest_ws/install/geographic_msgs/include/geographic_msgs/geographic_msgs/msg/detail/geo_pose__rosidl_typesupport_fastrtps_cpp.hpp
-- Up-to-date symlink: /home/macho/navivest_ws/install/geographic_msgs/include/geographic_msgs/geographic_msgs/msg/detail/geo_pose_stamped__rosidl_typesupport_fastrtps_cpp.hpp
-- Up-to-date symlink: /home/macho/navivest_ws/install/geographic_msgs/include/geographic_msgs/geographic_msgs/msg/detail/geo_pose_with_covariance__rosidl_typesupport_fastrtps_cpp.hpp
-- Up-to-date symlink: /home/macho/navivest_ws/install/geographic_msgs/include/geographic_msgs/geographic_msgs/msg/detail/geo_pose_with_covariance_stamped__rosidl_typesupport_fastrtps_cpp.hpp
-- Up-to-date symlink: /home/macho/navivest_ws/install/geographic_msgs/include/geographic_msgs/geographic_msgs/msg/detail/geographic_map__rosidl_typesupport_fastrtps_cpp.hpp
-- Up-to-date symlink: /home/macho/navivest_ws/install/geographic_msgs/include/geographic_msgs/geographic_msgs/msg/detail/geographic_map_changes__rosidl_typesupport_fastrtps_cpp.hpp
-- Up-to-date symlink: /home/macho/navivest_ws/install/geographic_msgs/include/geographic_msgs/geographic_msgs/msg/detail/key_value__rosidl_typesupport_fastrtps_cpp.hpp
-- Up-to-date symlink: /home/macho/navivest_ws/install/geographic_msgs/include/geographic_msgs/geographic_msgs/msg/detail/map_feature__rosidl_typesupport_fastrtps_cpp.hpp
-- Up-to-date symlink: /home/macho/navivest_ws/install/geographic_msgs/include/geographic_msgs/geographic_msgs/msg/detail/route_network__rosidl_typesupport_fastrtps_cpp.hpp
-- Up-to-date symlink: /home/macho/navivest_ws/install/geographic_msgs/include/geographic_msgs/geographic_msgs/msg/detail/route_path__rosidl_typesupport_fastrtps_cpp.hpp
-- Up-to-date symlink: /home/macho/navivest_ws/install/geographic_msgs/include/geographic_msgs/geographic_msgs/msg/detail/route_segment__rosidl_typesupport_fastrtps_cpp.hpp
-- Up-to-date symlink: /home/macho/navivest_ws/install/geographic_msgs/include/geographic_msgs/geographic_msgs/msg/detail/way_point__rosidl_typesupport_fastrtps_cpp.hpp
-- Up-to-date symlink: /home/macho/navivest_ws/install/geographic_msgs/include/geographic_msgs/geographic_msgs/msg/rosidl_typesupport_fastrtps_cpp__visibility_control.h
-- Up-to-date symlink: /home/macho/navivest_ws/install/geographic_msgs/include/geographic_msgs/geographic_msgs/srv/detail/get_geo_path__rosidl_typesupport_fastrtps_cpp.hpp
-- Up-to-date symlink: /home/macho/navivest_ws/install/geographic_msgs/include/geographic_msgs/geographic_msgs/srv/detail/get_geographic_map__rosidl_typesupport_fastrtps_cpp.hpp
-- Up-to-date symlink: /home/macho/navivest_ws/install/geographic_msgs/include/geographic_msgs/geographic_msgs/srv/detail/get_route_plan__rosidl_typesupport_fastrtps_cpp.hpp
-- Up-to-date symlink: /home/macho/navivest_ws/install/geographic_msgs/include/geographic_msgs/geographic_msgs/srv/detail/update_geographic_map__rosidl_typesupport_fastrtps_cpp.hpp
-- Up-to-date symlink: /home/macho/navivest_ws/install/geographic_msgs/include/geographic_msgs/geographic_msgs/msg/detail/bounding_box__rosidl_typesupport_introspection_c.h
-- Up-to-date symlink: /home/macho/navivest_ws/install/geographic_msgs/include/geographic_msgs/geographic_msgs/msg/detail/geo_path__rosidl_typesupport_introspection_c.h
-- Up-to-date symlink: /home/macho/navivest_ws/install/geographic_msgs/include/geographic_msgs/geographic_msgs/msg/detail/geo_point__rosidl_typesupport_introspection_c.h
-- Up-to-date symlink: /home/macho/navivest_ws/install/geographic_msgs/include/geographic_msgs/geographic_msgs/msg/detail/geo_point_stamped__rosidl_typesupport_introspection_c.h
-- Up-to-date symlink: /home/macho/navivest_ws/install/geographic_msgs/include/geographic_msgs/geographic_msgs/msg/detail/geo_pose__rosidl_typesupport_introspection_c.h
-- Up-to-date symlink: /home/macho/navivest_ws/install/geographic_msgs/include/geographic_msgs/geographic_msgs/msg/detail/geo_pose_stamped__rosidl_typesupport_introspection_c.h
-- Up-to-date symlink: /home/macho/navivest_ws/install/geographic_msgs/include/geographic_msgs/geographic_msgs/msg/detail/geo_pose_with_covariance__rosidl_typesupport_introspection_c.h
-- Up-to-date symlink: /home/macho/navivest_ws/install/geographic_msgs/include/geographic_msgs/geographic_msgs/msg/detail/geo_pose_with_covariance_stamped__rosidl_typesupport_introspection_c.h
-- Up-to-date symlink: /home/macho/navivest_ws/install/geographic_msgs/include/geographic_msgs/geographic_msgs/msg/detail/geographic_map__rosidl_typesupport_introspection_c.h
-- Up-to-date symlink: /home/macho/navivest_ws/install/geographic_msgs/include/geographic_msgs/geographic_msgs/msg/detail/geographic_map_changes__rosidl_typesupport_introspection_c.h
-- Up-to-date symlink: /home/macho/navivest_ws/install/geographic_msgs/include/geographic_msgs/geographic_msgs/msg/detail/key_value__rosidl_typesupport_introspection_c.h
-- Up-to-date symlink: /home/macho/navivest_ws/install/geographic_msgs/include/geographic_msgs/geographic_msgs/msg/detail/map_feature__rosidl_typesupport_introspection_c.h
-- Up-to-date symlink: /home/macho/navivest_ws/install/geographic_msgs/include/geographic_msgs/geographic_msgs/msg/detail/route_network__rosidl_typesupport_introspection_c.h
-- Up-to-date symlink: /home/macho/navivest_ws/install/geographic_msgs/include/geographic_msgs/geographic_msgs/msg/detail/route_path__rosidl_typesupport_introspection_c.h
-- Up-to-date symlink: /home/macho/navivest_ws/install/geographic_msgs/include/geographic_msgs/geographic_msgs/msg/detail/route_segment__rosidl_typesupport_introspection_c.h
-- Up-to-date symlink: /home/macho/navivest_ws/install/geographic_msgs/include/geographic_msgs/geographic_msgs/msg/detail/way_point__rosidl_typesupport_introspection_c.h
-- Up-to-date symlink: /home/macho/navivest_ws/install/geographic_msgs/include/geographic_msgs/geographic_msgs/msg/rosidl_typesupport_introspection_c__visibility_control.h
-- Up-to-date symlink: /home/macho/navivest_ws/install/geographic_msgs/include/geographic_msgs/geographic_msgs/srv/detail/get_geo_path__rosidl_typesupport_introspection_c.h
-- Up-to-date symlink: /home/macho/navivest_ws/install/geographic_msgs/include/geographic_msgs/geographic_msgs/srv/detail/get_geographic_map__rosidl_typesupport_introspection_c.h
-- Up-to-date symlink: /home/macho/navivest_ws/install/geographic_msgs/include/geographic_msgs/geographic_msgs/srv/detail/get_route_plan__rosidl_typesupport_introspection_c.h
-- Up-to-date symlink: /home/macho/navivest_ws/install/geographic_msgs/include/geographic_msgs/geographic_msgs/srv/detail/update_geographic_map__rosidl_typesupport_introspection_c.h
-- Up-to-date symlink: /home/macho/navivest_ws/install/geographic_msgs/include/geographic_msgs/geographic_msgs/msg/detail/bounding_box__rosidl_typesupport_introspection_cpp.hpp
-- Up-to-date symlink: /home/macho/navivest_ws/install/geographic_msgs/include/geographic_msgs/geographic_msgs/msg/detail/geo_path__rosidl_typesupport_introspection_cpp.hpp
-- Up-to-date symlink: /home/macho/navivest_ws/install/geographic_msgs/include/geographic_msgs/geographic_msgs/msg/detail/geo_point__rosidl_typesupport_introspection_cpp.hpp
-- Up-to-date symlink: /home/macho/navivest_ws/install/geographic_msgs/include/geographic_msgs/geographic_msgs/msg/detail/geo_point_stamped__rosidl_typesupport_introspection_cpp.hpp
-- Up-to-date symlink: /home/macho/navivest_ws/install/geographic_msgs/include/geographic_msgs/geographic_msgs/msg/detail/geo_pose__rosidl_typesupport_introspection_cpp.hpp
-- Up-to-date symlink: /home/macho/navivest_ws/install/geographic_msgs/include/geographic_msgs/geographic_msgs/msg/detail/geo_pose_stamped__rosidl_typesupport_introspection_cpp.hpp
-- Up-to-date symlink: /home/macho/navivest_ws/install/geographic_msgs/include/geographic_msgs/geographic_msgs/msg/detail/geo_pose_with_covariance__rosidl_typesupport_introspection_cpp.hpp
-- Up-to-date symlink: /home/macho/navivest_ws/install/geographic_msgs/include/geographic_msgs/geographic_msgs/msg/detail/geo_pose_with_covariance_stamped__rosidl_typesupport_introspection_cpp.hpp
-- Up-to-date symlink: /home/macho/navivest_ws/install/geographic_msgs/include/geographic_msgs/geographic_msgs/msg/detail/geographic_map__rosidl_typesupport_introspection_cpp.hpp
-- Up-to-date symlink: /home/macho/navivest_ws/install/geographic_msgs/include/geographic_msgs/geographic_msgs/msg/detail/geographic_map_changes__rosidl_typesupport_introspection_cpp.hpp
-- Up-to-date symlink: /home/macho/navivest_ws/install/geographic_msgs/include/geographic_msgs/geographic_msgs/msg/detail/key_value__rosidl_typesupport_introspection_cpp.hpp
-- Up-to-date symlink: /home/macho/navivest_ws/install/geographic_msgs/include/geographic_msgs/geographic_msgs/msg/detail/map_feature__rosidl_typesupport_introspection_cpp.hpp
-- Up-to-date symlink: /home/macho/navivest_ws/install/geographic_msgs/include/geographic_msgs/geographic_msgs/msg/detail/route_network__rosidl_typesupport_introspection_cpp.hpp
-- Up-to-date symlink: /home/macho/navivest_ws/install/geographic_msgs/include/geographic_msgs/geographic_msgs/msg/detail/route_path__rosidl_typesupport_introspection_cpp.hpp
-- Up-to-date symlink: /home/macho/navivest_ws/install/geographic_msgs/include/geographic_msgs/geographic_msgs/msg/detail/route_segment__rosidl_typesupport_introspection_cpp.hpp
-- Up-to-date symlink: /home/macho/navivest_ws/install/geographic_msgs/include/geographic_msgs/geographic_msgs/msg/detail/way_point__rosidl_typesupport_introspection_cpp.hpp
-- Up-to-date symlink: /home/macho/navivest_ws/install/geographic_msgs/include/geographic_msgs/geographic_msgs/srv/detail/get_geo_path__rosidl_typesupport_introspection_cpp.hpp
-- Up-to-date symlink: /home/macho/navivest_ws/install/geographic_msgs/include/geographic_msgs/geographic_msgs/srv/detail/get_geographic_map__rosidl_typesupport_introspection_cpp.hpp
-- Up-to-date symlink: /home/macho/navivest_ws/install/geographic_msgs/include/geographic_msgs/geographic_msgs/srv/detail/get_route_plan__rosidl_typesupport_introspection_cpp.hpp
-- Up-to-date symlink: /home/macho/navivest_ws/install/geographic_msgs/include/geographic_msgs/geographic_msgs/srv/detail/update_geographic_map__rosidl_typesupport_introspection_cpp.hpp
-- Up-to-date symlink: /home/macho/navivest_ws/install/geographic_msgs/share/geographic_msgs/environment/pythonpath.sh
-- Up-to-date symlink: /home/macho/navivest_ws/install/geographic_msgs/share/geographic_msgs/environment/pythonpath.dsv
-- Up-to-date symlink: /home/macho/navivest_ws/install/geographic_msgs/lib/python3.12/site-packages/geographic_msgs-1.0.6-py3.12.egg-info/PKG-INFO
-- Up-to-date symlink: /home/macho/navivest_ws/install/geographic_msgs/lib/python3.12/site-packages/geographic_msgs-1.0.6-py3.12.egg-info/SOURCES.txt
-- Up-to-date symlink: /home/macho/navivest_ws/install/geographic_msgs/lib/python3.12/site-packages/geographic_msgs-1.0.6-py3.12.egg-info/dependency_links.txt
-- Up-to-date symlink: /home/macho/navivest_ws/install/geographic_msgs/lib/python3.12/site-packages/geographic_msgs-1.0.6-py3.12.egg-info/top_level.txt
-- Up-to-date symlink: /home/macho/navivest_ws/install/geographic_msgs/lib/python3.12/site-packages/geographic_msgs/__init__.py
-- Up-to-date symlink: /home/macho/navivest_ws/install/geographic_msgs/lib/python3.12/site-packages/geographic_msgs/_geographic_msgs_s.ep.rosidl_typesupport_c.c
-- Up-to-date symlink: /home/macho/navivest_ws/install/geographic_msgs/lib/python3.12/site-packages/geographic_msgs/_geographic_msgs_s.ep.rosidl_typesupport_fastrtps_c.c
-- Up-to-date symlink: /home/macho/navivest_ws/install/geographic_msgs/lib/python3.12/site-packages/geographic_msgs/_geographic_msgs_s.ep.rosidl_typesupport_introspection_c.c
-- Up-to-date symlink: /home/macho/navivest_ws/install/geographic_msgs/lib/python3.12/site-packages/geographic_msgs/geographic_msgs_s__rosidl_typesupport_c.so
-- Up-to-date symlink: /home/macho/navivest_ws/install/geographic_msgs/lib/python3.12/site-packages/geographic_msgs/geographic_msgs_s__rosidl_typesupport_fastrtps_c.so
-- Up-to-date symlink: /home/macho/navivest_ws/install/geographic_msgs/lib/python3.12/site-packages/geographic_msgs/geographic_msgs_s__rosidl_typesupport_introspection_c.so
-- Up-to-date symlink: /home/macho/navivest_ws/install/geographic_msgs/lib/python3.12/site-packages/geographic_msgs/msg/__init__.py
-- Up-to-date symlink: /home/macho/navivest_ws/install/geographic_msgs/lib/python3.12/site-packages/geographic_msgs/msg/_bounding_box.py
-- Up-to-date symlink: /home/macho/navivest_ws/install/geographic_msgs/lib/python3.12/site-packages/geographic_msgs/msg/_bounding_box_s.c
-- Up-to-date symlink: /home/macho/navivest_ws/install/geographic_msgs/lib/python3.12/site-packages/geographic_msgs/msg/_geo_path.py
-- Up-to-date symlink: /home/macho/navivest_ws/install/geographic_msgs/lib/python3.12/site-packages/geographic_msgs/msg/_geo_path_s.c
-- Up-to-date symlink: /home/macho/navivest_ws/install/geographic_msgs/lib/python3.12/site-packages/geographic_msgs/msg/_geo_point.py
-- Up-to-date symlink: /home/macho/navivest_ws/install/geographic_msgs/lib/python3.12/site-packages/geographic_msgs/msg/_geo_point_s.c
-- Up-to-date symlink: /home/macho/navivest_ws/install/geographic_msgs/lib/python3.12/site-packages/geographic_msgs/msg/_geo_point_stamped.py
-- Up-to-date symlink: /home/macho/navivest_ws/install/geographic_msgs/lib/python3.12/site-packages/geographic_msgs/msg/_geo_point_stamped_s.c
-- Up-to-date symlink: /home/macho/navivest_ws/install/geographic_msgs/lib/python3.12/site-packages/geographic_msgs/msg/_geo_pose.py
-- Up-to-date symlink: /home/macho/navivest_ws/install/geographic_msgs/lib/python3.12/site-packages/geographic_msgs/msg/_geo_pose_s.c
-- Up-to-date symlink: /home/macho/navivest_ws/install/geographic_msgs/lib/python3.12/site-packages/geographic_msgs/msg/_geo_pose_stamped.py
-- Up-to-date symlink: /home/macho/navivest_ws/install/geographic_msgs/lib/python3.12/site-packages/geographic_msgs/msg/_geo_pose_stamped_s.c
-- Up-to-date symlink: /home/macho/navivest_ws/install/geographic_msgs/lib/python3.12/site-packages/geographic_msgs/msg/_geo_pose_with_covariance.py
-- Up-to-date symlink: /home/macho/navivest_ws/install/geographic_msgs/lib/python3.12/site-packages/geographic_msgs/msg/_geo_pose_with_covariance_s.c
-- Up-to-date symlink: /home/macho/navivest_ws/install/geographic_msgs/lib/python3.12/site-packages/geographic_msgs/msg/_geo_pose_with_covariance_stamped.py
-- Up-to-date symlink: /home/macho/navivest_ws/install/geographic_msgs/lib/python3.12/site-packages/geographic_msgs/msg/_geo_pose_with_covariance_stamped_s.c
-- Up-to-date symlink: /home/macho/navivest_ws/install/geographic_msgs/lib/python3.12/site-packages/geographic_msgs/msg/_geographic_map.py
-- Up-to-date symlink: /home/macho/navivest_ws/install/geographic_msgs/lib/python3.12/site-packages/geographic_msgs/msg/_geographic_map_changes.py
-- Up-to-date symlink: /home/macho/navivest_ws/install/geographic_msgs/lib/python3.12/site-packages/geographic_msgs/msg/_geographic_map_changes_s.c
-- Up-to-date symlink: /home/macho/navivest_ws/install/geographic_msgs/lib/python3.12/site-packages/geographic_msgs/msg/_geographic_map_s.c
-- Up-to-date symlink: /home/macho/navivest_ws/install/geographic_msgs/lib/python3.12/site-packages/geographic_msgs/msg/_key_value.py
-- Up-to-date symlink: /home/macho/navivest_ws/install/geographic_msgs/lib/python3.12/site-packages/geographic_msgs/msg/_key_value_s.c
-- Up-to-date symlink: /home/macho/navivest_ws/install/geographic_msgs/lib/python3.12/site-packages/geographic_msgs/msg/_map_feature.py
-- Up-to-date symlink: /home/macho/navivest_ws/install/geographic_msgs/lib/python3.12/site-packages/geographic_msgs/msg/_map_feature_s.c
-- Up-to-date symlink: /home/macho/navivest_ws/install/geographic_msgs/lib/python3.12/site-packages/geographic_msgs/msg/_route_network.py
-- Up-to-date symlink: /home/macho/navivest_ws/install/geographic_msgs/lib/python3.12/site-packages/geographic_msgs/msg/_route_network_s.c
-- Up-to-date symlink: /home/macho/navivest_ws/install/geographic_msgs/lib/python3.12/site-packages/geographic_msgs/msg/_route_path.py
-- Up-to-date symlink: /home/macho/navivest_ws/install/geographic_msgs/lib/python3.12/site-packages/geographic_msgs/msg/_route_path_s.c
-- Up-to-date symlink: /home/macho/navivest_ws/install/geographic_msgs/lib/python3.12/site-packages/geographic_msgs/msg/_route_segment.py
-- Up-to-date symlink: /home/macho/navivest_ws/install/geographic_msgs/lib/python3.12/site-packages/geographic_msgs/msg/_route_segment_s.c
-- Up-to-date symlink: /home/macho/navivest_ws/install/geographic_msgs/lib/python3.12/site-packages/geographic_msgs/msg/_way_point.py
-- Up-to-date symlink: /home/macho/navivest_ws/install/geographic_msgs/lib/python3.12/site-packages/geographic_msgs/msg/_way_point_s.c
-- Up-to-date symlink: /home/macho/navivest_ws/install/geographic_msgs/lib/python3.12/site-packages/geographic_msgs/srv/__init__.py
-- Up-to-date symlink: /home/macho/navivest_ws/install/geographic_msgs/lib/python3.12/site-packages/geographic_msgs/srv/_get_geo_path.py
-- Up-to-date symlink: /home/macho/navivest_ws/install/geographic_msgs/lib/python3.12/site-packages/geographic_msgs/srv/_get_geo_path_s.c
-- Up-to-date symlink: /home/macho/navivest_ws/install/geographic_msgs/lib/python3.12/site-packages/geographic_msgs/srv/_get_geographic_map.py
-- Up-to-date symlink: /home/macho/navivest_ws/install/geographic_msgs/lib/python3.12/site-packages/geographic_msgs/srv/_get_geographic_map_s.c
-- Up-to-date symlink: /home/macho/navivest_ws/install/geographic_msgs/lib/python3.12/site-packages/geographic_msgs/srv/_get_route_plan.py
-- Up-to-date symlink: /home/macho/navivest_ws/install/geographic_msgs/lib/python3.12/site-packages/geographic_msgs/srv/_get_route_plan_s.c
-- Up-to-date symlink: /home/macho/navivest_ws/install/geographic_msgs/lib/python3.12/site-packages/geographic_msgs/srv/_update_geographic_map.py
-- Up-to-date symlink: /home/macho/navivest_ws/install/geographic_msgs/lib/python3.12/site-packages/geographic_msgs/srv/_update_geographic_map_s.c
-- Up-to-date symlink: /home/macho/navivest_ws/install/geographic_msgs/lib/python3.12/site-packages/geographic_msgs/geographic_msgs_s__rosidl_typesupport_fastrtps_c.so
-- Up-to-date symlink: /home/macho/navivest_ws/install/geographic_msgs/lib/python3.12/site-packages/geographic_msgs/geographic_msgs_s__rosidl_typesupport_introspection_c.so
-- Up-to-date symlink: /home/macho/navivest_ws/install/geographic_msgs/lib/python3.12/site-packages/geographic_msgs/geographic_msgs_s__rosidl_typesupport_c.so
-- Up-to-date symlink: /home/macho/navivest_ws/install/geographic_msgs/share/ament_index/resource_index/rust_packages/geographic_msgs
-- Up-to-date symlink: /home/macho/navivest_ws/install/geographic_msgs/share/geographic_msgs/rust/Cargo.toml
-- Up-to-date symlink: /home/macho/navivest_ws/install/geographic_msgs/share/geographic_msgs/rust/build.rs
-- Up-to-date symlink: /home/macho/navivest_ws/install/geographic_msgs/share/geographic_msgs/rust/src/lib.rs
-- Up-to-date symlink: /home/macho/navivest_ws/install/geographic_msgs/share/geographic_msgs/rust/src/msg.rs
-- Up-to-date symlink: /home/macho/navivest_ws/install/geographic_msgs/share/geographic_msgs/rust/src/msg/rmw.rs
-- Up-to-date symlink: /home/macho/navivest_ws/install/geographic_msgs/share/geographic_msgs/rust/src/srv.rs
-- Up-to-date symlink: /home/macho/navivest_ws/install/geographic_msgs/share/geographic_msgs/rust/src/srv/rmw.rs
-- Up-to-date symlink: /home/macho/navivest_ws/install/geographic_msgs/share/geographic_msgs/msg/BoundingBox.idl
-- Up-to-date symlink: /home/macho/navivest_ws/install/geographic_msgs/share/geographic_msgs/msg/GeographicMapChanges.idl
-- Up-to-date symlink: /home/macho/navivest_ws/install/geographic_msgs/share/geographic_msgs/msg/GeographicMap.idl
-- Up-to-date symlink: /home/macho/navivest_ws/install/geographic_msgs/share/geographic_msgs/msg/GeoPath.idl
-- Up-to-date symlink: /home/macho/navivest_ws/install/geographic_msgs/share/geographic_msgs/msg/GeoPoint.idl
-- Up-to-date symlink: /home/macho/navivest_ws/install/geographic_msgs/share/geographic_msgs/msg/GeoPointStamped.idl
-- Up-to-date symlink: /home/macho/navivest_ws/install/geographic_msgs/share/geographic_msgs/msg/GeoPose.idl
-- Up-to-date symlink: /home/macho/navivest_ws/install/geographic_msgs/share/geographic_msgs/msg/GeoPoseStamped.idl
-- Up-to-date symlink: /home/macho/navivest_ws/install/geographic_msgs/share/geographic_msgs/msg/GeoPoseWithCovariance.idl
-- Up-to-date symlink: /home/macho/navivest_ws/install/geographic_msgs/share/geographic_msgs/msg/GeoPoseWithCovarianceStamped.idl
-- Up-to-date symlink: /home/macho/navivest_ws/install/geographic_msgs/share/geographic_msgs/msg/KeyValue.idl
-- Up-to-date symlink: /home/macho/navivest_ws/install/geographic_msgs/share/geographic_msgs/msg/MapFeature.idl
-- Up-to-date symlink: /home/macho/navivest_ws/install/geographic_msgs/share/geographic_msgs/msg/RouteNetwork.idl
-- Up-to-date symlink: /home/macho/navivest_ws/install/geographic_msgs/share/geographic_msgs/msg/RoutePath.idl
-- Up-to-date symlink: /home/macho/navivest_ws/install/geographic_msgs/share/geographic_msgs/msg/RouteSegment.idl
-- Up-to-date symlink: /home/macho/navivest_ws/install/geographic_msgs/share/geographic_msgs/msg/WayPoint.idl
-- Up-to-date symlink: /home/macho/navivest_ws/install/geographic_msgs/share/geographic_msgs/srv/GetGeographicMap.idl
-- Up-to-date symlink: /home/macho/navivest_ws/install/geographic_msgs/share/geographic_msgs/srv/GetGeoPath.idl
-- Up-to-date symlink: /home/macho/navivest_ws/install/geographic_msgs/share/geographic_msgs/srv/GetRoutePlan.idl
-- Up-to-date symlink: /home/macho/navivest_ws/install/geographic_msgs/share/geographic_msgs/srv/UpdateGeographicMap.idl
-- Up-to-date symlink: /home/macho/navivest_ws/install/geographic_msgs/share/geographic_msgs/msg/BoundingBox.msg
-- Up-to-date symlink: /home/macho/navivest_ws/install/geographic_msgs/share/geographic_msgs/msg/GeographicMapChanges.msg
-- Up-to-date symlink: /home/macho/navivest_ws/install/geographic_msgs/share/geographic_msgs/msg/GeographicMap.msg
-- Up-to-date symlink: /home/macho/navivest_ws/install/geographic_msgs/share/geographic_msgs/msg/GeoPath.msg
-- Up-to-date symlink: /home/macho/navivest_ws/install/geographic_msgs/share/geographic_msgs/msg/GeoPoint.msg
-- Up-to-date symlink: /home/macho/navivest_ws/install/geographic_msgs/share/geographic_msgs/msg/GeoPointStamped.msg
-- Up-to-date symlink: /home/macho/navivest_ws/install/geographic_msgs/share/geographic_msgs/msg/GeoPose.msg
-- Up-to-date symlink: /home/macho/navivest_ws/install/geographic_msgs/share/geographic_msgs/msg/GeoPoseStamped.msg
-- Up-to-date symlink: /home/macho/navivest_ws/install/geographic_msgs/share/geographic_msgs/msg/GeoPoseWithCovariance.msg
-- Up-to-date symlink: /home/macho/navivest_ws/install/geographic_msgs/share/geographic_msgs/msg/GeoPoseWithCovarianceStamped.msg
-- Up-to-date symlink: /home/macho/navivest_ws/install/geographic_msgs/share/geographic_msgs/msg/KeyValue.msg
-- Up-to-date symlink: /home/macho/navivest_ws/install/geographic_msgs/share/geographic_msgs/msg/MapFeature.msg
-- Up-to-date symlink: /home/macho/navivest_ws/install/geographic_msgs/share/geographic_msgs/msg/RouteNetwork.msg
-- Up-to-date symlink: /home/macho/navivest_ws/install/geographic_msgs/share/geographic_msgs/msg/RoutePath.msg
-- Up-to-date symlink: /home/macho/navivest_ws/install/geographic_msgs/share/geographic_msgs/msg/RouteSegment.msg
-- Up-to-date symlink: /home/macho/navivest_ws/install/geographic_msgs/share/geographic_msgs/msg/WayPoint.msg
-- Up-to-date symlink: /home/macho/navivest_ws/install/geographic_msgs/share/geographic_msgs/srv/GetGeographicMap.srv
-- Up-to-date symlink: /home/macho/navivest_ws/install/geographic_msgs/share/geographic_msgs/srv/GetGeoPath.srv
-- Up-to-date symlink: /home/macho/navivest_ws/install/geographic_msgs/share/geographic_msgs/srv/GetRoutePlan.srv
-- Up-to-date symlink: /home/macho/navivest_ws/install/geographic_msgs/share/geographic_msgs/srv/UpdateGeographicMap.srv
-- Up-to-date symlink: /home/macho/navivest_ws/install/geographic_msgs/share/geographic_msgs/geographic_msgs_mapping_rule.yaml
-- Up-to-date symlink: /home/macho/navivest_ws/install/geographic_msgs/share/ament_index/resource_index/package_run_dependencies/geographic_msgs
-- Up-to-date symlink: /home/macho/navivest_ws/install/geographic_msgs/share/ament_index/resource_index/parent_prefix_path/geographic_msgs
-- Up-to-date symlink: /home/macho/navivest_ws/install/geographic_msgs/share/geographic_msgs/environment/ament_prefix_path.sh
-- Up-to-date symlink: /home/macho/navivest_ws/install/geographic_msgs/share/geographic_msgs/environment/ament_prefix_path.dsv
-- Up-to-date symlink: /home/macho/navivest_ws/install/geographic_msgs/share/geographic_msgs/environment/path.sh
-- Up-to-date symlink: /home/macho/navivest_ws/install/geographic_msgs/share/geographic_msgs/environment/path.dsv
-- Up-to-date symlink: /home/macho/navivest_ws/install/geographic_msgs/share/geographic_msgs/local_setup.bash
-- Up-to-date symlink: /home/macho/navivest_ws/install/geographic_msgs/share/geographic_msgs/local_setup.sh
-- Up-to-date symlink: /home/macho/navivest_ws/install/geographic_msgs/share/geographic_msgs/local_setup.zsh
-- Up-to-date symlink: /home/macho/navivest_ws/install/geographic_msgs/share/geographic_msgs/local_setup.dsv
-- Symlinking: /home/macho/navivest_ws/install/geographic_msgs/share/geographic_msgs/package.dsv
-- Up-to-date symlink: /home/macho/navivest_ws/install/geographic_msgs/share/ament_index/resource_index/packages/geographic_msgs
-- Up-to-date symlink: /home/macho/navivest_ws/install/geographic_msgs/share/geographic_msgs/cmake/rosidl_cmake-extras.cmake
-- Up-to-date symlink: /home/macho/navivest_ws/install/geographic_msgs/share/geographic_msgs/cmake/ament_cmake_export_dependencies-extras.cmake
-- Up-to-date symlink: /home/macho/navivest_ws/install/geographic_msgs/share/geographic_msgs/cmake/ament_cmake_export_include_directories-extras.cmake
-- Up-to-date symlink: /home/macho/navivest_ws/install/geographic_msgs/share/geographic_msgs/cmake/ament_cmake_export_libraries-extras.cmake
-- Up-to-date symlink: /home/macho/navivest_ws/install/geographic_msgs/share/geographic_msgs/cmake/ament_cmake_export_targets-extras.cmake
-- Up-to-date symlink: /home/macho/navivest_ws/install/geographic_msgs/share/geographic_msgs/cmake/rosidl_cmake_export_typesupport_targets-extras.cmake
-- Up-to-date symlink: /home/macho/navivest_ws/install/geographic_msgs/share/geographic_msgs/cmake/rosidl_cmake_export_typesupport_libraries-extras.cmake
-- Up-to-date symlink: /home/macho/navivest_ws/install/geographic_msgs/share/geographic_msgs/cmake/geographic_msgsConfig.cmake
-- Up-to-date symlink: /home/macho/navivest_ws/install/geographic_msgs/share/geographic_msgs/cmake/geographic_msgsConfig-version.cmake
-- Up-to-date symlink: /home/macho/navivest_ws/install/geographic_msgs/share/geographic_msgs/package.xml
-- Up-to-date: /home/macho/navivest_ws/install/geographic_msgs/lib/libgeographic_msgs__rosidl_generator_c.so
-- Up-to-date: /home/macho/navivest_ws/install/geographic_msgs/lib/libgeographic_msgs__rosidl_typesupport_fastrtps_c.so
-- Up-to-date: /home/macho/navivest_ws/install/geographic_msgs/lib/libgeographic_msgs__rosidl_typesupport_fastrtps_cpp.so
-- Up-to-date: /home/macho/navivest_ws/install/geographic_msgs/lib/libgeographic_msgs__rosidl_typesupport_introspection_c.so
-- Up-to-date: /home/macho/navivest_ws/install/geographic_msgs/lib/libgeographic_msgs__rosidl_typesupport_c.so
-- Up-to-date: /home/macho/navivest_ws/install/geographic_msgs/lib/libgeographic_msgs__rosidl_typesupport_introspection_cpp.so
-- Up-to-date: /home/macho/navivest_ws/install/geographic_msgs/lib/libgeographic_msgs__rosidl_typesupport_cpp.so
Listing '/home/macho/navivest_ws/install/geographic_msgs/lib/python3.12/site-packages/geographic_msgs'...
Listing '/home/macho/navivest_ws/install/geographic_msgs/lib/python3.12/site-packages/geographic_msgs/msg'...
Listing '/home/macho/navivest_ws/install/geographic_msgs/lib/python3.12/site-packages/geographic_msgs/srv'...
-- Up-to-date: /home/macho/navivest_ws/install/geographic_msgs/lib/libgeographic_msgs__rosidl_generator_py.so
-- Up-to-date: /home/macho/navivest_ws/install/geographic_msgs/include/geographic_msgs
-- Up-to-date: /home/macho/navivest_ws/install/geographic_msgs/include/geographic_msgs/geographic_msgs
-- Up-to-date: /home/macho/navivest_ws/install/geographic_msgs/include/geographic_msgs/geographic_msgs/validation.hpp
-- Up-to-date: /home/macho/navivest_ws/install/geographic_msgs/share/geographic_msgs/cmake/export_geographic_msgs__rosidl_generator_cExport.cmake
-- Up-to-date: /home/macho/navivest_ws/install/geographic_msgs/share/geographic_msgs/cmake/export_geographic_msgs__rosidl_generator_cExport-noconfig.cmake
-- Up-to-date: /home/macho/navivest_ws/install/geographic_msgs/share/geographic_msgs/cmake/export_geographic_msgs__rosidl_typesupport_fastrtps_cExport.cmake
-- Up-to-date: /home/macho/navivest_ws/install/geographic_msgs/share/geographic_msgs/cmake/export_geographic_msgs__rosidl_typesupport_fastrtps_cExport-noconfig.cmake
-- Up-to-date: /home/macho/navivest_ws/install/geographic_msgs/share/geographic_msgs/cmake/export_geographic_msgs__rosidl_generator_cppExport.cmake
-- Up-to-date: /home/macho/navivest_ws/install/geographic_msgs/share/geographic_msgs/cmake/export_geographic_msgs__rosidl_typesupport_fastrtps_cppExport.cmake
-- Up-to-date: /home/macho/navivest_ws/install/geographic_msgs/share/geographic_msgs/cmake/export_geographic_msgs__rosidl_typesupport_fastrtps_cppExport-noconfig.cmake
-- Up-to-date: /home/macho/navivest_ws/install/geographic_msgs/share/geographic_msgs/cmake/geographic_msgs__rosidl_typesupport_introspection_cExport.cmake
-- Up-to-date: /home/macho/navivest_ws/install/geographic_msgs/share/geographic_msgs/cmake/geographic_msgs__rosidl_typesupport_introspection_cExport-noconfig.cmake
-- Up-to-date: /home/macho/navivest_ws/install/geographic_msgs/share/geographic_msgs/cmake/geographic_msgs__rosidl_typesupport_cExport.cmake
-- Up-to-date: /home/macho/navivest_ws/install/geographic_msgs/share/geographic_msgs/cmake/geographic_msgs__rosidl_typesupport_cExport-noconfig.cmake
-- Up-to-date: /home/macho/navivest_ws/install/geographic_msgs/share/geographic_msgs/cmake/geographic_msgs__rosidl_typesupport_introspection_cppExport.cmake
-- Up-to-date: /home/macho/navivest_ws/install/geographic_msgs/share/geographic_msgs/cmake/geographic_msgs__rosidl_typesupport_introspection_cppExport-noconfig.cmake
-- Up-to-date: /home/macho/navivest_ws/install/geographic_msgs/share/geographic_msgs/cmake/geographic_msgs__rosidl_typesupport_cppExport.cmake
-- Up-to-date: /home/macho/navivest_ws/install/geographic_msgs/share/geographic_msgs/cmake/geographic_msgs__rosidl_typesupport_cppExport-noconfig.cmake
-- Up-to-date: /home/macho/navivest_ws/install/geographic_msgs/share/geographic_msgs/cmake/export_geographic_msgs__rosidl_generator_pyExport.cmake
-- Up-to-date: /home/macho/navivest_ws/install/geographic_msgs/share/geographic_msgs/cmake/export_geographic_msgs__rosidl_generator_pyExport-noconfig.cmake
-- Up-to-date: /home/macho/navivest_ws/install/geographic_msgs/share/geographic_msgs/cmake/export_geographic_msgsExport.cmake
