[0.026s] Invoking command in '/home/macho/navivest_ws/build/geographic_msgs': CMAKE_PREFIX_PATH=${CMAKE_PREFIX_PATH}:/home/macho/navivest_ws/install/nav2_loopback_sim:/home/macho/navivest_ws/install/navivest_bringup:/home/macho/navivest_ws/install/bondpy:/home/macho/navivest_ws/install/navivest_guidance:/home/macho/navivest_ws/install/nav2_simple_commander:/opt/ros/jazzy DEBUGINFOD_URLS=https://debuginfod.ubuntu.com /usr/bin/cmake --build /home/macho/navivest_ws/build/geographic_msgs -- -j16 -l16
[0.231s] [  1%] Built target geographic_msgs__rosidl_generator_type_description
[0.231s] [  1%] Built target geographic_msgs__rs
[0.231s] [  2%] Built target gtest
[0.231s] [  3%] Built target gtest_main
[0.231s] [  3%] Built target ament_cmake_python_symlink_geographic_msgs
[0.231s] [  3%] Built target geographic_msgs__cpp
[0.231s] [ 30%] Built target geographic_msgs__rosidl_generator_c
[0.231s] [ 39%] Built target geographic_msgs__rosidl_typesupport_c
[0.231s] [ 48%] Built target geographic_msgs__rosidl_typesupport_fastrtps_c
[0.231s] [ 77%] Built target geographic_msgs__rosidl_typesupport_fastrtps_cpp
[0.232s] [ 77%] Built target geographic_msgs__rosidl_typesupport_cpp
[0.232s] [ 77%] Built target geographic_msgs__rosidl_typesupport_introspection_c
[0.232s] [ 87%] Built target geographic_msgs__rosidl_typesupport_introspection_cpp
[0.249s] [ 88%] Built target validation_test
[0.249s] [ 88%] Built target geographic_msgs
[0.271s] [ 88%] Built target geographic_msgs__py
[0.290s] running egg_info
[0.305s] writing geographic_msgs.egg-info/PKG-INFO
[0.305s] writing dependency_links to geographic_msgs.egg-info/dependency_links.txt
[0.305s] writing top-level names to geographic_msgs.egg-info/top_level.txt
[0.323s] [ 97%] Built target geographic_msgs__rosidl_generator_py
[0.340s] reading manifest file 'geographic_msgs.egg-info/SOURCES.txt'
[0.341s] writing manifest file 'geographic_msgs.egg-info/SOURCES.txt'
[0.349s] [100%] Built target geographic_msgs_s__rosidl_typesupport_c
[0.349s] [100%] Built target geographic_msgs_s__rosidl_typesupport_fastrtps_c
[0.349s] [100%] Built target geographic_msgs_s__rosidl_typesupport_introspection_c
[0.374s] [100%] Built target ament_cmake_python_build_geographic_msgs_egg
[0.387s] Invoked command in '/home/macho/navivest_ws/build/geographic_msgs' returned '0': CMAKE_PREFIX_PATH=${CMAKE_PREFIX_PATH}:/home/macho/navivest_ws/install/nav2_loopback_sim:/home/macho/navivest_ws/install/navivest_bringup:/home/macho/navivest_ws/install/bondpy:/home/macho/navivest_ws/install/navivest_guidance:/home/macho/navivest_ws/install/nav2_simple_commander:/opt/ros/jazzy DEBUGINFOD_URLS=https://debuginfod.ubuntu.com /usr/bin/cmake --build /home/macho/navivest_ws/build/geographic_msgs -- -j16 -l16
[0.387s] Invoking command in '/home/macho/navivest_ws/build/geographic_msgs': CMAKE_PREFIX_PATH=${CMAKE_PREFIX_PATH}:/home/macho/navivest_ws/install/nav2_loopback_sim:/home/macho/navivest_ws/install/navivest_bringup:/home/macho/navivest_ws/install/bondpy:/home/macho/navivest_ws/install/navivest_guidance:/home/macho/navivest_ws/install/nav2_simple_commander:/opt/ros/jazzy DEBUGINFOD_URLS=https://debuginfod.ubuntu.com /usr/bin/cmake --install /home/macho/navivest_ws/build/geographic_msgs
[0.394s] -- Install configuration: ""
[0.395s] -- Execute custom install script
[0.395s] -- Up-to-date symlink: /home/macho/navivest_ws/install/geographic_msgs/share/ament_index/resource_index/rosidl_interfaces/geographic_msgs
[0.395s] -- Up-to-date symlink: /home/macho/navivest_ws/install/geographic_msgs/share/geographic_msgs/msg/BoundingBox.json
[0.395s] -- Up-to-date symlink: /home/macho/navivest_ws/install/geographic_msgs/share/geographic_msgs/msg/GeographicMapChanges.json
[0.396s] -- Up-to-date symlink: /home/macho/navivest_ws/install/geographic_msgs/share/geographic_msgs/msg/GeographicMap.json
[0.396s] -- Up-to-date symlink: /home/macho/navivest_ws/install/geographic_msgs/share/geographic_msgs/msg/GeoPath.json
[0.396s] -- Up-to-date symlink: /home/macho/navivest_ws/install/geographic_msgs/share/geographic_msgs/msg/GeoPoint.json
[0.396s] -- Up-to-date symlink: /home/macho/navivest_ws/install/geographic_msgs/share/geographic_msgs/msg/GeoPointStamped.json
[0.396s] -- Up-to-date symlink: /home/macho/navivest_ws/install/geographic_msgs/share/geographic_msgs/msg/GeoPose.json
[0.396s] -- Up-to-date symlink: /home/macho/navivest_ws/install/geographic_msgs/share/geographic_msgs/msg/GeoPoseStamped.json
[0.396s] -- Up-to-date symlink: /home/macho/navivest_ws/install/geographic_msgs/share/geographic_msgs/msg/GeoPoseWithCovariance.json
[0.397s] -- Up-to-date symlink: /home/macho/navivest_ws/install/geographic_msgs/share/geographic_msgs/msg/GeoPoseWithCovarianceStamped.json
[0.397s] -- Up-to-date symlink: /home/macho/navivest_ws/install/geographic_msgs/share/geographic_msgs/msg/KeyValue.json
[0.397s] -- Up-to-date symlink: /home/macho/navivest_ws/install/geographic_msgs/share/geographic_msgs/msg/MapFeature.json
[0.397s] -- Up-to-date symlink: /home/macho/navivest_ws/install/geographic_msgs/share/geographic_msgs/msg/RouteNetwork.json
[0.397s] -- Up-to-date symlink: /home/macho/navivest_ws/install/geographic_msgs/share/geographic_msgs/msg/RoutePath.json
[0.397s] -- Up-to-date symlink: /home/macho/navivest_ws/install/geographic_msgs/share/geographic_msgs/msg/RouteSegment.json
[0.397s] -- Up-to-date symlink: /home/macho/navivest_ws/install/geographic_msgs/share/geographic_msgs/msg/WayPoint.json
[0.397s] -- Up-to-date symlink: /home/macho/navivest_ws/install/geographic_msgs/share/geographic_msgs/srv/GetGeographicMap.json
[0.397s] -- Up-to-date symlink: /home/macho/navivest_ws/install/geographic_msgs/share/geographic_msgs/srv/GetGeoPath.json
[0.397s] -- Up-to-date symlink: /home/macho/navivest_ws/install/geographic_msgs/share/geographic_msgs/srv/GetRoutePlan.json
[0.397s] -- Up-to-date symlink: /home/macho/navivest_ws/install/geographic_msgs/share/geographic_msgs/srv/UpdateGeographicMap.json
[0.398s] -- Up-to-date symlink: /home/macho/navivest_ws/install/geographic_msgs/include/geographic_msgs/geographic_msgs/msg/bounding_box.h
[0.398s] -- Up-to-date symlink: /home/macho/navivest_ws/install/geographic_msgs/include/geographic_msgs/geographic_msgs/msg/detail/bounding_box__functions.h
[0.398s] -- Up-to-date symlink: /home/macho/navivest_ws/install/geographic_msgs/include/geographic_msgs/geographic_msgs/msg/detail/bounding_box__struct.h
[0.398s] -- Up-to-date symlink: /home/macho/navivest_ws/install/geographic_msgs/include/geographic_msgs/geographic_msgs/msg/detail/bounding_box__type_support.h
[0.398s] -- Up-to-date symlink: /home/macho/navivest_ws/install/geographic_msgs/include/geographic_msgs/geographic_msgs/msg/detail/geo_path__functions.h
[0.398s] -- Up-to-date symlink: /home/macho/navivest_ws/install/geographic_msgs/include/geographic_msgs/geographic_msgs/msg/detail/geo_path__struct.h
[0.398s] -- Up-to-date symlink: /home/macho/navivest_ws/install/geographic_msgs/include/geographic_msgs/geographic_msgs/msg/detail/geo_path__type_support.h
[0.398s] -- Up-to-date symlink: /home/macho/navivest_ws/install/geographic_msgs/include/geographic_msgs/geographic_msgs/msg/detail/geo_point__functions.h
[0.398s] -- Up-to-date symlink: /home/macho/navivest_ws/install/geographic_msgs/include/geographic_msgs/geographic_msgs/msg/detail/geo_point__struct.h
[0.399s] -- Up-to-date symlink: /home/macho/navivest_ws/install/geographic_msgs/include/geographic_msgs/geographic_msgs/msg/detail/geo_point__type_support.h
[0.399s] -- Up-to-date symlink: /home/macho/navivest_ws/install/geographic_msgs/include/geographic_msgs/geographic_msgs/msg/detail/geo_point_stamped__functions.h
[0.399s] -- Up-to-date symlink: /home/macho/navivest_ws/install/geographic_msgs/include/geographic_msgs/geographic_msgs/msg/detail/geo_point_stamped__struct.h
[0.399s] -- Up-to-date symlink: /home/macho/navivest_ws/install/geographic_msgs/include/geographic_msgs/geographic_msgs/msg/detail/geo_point_stamped__type_support.h
[0.399s] -- Up-to-date symlink: /home/macho/navivest_ws/install/geographic_msgs/include/geographic_msgs/geographic_msgs/msg/detail/geo_pose__functions.h
[0.399s] -- Up-to-date symlink: /home/macho/navivest_ws/install/geographic_msgs/include/geographic_msgs/geographic_msgs/msg/detail/geo_pose__struct.h
[0.399s] -- Up-to-date symlink: /home/macho/navivest_ws/install/geographic_msgs/include/geographic_msgs/geographic_msgs/msg/detail/geo_pose__type_support.h
[0.399s] -- Up-to-date symlink: /home/macho/navivest_ws/install/geographic_msgs/include/geographic_msgs/geographic_msgs/msg/detail/geo_pose_stamped__functions.h
[0.400s] -- Up-to-date symlink: /home/macho/navivest_ws/install/geographic_msgs/include/geographic_msgs/geographic_msgs/msg/detail/geo_pose_stamped__struct.h
[0.400s] -- Up-to-date symlink: /home/macho/navivest_ws/install/geographic_msgs/include/geographic_msgs/geographic_msgs/msg/detail/geo_pose_stamped__type_support.h
[0.400s] -- Up-to-date symlink: /home/macho/navivest_ws/install/geographic_msgs/include/geographic_msgs/geographic_msgs/msg/detail/geo_pose_with_covariance__functions.h
[0.400s] -- Up-to-date symlink: /home/macho/navivest_ws/install/geographic_msgs/include/geographic_msgs/geographic_msgs/msg/detail/geo_pose_with_covariance__struct.h
[0.400s] -- Up-to-date symlink: /home/macho/navivest_ws/install/geographic_msgs/include/geographic_msgs/geographic_msgs/msg/detail/geo_pose_with_covariance__type_support.h
[0.400s] -- Up-to-date symlink: /home/macho/navivest_ws/install/geographic_msgs/include/geographic_msgs/geographic_msgs/msg/detail/geo_pose_with_covariance_stamped__functions.h
[0.400s] -- Up-to-date symlink: /home/macho/navivest_ws/install/geographic_msgs/include/geographic_msgs/geographic_msgs/msg/detail/geo_pose_with_covariance_stamped__struct.h
[0.401s] -- Up-to-date symlink: /home/macho/navivest_ws/install/geographic_msgs/include/geographic_msgs/geographic_msgs/msg/detail/geo_pose_with_covariance_stamped__type_support.h
[0.401s] -- Up-to-date symlink: /home/macho/navivest_ws/install/geographic_msgs/include/geographic_msgs/geographic_msgs/msg/detail/geographic_map__functions.h
[0.401s] -- Up-to-date symlink: /home/macho/navivest_ws/install/geographic_msgs/include/geographic_msgs/geographic_msgs/msg/detail/geographic_map__struct.h
[0.401s] -- Up-to-date symlink: /home/macho/navivest_ws/install/geographic_msgs/include/geographic_msgs/geographic_msgs/msg/detail/geographic_map__type_support.h
[0.401s] -- Up-to-date symlink: /home/macho/navivest_ws/install/geographic_msgs/include/geographic_msgs/geographic_msgs/msg/detail/geographic_map_changes__functions.h
[0.401s] -- Up-to-date symlink: /home/macho/navivest_ws/install/geographic_msgs/include/geographic_msgs/geographic_msgs/msg/detail/geographic_map_changes__struct.h
[0.401s] -- Up-to-date symlink: /home/macho/navivest_ws/install/geographic_msgs/include/geographic_msgs/geographic_msgs/msg/detail/geographic_map_changes__type_support.h
[0.401s] -- Up-to-date symlink: /home/macho/navivest_ws/install/geographic_msgs/include/geographic_msgs/geographic_msgs/msg/detail/key_value__functions.h
[0.401s] -- Up-to-date symlink: /home/macho/navivest_ws/install/geographic_msgs/include/geographic_msgs/geographic_msgs/msg/detail/key_value__struct.h
[0.402s] -- Up-to-date symlink: /home/macho/navivest_ws/install/geographic_msgs/include/geographic_msgs/geographic_msgs/msg/detail/key_value__type_support.h
[0.402s] -- Up-to-date symlink: /home/macho/navivest_ws/install/geographic_msgs/include/geographic_msgs/geographic_msgs/msg/detail/map_feature__functions.h
[0.402s] -- Up-to-date symlink: /home/macho/navivest_ws/install/geographic_msgs/include/geographic_msgs/geographic_msgs/msg/detail/map_feature__struct.h
[0.402s] -- Up-to-date symlink: /home/macho/navivest_ws/install/geographic_msgs/include/geographic_msgs/geographic_msgs/msg/detail/map_feature__type_support.h
[0.402s] -- Up-to-date symlink: /home/macho/navivest_ws/install/geographic_msgs/include/geographic_msgs/geographic_msgs/msg/detail/route_network__functions.h
[0.402s] -- Up-to-date symlink: /home/macho/navivest_ws/install/geographic_msgs/include/geographic_msgs/geographic_msgs/msg/detail/route_network__struct.h
[0.402s] -- Up-to-date symlink: /home/macho/navivest_ws/install/geographic_msgs/include/geographic_msgs/geographic_msgs/msg/detail/route_network__type_support.h
[0.402s] -- Up-to-date symlink: /home/macho/navivest_ws/install/geographic_msgs/include/geographic_msgs/geographic_msgs/msg/detail/route_path__functions.h
[0.402s] -- Up-to-date symlink: /home/macho/navivest_ws/install/geographic_msgs/include/geographic_msgs/geographic_msgs/msg/detail/route_path__struct.h
[0.402s] -- Up-to-date symlink: /home/macho/navivest_ws/install/geographic_msgs/include/geographic_msgs/geographic_msgs/msg/detail/route_path__type_support.h
[0.402s] -- Up-to-date symlink: /home/macho/navivest_ws/install/geographic_msgs/include/geographic_msgs/geographic_msgs/msg/detail/route_segment__functions.h
[0.402s] -- Up-to-date symlink: /home/macho/navivest_ws/install/geographic_msgs/include/geographic_msgs/geographic_msgs/msg/detail/route_segment__struct.h
[0.402s] -- Up-to-date symlink: /home/macho/navivest_ws/install/geographic_msgs/include/geographic_msgs/geographic_msgs/msg/detail/route_segment__type_support.h
[0.402s] -- Up-to-date symlink: /home/macho/navivest_ws/install/geographic_msgs/include/geographic_msgs/geographic_msgs/msg/detail/way_point__functions.h
[0.402s] -- Up-to-date symlink: /home/macho/navivest_ws/install/geographic_msgs/include/geographic_msgs/geographic_msgs/msg/detail/way_point__struct.h
[0.403s] -- Up-to-date symlink: /home/macho/navivest_ws/install/geographic_msgs/include/geographic_msgs/geographic_msgs/msg/detail/way_point__type_support.h
[0.403s] -- Up-to-date symlink: /home/macho/navivest_ws/install/geographic_msgs/include/geographic_msgs/geographic_msgs/msg/geo_path.h
[0.403s] -- Up-to-date symlink: /home/macho/navivest_ws/install/geographic_msgs/include/geographic_msgs/geographic_msgs/msg/geo_point.h
[0.403s] -- Up-to-date symlink: /home/macho/navivest_ws/install/geographic_msgs/include/geographic_msgs/geographic_msgs/msg/geo_point_stamped.h
[0.404s] -- Up-to-date symlink: /home/macho/navivest_ws/install/geographic_msgs/include/geographic_msgs/geographic_msgs/msg/geo_pose.h
[0.404s] -- Up-to-date symlink: /home/macho/navivest_ws/install/geographic_msgs/include/geographic_msgs/geographic_msgs/msg/geo_pose_stamped.h
[0.404s] -- Up-to-date symlink: /home/macho/navivest_ws/install/geographic_msgs/include/geographic_msgs/geographic_msgs/msg/geo_pose_with_covariance.h
[0.404s] -- Up-to-date symlink: /home/macho/navivest_ws/install/geographic_msgs/include/geographic_msgs/geographic_msgs/msg/geo_pose_with_covariance_stamped.h
[0.404s] -- Up-to-date symlink: /home/macho/navivest_ws/install/geographic_msgs/include/geographic_msgs/geographic_msgs/msg/geographic_map.h
[0.404s] -- Up-to-date symlink: /home/macho/navivest_ws/install/geographic_msgs/include/geographic_msgs/geographic_msgs/msg/geographic_map_changes.h
[0.404s] -- Up-to-date symlink: /home/macho/navivest_ws/install/geographic_msgs/include/geographic_msgs/geographic_msgs/msg/key_value.h
[0.404s] -- Up-to-date symlink: /home/macho/navivest_ws/install/geographic_msgs/include/geographic_msgs/geographic_msgs/msg/map_feature.h
[0.404s] -- Up-to-date symlink: /home/macho/navivest_ws/install/geographic_msgs/include/geographic_msgs/geographic_msgs/msg/rosidl_generator_c__visibility_control.h
[0.404s] -- Up-to-date symlink: /home/macho/navivest_ws/install/geographic_msgs/include/geographic_msgs/geographic_msgs/msg/route_network.h
[0.405s] -- Up-to-date symlink: /home/macho/navivest_ws/install/geographic_msgs/include/geographic_msgs/geographic_msgs/msg/route_path.h
[0.405s] -- Up-to-date symlink: /home/macho/navivest_ws/install/geographic_msgs/include/geographic_msgs/geographic_msgs/msg/route_segment.h
[0.405s] -- Up-to-date symlink: /home/macho/navivest_ws/install/geographic_msgs/include/geographic_msgs/geographic_msgs/msg/way_point.h
[0.405s] -- Up-to-date symlink: /home/macho/navivest_ws/install/geographic_msgs/include/geographic_msgs/geographic_msgs/srv/detail/get_geo_path__functions.h
[0.405s] -- Up-to-date symlink: /home/macho/navivest_ws/install/geographic_msgs/include/geographic_msgs/geographic_msgs/srv/detail/get_geo_path__struct.h
[0.405s] -- Up-to-date symlink: /home/macho/navivest_ws/install/geographic_msgs/include/geographic_msgs/geographic_msgs/srv/detail/get_geo_path__type_support.h
[0.405s] -- Up-to-date symlink: /home/macho/navivest_ws/install/geographic_msgs/include/geographic_msgs/geographic_msgs/srv/detail/get_geographic_map__functions.h
[0.405s] -- Up-to-date symlink: /home/macho/navivest_ws/install/geographic_msgs/include/geographic_msgs/geographic_msgs/srv/detail/get_geographic_map__struct.h
[0.405s] -- Up-to-date symlink: /home/macho/navivest_ws/install/geographic_msgs/include/geographic_msgs/geographic_msgs/srv/detail/get_geographic_map__type_support.h
[0.406s] -- Up-to-date symlink: /home/macho/navivest_ws/install/geographic_msgs/include/geographic_msgs/geographic_msgs/srv/detail/get_route_plan__functions.h
[0.406s] -- Up-to-date symlink: /home/macho/navivest_ws/install/geographic_msgs/include/geographic_msgs/geographic_msgs/srv/detail/get_route_plan__struct.h
[0.406s] -- Up-to-date symlink: /home/macho/navivest_ws/install/geographic_msgs/include/geographic_msgs/geographic_msgs/srv/detail/get_route_plan__type_support.h
[0.406s] -- Up-to-date symlink: /home/macho/navivest_ws/install/geographic_msgs/include/geographic_msgs/geographic_msgs/srv/detail/update_geographic_map__functions.h
[0.406s] -- Up-to-date symlink: /home/macho/navivest_ws/install/geographic_msgs/include/geographic_msgs/geographic_msgs/srv/detail/update_geographic_map__struct.h
[0.406s] -- Up-to-date symlink: /home/macho/navivest_ws/install/geographic_msgs/include/geographic_msgs/geographic_msgs/srv/detail/update_geographic_map__type_support.h
[0.407s] -- Up-to-date symlink: /home/macho/navivest_ws/install/geographic_msgs/include/geographic_msgs/geographic_msgs/srv/get_geo_path.h
[0.407s] -- Up-to-date symlink: /home/macho/navivest_ws/install/geographic_msgs/include/geographic_msgs/geographic_msgs/srv/get_geographic_map.h
[0.407s] -- Up-to-date symlink: /home/macho/navivest_ws/install/geographic_msgs/include/geographic_msgs/geographic_msgs/srv/get_route_plan.h
[0.407s] -- Up-to-date symlink: /home/macho/navivest_ws/install/geographic_msgs/include/geographic_msgs/geographic_msgs/srv/update_geographic_map.h
[0.407s] -- Up-to-date symlink: /home/macho/navivest_ws/install/geographic_msgs/share/geographic_msgs/environment/library_path.sh
[0.407s] -- Up-to-date symlink: /home/macho/navivest_ws/install/geographic_msgs/share/geographic_msgs/environment/library_path.dsv
[0.408s] -- Up-to-date symlink: /home/macho/navivest_ws/install/geographic_msgs/include/geographic_msgs/geographic_msgs/msg/detail/bounding_box__rosidl_typesupport_fastrtps_c.h
[0.408s] -- Up-to-date symlink: /home/macho/navivest_ws/install/geographic_msgs/include/geographic_msgs/geographic_msgs/msg/detail/geo_path__rosidl_typesupport_fastrtps_c.h
[0.408s] -- Up-to-date symlink: /home/macho/navivest_ws/install/geographic_msgs/include/geographic_msgs/geographic_msgs/msg/detail/geo_point__rosidl_typesupport_fastrtps_c.h
[0.408s] -- Up-to-date symlink: /home/macho/navivest_ws/install/geographic_msgs/include/geographic_msgs/geographic_msgs/msg/detail/geo_point_stamped__rosidl_typesupport_fastrtps_c.h
[0.408s] -- Up-to-date symlink: /home/macho/navivest_ws/install/geographic_msgs/include/geographic_msgs/geographic_msgs/msg/detail/geo_pose__rosidl_typesupport_fastrtps_c.h
[0.408s] -- Up-to-date symlink: /home/macho/navivest_ws/install/geographic_msgs/include/geographic_msgs/geographic_msgs/msg/detail/geo_pose_stamped__rosidl_typesupport_fastrtps_c.h
[0.408s] -- Up-to-date symlink: /home/macho/navivest_ws/install/geographic_msgs/include/geographic_msgs/geographic_msgs/msg/detail/geo_pose_with_covariance__rosidl_typesupport_fastrtps_c.h
[0.408s] -- Up-to-date symlink: /home/macho/navivest_ws/install/geographic_msgs/include/geographic_msgs/geographic_msgs/msg/detail/geo_pose_with_covariance_stamped__rosidl_typesupport_fastrtps_c.h
[0.408s] -- Up-to-date symlink: /home/macho/navivest_ws/install/geographic_msgs/include/geographic_msgs/geographic_msgs/msg/detail/geographic_map__rosidl_typesupport_fastrtps_c.h
[0.408s] -- Up-to-date symlink: /home/macho/navivest_ws/install/geographic_msgs/include/geographic_msgs/geographic_msgs/msg/detail/geographic_map_changes__rosidl_typesupport_fastrtps_c.h
[0.408s] -- Up-to-date symlink: /home/macho/navivest_ws/install/geographic_msgs/include/geographic_msgs/geographic_msgs/msg/detail/key_value__rosidl_typesupport_fastrtps_c.h
[0.409s] -- Up-to-date symlink: /home/macho/navivest_ws/install/geographic_msgs/include/geographic_msgs/geographic_msgs/msg/detail/map_feature__rosidl_typesupport_fastrtps_c.h
[0.409s] -- Up-to-date symlink: /home/macho/navivest_ws/install/geographic_msgs/include/geographic_msgs/geographic_msgs/msg/detail/route_network__rosidl_typesupport_fastrtps_c.h
[0.409s] -- Up-to-date symlink: /home/macho/navivest_ws/install/geographic_msgs/include/geographic_msgs/geographic_msgs/msg/detail/route_path__rosidl_typesupport_fastrtps_c.h
[0.409s] -- Up-to-date symlink: /home/macho/navivest_ws/install/geographic_msgs/include/geographic_msgs/geographic_msgs/msg/detail/route_segment__rosidl_typesupport_fastrtps_c.h
[0.409s] -- Up-to-date symlink: /home/macho/navivest_ws/install/geographic_msgs/include/geographic_msgs/geographic_msgs/msg/detail/way_point__rosidl_typesupport_fastrtps_c.h
[0.409s] -- Up-to-date symlink: /home/macho/navivest_ws/install/geographic_msgs/include/geographic_msgs/geographic_msgs/msg/rosidl_typesupport_fastrtps_c__visibility_control.h
[0.409s] -- Up-to-date symlink: /home/macho/navivest_ws/install/geographic_msgs/include/geographic_msgs/geographic_msgs/srv/detail/get_geo_path__rosidl_typesupport_fastrtps_c.h
[0.409s] -- Up-to-date symlink: /home/macho/navivest_ws/install/geographic_msgs/include/geographic_msgs/geographic_msgs/srv/detail/get_geographic_map__rosidl_typesupport_fastrtps_c.h
[0.409s] -- Up-to-date symlink: /home/macho/navivest_ws/install/geographic_msgs/include/geographic_msgs/geographic_msgs/srv/detail/get_route_plan__rosidl_typesupport_fastrtps_c.h
[0.409s] -- Up-to-date symlink: /home/macho/navivest_ws/install/geographic_msgs/include/geographic_msgs/geographic_msgs/srv/detail/update_geographic_map__rosidl_typesupport_fastrtps_c.h
[0.410s] -- Up-to-date symlink: /home/macho/navivest_ws/install/geographic_msgs/include/geographic_msgs/geographic_msgs/msg/bounding_box.hpp
[0.410s] -- Up-to-date symlink: /home/macho/navivest_ws/install/geographic_msgs/include/geographic_msgs/geographic_msgs/msg/detail/bounding_box__builder.hpp
[0.410s] -- Up-to-date symlink: /home/macho/navivest_ws/install/geographic_msgs/include/geographic_msgs/geographic_msgs/msg/detail/bounding_box__struct.hpp
[0.410s] -- Up-to-date symlink: /home/macho/navivest_ws/install/geographic_msgs/include/geographic_msgs/geographic_msgs/msg/detail/bounding_box__traits.hpp
[0.410s] -- Up-to-date symlink: /home/macho/navivest_ws/install/geographic_msgs/include/geographic_msgs/geographic_msgs/msg/detail/bounding_box__type_support.hpp
[0.410s] -- Up-to-date symlink: /home/macho/navivest_ws/install/geographic_msgs/include/geographic_msgs/geographic_msgs/msg/detail/geo_path__builder.hpp
[0.410s] -- Up-to-date symlink: /home/macho/navivest_ws/install/geographic_msgs/include/geographic_msgs/geographic_msgs/msg/detail/geo_path__struct.hpp
[0.410s] -- Up-to-date symlink: /home/macho/navivest_ws/install/geographic_msgs/include/geographic_msgs/geographic_msgs/msg/detail/geo_path__traits.hpp
[0.410s] -- Up-to-date symlink: /home/macho/navivest_ws/install/geographic_msgs/include/geographic_msgs/geographic_msgs/msg/detail/geo_path__type_support.hpp
[0.410s] -- Up-to-date symlink: /home/macho/navivest_ws/install/geographic_msgs/include/geographic_msgs/geographic_msgs/msg/detail/geo_point__builder.hpp
[0.410s] -- Up-to-date symlink: /home/macho/navivest_ws/install/geographic_msgs/include/geographic_msgs/geographic_msgs/msg/detail/geo_point__struct.hpp
[0.410s] -- Up-to-date symlink: /home/macho/navivest_ws/install/geographic_msgs/include/geographic_msgs/geographic_msgs/msg/detail/geo_point__traits.hpp
[0.410s] -- Up-to-date symlink: /home/macho/navivest_ws/install/geographic_msgs/include/geographic_msgs/geographic_msgs/msg/detail/geo_point__type_support.hpp
[0.410s] -- Up-to-date symlink: /home/macho/navivest_ws/install/geographic_msgs/include/geographic_msgs/geographic_msgs/msg/detail/geo_point_stamped__builder.hpp
[0.410s] -- Up-to-date symlink: /home/macho/navivest_ws/install/geographic_msgs/include/geographic_msgs/geographic_msgs/msg/detail/geo_point_stamped__struct.hpp
[0.410s] -- Up-to-date symlink: /home/macho/navivest_ws/install/geographic_msgs/include/geographic_msgs/geographic_msgs/msg/detail/geo_point_stamped__traits.hpp
[0.410s] -- Up-to-date symlink: /home/macho/navivest_ws/install/geographic_msgs/include/geographic_msgs/geographic_msgs/msg/detail/geo_point_stamped__type_support.hpp
[0.410s] -- Up-to-date symlink: /home/macho/navivest_ws/install/geographic_msgs/include/geographic_msgs/geographic_msgs/msg/detail/geo_pose__builder.hpp
[0.410s] -- Up-to-date symlink: /home/macho/navivest_ws/install/geographic_msgs/include/geographic_msgs/geographic_msgs/msg/detail/geo_pose__struct.hpp
[0.411s] -- Up-to-date symlink: /home/macho/navivest_ws/install/geographic_msgs/include/geographic_msgs/geographic_msgs/msg/detail/geo_pose__traits.hpp
[0.411s] -- Up-to-date symlink: /home/macho/navivest_ws/install/geographic_msgs/include/geographic_msgs/geographic_msgs/msg/detail/geo_pose__type_support.hpp
[0.411s] -- Up-to-date symlink: /home/macho/navivest_ws/install/geographic_msgs/include/geographic_msgs/geographic_msgs/msg/detail/geo_pose_stamped__builder.hpp
[0.411s] -- Up-to-date symlink: /home/macho/navivest_ws/install/geographic_msgs/include/geographic_msgs/geographic_msgs/msg/detail/geo_pose_stamped__struct.hpp
[0.411s] -- Up-to-date symlink: /home/macho/navivest_ws/install/geographic_msgs/include/geographic_msgs/geographic_msgs/msg/detail/geo_pose_stamped__traits.hpp
[0.411s] -- Up-to-date symlink: /home/macho/navivest_ws/install/geographic_msgs/include/geographic_msgs/geographic_msgs/msg/detail/geo_pose_stamped__type_support.hpp
[0.411s] -- Up-to-date symlink: /home/macho/navivest_ws/install/geographic_msgs/include/geographic_msgs/geographic_msgs/msg/detail/geo_pose_with_covariance__builder.hpp
[0.411s] -- Up-to-date symlink: /home/macho/navivest_ws/install/geographic_msgs/include/geographic_msgs/geographic_msgs/msg/detail/geo_pose_with_covariance__struct.hpp
[0.411s] -- Up-to-date symlink: /home/macho/navivest_ws/install/geographic_msgs/include/geographic_msgs/geographic_msgs/msg/detail/geo_pose_with_covariance__traits.hpp
[0.411s] -- Up-to-date symlink: /home/macho/navivest_ws/install/geographic_msgs/include/geographic_msgs/geographic_msgs/msg/detail/geo_pose_with_covariance__type_support.hpp
[0.411s] -- Up-to-date symlink: /home/macho/navivest_ws/install/geographic_msgs/include/geographic_msgs/geographic_msgs/msg/detail/geo_pose_with_covariance_stamped__builder.hpp
[0.411s] -- Up-to-date symlink: /home/macho/navivest_ws/install/geographic_msgs/include/geographic_msgs/geographic_msgs/msg/detail/geo_pose_with_covariance_stamped__struct.hpp
[0.411s] -- Up-to-date symlink: /home/macho/navivest_ws/install/geographic_msgs/include/geographic_msgs/geographic_msgs/msg/detail/geo_pose_with_covariance_stamped__traits.hpp
[0.411s] -- Up-to-date symlink: /home/macho/navivest_ws/install/geographic_msgs/include/geographic_msgs/geographic_msgs/msg/detail/geo_pose_with_covariance_stamped__type_support.hpp
[0.411s] -- Up-to-date symlink: /home/macho/navivest_ws/install/geographic_msgs/include/geographic_msgs/geographic_msgs/msg/detail/geographic_map__builder.hpp
[0.412s] -- Up-to-date symlink: /home/macho/navivest_ws/install/geographic_msgs/include/geographic_msgs/geographic_msgs/msg/detail/geographic_map__struct.hpp
[0.412s] -- Up-to-date symlink: /home/macho/navivest_ws/install/geographic_msgs/include/geographic_msgs/geographic_msgs/msg/detail/geographic_map__traits.hpp
[0.412s] -- Up-to-date symlink: /home/macho/navivest_ws/install/geographic_msgs/include/geographic_msgs/geographic_msgs/msg/detail/geographic_map__type_support.hpp
[0.412s] -- Up-to-date symlink: /home/macho/navivest_ws/install/geographic_msgs/include/geographic_msgs/geographic_msgs/msg/detail/geographic_map_changes__builder.hpp
[0.412s] -- Up-to-date symlink: /home/macho/navivest_ws/install/geographic_msgs/include/geographic_msgs/geographic_msgs/msg/detail/geographic_map_changes__struct.hpp
[0.412s] -- Up-to-date symlink: /home/macho/navivest_ws/install/geographic_msgs/include/geographic_msgs/geographic_msgs/msg/detail/geographic_map_changes__traits.hpp
[0.412s] -- Up-to-date symlink: /home/macho/navivest_ws/install/geographic_msgs/include/geographic_msgs/geographic_msgs/msg/detail/geographic_map_changes__type_support.hpp
[0.412s] -- Up-to-date symlink: /home/macho/navivest_ws/install/geographic_msgs/include/geographic_msgs/geographic_msgs/msg/detail/key_value__builder.hpp
[0.412s] -- Up-to-date symlink: /home/macho/navivest_ws/install/geographic_msgs/include/geographic_msgs/geographic_msgs/msg/detail/key_value__struct.hpp
[0.412s] -- Up-to-date symlink: /home/macho/navivest_ws/install/geographic_msgs/include/geographic_msgs/geographic_msgs/msg/detail/key_value__traits.hpp
[0.412s] -- Up-to-date symlink: /home/macho/navivest_ws/install/geographic_msgs/include/geographic_msgs/geographic_msgs/msg/detail/key_value__type_support.hpp
[0.412s] -- Up-to-date symlink: /home/macho/navivest_ws/install/geographic_msgs/include/geographic_msgs/geographic_msgs/msg/detail/map_feature__builder.hpp
[0.413s] -- Up-to-date symlink: /home/macho/navivest_ws/install/geographic_msgs/include/geographic_msgs/geographic_msgs/msg/detail/map_feature__struct.hpp
[0.413s] -- Up-to-date symlink: /home/macho/navivest_ws/install/geographic_msgs/include/geographic_msgs/geographic_msgs/msg/detail/map_feature__traits.hpp
[0.413s] -- Up-to-date symlink: /home/macho/navivest_ws/install/geographic_msgs/include/geographic_msgs/geographic_msgs/msg/detail/map_feature__type_support.hpp
[0.413s] -- Up-to-date symlink: /home/macho/navivest_ws/install/geographic_msgs/include/geographic_msgs/geographic_msgs/msg/detail/route_network__builder.hpp
[0.413s] -- Up-to-date symlink: /home/macho/navivest_ws/install/geographic_msgs/include/geographic_msgs/geographic_msgs/msg/detail/route_network__struct.hpp
[0.413s] -- Up-to-date symlink: /home/macho/navivest_ws/install/geographic_msgs/include/geographic_msgs/geographic_msgs/msg/detail/route_network__traits.hpp
[0.413s] -- Up-to-date symlink: /home/macho/navivest_ws/install/geographic_msgs/include/geographic_msgs/geographic_msgs/msg/detail/route_network__type_support.hpp
[0.413s] -- Up-to-date symlink: /home/macho/navivest_ws/install/geographic_msgs/include/geographic_msgs/geographic_msgs/msg/detail/route_path__builder.hpp
[0.413s] -- Up-to-date symlink: /home/macho/navivest_ws/install/geographic_msgs/include/geographic_msgs/geographic_msgs/msg/detail/route_path__struct.hpp
[0.413s] -- Up-to-date symlink: /home/macho/navivest_ws/install/geographic_msgs/include/geographic_msgs/geographic_msgs/msg/detail/route_path__traits.hpp
[0.413s] -- Up-to-date symlink: /home/macho/navivest_ws/install/geographic_msgs/include/geographic_msgs/geographic_msgs/msg/detail/route_path__type_support.hpp
[0.413s] -- Up-to-date symlink: /home/macho/navivest_ws/install/geographic_msgs/include/geographic_msgs/geographic_msgs/msg/detail/route_segment__builder.hpp
[0.413s] -- Up-to-date symlink: /home/macho/navivest_ws/install/geographic_msgs/include/geographic_msgs/geographic_msgs/msg/detail/route_segment__struct.hpp
[0.414s] -- Up-to-date symlink: /home/macho/navivest_ws/install/geographic_msgs/include/geographic_msgs/geographic_msgs/msg/detail/route_segment__traits.hpp
[0.414s] -- Up-to-date symlink: /home/macho/navivest_ws/install/geographic_msgs/include/geographic_msgs/geographic_msgs/msg/detail/route_segment__type_support.hpp
[0.414s] -- Up-to-date symlink: /home/macho/navivest_ws/install/geographic_msgs/include/geographic_msgs/geographic_msgs/msg/detail/way_point__builder.hpp
[0.414s] -- Up-to-date symlink: /home/macho/navivest_ws/install/geographic_msgs/include/geographic_msgs/geographic_msgs/msg/detail/way_point__struct.hpp
[0.414s] -- Up-to-date symlink: /home/macho/navivest_ws/install/geographic_msgs/include/geographic_msgs/geographic_msgs/msg/detail/way_point__traits.hpp
[0.414s] -- Up-to-date symlink: /home/macho/navivest_ws/install/geographic_msgs/include/geographic_msgs/geographic_msgs/msg/detail/way_point__type_support.hpp
[0.414s] -- Up-to-date symlink: /home/macho/navivest_ws/install/geographic_msgs/include/geographic_msgs/geographic_msgs/msg/geo_path.hpp
[0.414s] -- Up-to-date symlink: /home/macho/navivest_ws/install/geographic_msgs/include/geographic_msgs/geographic_msgs/msg/geo_point.hpp
[0.414s] -- Up-to-date symlink: /home/macho/navivest_ws/install/geographic_msgs/include/geographic_msgs/geographic_msgs/msg/geo_point_stamped.hpp
[0.414s] -- Up-to-date symlink: /home/macho/navivest_ws/install/geographic_msgs/include/geographic_msgs/geographic_msgs/msg/geo_pose.hpp
[0.414s] -- Up-to-date symlink: /home/macho/navivest_ws/install/geographic_msgs/include/geographic_msgs/geographic_msgs/msg/geo_pose_stamped.hpp
[0.414s] -- Up-to-date symlink: /home/macho/navivest_ws/install/geographic_msgs/include/geographic_msgs/geographic_msgs/msg/geo_pose_with_covariance.hpp
[0.414s] -- Up-to-date symlink: /home/macho/navivest_ws/install/geographic_msgs/include/geographic_msgs/geographic_msgs/msg/geo_pose_with_covariance_stamped.hpp
[0.414s] -- Up-to-date symlink: /home/macho/navivest_ws/install/geographic_msgs/include/geographic_msgs/geographic_msgs/msg/geographic_map.hpp
[0.415s] -- Up-to-date symlink: /home/macho/navivest_ws/install/geographic_msgs/include/geographic_msgs/geographic_msgs/msg/geographic_map_changes.hpp
[0.415s] -- Up-to-date symlink: /home/macho/navivest_ws/install/geographic_msgs/include/geographic_msgs/geographic_msgs/msg/key_value.hpp
[0.415s] -- Up-to-date symlink: /home/macho/navivest_ws/install/geographic_msgs/include/geographic_msgs/geographic_msgs/msg/map_feature.hpp
[0.415s] -- Up-to-date symlink: /home/macho/navivest_ws/install/geographic_msgs/include/geographic_msgs/geographic_msgs/msg/rosidl_generator_cpp__visibility_control.hpp
[0.415s] -- Up-to-date symlink: /home/macho/navivest_ws/install/geographic_msgs/include/geographic_msgs/geographic_msgs/msg/route_network.hpp
[0.415s] -- Up-to-date symlink: /home/macho/navivest_ws/install/geographic_msgs/include/geographic_msgs/geographic_msgs/msg/route_path.hpp
[0.415s] -- Up-to-date symlink: /home/macho/navivest_ws/install/geographic_msgs/include/geographic_msgs/geographic_msgs/msg/route_segment.hpp
[0.415s] -- Up-to-date symlink: /home/macho/navivest_ws/install/geographic_msgs/include/geographic_msgs/geographic_msgs/msg/way_point.hpp
[0.415s] -- Up-to-date symlink: /home/macho/navivest_ws/install/geographic_msgs/include/geographic_msgs/geographic_msgs/srv/detail/get_geo_path__builder.hpp
[0.415s] -- Up-to-date symlink: /home/macho/navivest_ws/install/geographic_msgs/include/geographic_msgs/geographic_msgs/srv/detail/get_geo_path__struct.hpp
[0.415s] -- Up-to-date symlink: /home/macho/navivest_ws/install/geographic_msgs/include/geographic_msgs/geographic_msgs/srv/detail/get_geo_path__traits.hpp
[0.415s] -- Up-to-date symlink: /home/macho/navivest_ws/install/geographic_msgs/include/geographic_msgs/geographic_msgs/srv/detail/get_geo_path__type_support.hpp
[0.415s] -- Up-to-date symlink: /home/macho/navivest_ws/install/geographic_msgs/include/geographic_msgs/geographic_msgs/srv/detail/get_geographic_map__builder.hpp
[0.415s] -- Up-to-date symlink: /home/macho/navivest_ws/install/geographic_msgs/include/geographic_msgs/geographic_msgs/srv/detail/get_geographic_map__struct.hpp
[0.415s] -- Up-to-date symlink: /home/macho/navivest_ws/install/geographic_msgs/include/geographic_msgs/geographic_msgs/srv/detail/get_geographic_map__traits.hpp
[0.415s] -- Up-to-date symlink: /home/macho/navivest_ws/install/geographic_msgs/include/geographic_msgs/geographic_msgs/srv/detail/get_geographic_map__type_support.hpp
[0.415s] -- Up-to-date symlink: /home/macho/navivest_ws/install/geographic_msgs/include/geographic_msgs/geographic_msgs/srv/detail/get_route_plan__builder.hpp
[0.416s] -- Up-to-date symlink: /home/macho/navivest_ws/install/geographic_msgs/include/geographic_msgs/geographic_msgs/srv/detail/get_route_plan__struct.hpp
[0.416s] -- Up-to-date symlink: /home/macho/navivest_ws/install/geographic_msgs/include/geographic_msgs/geographic_msgs/srv/detail/get_route_plan__traits.hpp
[0.416s] -- Up-to-date symlink: /home/macho/navivest_ws/install/geographic_msgs/include/geographic_msgs/geographic_msgs/srv/detail/get_route_plan__type_support.hpp
[0.416s] -- Up-to-date symlink: /home/macho/navivest_ws/install/geographic_msgs/include/geographic_msgs/geographic_msgs/srv/detail/update_geographic_map__builder.hpp
[0.416s] -- Up-to-date symlink: /home/macho/navivest_ws/install/geographic_msgs/include/geographic_msgs/geographic_msgs/srv/detail/update_geographic_map__struct.hpp
[0.416s] -- Up-to-date symlink: /home/macho/navivest_ws/install/geographic_msgs/include/geographic_msgs/geographic_msgs/srv/detail/update_geographic_map__traits.hpp
[0.416s] -- Up-to-date symlink: /home/macho/navivest_ws/install/geographic_msgs/include/geographic_msgs/geographic_msgs/srv/detail/update_geographic_map__type_support.hpp
[0.416s] -- Up-to-date symlink: /home/macho/navivest_ws/install/geographic_msgs/include/geographic_msgs/geographic_msgs/srv/get_geo_path.hpp
[0.416s] -- Up-to-date symlink: /home/macho/navivest_ws/install/geographic_msgs/include/geographic_msgs/geographic_msgs/srv/get_geographic_map.hpp
[0.416s] -- Up-to-date symlink: /home/macho/navivest_ws/install/geographic_msgs/include/geographic_msgs/geographic_msgs/srv/get_route_plan.hpp
[0.416s] -- Up-to-date symlink: /home/macho/navivest_ws/install/geographic_msgs/include/geographic_msgs/geographic_msgs/srv/update_geographic_map.hpp
[0.417s] -- Up-to-date symlink: /home/macho/navivest_ws/install/geographic_msgs/include/geographic_msgs/geographic_msgs/msg/detail/bounding_box__rosidl_typesupport_fastrtps_cpp.hpp
[0.417s] -- Up-to-date symlink: /home/macho/navivest_ws/install/geographic_msgs/include/geographic_msgs/geographic_msgs/msg/detail/geo_path__rosidl_typesupport_fastrtps_cpp.hpp
[0.417s] -- Up-to-date symlink: /home/macho/navivest_ws/install/geographic_msgs/include/geographic_msgs/geographic_msgs/msg/detail/geo_point__rosidl_typesupport_fastrtps_cpp.hpp
[0.417s] -- Up-to-date symlink: /home/macho/navivest_ws/install/geographic_msgs/include/geographic_msgs/geographic_msgs/msg/detail/geo_point_stamped__rosidl_typesupport_fastrtps_cpp.hpp
[0.418s] -- Up-to-date symlink: /home/macho/navivest_ws/install/geographic_msgs/include/geographic_msgs/geographic_msgs/msg/detail/geo_pose__rosidl_typesupport_fastrtps_cpp.hpp
[0.418s] -- Up-to-date symlink: /home/macho/navivest_ws/install/geographic_msgs/include/geographic_msgs/geographic_msgs/msg/detail/geo_pose_stamped__rosidl_typesupport_fastrtps_cpp.hpp
[0.418s] -- Up-to-date symlink: /home/macho/navivest_ws/install/geographic_msgs/include/geographic_msgs/geographic_msgs/msg/detail/geo_pose_with_covariance__rosidl_typesupport_fastrtps_cpp.hpp
[0.418s] -- Up-to-date symlink: /home/macho/navivest_ws/install/geographic_msgs/include/geographic_msgs/geographic_msgs/msg/detail/geo_pose_with_covariance_stamped__rosidl_typesupport_fastrtps_cpp.hpp
[0.418s] -- Up-to-date symlink: /home/macho/navivest_ws/install/geographic_msgs/include/geographic_msgs/geographic_msgs/msg/detail/geographic_map__rosidl_typesupport_fastrtps_cpp.hpp
[0.418s] -- Up-to-date symlink: /home/macho/navivest_ws/install/geographic_msgs/include/geographic_msgs/geographic_msgs/msg/detail/geographic_map_changes__rosidl_typesupport_fastrtps_cpp.hpp
[0.418s] -- Up-to-date symlink: /home/macho/navivest_ws/install/geographic_msgs/include/geographic_msgs/geographic_msgs/msg/detail/key_value__rosidl_typesupport_fastrtps_cpp.hpp
[0.418s] -- Up-to-date symlink: /home/macho/navivest_ws/install/geographic_msgs/include/geographic_msgs/geographic_msgs/msg/detail/map_feature__rosidl_typesupport_fastrtps_cpp.hpp
[0.418s] -- Up-to-date symlink: /home/macho/navivest_ws/install/geographic_msgs/include/geographic_msgs/geographic_msgs/msg/detail/route_network__rosidl_typesupport_fastrtps_cpp.hpp
[0.418s] -- Up-to-date symlink: /home/macho/navivest_ws/install/geographic_msgs/include/geographic_msgs/geographic_msgs/msg/detail/route_path__rosidl_typesupport_fastrtps_cpp.hpp
[0.418s] -- Up-to-date symlink: /home/macho/navivest_ws/install/geographic_msgs/include/geographic_msgs/geographic_msgs/msg/detail/route_segment__rosidl_typesupport_fastrtps_cpp.hpp
[0.418s] -- Up-to-date symlink: /home/macho/navivest_ws/install/geographic_msgs/include/geographic_msgs/geographic_msgs/msg/detail/way_point__rosidl_typesupport_fastrtps_cpp.hpp
[0.418s] -- Up-to-date symlink: /home/macho/navivest_ws/install/geographic_msgs/include/geographic_msgs/geographic_msgs/msg/rosidl_typesupport_fastrtps_cpp__visibility_control.h
[0.418s] -- Up-to-date symlink: /home/macho/navivest_ws/install/geographic_msgs/include/geographic_msgs/geographic_msgs/srv/detail/get_geo_path__rosidl_typesupport_fastrtps_cpp.hpp
[0.418s] -- Up-to-date symlink: /home/macho/navivest_ws/install/geographic_msgs/include/geographic_msgs/geographic_msgs/srv/detail/get_geographic_map__rosidl_typesupport_fastrtps_cpp.hpp
[0.418s] -- Up-to-date symlink: /home/macho/navivest_ws/install/geographic_msgs/include/geographic_msgs/geographic_msgs/srv/detail/get_route_plan__rosidl_typesupport_fastrtps_cpp.hpp
[0.418s] -- Up-to-date symlink: /home/macho/navivest_ws/install/geographic_msgs/include/geographic_msgs/geographic_msgs/srv/detail/update_geographic_map__rosidl_typesupport_fastrtps_cpp.hpp
[0.419s] -- Up-to-date symlink: /home/macho/navivest_ws/install/geographic_msgs/include/geographic_msgs/geographic_msgs/msg/detail/bounding_box__rosidl_typesupport_introspection_c.h
[0.419s] -- Up-to-date symlink: /home/macho/navivest_ws/install/geographic_msgs/include/geographic_msgs/geographic_msgs/msg/detail/geo_path__rosidl_typesupport_introspection_c.h
[0.419s] -- Up-to-date symlink: /home/macho/navivest_ws/install/geographic_msgs/include/geographic_msgs/geographic_msgs/msg/detail/geo_point__rosidl_typesupport_introspection_c.h
[0.419s] -- Up-to-date symlink: /home/macho/navivest_ws/install/geographic_msgs/include/geographic_msgs/geographic_msgs/msg/detail/geo_point_stamped__rosidl_typesupport_introspection_c.h
[0.419s] -- Up-to-date symlink: /home/macho/navivest_ws/install/geographic_msgs/include/geographic_msgs/geographic_msgs/msg/detail/geo_pose__rosidl_typesupport_introspection_c.h
[0.419s] -- Up-to-date symlink: /home/macho/navivest_ws/install/geographic_msgs/include/geographic_msgs/geographic_msgs/msg/detail/geo_pose_stamped__rosidl_typesupport_introspection_c.h
[0.419s] -- Up-to-date symlink: /home/macho/navivest_ws/install/geographic_msgs/include/geographic_msgs/geographic_msgs/msg/detail/geo_pose_with_covariance__rosidl_typesupport_introspection_c.h
[0.419s] -- Up-to-date symlink: /home/macho/navivest_ws/install/geographic_msgs/include/geographic_msgs/geographic_msgs/msg/detail/geo_pose_with_covariance_stamped__rosidl_typesupport_introspection_c.h
[0.419s] -- Up-to-date symlink: /home/macho/navivest_ws/install/geographic_msgs/include/geographic_msgs/geographic_msgs/msg/detail/geographic_map__rosidl_typesupport_introspection_c.h
[0.420s] -- Up-to-date symlink: /home/macho/navivest_ws/install/geographic_msgs/include/geographic_msgs/geographic_msgs/msg/detail/geographic_map_changes__rosidl_typesupport_introspection_c.h
[0.420s] -- Up-to-date symlink: /home/macho/navivest_ws/install/geographic_msgs/include/geographic_msgs/geographic_msgs/msg/detail/key_value__rosidl_typesupport_introspection_c.h
[0.420s] -- Up-to-date symlink: /home/macho/navivest_ws/install/geographic_msgs/include/geographic_msgs/geographic_msgs/msg/detail/map_feature__rosidl_typesupport_introspection_c.h
[0.420s] -- Up-to-date symlink: /home/macho/navivest_ws/install/geographic_msgs/include/geographic_msgs/geographic_msgs/msg/detail/route_network__rosidl_typesupport_introspection_c.h
[0.420s] -- Up-to-date symlink: /home/macho/navivest_ws/install/geographic_msgs/include/geographic_msgs/geographic_msgs/msg/detail/route_path__rosidl_typesupport_introspection_c.h
[0.420s] -- Up-to-date symlink: /home/macho/navivest_ws/install/geographic_msgs/include/geographic_msgs/geographic_msgs/msg/detail/route_segment__rosidl_typesupport_introspection_c.h
[0.420s] -- Up-to-date symlink: /home/macho/navivest_ws/install/geographic_msgs/include/geographic_msgs/geographic_msgs/msg/detail/way_point__rosidl_typesupport_introspection_c.h
[0.420s] -- Up-to-date symlink: /home/macho/navivest_ws/install/geographic_msgs/include/geographic_msgs/geographic_msgs/msg/rosidl_typesupport_introspection_c__visibility_control.h
[0.420s] -- Up-to-date symlink: /home/macho/navivest_ws/install/geographic_msgs/include/geographic_msgs/geographic_msgs/srv/detail/get_geo_path__rosidl_typesupport_introspection_c.h
[0.420s] -- Up-to-date symlink: /home/macho/navivest_ws/install/geographic_msgs/include/geographic_msgs/geographic_msgs/srv/detail/get_geographic_map__rosidl_typesupport_introspection_c.h
[0.420s] -- Up-to-date symlink: /home/macho/navivest_ws/install/geographic_msgs/include/geographic_msgs/geographic_msgs/srv/detail/get_route_plan__rosidl_typesupport_introspection_c.h
[0.420s] -- Up-to-date symlink: /home/macho/navivest_ws/install/geographic_msgs/include/geographic_msgs/geographic_msgs/srv/detail/update_geographic_map__rosidl_typesupport_introspection_c.h
[0.421s] -- Up-to-date symlink: /home/macho/navivest_ws/install/geographic_msgs/include/geographic_msgs/geographic_msgs/msg/detail/bounding_box__rosidl_typesupport_introspection_cpp.hpp
[0.421s] -- Up-to-date symlink: /home/macho/navivest_ws/install/geographic_msgs/include/geographic_msgs/geographic_msgs/msg/detail/geo_path__rosidl_typesupport_introspection_cpp.hpp
[0.421s] -- Up-to-date symlink: /home/macho/navivest_ws/install/geographic_msgs/include/geographic_msgs/geographic_msgs/msg/detail/geo_point__rosidl_typesupport_introspection_cpp.hpp
[0.421s] -- Up-to-date symlink: /home/macho/navivest_ws/install/geographic_msgs/include/geographic_msgs/geographic_msgs/msg/detail/geo_point_stamped__rosidl_typesupport_introspection_cpp.hpp
[0.421s] -- Up-to-date symlink: /home/macho/navivest_ws/install/geographic_msgs/include/geographic_msgs/geographic_msgs/msg/detail/geo_pose__rosidl_typesupport_introspection_cpp.hpp
[0.421s] -- Up-to-date symlink: /home/macho/navivest_ws/install/geographic_msgs/include/geographic_msgs/geographic_msgs/msg/detail/geo_pose_stamped__rosidl_typesupport_introspection_cpp.hpp
[0.421s] -- Up-to-date symlink: /home/macho/navivest_ws/install/geographic_msgs/include/geographic_msgs/geographic_msgs/msg/detail/geo_pose_with_covariance__rosidl_typesupport_introspection_cpp.hpp
[0.421s] -- Up-to-date symlink: /home/macho/navivest_ws/install/geographic_msgs/include/geographic_msgs/geographic_msgs/msg/detail/geo_pose_with_covariance_stamped__rosidl_typesupport_introspection_cpp.hpp
[0.421s] -- Up-to-date symlink: /home/macho/navivest_ws/install/geographic_msgs/include/geographic_msgs/geographic_msgs/msg/detail/geographic_map__rosidl_typesupport_introspection_cpp.hpp
[0.421s] -- Up-to-date symlink: /home/macho/navivest_ws/install/geographic_msgs/include/geographic_msgs/geographic_msgs/msg/detail/geographic_map_changes__rosidl_typesupport_introspection_cpp.hpp
[0.421s] -- Up-to-date symlink: /home/macho/navivest_ws/install/geographic_msgs/include/geographic_msgs/geographic_msgs/msg/detail/key_value__rosidl_typesupport_introspection_cpp.hpp
[0.421s] -- Up-to-date symlink: /home/macho/navivest_ws/install/geographic_msgs/include/geographic_msgs/geographic_msgs/msg/detail/map_feature__rosidl_typesupport_introspection_cpp.hpp
[0.421s] -- Up-to-date symlink: /home/macho/navivest_ws/install/geographic_msgs/include/geographic_msgs/geographic_msgs/msg/detail/route_network__rosidl_typesupport_introspection_cpp.hpp
[0.421s] -- Up-to-date symlink: /home/macho/navivest_ws/install/geographic_msgs/include/geographic_msgs/geographic_msgs/msg/detail/route_path__rosidl_typesupport_introspection_cpp.hpp
[0.421s] -- Up-to-date symlink: /home/macho/navivest_ws/install/geographic_msgs/include/geographic_msgs/geographic_msgs/msg/detail/route_segment__rosidl_typesupport_introspection_cpp.hpp
[0.421s] -- Up-to-date symlink: /home/macho/navivest_ws/install/geographic_msgs/include/geographic_msgs/geographic_msgs/msg/detail/way_point__rosidl_typesupport_introspection_cpp.hpp
[0.421s] -- Up-to-date symlink: /home/macho/navivest_ws/install/geographic_msgs/include/geographic_msgs/geographic_msgs/srv/detail/get_geo_path__rosidl_typesupport_introspection_cpp.hpp
[0.421s] -- Up-to-date symlink: /home/macho/navivest_ws/install/geographic_msgs/include/geographic_msgs/geographic_msgs/srv/detail/get_geographic_map__rosidl_typesupport_introspection_cpp.hpp
[0.421s] -- Up-to-date symlink: /home/macho/navivest_ws/install/geographic_msgs/include/geographic_msgs/geographic_msgs/srv/detail/get_route_plan__rosidl_typesupport_introspection_cpp.hpp
[0.421s] -- Up-to-date symlink: /home/macho/navivest_ws/install/geographic_msgs/include/geographic_msgs/geographic_msgs/srv/detail/update_geographic_map__rosidl_typesupport_introspection_cpp.hpp
[0.422s] -- Up-to-date symlink: /home/macho/navivest_ws/install/geographic_msgs/share/geographic_msgs/environment/pythonpath.sh
[0.422s] -- Up-to-date symlink: /home/macho/navivest_ws/install/geographic_msgs/share/geographic_msgs/environment/pythonpath.dsv
[0.422s] -- Up-to-date symlink: /home/macho/navivest_ws/install/geographic_msgs/lib/python3.12/site-packages/geographic_msgs-1.0.6-py3.12.egg-info/PKG-INFO
[0.422s] -- Up-to-date symlink: /home/macho/navivest_ws/install/geographic_msgs/lib/python3.12/site-packages/geographic_msgs-1.0.6-py3.12.egg-info/SOURCES.txt
[0.422s] -- Up-to-date symlink: /home/macho/navivest_ws/install/geographic_msgs/lib/python3.12/site-packages/geographic_msgs-1.0.6-py3.12.egg-info/dependency_links.txt
[0.422s] -- Up-to-date symlink: /home/macho/navivest_ws/install/geographic_msgs/lib/python3.12/site-packages/geographic_msgs-1.0.6-py3.12.egg-info/top_level.txt
[0.423s] -- Up-to-date symlink: /home/macho/navivest_ws/install/geographic_msgs/lib/python3.12/site-packages/geographic_msgs/__init__.py
[0.423s] -- Up-to-date symlink: /home/macho/navivest_ws/install/geographic_msgs/lib/python3.12/site-packages/geographic_msgs/_geographic_msgs_s.ep.rosidl_typesupport_c.c
[0.423s] -- Up-to-date symlink: /home/macho/navivest_ws/install/geographic_msgs/lib/python3.12/site-packages/geographic_msgs/_geographic_msgs_s.ep.rosidl_typesupport_fastrtps_c.c
[0.423s] -- Up-to-date symlink: /home/macho/navivest_ws/install/geographic_msgs/lib/python3.12/site-packages/geographic_msgs/_geographic_msgs_s.ep.rosidl_typesupport_introspection_c.c
[0.423s] -- Up-to-date symlink: /home/macho/navivest_ws/install/geographic_msgs/lib/python3.12/site-packages/geographic_msgs/geographic_msgs_s__rosidl_typesupport_c.so
[0.423s] -- Up-to-date symlink: /home/macho/navivest_ws/install/geographic_msgs/lib/python3.12/site-packages/geographic_msgs/geographic_msgs_s__rosidl_typesupport_fastrtps_c.so
[0.423s] -- Up-to-date symlink: /home/macho/navivest_ws/install/geographic_msgs/lib/python3.12/site-packages/geographic_msgs/geographic_msgs_s__rosidl_typesupport_introspection_c.so
[0.423s] -- Up-to-date symlink: /home/macho/navivest_ws/install/geographic_msgs/lib/python3.12/site-packages/geographic_msgs/msg/__init__.py
[0.423s] -- Up-to-date symlink: /home/macho/navivest_ws/install/geographic_msgs/lib/python3.12/site-packages/geographic_msgs/msg/_bounding_box.py
[0.423s] -- Up-to-date symlink: /home/macho/navivest_ws/install/geographic_msgs/lib/python3.12/site-packages/geographic_msgs/msg/_bounding_box_s.c
[0.423s] -- Up-to-date symlink: /home/macho/navivest_ws/install/geographic_msgs/lib/python3.12/site-packages/geographic_msgs/msg/_geo_path.py
[0.423s] -- Up-to-date symlink: /home/macho/navivest_ws/install/geographic_msgs/lib/python3.12/site-packages/geographic_msgs/msg/_geo_path_s.c
[0.424s] -- Up-to-date symlink: /home/macho/navivest_ws/install/geographic_msgs/lib/python3.12/site-packages/geographic_msgs/msg/_geo_point.py
[0.424s] -- Up-to-date symlink: /home/macho/navivest_ws/install/geographic_msgs/lib/python3.12/site-packages/geographic_msgs/msg/_geo_point_s.c
[0.424s] -- Up-to-date symlink: /home/macho/navivest_ws/install/geographic_msgs/lib/python3.12/site-packages/geographic_msgs/msg/_geo_point_stamped.py
[0.424s] -- Up-to-date symlink: /home/macho/navivest_ws/install/geographic_msgs/lib/python3.12/site-packages/geographic_msgs/msg/_geo_point_stamped_s.c
[0.424s] -- Up-to-date symlink: /home/macho/navivest_ws/install/geographic_msgs/lib/python3.12/site-packages/geographic_msgs/msg/_geo_pose.py
[0.424s] -- Up-to-date symlink: /home/macho/navivest_ws/install/geographic_msgs/lib/python3.12/site-packages/geographic_msgs/msg/_geo_pose_s.c
[0.424s] -- Up-to-date symlink: /home/macho/navivest_ws/install/geographic_msgs/lib/python3.12/site-packages/geographic_msgs/msg/_geo_pose_stamped.py
[0.424s] -- Up-to-date symlink: /home/macho/navivest_ws/install/geographic_msgs/lib/python3.12/site-packages/geographic_msgs/msg/_geo_pose_stamped_s.c
[0.424s] -- Up-to-date symlink: /home/macho/navivest_ws/install/geographic_msgs/lib/python3.12/site-packages/geographic_msgs/msg/_geo_pose_with_covariance.py
[0.424s] -- Up-to-date symlink: /home/macho/navivest_ws/install/geographic_msgs/lib/python3.12/site-packages/geographic_msgs/msg/_geo_pose_with_covariance_s.c
[0.424s] -- Up-to-date symlink: /home/macho/navivest_ws/install/geographic_msgs/lib/python3.12/site-packages/geographic_msgs/msg/_geo_pose_with_covariance_stamped.py
[0.424s] -- Up-to-date symlink: /home/macho/navivest_ws/install/geographic_msgs/lib/python3.12/site-packages/geographic_msgs/msg/_geo_pose_with_covariance_stamped_s.c
[0.424s] -- Up-to-date symlink: /home/macho/navivest_ws/install/geographic_msgs/lib/python3.12/site-packages/geographic_msgs/msg/_geographic_map.py
[0.424s] -- Up-to-date symlink: /home/macho/navivest_ws/install/geographic_msgs/lib/python3.12/site-packages/geographic_msgs/msg/_geographic_map_changes.py
[0.425s] -- Up-to-date symlink: /home/macho/navivest_ws/install/geographic_msgs/lib/python3.12/site-packages/geographic_msgs/msg/_geographic_map_changes_s.c
[0.425s] -- Up-to-date symlink: /home/macho/navivest_ws/install/geographic_msgs/lib/python3.12/site-packages/geographic_msgs/msg/_geographic_map_s.c
[0.425s] -- Up-to-date symlink: /home/macho/navivest_ws/install/geographic_msgs/lib/python3.12/site-packages/geographic_msgs/msg/_key_value.py
[0.425s] -- Up-to-date symlink: /home/macho/navivest_ws/install/geographic_msgs/lib/python3.12/site-packages/geographic_msgs/msg/_key_value_s.c
[0.425s] -- Up-to-date symlink: /home/macho/navivest_ws/install/geographic_msgs/lib/python3.12/site-packages/geographic_msgs/msg/_map_feature.py
[0.425s] -- Up-to-date symlink: /home/macho/navivest_ws/install/geographic_msgs/lib/python3.12/site-packages/geographic_msgs/msg/_map_feature_s.c
[0.425s] -- Up-to-date symlink: /home/macho/navivest_ws/install/geographic_msgs/lib/python3.12/site-packages/geographic_msgs/msg/_route_network.py
[0.425s] -- Up-to-date symlink: /home/macho/navivest_ws/install/geographic_msgs/lib/python3.12/site-packages/geographic_msgs/msg/_route_network_s.c
[0.425s] -- Up-to-date symlink: /home/macho/navivest_ws/install/geographic_msgs/lib/python3.12/site-packages/geographic_msgs/msg/_route_path.py
[0.425s] -- Up-to-date symlink: /home/macho/navivest_ws/install/geographic_msgs/lib/python3.12/site-packages/geographic_msgs/msg/_route_path_s.c
[0.425s] -- Up-to-date symlink: /home/macho/navivest_ws/install/geographic_msgs/lib/python3.12/site-packages/geographic_msgs/msg/_route_segment.py
[0.425s] -- Up-to-date symlink: /home/macho/navivest_ws/install/geographic_msgs/lib/python3.12/site-packages/geographic_msgs/msg/_route_segment_s.c
[0.425s] -- Up-to-date symlink: /home/macho/navivest_ws/install/geographic_msgs/lib/python3.12/site-packages/geographic_msgs/msg/_way_point.py
[0.425s] -- Up-to-date symlink: /home/macho/navivest_ws/install/geographic_msgs/lib/python3.12/site-packages/geographic_msgs/msg/_way_point_s.c
[0.425s] -- Up-to-date symlink: /home/macho/navivest_ws/install/geographic_msgs/lib/python3.12/site-packages/geographic_msgs/srv/__init__.py
[0.425s] -- Up-to-date symlink: /home/macho/navivest_ws/install/geographic_msgs/lib/python3.12/site-packages/geographic_msgs/srv/_get_geo_path.py
[0.425s] -- Up-to-date symlink: /home/macho/navivest_ws/install/geographic_msgs/lib/python3.12/site-packages/geographic_msgs/srv/_get_geo_path_s.c
[0.425s] -- Up-to-date symlink: /home/macho/navivest_ws/install/geographic_msgs/lib/python3.12/site-packages/geographic_msgs/srv/_get_geographic_map.py
[0.425s] -- Up-to-date symlink: /home/macho/navivest_ws/install/geographic_msgs/lib/python3.12/site-packages/geographic_msgs/srv/_get_geographic_map_s.c
[0.425s] -- Up-to-date symlink: /home/macho/navivest_ws/install/geographic_msgs/lib/python3.12/site-packages/geographic_msgs/srv/_get_route_plan.py
[0.425s] -- Up-to-date symlink: /home/macho/navivest_ws/install/geographic_msgs/lib/python3.12/site-packages/geographic_msgs/srv/_get_route_plan_s.c
[0.425s] -- Up-to-date symlink: /home/macho/navivest_ws/install/geographic_msgs/lib/python3.12/site-packages/geographic_msgs/srv/_update_geographic_map.py
[0.426s] -- Up-to-date symlink: /home/macho/navivest_ws/install/geographic_msgs/lib/python3.12/site-packages/geographic_msgs/srv/_update_geographic_map_s.c
[0.426s] -- Up-to-date symlink: /home/macho/navivest_ws/install/geographic_msgs/lib/python3.12/site-packages/geographic_msgs/geographic_msgs_s__rosidl_typesupport_fastrtps_c.so
[0.426s] -- Up-to-date symlink: /home/macho/navivest_ws/install/geographic_msgs/lib/python3.12/site-packages/geographic_msgs/geographic_msgs_s__rosidl_typesupport_introspection_c.so
[0.426s] -- Up-to-date symlink: /home/macho/navivest_ws/install/geographic_msgs/lib/python3.12/site-packages/geographic_msgs/geographic_msgs_s__rosidl_typesupport_c.so
[0.426s] -- Up-to-date symlink: /home/macho/navivest_ws/install/geographic_msgs/share/ament_index/resource_index/rust_packages/geographic_msgs
[0.426s] -- Up-to-date symlink: /home/macho/navivest_ws/install/geographic_msgs/share/geographic_msgs/rust/Cargo.toml
[0.426s] -- Up-to-date symlink: /home/macho/navivest_ws/install/geographic_msgs/share/geographic_msgs/rust/build.rs
[0.426s] -- Up-to-date symlink: /home/macho/navivest_ws/install/geographic_msgs/share/geographic_msgs/rust/src/lib.rs
[0.426s] -- Up-to-date symlink: /home/macho/navivest_ws/install/geographic_msgs/share/geographic_msgs/rust/src/msg.rs
[0.426s] -- Up-to-date symlink: /home/macho/navivest_ws/install/geographic_msgs/share/geographic_msgs/rust/src/msg/rmw.rs
[0.426s] -- Up-to-date symlink: /home/macho/navivest_ws/install/geographic_msgs/share/geographic_msgs/rust/src/srv.rs
[0.426s] -- Up-to-date symlink: /home/macho/navivest_ws/install/geographic_msgs/share/geographic_msgs/rust/src/srv/rmw.rs
[0.427s] -- Up-to-date symlink: /home/macho/navivest_ws/install/geographic_msgs/share/geographic_msgs/msg/BoundingBox.idl
[0.427s] -- Up-to-date symlink: /home/macho/navivest_ws/install/geographic_msgs/share/geographic_msgs/msg/GeographicMapChanges.idl
[0.427s] -- Up-to-date symlink: /home/macho/navivest_ws/install/geographic_msgs/share/geographic_msgs/msg/GeographicMap.idl
[0.427s] -- Up-to-date symlink: /home/macho/navivest_ws/install/geographic_msgs/share/geographic_msgs/msg/GeoPath.idl
[0.427s] -- Up-to-date symlink: /home/macho/navivest_ws/install/geographic_msgs/share/geographic_msgs/msg/GeoPoint.idl
[0.427s] -- Up-to-date symlink: /home/macho/navivest_ws/install/geographic_msgs/share/geographic_msgs/msg/GeoPointStamped.idl
[0.427s] -- Up-to-date symlink: /home/macho/navivest_ws/install/geographic_msgs/share/geographic_msgs/msg/GeoPose.idl
[0.427s] -- Up-to-date symlink: /home/macho/navivest_ws/install/geographic_msgs/share/geographic_msgs/msg/GeoPoseStamped.idl
[0.427s] -- Up-to-date symlink: /home/macho/navivest_ws/install/geographic_msgs/share/geographic_msgs/msg/GeoPoseWithCovariance.idl
[0.427s] -- Up-to-date symlink: /home/macho/navivest_ws/install/geographic_msgs/share/geographic_msgs/msg/GeoPoseWithCovarianceStamped.idl
[0.427s] -- Up-to-date symlink: /home/macho/navivest_ws/install/geographic_msgs/share/geographic_msgs/msg/KeyValue.idl
[0.428s] -- Up-to-date symlink: /home/macho/navivest_ws/install/geographic_msgs/share/geographic_msgs/msg/MapFeature.idl
[0.428s] -- Up-to-date symlink: /home/macho/navivest_ws/install/geographic_msgs/share/geographic_msgs/msg/RouteNetwork.idl
[0.428s] -- Up-to-date symlink: /home/macho/navivest_ws/install/geographic_msgs/share/geographic_msgs/msg/RoutePath.idl
[0.428s] -- Up-to-date symlink: /home/macho/navivest_ws/install/geographic_msgs/share/geographic_msgs/msg/RouteSegment.idl
[0.428s] -- Up-to-date symlink: /home/macho/navivest_ws/install/geographic_msgs/share/geographic_msgs/msg/WayPoint.idl
[0.428s] -- Up-to-date symlink: /home/macho/navivest_ws/install/geographic_msgs/share/geographic_msgs/srv/GetGeographicMap.idl
[0.428s] -- Up-to-date symlink: /home/macho/navivest_ws/install/geographic_msgs/share/geographic_msgs/srv/GetGeoPath.idl
[0.428s] -- Up-to-date symlink: /home/macho/navivest_ws/install/geographic_msgs/share/geographic_msgs/srv/GetRoutePlan.idl
[0.428s] -- Up-to-date symlink: /home/macho/navivest_ws/install/geographic_msgs/share/geographic_msgs/srv/UpdateGeographicMap.idl
[0.428s] -- Up-to-date symlink: /home/macho/navivest_ws/install/geographic_msgs/share/geographic_msgs/msg/BoundingBox.msg
[0.428s] -- Up-to-date symlink: /home/macho/navivest_ws/install/geographic_msgs/share/geographic_msgs/msg/GeographicMapChanges.msg
[0.428s] -- Up-to-date symlink: /home/macho/navivest_ws/install/geographic_msgs/share/geographic_msgs/msg/GeographicMap.msg
[0.428s] -- Up-to-date symlink: /home/macho/navivest_ws/install/geographic_msgs/share/geographic_msgs/msg/GeoPath.msg
[0.428s] -- Up-to-date symlink: /home/macho/navivest_ws/install/geographic_msgs/share/geographic_msgs/msg/GeoPoint.msg
[0.428s] -- Up-to-date symlink: /home/macho/navivest_ws/install/geographic_msgs/share/geographic_msgs/msg/GeoPointStamped.msg
[0.428s] -- Up-to-date symlink: /home/macho/navivest_ws/install/geographic_msgs/share/geographic_msgs/msg/GeoPose.msg
[0.428s] -- Up-to-date symlink: /home/macho/navivest_ws/install/geographic_msgs/share/geographic_msgs/msg/GeoPoseStamped.msg
[0.429s] -- Up-to-date symlink: /home/macho/navivest_ws/install/geographic_msgs/share/geographic_msgs/msg/GeoPoseWithCovariance.msg
[0.429s] -- Up-to-date symlink: /home/macho/navivest_ws/install/geographic_msgs/share/geographic_msgs/msg/GeoPoseWithCovarianceStamped.msg
[0.429s] -- Up-to-date symlink: /home/macho/navivest_ws/install/geographic_msgs/share/geographic_msgs/msg/KeyValue.msg
[0.429s] -- Up-to-date symlink: /home/macho/navivest_ws/install/geographic_msgs/share/geographic_msgs/msg/MapFeature.msg
[0.429s] -- Up-to-date symlink: /home/macho/navivest_ws/install/geographic_msgs/share/geographic_msgs/msg/RouteNetwork.msg
[0.429s] -- Up-to-date symlink: /home/macho/navivest_ws/install/geographic_msgs/share/geographic_msgs/msg/RoutePath.msg
[0.429s] -- Up-to-date symlink: /home/macho/navivest_ws/install/geographic_msgs/share/geographic_msgs/msg/RouteSegment.msg
[0.429s] -- Up-to-date symlink: /home/macho/navivest_ws/install/geographic_msgs/share/geographic_msgs/msg/WayPoint.msg
[0.429s] -- Up-to-date symlink: /home/macho/navivest_ws/install/geographic_msgs/share/geographic_msgs/srv/GetGeographicMap.srv
[0.429s] -- Up-to-date symlink: /home/macho/navivest_ws/install/geographic_msgs/share/geographic_msgs/srv/GetGeoPath.srv
[0.430s] -- Up-to-date symlink: /home/macho/navivest_ws/install/geographic_msgs/share/geographic_msgs/srv/GetRoutePlan.srv
[0.430s] -- Up-to-date symlink: /home/macho/navivest_ws/install/geographic_msgs/share/geographic_msgs/srv/UpdateGeographicMap.srv
[0.430s] -- Up-to-date symlink: /home/macho/navivest_ws/install/geographic_msgs/share/geographic_msgs/geographic_msgs_mapping_rule.yaml
[0.430s] -- Up-to-date symlink: /home/macho/navivest_ws/install/geographic_msgs/share/ament_index/resource_index/package_run_dependencies/geographic_msgs
[0.430s] -- Up-to-date symlink: /home/macho/navivest_ws/install/geographic_msgs/share/ament_index/resource_index/parent_prefix_path/geographic_msgs
[0.430s] -- Up-to-date symlink: /home/macho/navivest_ws/install/geographic_msgs/share/geographic_msgs/environment/ament_prefix_path.sh
[0.430s] -- Up-to-date symlink: /home/macho/navivest_ws/install/geographic_msgs/share/geographic_msgs/environment/ament_prefix_path.dsv
[0.430s] -- Up-to-date symlink: /home/macho/navivest_ws/install/geographic_msgs/share/geographic_msgs/environment/path.sh
[0.430s] -- Up-to-date symlink: /home/macho/navivest_ws/install/geographic_msgs/share/geographic_msgs/environment/path.dsv
[0.430s] -- Up-to-date symlink: /home/macho/navivest_ws/install/geographic_msgs/share/geographic_msgs/local_setup.bash
[0.430s] -- Up-to-date symlink: /home/macho/navivest_ws/install/geographic_msgs/share/geographic_msgs/local_setup.sh
[0.430s] -- Up-to-date symlink: /home/macho/navivest_ws/install/geographic_msgs/share/geographic_msgs/local_setup.zsh
[0.430s] -- Up-to-date symlink: /home/macho/navivest_ws/install/geographic_msgs/share/geographic_msgs/local_setup.dsv
[0.430s] -- Symlinking: /home/macho/navivest_ws/install/geographic_msgs/share/geographic_msgs/package.dsv
[0.439s] -- Up-to-date symlink: /home/macho/navivest_ws/install/geographic_msgs/share/ament_index/resource_index/packages/geographic_msgs
[0.439s] -- Up-to-date symlink: /home/macho/navivest_ws/install/geographic_msgs/share/geographic_msgs/cmake/rosidl_cmake-extras.cmake
[0.439s] -- Up-to-date symlink: /home/macho/navivest_ws/install/geographic_msgs/share/geographic_msgs/cmake/ament_cmake_export_dependencies-extras.cmake
[0.439s] -- Up-to-date symlink: /home/macho/navivest_ws/install/geographic_msgs/share/geographic_msgs/cmake/ament_cmake_export_include_directories-extras.cmake
[0.439s] -- Up-to-date symlink: /home/macho/navivest_ws/install/geographic_msgs/share/geographic_msgs/cmake/ament_cmake_export_libraries-extras.cmake
[0.439s] -- Up-to-date symlink: /home/macho/navivest_ws/install/geographic_msgs/share/geographic_msgs/cmake/ament_cmake_export_targets-extras.cmake
[0.439s] -- Up-to-date symlink: /home/macho/navivest_ws/install/geographic_msgs/share/geographic_msgs/cmake/rosidl_cmake_export_typesupport_targets-extras.cmake
[0.439s] -- Up-to-date symlink: /home/macho/navivest_ws/install/geographic_msgs/share/geographic_msgs/cmake/rosidl_cmake_export_typesupport_libraries-extras.cmake
[0.440s] -- Up-to-date symlink: /home/macho/navivest_ws/install/geographic_msgs/share/geographic_msgs/cmake/geographic_msgsConfig.cmake
[0.440s] -- Up-to-date symlink: /home/macho/navivest_ws/install/geographic_msgs/share/geographic_msgs/cmake/geographic_msgsConfig-version.cmake
[0.440s] -- Up-to-date symlink: /home/macho/navivest_ws/install/geographic_msgs/share/geographic_msgs/package.xml
[0.440s] -- Up-to-date: /home/macho/navivest_ws/install/geographic_msgs/lib/libgeographic_msgs__rosidl_generator_c.so
[0.440s] -- Up-to-date: /home/macho/navivest_ws/install/geographic_msgs/lib/libgeographic_msgs__rosidl_typesupport_fastrtps_c.so
[0.440s] -- Up-to-date: /home/macho/navivest_ws/install/geographic_msgs/lib/libgeographic_msgs__rosidl_typesupport_fastrtps_cpp.so
[0.440s] -- Up-to-date: /home/macho/navivest_ws/install/geographic_msgs/lib/libgeographic_msgs__rosidl_typesupport_introspection_c.so
[0.441s] -- Up-to-date: /home/macho/navivest_ws/install/geographic_msgs/lib/libgeographic_msgs__rosidl_typesupport_c.so
[0.441s] -- Up-to-date: /home/macho/navivest_ws/install/geographic_msgs/lib/libgeographic_msgs__rosidl_typesupport_introspection_cpp.so
[0.441s] -- Up-to-date: /home/macho/navivest_ws/install/geographic_msgs/lib/libgeographic_msgs__rosidl_typesupport_cpp.so
[0.467s] Listing '/home/macho/navivest_ws/install/geographic_msgs/lib/python3.12/site-packages/geographic_msgs'...
[0.467s] Listing '/home/macho/navivest_ws/install/geographic_msgs/lib/python3.12/site-packages/geographic_msgs/msg'...
[0.467s] Listing '/home/macho/navivest_ws/install/geographic_msgs/lib/python3.12/site-packages/geographic_msgs/srv'...
[0.472s] -- Up-to-date: /home/macho/navivest_ws/install/geographic_msgs/lib/libgeographic_msgs__rosidl_generator_py.so
[0.472s] -- Up-to-date: /home/macho/navivest_ws/install/geographic_msgs/include/geographic_msgs
[0.472s] -- Up-to-date: /home/macho/navivest_ws/install/geographic_msgs/include/geographic_msgs/geographic_msgs
[0.472s] -- Up-to-date: /home/macho/navivest_ws/install/geographic_msgs/include/geographic_msgs/geographic_msgs/validation.hpp
[0.472s] -- Up-to-date: /home/macho/navivest_ws/install/geographic_msgs/share/geographic_msgs/cmake/export_geographic_msgs__rosidl_generator_cExport.cmake
[0.472s] -- Up-to-date: /home/macho/navivest_ws/install/geographic_msgs/share/geographic_msgs/cmake/export_geographic_msgs__rosidl_generator_cExport-noconfig.cmake
[0.472s] -- Up-to-date: /home/macho/navivest_ws/install/geographic_msgs/share/geographic_msgs/cmake/export_geographic_msgs__rosidl_typesupport_fastrtps_cExport.cmake
[0.472s] -- Up-to-date: /home/macho/navivest_ws/install/geographic_msgs/share/geographic_msgs/cmake/export_geographic_msgs__rosidl_typesupport_fastrtps_cExport-noconfig.cmake
[0.472s] -- Up-to-date: /home/macho/navivest_ws/install/geographic_msgs/share/geographic_msgs/cmake/export_geographic_msgs__rosidl_generator_cppExport.cmake
[0.472s] -- Up-to-date: /home/macho/navivest_ws/install/geographic_msgs/share/geographic_msgs/cmake/export_geographic_msgs__rosidl_typesupport_fastrtps_cppExport.cmake
[0.472s] -- Up-to-date: /home/macho/navivest_ws/install/geographic_msgs/share/geographic_msgs/cmake/export_geographic_msgs__rosidl_typesupport_fastrtps_cppExport-noconfig.cmake
[0.472s] -- Up-to-date: /home/macho/navivest_ws/install/geographic_msgs/share/geographic_msgs/cmake/geographic_msgs__rosidl_typesupport_introspection_cExport.cmake
[0.472s] -- Up-to-date: /home/macho/navivest_ws/install/geographic_msgs/share/geographic_msgs/cmake/geographic_msgs__rosidl_typesupport_introspection_cExport-noconfig.cmake
[0.472s] -- Up-to-date: /home/macho/navivest_ws/install/geographic_msgs/share/geographic_msgs/cmake/geographic_msgs__rosidl_typesupport_cExport.cmake
[0.473s] -- Up-to-date: /home/macho/navivest_ws/install/geographic_msgs/share/geographic_msgs/cmake/geographic_msgs__rosidl_typesupport_cExport-noconfig.cmake
[0.473s] -- Up-to-date: /home/macho/navivest_ws/install/geographic_msgs/share/geographic_msgs/cmake/geographic_msgs__rosidl_typesupport_introspection_cppExport.cmake
[0.473s] -- Up-to-date: /home/macho/navivest_ws/install/geographic_msgs/share/geographic_msgs/cmake/geographic_msgs__rosidl_typesupport_introspection_cppExport-noconfig.cmake
[0.473s] -- Up-to-date: /home/macho/navivest_ws/install/geographic_msgs/share/geographic_msgs/cmake/geographic_msgs__rosidl_typesupport_cppExport.cmake
[0.473s] -- Up-to-date: /home/macho/navivest_ws/install/geographic_msgs/share/geographic_msgs/cmake/geographic_msgs__rosidl_typesupport_cppExport-noconfig.cmake
[0.473s] -- Up-to-date: /home/macho/navivest_ws/install/geographic_msgs/share/geographic_msgs/cmake/export_geographic_msgs__rosidl_generator_pyExport.cmake
[0.473s] -- Up-to-date: /home/macho/navivest_ws/install/geographic_msgs/share/geographic_msgs/cmake/export_geographic_msgs__rosidl_generator_pyExport-noconfig.cmake
[0.473s] -- Up-to-date: /home/macho/navivest_ws/install/geographic_msgs/share/geographic_msgs/cmake/export_geographic_msgsExport.cmake
[0.475s] Invoked command in '/home/macho/navivest_ws/build/geographic_msgs' returned '0': CMAKE_PREFIX_PATH=${CMAKE_PREFIX_PATH}:/home/macho/navivest_ws/install/nav2_loopback_sim:/home/macho/navivest_ws/install/navivest_bringup:/home/macho/navivest_ws/install/bondpy:/home/macho/navivest_ws/install/navivest_guidance:/home/macho/navivest_ws/install/nav2_simple_commander:/opt/ros/jazzy DEBUGINFOD_URLS=https://debuginfod.ubuntu.com /usr/bin/cmake --install /home/macho/navivest_ws/build/geographic_msgs
