[0.214s] Invoking command in '/home/macho/navivest_ws/build/pointcloud_to_laserscan': CMAKE_PREFIX_PATH=${CMAKE_PREFIX_PATH}:/home/macho/navivest_ws/install/nav2_loopback_sim:/home/macho/navivest_ws/install/navivest_bringup:/home/macho/navivest_ws/install/bondpy:/home/macho/navivest_ws/install/navivest_guidance:/home/macho/navivest_ws/install/nav2_simple_commander:/opt/ros/jazzy DEBUGINFOD_URLS=https://debuginfod.ubuntu.com /usr/bin/cmake --build /home/macho/navivest_ws/build/pointcloud_to_laserscan -- -j16 -l16
[0.292s] [100%] Built target dummy_pointcloud_publisher
[0.292s] [100%] Built target laserscan_to_pointcloud_node
[0.292s] [100%] Built target pointcloud_to_laserscan
[0.293s] [100%] Built target laserscan_to_pointcloud
[0.293s] [100%] Built target pointcloud_to_laserscan_node
[0.304s] Invoked command in '/home/macho/navivest_ws/build/pointcloud_to_laserscan' returned '0': CMAKE_PREFIX_PATH=${CMAKE_PREFIX_PATH}:/home/macho/navivest_ws/install/nav2_loopback_sim:/home/macho/navivest_ws/install/navivest_bringup:/home/macho/navivest_ws/install/bondpy:/home/macho/navivest_ws/install/navivest_guidance:/home/macho/navivest_ws/install/nav2_simple_commander:/opt/ros/jazzy DEBUGINFOD_URLS=https://debuginfod.ubuntu.com /usr/bin/cmake --build /home/macho/navivest_ws/build/pointcloud_to_laserscan -- -j16 -l16
[0.305s] Invoking command in '/home/macho/navivest_ws/build/pointcloud_to_laserscan': CMAKE_PREFIX_PATH=${CMAKE_PREFIX_PATH}:/home/macho/navivest_ws/install/nav2_loopback_sim:/home/macho/navivest_ws/install/navivest_bringup:/home/macho/navivest_ws/install/bondpy:/home/macho/navivest_ws/install/navivest_guidance:/home/macho/navivest_ws/install/nav2_simple_commander:/opt/ros/jazzy DEBUGINFOD_URLS=https://debuginfod.ubuntu.com /usr/bin/cmake --install /home/macho/navivest_ws/build/pointcloud_to_laserscan
[0.313s] -- Install configuration: ""
[0.314s] -- Execute custom install script
[0.314s] -- Up-to-date symlink: /home/macho/navivest_ws/install/pointcloud_to_laserscan/lib/pointcloud_to_laserscan/laserscan_to_pointcloud_node
[0.314s] -- Up-to-date symlink: /home/macho/navivest_ws/install/pointcloud_to_laserscan/lib/pointcloud_to_laserscan/pointcloud_to_laserscan_node
[0.314s] -- Up-to-date symlink: /home/macho/navivest_ws/install/pointcloud_to_laserscan/lib/pointcloud_to_laserscan/dummy_pointcloud_publisher
[0.315s] -- Up-to-date symlink: /home/macho/navivest_ws/install/pointcloud_to_laserscan/include/pointcloud_to_laserscan/include/pointcloud_to_laserscan/laserscan_to_pointcloud_node.hpp
[0.315s] -- Up-to-date symlink: /home/macho/navivest_ws/install/pointcloud_to_laserscan/include/pointcloud_to_laserscan/include/pointcloud_to_laserscan/pointcloud_to_laserscan_node.hpp
[0.315s] -- Up-to-date symlink: /home/macho/navivest_ws/install/pointcloud_to_laserscan/include/pointcloud_to_laserscan/include/pointcloud_to_laserscan/visibility_control.h
[0.315s] -- Up-to-date symlink: /home/macho/navivest_ws/install/pointcloud_to_laserscan/share/pointcloud_to_laserscan/launch/sample_laserscan_to_pointcloud_launch.py
[0.315s] -- Up-to-date symlink: /home/macho/navivest_ws/install/pointcloud_to_laserscan/share/pointcloud_to_laserscan/launch/sample_pointcloud_to_laserscan_launch.py
[0.315s] -- Up-to-date symlink: /home/macho/navivest_ws/install/pointcloud_to_laserscan/share/ament_index/resource_index/package_run_dependencies/pointcloud_to_laserscan
[0.315s] -- Up-to-date symlink: /home/macho/navivest_ws/install/pointcloud_to_laserscan/share/ament_index/resource_index/parent_prefix_path/pointcloud_to_laserscan
[0.316s] -- Up-to-date symlink: /home/macho/navivest_ws/install/pointcloud_to_laserscan/share/pointcloud_to_laserscan/environment/ament_prefix_path.sh
[0.316s] -- Up-to-date symlink: /home/macho/navivest_ws/install/pointcloud_to_laserscan/share/pointcloud_to_laserscan/environment/ament_prefix_path.dsv
[0.316s] -- Up-to-date symlink: /home/macho/navivest_ws/install/pointcloud_to_laserscan/share/pointcloud_to_laserscan/environment/path.sh
[0.316s] -- Up-to-date symlink: /home/macho/navivest_ws/install/pointcloud_to_laserscan/share/pointcloud_to_laserscan/environment/path.dsv
[0.316s] -- Up-to-date symlink: /home/macho/navivest_ws/install/pointcloud_to_laserscan/share/pointcloud_to_laserscan/local_setup.bash
[0.316s] -- Up-to-date symlink: /home/macho/navivest_ws/install/pointcloud_to_laserscan/share/pointcloud_to_laserscan/local_setup.sh
[0.316s] -- Up-to-date symlink: /home/macho/navivest_ws/install/pointcloud_to_laserscan/share/pointcloud_to_laserscan/local_setup.zsh
[0.317s] -- Up-to-date symlink: /home/macho/navivest_ws/install/pointcloud_to_laserscan/share/pointcloud_to_laserscan/local_setup.dsv
[0.317s] -- Symlinking: /home/macho/navivest_ws/install/pointcloud_to_laserscan/share/pointcloud_to_laserscan/package.dsv
[0.328s] -- Up-to-date symlink: /home/macho/navivest_ws/install/pointcloud_to_laserscan/share/ament_index/resource_index/packages/pointcloud_to_laserscan
[0.328s] -- Up-to-date symlink: /home/macho/navivest_ws/install/pointcloud_to_laserscan/share/ament_index/resource_index/rclcpp_components/pointcloud_to_laserscan
[0.328s] -- Up-to-date symlink: /home/macho/navivest_ws/install/pointcloud_to_laserscan/share/pointcloud_to_laserscan/cmake/ament_cmake_export_dependencies-extras.cmake
[0.328s] -- Up-to-date symlink: /home/macho/navivest_ws/install/pointcloud_to_laserscan/share/pointcloud_to_laserscan/cmake/pointcloud_to_laserscanConfig.cmake
[0.328s] -- Up-to-date symlink: /home/macho/navivest_ws/install/pointcloud_to_laserscan/share/pointcloud_to_laserscan/cmake/pointcloud_to_laserscanConfig-version.cmake
[0.328s] -- Up-to-date symlink: /home/macho/navivest_ws/install/pointcloud_to_laserscan/share/pointcloud_to_laserscan/package.xml
[0.328s] -- Up-to-date: /home/macho/navivest_ws/install/pointcloud_to_laserscan/lib/liblaserscan_to_pointcloud.so
[0.329s] -- Up-to-date: /home/macho/navivest_ws/install/pointcloud_to_laserscan/lib/libpointcloud_to_laserscan.so
[0.330s] Invoked command in '/home/macho/navivest_ws/build/pointcloud_to_laserscan' returned '0': CMAKE_PREFIX_PATH=${CMAKE_PREFIX_PATH}:/home/macho/navivest_ws/install/nav2_loopback_sim:/home/macho/navivest_ws/install/navivest_bringup:/home/macho/navivest_ws/install/bondpy:/home/macho/navivest_ws/install/navivest_guidance:/home/macho/navivest_ws/install/nav2_simple_commander:/opt/ros/jazzy DEBUGINFOD_URLS=https://debuginfod.ubuntu.com /usr/bin/cmake --install /home/macho/navivest_ws/build/pointcloud_to_laserscan
