-- The C compiler identification is GNU 13.3.0
-- The CXX compiler identification is GNU 13.3.0
-- Detecting C compiler ABI info
-- Detecting C compiler ABI info - done
-- Check for working C compiler: /usr/bin/cc - skipped
-- Detecting C compile features
-- Detecting C compile features - done
-- Detecting CXX compiler ABI info
-- Detecting CXX compiler ABI info - done
-- Check for working CXX compiler: /usr/bin/c++ - skipped
-- Detecting CXX compile features
-- Detecting CXX compile features - done
-- Setting build type to 'Release' as none was specified.
-- Found Python3: /usr/bin/python3 (found version "3.12.3") found components: Interpreter 
-- Override CMake install command with custom implementation using symlinks instead of copying resources
-- ------------------------------------------
-- BehaviorTree is being built using AMENT.
-- ------------------------------------------
-- Found ament_index_cpp: 1.8.2 (/opt/ros/jazzy/share/ament_index_cpp/cmake)
-- Found tinyxml2_vendor: 0.9.2 (/opt/ros/jazzy/share/tinyxml2_vendor/cmake)
-- Found TinyXML2 via Config file: /usr/lib/x86_64-linux-gnu/cmake/tinyxml2
-- Performing Test CMAKE_HAVE_LIBC_PTHREAD
-- Performing Test CMAKE_HAVE_LIBC_PTHREAD - Success
-- Found Threads: TRUE  
-- Found ZeroMQ: /usr/lib/x86_64-linux-gnu/libzmq.so  
-- Found SQLite3: /usr/include (found version "3.45.1") 
-- BTCPP_EXTRA_LIBRARIES: $<BUILD_INTERFACE:ament_index_cpp::ament_index_cpp>;$<BUILD_INTERFACE:>;$<BUILD_INTERFACE:>
-- BTCPP_LIB_DESTINATION:   lib 
-- BTCPP_INCLUDE_DESTINATION: include 
-- BUILD_TESTING:   ON 
-- Found ament_cmake_gtest: 2.5.6 (/opt/ros/jazzy/share/ament_cmake_gtest/cmake)
-- Found gtest sources under '/opt/ros/jazzy/src/gtest_vendor': C++ tests using 'Google Test' will be built
-- Configuring done (0.9s)
-- Generating done (0.1s)
-- Build files have been written to: /home/macho/navivest_ws/build/behaviortree_cpp
[  0%] Building CXX object 3rdparty/minitrace/CMakeFiles/minitrace.dir/minitrace.cpp.o
[  1%] Building CXX object gtest/CMakeFiles/gtest_main.dir/src/gtest_main.cc.o
[  2%] Building CXX object gtest/CMakeFiles/gtest.dir/src/gtest-all.cc.o
[  3%] Linking CXX static library libminitrace.a
[  3%] Built target minitrace
[  3%] Building CXX object CMakeFiles/behaviortree_cpp.dir/src/behavior_tree.cpp.o
[  4%] Building CXX object CMakeFiles/behaviortree_cpp.dir/src/blackboard.cpp.o
[  4%] Building CXX object CMakeFiles/behaviortree_cpp.dir/src/action_node.cpp.o
[  5%] Building CXX object CMakeFiles/behaviortree_cpp.dir/src/tree_node.cpp.o
[  6%] Building CXX object CMakeFiles/behaviortree_cpp.dir/src/basic_types.cpp.o
[  7%] Building CXX object CMakeFiles/behaviortree_cpp.dir/src/bt_factory.cpp.o
[  8%] Building CXX object CMakeFiles/behaviortree_cpp.dir/src/condition_node.cpp.o
[  8%] Building CXX object CMakeFiles/behaviortree_cpp.dir/src/decorator_node.cpp.o
[  9%] Building CXX object CMakeFiles/behaviortree_cpp.dir/src/script_parser.cpp.o
[  9%] Building CXX object CMakeFiles/behaviortree_cpp.dir/src/shared_library.cpp.o
[ 10%] Building CXX object CMakeFiles/behaviortree_cpp.dir/src/control_node.cpp.o
[ 10%] Building CXX object CMakeFiles/behaviortree_cpp.dir/src/script_tokenizer.cpp.o
[ 11%] Building CXX object CMakeFiles/behaviortree_cpp.dir/src/json_export.cpp.o
[ 11%] Building CXX object CMakeFiles/behaviortree_cpp.dir/src/xml_parsing.cpp.o
[ 12%] Building CXX object CMakeFiles/behaviortree_cpp.dir/src/actions/test_node.cpp.o
[ 13%] Linking CXX static library libgtest_main.a
[ 13%] Built target gtest_main
[ 14%] Building CXX object CMakeFiles/behaviortree_cpp.dir/src/actions/sleep_node.cpp.o
[ 14%] Building CXX object CMakeFiles/behaviortree_cpp.dir/src/actions/updated_action.cpp.o
[ 15%] Building CXX object CMakeFiles/behaviortree_cpp.dir/src/decorators/delay_node.cpp.o
[ 16%] Building CXX object CMakeFiles/behaviortree_cpp.dir/src/decorators/inverter_node.cpp.o
[ 16%] Building CXX object CMakeFiles/behaviortree_cpp.dir/src/decorators/repeat_node.cpp.o
[ 17%] Building CXX object CMakeFiles/behaviortree_cpp.dir/src/decorators/retry_node.cpp.o
[ 18%] Building CXX object CMakeFiles/behaviortree_cpp.dir/src/decorators/subtree_node.cpp.o
[ 18%] Building CXX object CMakeFiles/behaviortree_cpp.dir/src/decorators/timeout_node.cpp.o
[ 19%] Building CXX object CMakeFiles/behaviortree_cpp.dir/src/decorators/updated_decorator.cpp.o
[ 19%] Building CXX object CMakeFiles/behaviortree_cpp.dir/src/controls/if_then_else_node.cpp.o
[ 20%] Building CXX object CMakeFiles/behaviortree_cpp.dir/src/controls/fallback_node.cpp.o
[ 21%] Building CXX object CMakeFiles/behaviortree_cpp.dir/src/controls/parallel_node.cpp.o
[ 21%] Building CXX object CMakeFiles/behaviortree_cpp.dir/src/controls/parallel_all_node.cpp.o
[ 22%] Building CXX object CMakeFiles/behaviortree_cpp.dir/src/controls/reactive_sequence.cpp.o
[ 23%] Building CXX object CMakeFiles/behaviortree_cpp.dir/src/controls/reactive_fallback.cpp.o
[ 23%] Building CXX object CMakeFiles/behaviortree_cpp.dir/src/controls/sequence_node.cpp.o
[ 24%] Building CXX object CMakeFiles/behaviortree_cpp.dir/src/controls/sequence_with_memory_node.cpp.o
[ 25%] Building CXX object CMakeFiles/behaviortree_cpp.dir/src/controls/switch_node.cpp.o
[ 25%] Building CXX object CMakeFiles/behaviortree_cpp.dir/src/controls/try_catch_node.cpp.o
[ 26%] Building CXX object CMakeFiles/behaviortree_cpp.dir/src/controls/while_do_else_node.cpp.o
[ 26%] Building CXX object CMakeFiles/behaviortree_cpp.dir/src/loggers/bt_cout_logger.cpp.o
[ 27%] Building CXX object CMakeFiles/behaviortree_cpp.dir/src/loggers/bt_file_logger_v2.cpp.o
[ 28%] Building CXX object CMakeFiles/behaviortree_cpp.dir/src/loggers/bt_minitrace_logger.cpp.o
[ 28%] Building CXX object CMakeFiles/behaviortree_cpp.dir/src/loggers/bt_observer.cpp.o
[ 29%] Building CXX object CMakeFiles/behaviortree_cpp.dir/src/loggers/groot2_publisher.cpp.o
[ 30%] Building CXX object CMakeFiles/behaviortree_cpp.dir/src/loggers/bt_sqlite_logger.cpp.o
[ 30%] Building CXX object CMakeFiles/behaviortree_cpp.dir/src/shared_library_UNIX.cpp.o
[ 30%] Linking CXX static library libgtest.a
[ 30%] Built target gtest
[ 31%] Linking CXX shared library libbehaviortree_cpp.so
[ 31%] Built target behaviortree_cpp
[ 33%] Building CXX object examples/CMakeFiles/t01_first_tree_dynamic.dir/t01_build_your_first_tree.cpp.o
[ 33%] Building CXX object sample_nodes/CMakeFiles/crossdoor_nodes_dyn.dir/crossdoor_nodes.cpp.o
[ 33%] Building CXX object sample_nodes/CMakeFiles/dummy_nodes_dyn.dir/dummy_nodes.cpp.o
[ 34%] Building CXX object examples/CMakeFiles/test_plugin_action.dir/plugin_example/plugin_action.cpp.o
[ 35%] Building CXX object sample_nodes/CMakeFiles/bt_sample_nodes.dir/crossdoor_nodes.cpp.o
[ 35%] Building CXX object sample_nodes/CMakeFiles/bt_sample_nodes.dir/dummy_nodes.cpp.o
[ 36%] Building CXX object sample_nodes/CMakeFiles/movebase_node_dyn.dir/movebase_node.cpp.o
[ 38%] Building CXX object tests/CMakeFiles/plugin_issue953.dir/plugin_issue953/plugin_issue953.cpp.o
[ 38%] Building CXX object sample_nodes/CMakeFiles/bt_sample_nodes.dir/movebase_node.cpp.o
[ 38%] Building CXX object tools/CMakeFiles/bt4_nodes_model.dir/bt_nodes_model.cpp.o
[ 39%] Building CXX object tools/CMakeFiles/bt4_plugin_manifest.dir/bt_plugin_manifest.cpp.o
[ 39%] Linking CXX executable bt4_plugin_manifest
[ 39%] Built target bt4_plugin_manifest
[ 40%] Building CXX object examples/CMakeFiles/test_plugin_executor.dir/plugin_example/plugin_executor.cpp.o
[ 41%] Linking CXX shared library bin/libcrossdoor_nodes_dyn.so
[ 42%] Linking CXX executable bt4_nodes_model
[ 42%] Built target crossdoor_nodes_dyn
[ 42%] Built target bt4_nodes_model
[ 43%] Linking CXX executable t01_first_tree_dynamic
[ 43%] Built target t01_first_tree_dynamic
[ 43%] Linking CXX shared library test_plugin_action.so
[ 44%] Linking CXX static library lib/libbt_sample_nodes.a
[ 44%] Built target test_plugin_action
[ 44%] Built target bt_sample_nodes
[ 44%] Building CXX object examples/CMakeFiles/t05_crossdoor.dir/t05_crossdoor.cpp.o
[ 44%] Building CXX object examples/CMakeFiles/t04_reactive_sequence.dir/t04_reactive_sequence.cpp.o
[ 48%] Building CXX object examples/CMakeFiles/t08_additional_node_args.dir/t08_additional_node_args.cpp.o
[ 48%] Building CXX object examples/CMakeFiles/t02_basic_ports.dir/t02_basic_ports.cpp.o
[ 48%] Building CXX object examples/CMakeFiles/t07_load_multiple_xml.dir/t07_load_multiple_xml.cpp.o
[ 48%] Building CXX object examples/CMakeFiles/t06_subtree_port_remapping.dir/t06_subtree_port_remapping.cpp.o
[ 48%] Building CXX object examples/CMakeFiles/t01_first_tree_static.dir/t01_build_your_first_tree.cpp.o
[ 48%] Building CXX object examples/CMakeFiles/t03_generic_ports.dir/t03_generic_ports.cpp.o
[ 48%] Linking CXX shared library bin/libmovebase_node_dyn.so
[ 48%] Built target movebase_node_dyn
[ 48%] Building CXX object examples/CMakeFiles/t12_default_ports.dir/t12_default_ports.cpp.o
[ 48%] Linking CXX shared library plugin_issue953.so
[ 48%] Linking CXX shared library bin/libdummy_nodes_dyn.so
[ 48%] Built target plugin_issue953
[ 50%] Building CXX object examples/CMakeFiles/t10_observer.dir/t10_observer.cpp.o
[ 50%] Building CXX object examples/CMakeFiles/t13_access_by_ref.dir/t13_access_by_ref.cpp.o
[ 51%] Building CXX object examples/CMakeFiles/t11_groot_howto.dir/t11_groot_howto.cpp.o
[ 52%] Building CXX object examples/CMakeFiles/t14_subtree_model.dir/t14_subtree_model.cpp.o
[ 53%] Building CXX object examples/CMakeFiles/t09_scripting.dir/t09_scripting.cpp.o
[ 53%] Built target dummy_nodes_dyn
[ 53%] Building CXX object examples/CMakeFiles/t15_nodes_mocking.dir/t15_nodes_mocking.cpp.o
[ 54%] Linking CXX executable test_plugin_executor
[ 54%] Built target test_plugin_executor
[ 54%] Building CXX object examples/CMakeFiles/t16_global_blackboard.dir/t16_global_blackboard.cpp.o
[ 55%] Linking CXX executable t05_crossdoor
[ 55%] Built target t05_crossdoor
[ 56%] Building CXX object examples/CMakeFiles/t17_blackboard_backup.dir/t17_blackboard_backup.cpp.o
[ 57%] Linking CXX executable t01_first_tree_static
[ 58%] Linking CXX executable t08_additional_node_args
[ 59%] Linking CXX executable t07_load_multiple_xml
[ 59%] Built target t01_first_tree_static
[ 60%] Building CXX object examples/CMakeFiles/t18_waypoints.dir/t18_waypoints.cpp.o
[ 60%] Built target t08_additional_node_args
[ 60%] Built target t07_load_multiple_xml
[ 61%] Building CXX object examples/CMakeFiles/ex01_wrap_legacy.dir/ex01_wrap_legacy.cpp.o
[ 61%] Building CXX object examples/CMakeFiles/t19_polymorphic_ports.dir/t19_polymorphic_ports.cpp.o
[ 61%] Linking CXX executable t06_subtree_port_remapping
[ 62%] Linking CXX executable t14_subtree_model
[ 62%] Linking CXX executable t10_observer
[ 62%] Built target t06_subtree_port_remapping
[ 63%] Linking CXX executable t04_reactive_sequence
[ 64%] Linking CXX executable t03_generic_ports
[ 64%] Building CXX object examples/CMakeFiles/ex02_runtime_ports.dir/ex02_runtime_ports.cpp.o
[ 64%] Built target t14_subtree_model
[ 64%] Building CXX object examples/CMakeFiles/ex03_sqlite_log.dir/ex03_sqlite_log.cpp.o
[ 64%] Built target t10_observer
[ 64%] Built target t04_reactive_sequence
[ 65%] Building CXX object tests/CMakeFiles/behaviortree_cpp_test.dir/src/action_test_node.cpp.o
[ 65%] Building CXX object tests/CMakeFiles/behaviortree_cpp_test.dir/src/condition_test_node.cpp.o
[ 65%] Built target t03_generic_ports
[ 66%] Building CXX object tests/CMakeFiles/behaviortree_cpp_test.dir/gtest_any.cpp.o
[ 66%] Linking CXX executable t09_scripting
[ 66%] Linking CXX executable t02_basic_ports
[ 66%] Built target t09_scripting
[ 66%] Building CXX object tests/CMakeFiles/behaviortree_cpp_test.dir/gtest_basic_types.cpp.o
[ 66%] Linking CXX executable t13_access_by_ref
[ 66%] Built target t02_basic_ports
[ 67%] Building CXX object tests/CMakeFiles/behaviortree_cpp_test.dir/gtest_blackboard.cpp.o
[ 67%] Built target t13_access_by_ref
[ 68%] Building CXX object tests/CMakeFiles/behaviortree_cpp_test.dir/gtest_coroutines.cpp.o
[ 69%] Linking CXX executable t15_nodes_mocking
[ 69%] Built target t15_nodes_mocking
[ 69%] Building CXX object tests/CMakeFiles/behaviortree_cpp_test.dir/gtest_decorator.cpp.o
[ 70%] Linking CXX executable t12_default_ports
[ 70%] Built target t12_default_ports
[ 71%] Building CXX object tests/CMakeFiles/behaviortree_cpp_test.dir/gtest_enums.cpp.o
[ 72%] Building CXX object tests/CMakeFiles/behaviortree_cpp_test.dir/gtest_factory.cpp.o
[ 72%] Building CXX object tests/CMakeFiles/behaviortree_cpp_test.dir/gtest_fallback.cpp.o
[ 73%] Linking CXX executable t16_global_blackboard
[ 73%] Built target t16_global_blackboard
[ 74%] Building CXX object tests/CMakeFiles/behaviortree_cpp_test.dir/gtest_if_then_else.cpp.o
[ 75%] Linking CXX executable t11_groot_howto
[ 75%] Built target t11_groot_howto
[ 76%] Building CXX object tests/CMakeFiles/behaviortree_cpp_test.dir/gtest_parallel.cpp.o
[ 76%] Linking CXX executable t17_blackboard_backup
[ 77%] Linking CXX executable ex01_wrap_legacy
[ 77%] Built target t17_blackboard_backup
[ 77%] Building CXX object tests/CMakeFiles/behaviortree_cpp_test.dir/gtest_preconditions.cpp.o
[ 77%] Built target ex01_wrap_legacy
[ 78%] Building CXX object tests/CMakeFiles/behaviortree_cpp_test.dir/gtest_ports.cpp.o
[ 78%] Building CXX object tests/CMakeFiles/behaviortree_cpp_test.dir/gtest_port_type_rules.cpp.o
[ 79%] Linking CXX executable ex02_runtime_ports
[ 80%] Linking CXX executable t19_polymorphic_ports
[ 80%] Built target ex02_runtime_ports
[ 81%] Building CXX object tests/CMakeFiles/behaviortree_cpp_test.dir/gtest_postconditions.cpp.o
[ 82%] Linking CXX executable t18_waypoints
[ 82%] Built target t19_polymorphic_ports
[ 83%] Building CXX object tests/CMakeFiles/behaviortree_cpp_test.dir/gtest_match.cpp.o
[ 83%] Built target t18_waypoints
[ 83%] Building CXX object tests/CMakeFiles/behaviortree_cpp_test.dir/gtest_name_validation.cpp.o
[ 84%] Linking CXX executable ex03_sqlite_log
[ 85%] Building CXX object tests/CMakeFiles/behaviortree_cpp_test.dir/gtest_json.cpp.o
[ 85%] Built target ex03_sqlite_log
[ 86%] Building CXX object tests/CMakeFiles/behaviortree_cpp_test.dir/gtest_loggers.cpp.o
[ 86%] Building CXX object tests/CMakeFiles/behaviortree_cpp_test.dir/gtest_loop.cpp.o
[ 87%] Building CXX object tests/CMakeFiles/behaviortree_cpp_test.dir/gtest_reactive.cpp.o
[ 88%] Building CXX object tests/CMakeFiles/behaviortree_cpp_test.dir/gtest_reactive_backchaining.cpp.o
[ 88%] Building CXX object tests/CMakeFiles/behaviortree_cpp_test.dir/gtest_sequence.cpp.o
[ 89%] Building CXX object tests/CMakeFiles/behaviortree_cpp_test.dir/gtest_skipping.cpp.o
[ 89%] Building CXX object tests/CMakeFiles/behaviortree_cpp_test.dir/gtest_substitution.cpp.o
[ 90%] Building CXX object tests/CMakeFiles/behaviortree_cpp_test.dir/script_parser_test.cpp.o
[ 91%] Building CXX object tests/CMakeFiles/behaviortree_cpp_test.dir/gtest_plugin_issue953.cpp.o
[ 91%] Building CXX object tests/CMakeFiles/behaviortree_cpp_test.dir/gtest_polymorphic_ports.cpp.o
[ 92%] Building CXX object tests/CMakeFiles/behaviortree_cpp_test.dir/gtest_simple_string.cpp.o
[ 93%] Building CXX object tests/CMakeFiles/behaviortree_cpp_test.dir/gtest_xml_null_subtree_id.cpp.o
[ 93%] Building CXX object tests/CMakeFiles/behaviortree_cpp_test.dir/gtest_blackboard_thread_safety.cpp.o
[ 96%] Building CXX object tests/CMakeFiles/behaviortree_cpp_test.dir/gtest_exception_tracking.cpp.o
[ 96%] Building CXX object tests/CMakeFiles/behaviortree_cpp_test.dir/gtest_updates.cpp.o
[ 96%] Building CXX object tests/CMakeFiles/behaviortree_cpp_test.dir/gtest_interface.cpp.o
[ 96%] Building CXX object tests/CMakeFiles/behaviortree_cpp_test.dir/gtest_wakeup.cpp.o
[ 96%] Building CXX object tests/CMakeFiles/behaviortree_cpp_test.dir/gtest_while_do_else.cpp.o
[ 97%] Building CXX object tests/CMakeFiles/behaviortree_cpp_test.dir/gtest_try_catch.cpp.o
[ 97%] Building CXX object tests/CMakeFiles/behaviortree_cpp_test.dir/gtest_tree.cpp.o
[ 98%] Building CXX object tests/CMakeFiles/behaviortree_cpp_test.dir/gtest_subtree.cpp.o
[ 99%] Building CXX object tests/CMakeFiles/behaviortree_cpp_test.dir/gtest_switch.cpp.o
[100%] Linking CXX executable behaviortree_cpp_test
[100%] Built target behaviortree_cpp_test
-- Install configuration: "Release"
-- Execute custom install script
-- Symlinking: /home/macho/navivest_ws/install/behaviortree_cpp/share/behaviortree_cpp/bt_plugins/libcrossdoor_nodes_dyn.so
-- Symlinking: /home/macho/navivest_ws/install/behaviortree_cpp/share/behaviortree_cpp/bt_plugins/libdummy_nodes_dyn.so
-- Symlinking: /home/macho/navivest_ws/install/behaviortree_cpp/share/behaviortree_cpp/bt_plugins/libmovebase_node_dyn.so
-- Symlinking: /home/macho/navivest_ws/install/behaviortree_cpp/bin/bt4_plugin_manifest
-- Symlinking: /home/macho/navivest_ws/install/behaviortree_cpp/bin/bt4_nodes_model
-- Symlinking: /home/macho/navivest_ws/install/behaviortree_cpp/share/behaviortree_cpp/environment/library_path.sh
-- Symlinking: /home/macho/navivest_ws/install/behaviortree_cpp/share/behaviortree_cpp/environment/library_path.dsv
-- Symlinking: /home/macho/navivest_ws/install/behaviortree_cpp/share/ament_index/resource_index/package_run_dependencies/behaviortree_cpp
-- Symlinking: /home/macho/navivest_ws/install/behaviortree_cpp/share/ament_index/resource_index/parent_prefix_path/behaviortree_cpp
-- Symlinking: /home/macho/navivest_ws/install/behaviortree_cpp/share/behaviortree_cpp/environment/ament_prefix_path.sh
-- Symlinking: /home/macho/navivest_ws/install/behaviortree_cpp/share/behaviortree_cpp/environment/ament_prefix_path.dsv
-- Symlinking: /home/macho/navivest_ws/install/behaviortree_cpp/share/behaviortree_cpp/environment/path.sh
-- Symlinking: /home/macho/navivest_ws/install/behaviortree_cpp/share/behaviortree_cpp/environment/path.dsv
-- Symlinking: /home/macho/navivest_ws/install/behaviortree_cpp/share/behaviortree_cpp/local_setup.bash
-- Symlinking: /home/macho/navivest_ws/install/behaviortree_cpp/share/behaviortree_cpp/local_setup.sh
-- Symlinking: /home/macho/navivest_ws/install/behaviortree_cpp/share/behaviortree_cpp/local_setup.zsh
-- Symlinking: /home/macho/navivest_ws/install/behaviortree_cpp/share/behaviortree_cpp/local_setup.dsv
-- Symlinking: /home/macho/navivest_ws/install/behaviortree_cpp/share/behaviortree_cpp/package.dsv
-- Symlinking: /home/macho/navivest_ws/install/behaviortree_cpp/share/ament_index/resource_index/packages/behaviortree_cpp
-- Symlinking: /home/macho/navivest_ws/install/behaviortree_cpp/share/behaviortree_cpp/cmake/ament_cmake_export_dependencies-extras.cmake
-- Symlinking: /home/macho/navivest_ws/install/behaviortree_cpp/share/behaviortree_cpp/cmake/ament_cmake_export_include_directories-extras.cmake
-- Symlinking: /home/macho/navivest_ws/install/behaviortree_cpp/share/behaviortree_cpp/cmake/ament_cmake_export_libraries-extras.cmake
-- Symlinking: /home/macho/navivest_ws/install/behaviortree_cpp/share/behaviortree_cpp/cmake/ament_cmake_export_targets-extras.cmake
-- Symlinking: /home/macho/navivest_ws/install/behaviortree_cpp/share/behaviortree_cpp/cmake/behaviortree_cppConfig.cmake
-- Symlinking: /home/macho/navivest_ws/install/behaviortree_cpp/share/behaviortree_cpp/cmake/behaviortree_cppConfig-version.cmake
-- Symlinking: /home/macho/navivest_ws/install/behaviortree_cpp/share/behaviortree_cpp/package.xml
-- Installing: /home/macho/navivest_ws/install/behaviortree_cpp/lib/libbehaviortree_cpp.so
-- Set non-toolchain portion of runtime path of "/home/macho/navivest_ws/install/behaviortree_cpp/lib/libbehaviortree_cpp.so" to ""
-- Installing: /home/macho/navivest_ws/install/behaviortree_cpp/include
-- Installing: /home/macho/navivest_ws/install/behaviortree_cpp/include/behaviortree_cpp
-- Installing: /home/macho/navivest_ws/install/behaviortree_cpp/include/behaviortree_cpp/utils
-- Installing: /home/macho/navivest_ws/install/behaviortree_cpp/include/behaviortree_cpp/utils/timer_queue.h
-- Installing: /home/macho/navivest_ws/install/behaviortree_cpp/include/behaviortree_cpp/utils/simple_string.hpp
-- Installing: /home/macho/navivest_ws/install/behaviortree_cpp/include/behaviortree_cpp/utils/shared_library.h
-- Installing: /home/macho/navivest_ws/install/behaviortree_cpp/include/behaviortree_cpp/utils/polymorphic_cast_registry.hpp
-- Installing: /home/macho/navivest_ws/install/behaviortree_cpp/include/behaviortree_cpp/utils/wildcards.hpp
-- Installing: /home/macho/navivest_ws/install/behaviortree_cpp/include/behaviortree_cpp/utils/wakeup_signal.hpp
-- Installing: /home/macho/navivest_ws/install/behaviortree_cpp/include/behaviortree_cpp/utils/demangle_util.h
-- Installing: /home/macho/navivest_ws/install/behaviortree_cpp/include/behaviortree_cpp/utils/signal.h
-- Installing: /home/macho/navivest_ws/install/behaviortree_cpp/include/behaviortree_cpp/utils/safe_any.hpp
-- Installing: /home/macho/navivest_ws/install/behaviortree_cpp/include/behaviortree_cpp/utils/locked_reference.hpp
-- Installing: /home/macho/navivest_ws/install/behaviortree_cpp/include/behaviortree_cpp/utils/convert_impl.hpp
-- Installing: /home/macho/navivest_ws/install/behaviortree_cpp/include/behaviortree_cpp/utils/strcat.hpp
-- Installing: /home/macho/navivest_ws/install/behaviortree_cpp/include/behaviortree_cpp/utils/platform.hpp
-- Installing: /home/macho/navivest_ws/install/behaviortree_cpp/include/behaviortree_cpp/xml_parsing.h
-- Installing: /home/macho/navivest_ws/install/behaviortree_cpp/include/behaviortree_cpp/decorator_node.h
-- Installing: /home/macho/navivest_ws/install/behaviortree_cpp/include/behaviortree_cpp/condition_node.h
-- Installing: /home/macho/navivest_ws/install/behaviortree_cpp/include/behaviortree_cpp/loggers
-- Installing: /home/macho/navivest_ws/install/behaviortree_cpp/include/behaviortree_cpp/loggers/bt_cout_logger.h
-- Installing: /home/macho/navivest_ws/install/behaviortree_cpp/include/behaviortree_cpp/loggers/bt_observer.h
-- Installing: /home/macho/navivest_ws/install/behaviortree_cpp/include/behaviortree_cpp/loggers/groot2_protocol.h
-- Installing: /home/macho/navivest_ws/install/behaviortree_cpp/include/behaviortree_cpp/loggers/abstract_logger.h
-- Installing: /home/macho/navivest_ws/install/behaviortree_cpp/include/behaviortree_cpp/loggers/bt_sqlite_logger.h
-- Installing: /home/macho/navivest_ws/install/behaviortree_cpp/include/behaviortree_cpp/loggers/bt_file_logger_v2.h
-- Installing: /home/macho/navivest_ws/install/behaviortree_cpp/include/behaviortree_cpp/loggers/bt_minitrace_logger.h
-- Installing: /home/macho/navivest_ws/install/behaviortree_cpp/include/behaviortree_cpp/loggers/groot2_publisher.h
-- Installing: /home/macho/navivest_ws/install/behaviortree_cpp/include/behaviortree_cpp/bt_parser.h
-- Installing: /home/macho/navivest_ws/install/behaviortree_cpp/include/behaviortree_cpp/behavior_tree.h
-- Installing: /home/macho/navivest_ws/install/behaviortree_cpp/include/behaviortree_cpp/control_node.h
-- Installing: /home/macho/navivest_ws/install/behaviortree_cpp/include/behaviortree_cpp/blackboard.h
-- Installing: /home/macho/navivest_ws/install/behaviortree_cpp/include/behaviortree_cpp/controls
-- Installing: /home/macho/navivest_ws/install/behaviortree_cpp/include/behaviortree_cpp/controls/reactive_sequence.h
-- Installing: /home/macho/navivest_ws/install/behaviortree_cpp/include/behaviortree_cpp/controls/try_catch_node.h
-- Installing: /home/macho/navivest_ws/install/behaviortree_cpp/include/behaviortree_cpp/controls/sequence_with_memory_node.h
-- Installing: /home/macho/navivest_ws/install/behaviortree_cpp/include/behaviortree_cpp/controls/fallback_node.h
-- Installing: /home/macho/navivest_ws/install/behaviortree_cpp/include/behaviortree_cpp/controls/while_do_else_node.h
-- Installing: /home/macho/navivest_ws/install/behaviortree_cpp/include/behaviortree_cpp/controls/parallel_all_node.h
-- Installing: /home/macho/navivest_ws/install/behaviortree_cpp/include/behaviortree_cpp/controls/parallel_node.h
-- Installing: /home/macho/navivest_ws/install/behaviortree_cpp/include/behaviortree_cpp/controls/switch_node.h
-- Installing: /home/macho/navivest_ws/install/behaviortree_cpp/include/behaviortree_cpp/controls/if_then_else_node.h
-- Installing: /home/macho/navivest_ws/install/behaviortree_cpp/include/behaviortree_cpp/controls/manual_node.h
-- Installing: /home/macho/navivest_ws/install/behaviortree_cpp/include/behaviortree_cpp/controls/sequence_node.h
-- Installing: /home/macho/navivest_ws/install/behaviortree_cpp/include/behaviortree_cpp/controls/reactive_fallback.h
-- Installing: /home/macho/navivest_ws/install/behaviortree_cpp/include/behaviortree_cpp/contrib
-- Installing: /home/macho/navivest_ws/install/behaviortree_cpp/include/behaviortree_cpp/contrib/any.hpp
-- Installing: /home/macho/navivest_ws/install/behaviortree_cpp/include/behaviortree_cpp/contrib/json.hpp
-- Installing: /home/macho/navivest_ws/install/behaviortree_cpp/include/behaviortree_cpp/contrib/magic_enum.hpp
-- Installing: /home/macho/navivest_ws/install/behaviortree_cpp/include/behaviortree_cpp/contrib/expected.hpp
-- Installing: /home/macho/navivest_ws/install/behaviortree_cpp/include/behaviortree_cpp/tree_node.h
-- Installing: /home/macho/navivest_ws/install/behaviortree_cpp/include/behaviortree_cpp/flatbuffers
-- Installing: /home/macho/navivest_ws/install/behaviortree_cpp/include/behaviortree_cpp/flatbuffers/bt_flatbuffer_helper.h
-- Installing: /home/macho/navivest_ws/install/behaviortree_cpp/include/behaviortree_cpp/exceptions.h
-- Installing: /home/macho/navivest_ws/install/behaviortree_cpp/include/behaviortree_cpp/action_node.h
-- Installing: /home/macho/navivest_ws/install/behaviortree_cpp/include/behaviortree_cpp/basic_types.h
-- Installing: /home/macho/navivest_ws/install/behaviortree_cpp/include/behaviortree_cpp/scripting
-- Installing: /home/macho/navivest_ws/install/behaviortree_cpp/include/behaviortree_cpp/scripting/any_types.hpp
-- Installing: /home/macho/navivest_ws/install/behaviortree_cpp/include/behaviortree_cpp/scripting/script_parser.hpp
-- Installing: /home/macho/navivest_ws/install/behaviortree_cpp/include/behaviortree_cpp/scripting/operators.hpp
-- Installing: /home/macho/navivest_ws/install/behaviortree_cpp/include/behaviortree_cpp/leaf_node.h
-- Installing: /home/macho/navivest_ws/install/behaviortree_cpp/include/behaviortree_cpp/bt_factory.h
-- Installing: /home/macho/navivest_ws/install/behaviortree_cpp/include/behaviortree_cpp/actions
-- Installing: /home/macho/navivest_ws/install/behaviortree_cpp/include/behaviortree_cpp/actions/updated_action.h
-- Installing: /home/macho/navivest_ws/install/behaviortree_cpp/include/behaviortree_cpp/actions/pop_from_queue.hpp
-- Installing: /home/macho/navivest_ws/install/behaviortree_cpp/include/behaviortree_cpp/actions/set_blackboard_node.h
-- Installing: /home/macho/navivest_ws/install/behaviortree_cpp/include/behaviortree_cpp/actions/script_node.h
-- Installing: /home/macho/navivest_ws/install/behaviortree_cpp/include/behaviortree_cpp/actions/always_success_node.h
-- Installing: /home/macho/navivest_ws/install/behaviortree_cpp/include/behaviortree_cpp/actions/always_failure_node.h
-- Installing: /home/macho/navivest_ws/install/behaviortree_cpp/include/behaviortree_cpp/actions/script_condition.h
-- Installing: /home/macho/navivest_ws/install/behaviortree_cpp/include/behaviortree_cpp/actions/unset_blackboard_node.h
-- Installing: /home/macho/navivest_ws/install/behaviortree_cpp/include/behaviortree_cpp/actions/sleep_node.h
-- Installing: /home/macho/navivest_ws/install/behaviortree_cpp/include/behaviortree_cpp/actions/test_node.h
-- Installing: /home/macho/navivest_ws/install/behaviortree_cpp/include/behaviortree_cpp/decorators
-- Installing: /home/macho/navivest_ws/install/behaviortree_cpp/include/behaviortree_cpp/decorators/inverter_node.h
-- Installing: /home/macho/navivest_ws/install/behaviortree_cpp/include/behaviortree_cpp/decorators/repeat_node.h
-- Installing: /home/macho/navivest_ws/install/behaviortree_cpp/include/behaviortree_cpp/decorators/force_success_node.h
-- Installing: /home/macho/navivest_ws/install/behaviortree_cpp/include/behaviortree_cpp/decorators/timeout_node.h
-- Installing: /home/macho/navivest_ws/install/behaviortree_cpp/include/behaviortree_cpp/decorators/subtree_node.h
-- Installing: /home/macho/navivest_ws/install/behaviortree_cpp/include/behaviortree_cpp/decorators/consume_queue.h
-- Installing: /home/macho/navivest_ws/install/behaviortree_cpp/include/behaviortree_cpp/decorators/loop_node.h
-- Installing: /home/macho/navivest_ws/install/behaviortree_cpp/include/behaviortree_cpp/decorators/keep_running_until_failure_node.h
-- Installing: /home/macho/navivest_ws/install/behaviortree_cpp/include/behaviortree_cpp/decorators/updated_decorator.h
-- Installing: /home/macho/navivest_ws/install/behaviortree_cpp/include/behaviortree_cpp/decorators/delay_node.h
-- Installing: /home/macho/navivest_ws/install/behaviortree_cpp/include/behaviortree_cpp/decorators/retry_node.h
-- Installing: /home/macho/navivest_ws/install/behaviortree_cpp/include/behaviortree_cpp/decorators/run_once_node.h
-- Installing: /home/macho/navivest_ws/install/behaviortree_cpp/include/behaviortree_cpp/decorators/script_precondition.h
-- Installing: /home/macho/navivest_ws/install/behaviortree_cpp/include/behaviortree_cpp/decorators/force_failure_node.h
-- Installing: /home/macho/navivest_ws/install/behaviortree_cpp/include/behaviortree_cpp/json_export.h
-- Installing: /home/macho/navivest_ws/install/behaviortree_cpp/share/behaviortree_cpp/cmake/behaviortree_cppTargetsExport.cmake
-- Installing: /home/macho/navivest_ws/install/behaviortree_cpp/share/behaviortree_cpp/cmake/behaviortree_cppTargetsExport-release.cmake
