[0.025s] Invoking command in '/home/macho/navivest_ws/build/behaviortree_cpp': CMAKE_PREFIX_PATH=${CMAKE_PREFIX_PATH}:/home/macho/navivest_ws/install/nav2_loopback_sim:/home/macho/navivest_ws/install/navivest_bringup:/home/macho/navivest_ws/install/bondpy:/home/macho/navivest_ws/install/navivest_guidance:/home/macho/navivest_ws/install/nav2_simple_commander:/opt/ros/jazzy DEBUGINFOD_URLS=https://debuginfod.ubuntu.com /usr/bin/cmake /home/macho/navivest_ws/src/behaviortree_cpp -DAMENT_CMAKE_SYMLINK_INSTALL=1 -DCMAKE_INSTALL_PREFIX=/home/macho/navivest_ws/install/behaviortree_cpp
[0.080s] -- The C compiler identification is GNU 13.3.0
[0.140s] -- The CXX compiler identification is GNU 13.3.0
[0.158s] -- Detecting C compiler ABI info
[0.265s] -- Detecting C compiler ABI info - done
[0.275s] -- Check for working C compiler: /usr/bin/cc - skipped
[0.275s] -- Detecting C compile features
[0.275s] -- Detecting C compile features - done
[0.285s] -- Detecting CXX compiler ABI info
[0.391s] -- Detecting CXX compiler ABI info - done
[0.399s] -- Check for working CXX compiler: /usr/bin/c++ - skipped
[0.400s] -- Detecting CXX compile features
[0.400s] -- Detecting CXX compile features - done
[0.401s] -- Setting build type to 'Release' as none was specified.
[0.593s] -- Found Python3: /usr/bin/python3 (found version "3.12.3") found components: Interpreter 
[0.653s] -- Override CMake install command with custom implementation using symlinks instead of copying resources
[0.699s] -- ------------------------------------------
[0.699s] -- BehaviorTree is being built using AMENT.
[0.699s] -- ------------------------------------------
[0.704s] -- Found ament_index_cpp: 1.8.2 (/opt/ros/jazzy/share/ament_index_cpp/cmake)
[0.707s] -- Found tinyxml2_vendor: 0.9.2 (/opt/ros/jazzy/share/tinyxml2_vendor/cmake)
[0.712s] -- Found TinyXML2 via Config file: /usr/lib/x86_64-linux-gnu/cmake/tinyxml2
[0.712s] -- Performing Test CMAKE_HAVE_LIBC_PTHREAD
[0.798s] -- Performing Test CMAKE_HAVE_LIBC_PTHREAD - Success
[0.799s] -- Found Threads: TRUE  
[0.810s] -- Found ZeroMQ: /usr/lib/x86_64-linux-gnu/libzmq.so  
[0.814s] -- Found SQLite3: /usr/include (found version "3.45.1") 
[0.815s] -- BTCPP_EXTRA_LIBRARIES: $<BUILD_INTERFACE:ament_index_cpp::ament_index_cpp>;$<BUILD_INTERFACE:>;$<BUILD_INTERFACE:>
[0.815s] -- BTCPP_LIB_DESTINATION:   lib 
[0.816s] -- BTCPP_INCLUDE_DESTINATION: include 
[0.827s] -- BUILD_TESTING:   ON 
[0.832s] -- Found ament_cmake_gtest: 2.5.6 (/opt/ros/jazzy/share/ament_cmake_gtest/cmake)
[0.836s] -- Found gtest sources under '/opt/ros/jazzy/src/gtest_vendor': C++ tests using 'Google Test' will be built
[0.925s] -- Configuring done (0.9s)
[0.992s] -- Generating done (0.1s)
[1.008s] -- Build files have been written to: /home/macho/navivest_ws/build/behaviortree_cpp
[1.021s] Invoked command in '/home/macho/navivest_ws/build/behaviortree_cpp' returned '0': CMAKE_PREFIX_PATH=${CMAKE_PREFIX_PATH}:/home/macho/navivest_ws/install/nav2_loopback_sim:/home/macho/navivest_ws/install/navivest_bringup:/home/macho/navivest_ws/install/bondpy:/home/macho/navivest_ws/install/navivest_guidance:/home/macho/navivest_ws/install/nav2_simple_commander:/opt/ros/jazzy DEBUGINFOD_URLS=https://debuginfod.ubuntu.com /usr/bin/cmake /home/macho/navivest_ws/src/behaviortree_cpp -DAMENT_CMAKE_SYMLINK_INSTALL=1 -DCMAKE_INSTALL_PREFIX=/home/macho/navivest_ws/install/behaviortree_cpp
[1.021s] Invoking command in '/home/macho/navivest_ws/build/behaviortree_cpp': CMAKE_PREFIX_PATH=${CMAKE_PREFIX_PATH}:/home/macho/navivest_ws/install/nav2_loopback_sim:/home/macho/navivest_ws/install/navivest_bringup:/home/macho/navivest_ws/install/bondpy:/home/macho/navivest_ws/install/navivest_guidance:/home/macho/navivest_ws/install/nav2_simple_commander:/opt/ros/jazzy DEBUGINFOD_URLS=https://debuginfod.ubuntu.com /usr/bin/cmake --build /home/macho/navivest_ws/build/behaviortree_cpp -- -j16 -l16
[1.075s] [  0%] Building CXX object 3rdparty/minitrace/CMakeFiles/minitrace.dir/minitrace.cpp.o
[1.075s] [  1%] Building CXX object gtest/CMakeFiles/gtest_main.dir/src/gtest_main.cc.o
[1.076s] [  2%] Building CXX object gtest/CMakeFiles/gtest.dir/src/gtest-all.cc.o
[1.216s] [  3%] Linking CXX static library libminitrace.a
[1.266s] [  3%] Built target minitrace
[1.311s] [  3%] Building CXX object CMakeFiles/behaviortree_cpp.dir/src/behavior_tree.cpp.o
[1.311s] [  4%] Building CXX object CMakeFiles/behaviortree_cpp.dir/src/blackboard.cpp.o
[1.311s] [  4%] Building CXX object CMakeFiles/behaviortree_cpp.dir/src/action_node.cpp.o
[1.311s] [  5%] Building CXX object CMakeFiles/behaviortree_cpp.dir/src/tree_node.cpp.o
[1.311s] [  6%] Building CXX object CMakeFiles/behaviortree_cpp.dir/src/basic_types.cpp.o
[1.312s] [  7%] Building CXX object CMakeFiles/behaviortree_cpp.dir/src/bt_factory.cpp.o
[1.312s] [  8%] Building CXX object CMakeFiles/behaviortree_cpp.dir/src/condition_node.cpp.o
[1.312s] [  8%] Building CXX object CMakeFiles/behaviortree_cpp.dir/src/decorator_node.cpp.o
[1.312s] [  9%] Building CXX object CMakeFiles/behaviortree_cpp.dir/src/script_parser.cpp.o
[1.312s] [  9%] Building CXX object CMakeFiles/behaviortree_cpp.dir/src/shared_library.cpp.o
[1.312s] [ 10%] Building CXX object CMakeFiles/behaviortree_cpp.dir/src/control_node.cpp.o
[1.312s] [ 10%] Building CXX object CMakeFiles/behaviortree_cpp.dir/src/script_tokenizer.cpp.o
[1.312s] [ 11%] Building CXX object CMakeFiles/behaviortree_cpp.dir/src/json_export.cpp.o
[1.312s] [ 11%] Building CXX object CMakeFiles/behaviortree_cpp.dir/src/xml_parsing.cpp.o
[1.798s] [ 12%] Building CXX object CMakeFiles/behaviortree_cpp.dir/src/actions/test_node.cpp.o
[2.172s] [ 13%] Linking CXX static library libgtest_main.a
[2.305s] [ 13%] Built target gtest_main
[2.335s] [ 14%] Building CXX object CMakeFiles/behaviortree_cpp.dir/src/actions/sleep_node.cpp.o
[2.670s] [ 14%] Building CXX object CMakeFiles/behaviortree_cpp.dir/src/actions/updated_action.cpp.o
[4.186s] [ 15%] Building CXX object CMakeFiles/behaviortree_cpp.dir/src/decorators/delay_node.cpp.o
[4.437s] [ 16%] Building CXX object CMakeFiles/behaviortree_cpp.dir/src/decorators/inverter_node.cpp.o
[4.956s] [ 16%] Building CXX object CMakeFiles/behaviortree_cpp.dir/src/decorators/repeat_node.cpp.o
[5.495s] [ 17%] Building CXX object CMakeFiles/behaviortree_cpp.dir/src/decorators/retry_node.cpp.o
[5.930s] [ 18%] Building CXX object CMakeFiles/behaviortree_cpp.dir/src/decorators/subtree_node.cpp.o
[6.835s] [ 18%] Building CXX object CMakeFiles/behaviortree_cpp.dir/src/decorators/timeout_node.cpp.o
[7.202s] [ 19%] Building CXX object CMakeFiles/behaviortree_cpp.dir/src/decorators/updated_decorator.cpp.o
[8.899s] [ 19%] Building CXX object CMakeFiles/behaviortree_cpp.dir/src/controls/if_then_else_node.cpp.o
[10.074s] [ 20%] Building CXX object CMakeFiles/behaviortree_cpp.dir/src/controls/fallback_node.cpp.o
[10.549s] [ 21%] Building CXX object CMakeFiles/behaviortree_cpp.dir/src/controls/parallel_node.cpp.o
[10.601s] [ 21%] Building CXX object CMakeFiles/behaviortree_cpp.dir/src/controls/parallel_all_node.cpp.o
[10.643s] [ 22%] Building CXX object CMakeFiles/behaviortree_cpp.dir/src/controls/reactive_sequence.cpp.o
[10.948s] [ 23%] Building CXX object CMakeFiles/behaviortree_cpp.dir/src/controls/reactive_fallback.cpp.o
[11.886s] [ 23%] Building CXX object CMakeFiles/behaviortree_cpp.dir/src/controls/sequence_node.cpp.o
[12.090s] [ 24%] Building CXX object CMakeFiles/behaviortree_cpp.dir/src/controls/sequence_with_memory_node.cpp.o
[12.245s] [ 25%] Building CXX object CMakeFiles/behaviortree_cpp.dir/src/controls/switch_node.cpp.o
[13.006s] [ 25%] Building CXX object CMakeFiles/behaviortree_cpp.dir/src/controls/try_catch_node.cpp.o
[14.582s] [ 26%] Building CXX object CMakeFiles/behaviortree_cpp.dir/src/controls/while_do_else_node.cpp.o
[14.703s] [ 26%] Building CXX object CMakeFiles/behaviortree_cpp.dir/src/loggers/bt_cout_logger.cpp.o
[16.139s] [ 27%] Building CXX object CMakeFiles/behaviortree_cpp.dir/src/loggers/bt_file_logger_v2.cpp.o
[16.328s] [ 28%] Building CXX object CMakeFiles/behaviortree_cpp.dir/src/loggers/bt_minitrace_logger.cpp.o
[16.887s] [ 28%] Building CXX object CMakeFiles/behaviortree_cpp.dir/src/loggers/bt_observer.cpp.o
[17.225s] [ 29%] Building CXX object CMakeFiles/behaviortree_cpp.dir/src/loggers/groot2_publisher.cpp.o
[17.316s] [ 30%] Building CXX object CMakeFiles/behaviortree_cpp.dir/src/loggers/bt_sqlite_logger.cpp.o
[17.847s] [ 30%] Building CXX object CMakeFiles/behaviortree_cpp.dir/src/shared_library_UNIX.cpp.o
[21.964s] [ 30%] Linking CXX static library libgtest.a
[22.101s] [ 30%] Built target gtest
[32.745s] [ 31%] Linking CXX shared library libbehaviortree_cpp.so
[32.853s] [ 31%] Built target behaviortree_cpp
[32.876s] [ 33%] Building CXX object examples/CMakeFiles/t01_first_tree_dynamic.dir/t01_build_your_first_tree.cpp.o
[32.876s] [ 33%] Building CXX object sample_nodes/CMakeFiles/crossdoor_nodes_dyn.dir/crossdoor_nodes.cpp.o
[32.876s] [ 33%] Building CXX object sample_nodes/CMakeFiles/dummy_nodes_dyn.dir/dummy_nodes.cpp.o
[32.876s] [ 34%] Building CXX object examples/CMakeFiles/test_plugin_action.dir/plugin_example/plugin_action.cpp.o
[32.876s] [ 35%] Building CXX object sample_nodes/CMakeFiles/bt_sample_nodes.dir/crossdoor_nodes.cpp.o
[32.876s] [ 35%] Building CXX object sample_nodes/CMakeFiles/bt_sample_nodes.dir/dummy_nodes.cpp.o
[32.876s] [ 36%] Building CXX object sample_nodes/CMakeFiles/movebase_node_dyn.dir/movebase_node.cpp.o
[32.876s] [ 38%] Building CXX object tests/CMakeFiles/plugin_issue953.dir/plugin_issue953/plugin_issue953.cpp.o
[32.876s] [ 38%] Building CXX object sample_nodes/CMakeFiles/bt_sample_nodes.dir/movebase_node.cpp.o
[32.877s] [ 38%] Building CXX object tools/CMakeFiles/bt4_nodes_model.dir/bt_nodes_model.cpp.o
[32.877s] [ 39%] Building CXX object tools/CMakeFiles/bt4_plugin_manifest.dir/bt_plugin_manifest.cpp.o
[35.696s] [ 39%] Linking CXX executable bt4_plugin_manifest
[35.858s] [ 39%] Built target bt4_plugin_manifest
[35.892s] [ 40%] Building CXX object examples/CMakeFiles/test_plugin_executor.dir/plugin_example/plugin_executor.cpp.o
[35.899s] [ 41%] Linking CXX shared library bin/libcrossdoor_nodes_dyn.so
[36.023s] [ 42%] Linking CXX executable bt4_nodes_model
[36.038s] [ 42%] Built target crossdoor_nodes_dyn
[36.179s] [ 42%] Built target bt4_nodes_model
[36.291s] [ 43%] Linking CXX executable t01_first_tree_dynamic
[36.401s] [ 43%] Built target t01_first_tree_dynamic
[36.606s] [ 43%] Linking CXX shared library test_plugin_action.so
[36.674s] [ 44%] Linking CXX static library lib/libbt_sample_nodes.a
[36.685s] [ 44%] Built target test_plugin_action
[36.713s] [ 44%] Built target bt_sample_nodes
[36.739s] [ 44%] Building CXX object examples/CMakeFiles/t05_crossdoor.dir/t05_crossdoor.cpp.o
[36.739s] [ 44%] Building CXX object examples/CMakeFiles/t04_reactive_sequence.dir/t04_reactive_sequence.cpp.o
[36.740s] [ 48%] Building CXX object examples/CMakeFiles/t08_additional_node_args.dir/t08_additional_node_args.cpp.o
[36.740s] [ 48%] Building CXX object examples/CMakeFiles/t02_basic_ports.dir/t02_basic_ports.cpp.o
[36.740s] [ 48%] Building CXX object examples/CMakeFiles/t07_load_multiple_xml.dir/t07_load_multiple_xml.cpp.o
[36.740s] [ 48%] Building CXX object examples/CMakeFiles/t06_subtree_port_remapping.dir/t06_subtree_port_remapping.cpp.o
[36.740s] [ 48%] Building CXX object examples/CMakeFiles/t01_first_tree_static.dir/t01_build_your_first_tree.cpp.o
[36.740s] [ 48%] Building CXX object examples/CMakeFiles/t03_generic_ports.dir/t03_generic_ports.cpp.o
[37.097s] [ 48%] Linking CXX shared library bin/libmovebase_node_dyn.so
[37.240s] [ 48%] Built target movebase_node_dyn
[37.274s] [ 48%] Building CXX object examples/CMakeFiles/t12_default_ports.dir/t12_default_ports.cpp.o
[37.401s] [ 48%] Linking CXX shared library plugin_issue953.so
[37.464s] [ 48%] Linking CXX shared library bin/libdummy_nodes_dyn.so
[37.555s] [ 48%] Built target plugin_issue953
[37.576s] [ 50%] Building CXX object examples/CMakeFiles/t10_observer.dir/t10_observer.cpp.o
[37.577s] [ 50%] Building CXX object examples/CMakeFiles/t13_access_by_ref.dir/t13_access_by_ref.cpp.o
[37.596s] [ 51%] Building CXX object examples/CMakeFiles/t11_groot_howto.dir/t11_groot_howto.cpp.o
[37.608s] [ 52%] Building CXX object examples/CMakeFiles/t14_subtree_model.dir/t14_subtree_model.cpp.o
[37.614s] [ 53%] Building CXX object examples/CMakeFiles/t09_scripting.dir/t09_scripting.cpp.o
[37.630s] [ 53%] Built target dummy_nodes_dyn
[37.707s] [ 53%] Building CXX object examples/CMakeFiles/t15_nodes_mocking.dir/t15_nodes_mocking.cpp.o
[39.287s] [ 54%] Linking CXX executable test_plugin_executor
[39.600s] [ 54%] Built target test_plugin_executor
[39.701s] [ 54%] Building CXX object examples/CMakeFiles/t16_global_blackboard.dir/t16_global_blackboard.cpp.o
[40.718s] [ 55%] Linking CXX executable t05_crossdoor
[40.970s] [ 55%] Built target t05_crossdoor
[41.047s] [ 56%] Building CXX object examples/CMakeFiles/t17_blackboard_backup.dir/t17_blackboard_backup.cpp.o
[41.469s] [ 57%] Linking CXX executable t01_first_tree_static
[41.485s] [ 58%] Linking CXX executable t08_additional_node_args
[41.534s] [ 59%] Linking CXX executable t07_load_multiple_xml
[41.679s] [ 59%] Built target t01_first_tree_static
[41.727s] [ 60%] Building CXX object examples/CMakeFiles/t18_waypoints.dir/t18_waypoints.cpp.o
[41.755s] [ 60%] Built target t08_additional_node_args
[41.755s] [ 60%] Built target t07_load_multiple_xml
[41.804s] [ 61%] Building CXX object examples/CMakeFiles/ex01_wrap_legacy.dir/ex01_wrap_legacy.cpp.o
[41.823s] [ 61%] Building CXX object examples/CMakeFiles/t19_polymorphic_ports.dir/t19_polymorphic_ports.cpp.o
[42.067s] [ 61%] Linking CXX executable t06_subtree_port_remapping
[42.077s] [ 62%] Linking CXX executable t14_subtree_model
[42.270s] [ 62%] Linking CXX executable t10_observer
[42.283s] [ 62%] Built target t06_subtree_port_remapping
[42.301s] [ 63%] Linking CXX executable t04_reactive_sequence
[42.308s] [ 64%] Linking CXX executable t03_generic_ports
[42.323s] [ 64%] Building CXX object examples/CMakeFiles/ex02_runtime_ports.dir/ex02_runtime_ports.cpp.o
[42.336s] [ 64%] Built target t14_subtree_model
[42.419s] [ 64%] Building CXX object examples/CMakeFiles/ex03_sqlite_log.dir/ex03_sqlite_log.cpp.o
[42.491s] [ 64%] Built target t10_observer
[42.529s] [ 64%] Built target t04_reactive_sequence
[42.555s] [ 65%] Building CXX object tests/CMakeFiles/behaviortree_cpp_test.dir/src/action_test_node.cpp.o
[42.568s] [ 65%] Building CXX object tests/CMakeFiles/behaviortree_cpp_test.dir/src/condition_test_node.cpp.o
[42.602s] [ 65%] Built target t03_generic_ports
[42.652s] [ 66%] Building CXX object tests/CMakeFiles/behaviortree_cpp_test.dir/gtest_any.cpp.o
[42.910s] [ 66%] Linking CXX executable t09_scripting
[43.007s] [ 66%] Linking CXX executable t02_basic_ports
[43.159s] [ 66%] Built target t09_scripting
[43.190s] [ 66%] Building CXX object tests/CMakeFiles/behaviortree_cpp_test.dir/gtest_basic_types.cpp.o
[43.355s] [ 66%] Linking CXX executable t13_access_by_ref
[43.365s] [ 66%] Built target t02_basic_ports
[43.396s] [ 67%] Building CXX object tests/CMakeFiles/behaviortree_cpp_test.dir/gtest_blackboard.cpp.o
[43.651s] [ 67%] Built target t13_access_by_ref
[43.673s] [ 68%] Building CXX object tests/CMakeFiles/behaviortree_cpp_test.dir/gtest_coroutines.cpp.o
[43.730s] [ 69%] Linking CXX executable t15_nodes_mocking
[44.000s] [ 69%] Built target t15_nodes_mocking
[44.014s] [ 69%] Building CXX object tests/CMakeFiles/behaviortree_cpp_test.dir/gtest_decorator.cpp.o
[44.067s] [ 70%] Linking CXX executable t12_default_ports
[44.437s] [ 70%] Built target t12_default_ports
[44.470s] [ 71%] Building CXX object tests/CMakeFiles/behaviortree_cpp_test.dir/gtest_enums.cpp.o
[45.043s] [ 72%] Building CXX object tests/CMakeFiles/behaviortree_cpp_test.dir/gtest_factory.cpp.o
[45.226s] [ 72%] Building CXX object tests/CMakeFiles/behaviortree_cpp_test.dir/gtest_fallback.cpp.o
[46.106s] [ 73%] Linking CXX executable t16_global_blackboard
[46.494s] [ 73%] Built target t16_global_blackboard
[46.536s] [ 74%] Building CXX object tests/CMakeFiles/behaviortree_cpp_test.dir/gtest_if_then_else.cpp.o
[46.813s] [ 75%] Linking CXX executable t11_groot_howto
[47.065s] [ 75%] Built target t11_groot_howto
[47.103s] [ 76%] Building CXX object tests/CMakeFiles/behaviortree_cpp_test.dir/gtest_parallel.cpp.o
[47.636s] [ 76%] Linking CXX executable t17_blackboard_backup
[47.777s] [ 77%] Linking CXX executable ex01_wrap_legacy
[47.908s] [ 77%] Built target t17_blackboard_backup
[47.942s] [ 77%] Building CXX object tests/CMakeFiles/behaviortree_cpp_test.dir/gtest_preconditions.cpp.o
[48.070s] [ 77%] Built target ex01_wrap_legacy
[48.107s] [ 78%] Building CXX object tests/CMakeFiles/behaviortree_cpp_test.dir/gtest_ports.cpp.o
[48.121s] [ 78%] Building CXX object tests/CMakeFiles/behaviortree_cpp_test.dir/gtest_port_type_rules.cpp.o
[48.867s] [ 79%] Linking CXX executable ex02_runtime_ports
[49.120s] [ 80%] Linking CXX executable t19_polymorphic_ports
[49.222s] [ 80%] Built target ex02_runtime_ports
[49.257s] [ 81%] Building CXX object tests/CMakeFiles/behaviortree_cpp_test.dir/gtest_postconditions.cpp.o
[49.305s] [ 82%] Linking CXX executable t18_waypoints
[49.424s] [ 82%] Built target t19_polymorphic_ports
[49.458s] [ 83%] Building CXX object tests/CMakeFiles/behaviortree_cpp_test.dir/gtest_match.cpp.o
[49.575s] [ 83%] Built target t18_waypoints
[49.595s] [ 83%] Building CXX object tests/CMakeFiles/behaviortree_cpp_test.dir/gtest_name_validation.cpp.o
[50.569s] [ 84%] Linking CXX executable ex03_sqlite_log
[50.844s] [ 85%] Building CXX object tests/CMakeFiles/behaviortree_cpp_test.dir/gtest_json.cpp.o
[50.959s] [ 85%] Built target ex03_sqlite_log
[50.992s] [ 86%] Building CXX object tests/CMakeFiles/behaviortree_cpp_test.dir/gtest_loggers.cpp.o
[51.089s] [ 86%] Building CXX object tests/CMakeFiles/behaviortree_cpp_test.dir/gtest_loop.cpp.o
[51.358s] [ 87%] Building CXX object tests/CMakeFiles/behaviortree_cpp_test.dir/gtest_reactive.cpp.o
[51.429s] [ 88%] Building CXX object tests/CMakeFiles/behaviortree_cpp_test.dir/gtest_reactive_backchaining.cpp.o
[51.549s] [ 88%] Building CXX object tests/CMakeFiles/behaviortree_cpp_test.dir/gtest_sequence.cpp.o
[52.602s] [ 89%] Building CXX object tests/CMakeFiles/behaviortree_cpp_test.dir/gtest_skipping.cpp.o
[53.704s] [ 89%] Building CXX object tests/CMakeFiles/behaviortree_cpp_test.dir/gtest_substitution.cpp.o
[62.472s] [ 90%] Building CXX object tests/CMakeFiles/behaviortree_cpp_test.dir/script_parser_test.cpp.o
[68.725s] [ 91%] Building CXX object tests/CMakeFiles/behaviortree_cpp_test.dir/gtest_plugin_issue953.cpp.o
[68.725s] [ 91%] Building CXX object tests/CMakeFiles/behaviortree_cpp_test.dir/gtest_polymorphic_ports.cpp.o
[68.725s] [ 92%] Building CXX object tests/CMakeFiles/behaviortree_cpp_test.dir/gtest_simple_string.cpp.o
[68.725s] [ 93%] Building CXX object tests/CMakeFiles/behaviortree_cpp_test.dir/gtest_xml_null_subtree_id.cpp.o
[68.725s] [ 93%] Building CXX object tests/CMakeFiles/behaviortree_cpp_test.dir/gtest_blackboard_thread_safety.cpp.o
[71.415s] [ 96%] Building CXX object tests/CMakeFiles/behaviortree_cpp_test.dir/gtest_exception_tracking.cpp.o
[71.415s] [ 96%] Building CXX object tests/CMakeFiles/behaviortree_cpp_test.dir/gtest_updates.cpp.o
[71.415s] [ 96%] Building CXX object tests/CMakeFiles/behaviortree_cpp_test.dir/gtest_interface.cpp.o
[71.415s] [ 96%] Building CXX object tests/CMakeFiles/behaviortree_cpp_test.dir/gtest_wakeup.cpp.o
[71.415s] [ 96%] Building CXX object tests/CMakeFiles/behaviortree_cpp_test.dir/gtest_while_do_else.cpp.o
[72.790s] [ 97%] Building CXX object tests/CMakeFiles/behaviortree_cpp_test.dir/gtest_try_catch.cpp.o
[72.792s] [ 97%] Building CXX object tests/CMakeFiles/behaviortree_cpp_test.dir/gtest_tree.cpp.o
[72.794s] [ 98%] Building CXX object tests/CMakeFiles/behaviortree_cpp_test.dir/gtest_subtree.cpp.o
[72.801s] [ 99%] Building CXX object tests/CMakeFiles/behaviortree_cpp_test.dir/gtest_switch.cpp.o
[82.157s] [100%] Linking CXX executable behaviortree_cpp_test
[82.417s] [100%] Built target behaviortree_cpp_test
[82.430s] Invoked command in '/home/macho/navivest_ws/build/behaviortree_cpp' returned '0': CMAKE_PREFIX_PATH=${CMAKE_PREFIX_PATH}:/home/macho/navivest_ws/install/nav2_loopback_sim:/home/macho/navivest_ws/install/navivest_bringup:/home/macho/navivest_ws/install/bondpy:/home/macho/navivest_ws/install/navivest_guidance:/home/macho/navivest_ws/install/nav2_simple_commander:/opt/ros/jazzy DEBUGINFOD_URLS=https://debuginfod.ubuntu.com /usr/bin/cmake --build /home/macho/navivest_ws/build/behaviortree_cpp -- -j16 -l16
[82.430s] Invoking command in '/home/macho/navivest_ws/build/behaviortree_cpp': CMAKE_PREFIX_PATH=${CMAKE_PREFIX_PATH}:/home/macho/navivest_ws/install/nav2_loopback_sim:/home/macho/navivest_ws/install/navivest_bringup:/home/macho/navivest_ws/install/bondpy:/home/macho/navivest_ws/install/navivest_guidance:/home/macho/navivest_ws/install/nav2_simple_commander:/opt/ros/jazzy DEBUGINFOD_URLS=https://debuginfod.ubuntu.com /usr/bin/cmake --install /home/macho/navivest_ws/build/behaviortree_cpp
[82.440s] -- Install configuration: "Release"
[82.440s] -- Execute custom install script
[82.441s] -- Symlinking: /home/macho/navivest_ws/install/behaviortree_cpp/share/behaviortree_cpp/bt_plugins/libcrossdoor_nodes_dyn.so
[82.451s] -- Symlinking: /home/macho/navivest_ws/install/behaviortree_cpp/share/behaviortree_cpp/bt_plugins/libdummy_nodes_dyn.so
[82.459s] -- Symlinking: /home/macho/navivest_ws/install/behaviortree_cpp/share/behaviortree_cpp/bt_plugins/libmovebase_node_dyn.so
[82.468s] -- Symlinking: /home/macho/navivest_ws/install/behaviortree_cpp/bin/bt4_plugin_manifest
[82.479s] -- Symlinking: /home/macho/navivest_ws/install/behaviortree_cpp/bin/bt4_nodes_model
[82.489s] -- Symlinking: /home/macho/navivest_ws/install/behaviortree_cpp/share/behaviortree_cpp/environment/library_path.sh
[82.497s] -- Symlinking: /home/macho/navivest_ws/install/behaviortree_cpp/share/behaviortree_cpp/environment/library_path.dsv
[82.506s] -- Symlinking: /home/macho/navivest_ws/install/behaviortree_cpp/share/ament_index/resource_index/package_run_dependencies/behaviortree_cpp
[82.515s] -- Symlinking: /home/macho/navivest_ws/install/behaviortree_cpp/share/ament_index/resource_index/parent_prefix_path/behaviortree_cpp
[82.523s] -- Symlinking: /home/macho/navivest_ws/install/behaviortree_cpp/share/behaviortree_cpp/environment/ament_prefix_path.sh
[82.532s] -- Symlinking: /home/macho/navivest_ws/install/behaviortree_cpp/share/behaviortree_cpp/environment/ament_prefix_path.dsv
[82.541s] -- Symlinking: /home/macho/navivest_ws/install/behaviortree_cpp/share/behaviortree_cpp/environment/path.sh
[82.550s] -- Symlinking: /home/macho/navivest_ws/install/behaviortree_cpp/share/behaviortree_cpp/environment/path.dsv
[82.558s] -- Symlinking: /home/macho/navivest_ws/install/behaviortree_cpp/share/behaviortree_cpp/local_setup.bash
[82.567s] -- Symlinking: /home/macho/navivest_ws/install/behaviortree_cpp/share/behaviortree_cpp/local_setup.sh
[82.577s] -- Symlinking: /home/macho/navivest_ws/install/behaviortree_cpp/share/behaviortree_cpp/local_setup.zsh
[82.585s] -- Symlinking: /home/macho/navivest_ws/install/behaviortree_cpp/share/behaviortree_cpp/local_setup.dsv
[82.594s] -- Symlinking: /home/macho/navivest_ws/install/behaviortree_cpp/share/behaviortree_cpp/package.dsv
[82.603s] -- Symlinking: /home/macho/navivest_ws/install/behaviortree_cpp/share/ament_index/resource_index/packages/behaviortree_cpp
[82.612s] -- Symlinking: /home/macho/navivest_ws/install/behaviortree_cpp/share/behaviortree_cpp/cmake/ament_cmake_export_dependencies-extras.cmake
[82.620s] -- Symlinking: /home/macho/navivest_ws/install/behaviortree_cpp/share/behaviortree_cpp/cmake/ament_cmake_export_include_directories-extras.cmake
[82.629s] -- Symlinking: /home/macho/navivest_ws/install/behaviortree_cpp/share/behaviortree_cpp/cmake/ament_cmake_export_libraries-extras.cmake
[82.639s] -- Symlinking: /home/macho/navivest_ws/install/behaviortree_cpp/share/behaviortree_cpp/cmake/ament_cmake_export_targets-extras.cmake
[82.649s] -- Symlinking: /home/macho/navivest_ws/install/behaviortree_cpp/share/behaviortree_cpp/cmake/behaviortree_cppConfig.cmake
[82.658s] -- Symlinking: /home/macho/navivest_ws/install/behaviortree_cpp/share/behaviortree_cpp/cmake/behaviortree_cppConfig-version.cmake
[82.668s] -- Symlinking: /home/macho/navivest_ws/install/behaviortree_cpp/share/behaviortree_cpp/package.xml
[82.678s] -- Installing: /home/macho/navivest_ws/install/behaviortree_cpp/lib/libbehaviortree_cpp.so
[82.679s] -- Set non-toolchain portion of runtime path of "/home/macho/navivest_ws/install/behaviortree_cpp/lib/libbehaviortree_cpp.so" to ""
[82.680s] -- Installing: /home/macho/navivest_ws/install/behaviortree_cpp/include
[82.680s] -- Installing: /home/macho/navivest_ws/install/behaviortree_cpp/include/behaviortree_cpp
[82.680s] -- Installing: /home/macho/navivest_ws/install/behaviortree_cpp/include/behaviortree_cpp/utils
[82.680s] -- Installing: /home/macho/navivest_ws/install/behaviortree_cpp/include/behaviortree_cpp/utils/timer_queue.h
[82.680s] -- Installing: /home/macho/navivest_ws/install/behaviortree_cpp/include/behaviortree_cpp/utils/simple_string.hpp
[82.680s] -- Installing: /home/macho/navivest_ws/install/behaviortree_cpp/include/behaviortree_cpp/utils/shared_library.h
[82.680s] -- Installing: /home/macho/navivest_ws/install/behaviortree_cpp/include/behaviortree_cpp/utils/polymorphic_cast_registry.hpp
[82.680s] -- Installing: /home/macho/navivest_ws/install/behaviortree_cpp/include/behaviortree_cpp/utils/wildcards.hpp
[82.680s] -- Installing: /home/macho/navivest_ws/install/behaviortree_cpp/include/behaviortree_cpp/utils/wakeup_signal.hpp
[82.680s] -- Installing: /home/macho/navivest_ws/install/behaviortree_cpp/include/behaviortree_cpp/utils/demangle_util.h
[82.680s] -- Installing: /home/macho/navivest_ws/install/behaviortree_cpp/include/behaviortree_cpp/utils/signal.h
[82.680s] -- Installing: /home/macho/navivest_ws/install/behaviortree_cpp/include/behaviortree_cpp/utils/safe_any.hpp
[82.680s] -- Installing: /home/macho/navivest_ws/install/behaviortree_cpp/include/behaviortree_cpp/utils/locked_reference.hpp
[82.680s] -- Installing: /home/macho/navivest_ws/install/behaviortree_cpp/include/behaviortree_cpp/utils/convert_impl.hpp
[82.680s] -- Installing: /home/macho/navivest_ws/install/behaviortree_cpp/include/behaviortree_cpp/utils/strcat.hpp
[82.680s] -- Installing: /home/macho/navivest_ws/install/behaviortree_cpp/include/behaviortree_cpp/utils/platform.hpp
[82.680s] -- Installing: /home/macho/navivest_ws/install/behaviortree_cpp/include/behaviortree_cpp/xml_parsing.h
[82.681s] -- Installing: /home/macho/navivest_ws/install/behaviortree_cpp/include/behaviortree_cpp/decorator_node.h
[82.681s] -- Installing: /home/macho/navivest_ws/install/behaviortree_cpp/include/behaviortree_cpp/condition_node.h
[82.681s] -- Installing: /home/macho/navivest_ws/install/behaviortree_cpp/include/behaviortree_cpp/loggers
[82.681s] -- Installing: /home/macho/navivest_ws/install/behaviortree_cpp/include/behaviortree_cpp/loggers/bt_cout_logger.h
[82.681s] -- Installing: /home/macho/navivest_ws/install/behaviortree_cpp/include/behaviortree_cpp/loggers/bt_observer.h
[82.681s] -- Installing: /home/macho/navivest_ws/install/behaviortree_cpp/include/behaviortree_cpp/loggers/groot2_protocol.h
[82.681s] -- Installing: /home/macho/navivest_ws/install/behaviortree_cpp/include/behaviortree_cpp/loggers/abstract_logger.h
[82.681s] -- Installing: /home/macho/navivest_ws/install/behaviortree_cpp/include/behaviortree_cpp/loggers/bt_sqlite_logger.h
[82.681s] -- Installing: /home/macho/navivest_ws/install/behaviortree_cpp/include/behaviortree_cpp/loggers/bt_file_logger_v2.h
[82.681s] -- Installing: /home/macho/navivest_ws/install/behaviortree_cpp/include/behaviortree_cpp/loggers/bt_minitrace_logger.h
[82.681s] -- Installing: /home/macho/navivest_ws/install/behaviortree_cpp/include/behaviortree_cpp/loggers/groot2_publisher.h
[82.681s] -- Installing: /home/macho/navivest_ws/install/behaviortree_cpp/include/behaviortree_cpp/bt_parser.h
[82.681s] -- Installing: /home/macho/navivest_ws/install/behaviortree_cpp/include/behaviortree_cpp/behavior_tree.h
[82.682s] -- Installing: /home/macho/navivest_ws/install/behaviortree_cpp/include/behaviortree_cpp/control_node.h
[82.682s] -- Installing: /home/macho/navivest_ws/install/behaviortree_cpp/include/behaviortree_cpp/blackboard.h
[82.682s] -- Installing: /home/macho/navivest_ws/install/behaviortree_cpp/include/behaviortree_cpp/controls
[82.682s] -- Installing: /home/macho/navivest_ws/install/behaviortree_cpp/include/behaviortree_cpp/controls/reactive_sequence.h
[82.682s] -- Installing: /home/macho/navivest_ws/install/behaviortree_cpp/include/behaviortree_cpp/controls/try_catch_node.h
[82.682s] -- Installing: /home/macho/navivest_ws/install/behaviortree_cpp/include/behaviortree_cpp/controls/sequence_with_memory_node.h
[82.682s] -- Installing: /home/macho/navivest_ws/install/behaviortree_cpp/include/behaviortree_cpp/controls/fallback_node.h
[82.682s] -- Installing: /home/macho/navivest_ws/install/behaviortree_cpp/include/behaviortree_cpp/controls/while_do_else_node.h
[82.682s] -- Installing: /home/macho/navivest_ws/install/behaviortree_cpp/include/behaviortree_cpp/controls/parallel_all_node.h
[82.682s] -- Installing: /home/macho/navivest_ws/install/behaviortree_cpp/include/behaviortree_cpp/controls/parallel_node.h
[82.682s] -- Installing: /home/macho/navivest_ws/install/behaviortree_cpp/include/behaviortree_cpp/controls/switch_node.h
[82.682s] -- Installing: /home/macho/navivest_ws/install/behaviortree_cpp/include/behaviortree_cpp/controls/if_then_else_node.h
[82.683s] -- Installing: /home/macho/navivest_ws/install/behaviortree_cpp/include/behaviortree_cpp/controls/manual_node.h
[82.683s] -- Installing: /home/macho/navivest_ws/install/behaviortree_cpp/include/behaviortree_cpp/controls/sequence_node.h
[82.683s] -- Installing: /home/macho/navivest_ws/install/behaviortree_cpp/include/behaviortree_cpp/controls/reactive_fallback.h
[82.683s] -- Installing: /home/macho/navivest_ws/install/behaviortree_cpp/include/behaviortree_cpp/contrib
[82.683s] -- Installing: /home/macho/navivest_ws/install/behaviortree_cpp/include/behaviortree_cpp/contrib/any.hpp
[82.683s] -- Installing: /home/macho/navivest_ws/install/behaviortree_cpp/include/behaviortree_cpp/contrib/json.hpp
[82.684s] -- Installing: /home/macho/navivest_ws/install/behaviortree_cpp/include/behaviortree_cpp/contrib/magic_enum.hpp
[82.684s] -- Installing: /home/macho/navivest_ws/install/behaviortree_cpp/include/behaviortree_cpp/contrib/expected.hpp
[82.684s] -- Installing: /home/macho/navivest_ws/install/behaviortree_cpp/include/behaviortree_cpp/tree_node.h
[82.684s] -- Installing: /home/macho/navivest_ws/install/behaviortree_cpp/include/behaviortree_cpp/flatbuffers
[82.684s] -- Installing: /home/macho/navivest_ws/install/behaviortree_cpp/include/behaviortree_cpp/flatbuffers/bt_flatbuffer_helper.h
[82.684s] -- Installing: /home/macho/navivest_ws/install/behaviortree_cpp/include/behaviortree_cpp/exceptions.h
[82.685s] -- Installing: /home/macho/navivest_ws/install/behaviortree_cpp/include/behaviortree_cpp/action_node.h
[82.685s] -- Installing: /home/macho/navivest_ws/install/behaviortree_cpp/include/behaviortree_cpp/basic_types.h
[82.685s] -- Installing: /home/macho/navivest_ws/install/behaviortree_cpp/include/behaviortree_cpp/scripting
[82.685s] -- Installing: /home/macho/navivest_ws/install/behaviortree_cpp/include/behaviortree_cpp/scripting/any_types.hpp
[82.685s] -- Installing: /home/macho/navivest_ws/install/behaviortree_cpp/include/behaviortree_cpp/scripting/script_parser.hpp
[82.685s] -- Installing: /home/macho/navivest_ws/install/behaviortree_cpp/include/behaviortree_cpp/scripting/operators.hpp
[82.685s] -- Installing: /home/macho/navivest_ws/install/behaviortree_cpp/include/behaviortree_cpp/leaf_node.h
[82.685s] -- Installing: /home/macho/navivest_ws/install/behaviortree_cpp/include/behaviortree_cpp/bt_factory.h
[82.685s] -- Installing: /home/macho/navivest_ws/install/behaviortree_cpp/include/behaviortree_cpp/actions
[82.685s] -- Installing: /home/macho/navivest_ws/install/behaviortree_cpp/include/behaviortree_cpp/actions/updated_action.h
[82.685s] -- Installing: /home/macho/navivest_ws/install/behaviortree_cpp/include/behaviortree_cpp/actions/pop_from_queue.hpp
[82.686s] -- Installing: /home/macho/navivest_ws/install/behaviortree_cpp/include/behaviortree_cpp/actions/set_blackboard_node.h
[82.686s] -- Installing: /home/macho/navivest_ws/install/behaviortree_cpp/include/behaviortree_cpp/actions/script_node.h
[82.686s] -- Installing: /home/macho/navivest_ws/install/behaviortree_cpp/include/behaviortree_cpp/actions/always_success_node.h
[82.686s] -- Installing: /home/macho/navivest_ws/install/behaviortree_cpp/include/behaviortree_cpp/actions/always_failure_node.h
[82.686s] -- Installing: /home/macho/navivest_ws/install/behaviortree_cpp/include/behaviortree_cpp/actions/script_condition.h
[82.686s] -- Installing: /home/macho/navivest_ws/install/behaviortree_cpp/include/behaviortree_cpp/actions/unset_blackboard_node.h
[82.686s] -- Installing: /home/macho/navivest_ws/install/behaviortree_cpp/include/behaviortree_cpp/actions/sleep_node.h
[82.686s] -- Installing: /home/macho/navivest_ws/install/behaviortree_cpp/include/behaviortree_cpp/actions/test_node.h
[82.686s] -- Installing: /home/macho/navivest_ws/install/behaviortree_cpp/include/behaviortree_cpp/decorators
[82.686s] -- Installing: /home/macho/navivest_ws/install/behaviortree_cpp/include/behaviortree_cpp/decorators/inverter_node.h
[82.686s] -- Installing: /home/macho/navivest_ws/install/behaviortree_cpp/include/behaviortree_cpp/decorators/repeat_node.h
[82.687s] -- Installing: /home/macho/navivest_ws/install/behaviortree_cpp/include/behaviortree_cpp/decorators/force_success_node.h
[82.687s] -- Installing: /home/macho/navivest_ws/install/behaviortree_cpp/include/behaviortree_cpp/decorators/timeout_node.h
[82.687s] -- Installing: /home/macho/navivest_ws/install/behaviortree_cpp/include/behaviortree_cpp/decorators/subtree_node.h
[82.687s] -- Installing: /home/macho/navivest_ws/install/behaviortree_cpp/include/behaviortree_cpp/decorators/consume_queue.h
[82.687s] -- Installing: /home/macho/navivest_ws/install/behaviortree_cpp/include/behaviortree_cpp/decorators/loop_node.h
[82.687s] -- Installing: /home/macho/navivest_ws/install/behaviortree_cpp/include/behaviortree_cpp/decorators/keep_running_until_failure_node.h
[82.687s] -- Installing: /home/macho/navivest_ws/install/behaviortree_cpp/include/behaviortree_cpp/decorators/updated_decorator.h
[82.687s] -- Installing: /home/macho/navivest_ws/install/behaviortree_cpp/include/behaviortree_cpp/decorators/delay_node.h
[82.687s] -- Installing: /home/macho/navivest_ws/install/behaviortree_cpp/include/behaviortree_cpp/decorators/retry_node.h
[82.687s] -- Installing: /home/macho/navivest_ws/install/behaviortree_cpp/include/behaviortree_cpp/decorators/run_once_node.h
[82.687s] -- Installing: /home/macho/navivest_ws/install/behaviortree_cpp/include/behaviortree_cpp/decorators/script_precondition.h
[82.687s] -- Installing: /home/macho/navivest_ws/install/behaviortree_cpp/include/behaviortree_cpp/decorators/force_failure_node.h
[82.688s] -- Installing: /home/macho/navivest_ws/install/behaviortree_cpp/include/behaviortree_cpp/json_export.h
[82.688s] -- Installing: /home/macho/navivest_ws/install/behaviortree_cpp/share/behaviortree_cpp/cmake/behaviortree_cppTargetsExport.cmake
[82.688s] -- Installing: /home/macho/navivest_ws/install/behaviortree_cpp/share/behaviortree_cpp/cmake/behaviortree_cppTargetsExport-release.cmake
[82.690s] Invoked command in '/home/macho/navivest_ws/build/behaviortree_cpp' returned '0': CMAKE_PREFIX_PATH=${CMAKE_PREFIX_PATH}:/home/macho/navivest_ws/install/nav2_loopback_sim:/home/macho/navivest_ws/install/navivest_bringup:/home/macho/navivest_ws/install/bondpy:/home/macho/navivest_ws/install/navivest_guidance:/home/macho/navivest_ws/install/nav2_simple_commander:/opt/ros/jazzy DEBUGINFOD_URLS=https://debuginfod.ubuntu.com /usr/bin/cmake --install /home/macho/navivest_ws/build/behaviortree_cpp
