-- The C compiler identification is GNU 13.3.0
-- The CXX compiler identification is GNU 13.3.0
-- Detecting C compiler ABI info
-- Detecting C compiler ABI info - done
-- Check for working C compiler: /usr/bin/cc - skipped
-- Detecting C compile features
-- Detecting C compile features - done
-- Detecting CXX compiler ABI info
-- Detecting CXX compiler ABI info - done
-- Check for working CXX compiler: /usr/bin/c++ - skipped
-- Detecting CXX compile features
-- Detecting CXX compile features - done
-- Found ament_cmake: 2.5.6 (/opt/ros/jazzy/share/ament_cmake/cmake)
-- Found Python3: /usr/bin/python3 (found version "3.12.3") found components: Interpreter 
-- Override CMake install command with custom implementation using symlinks instead of copying resources
-- Found rosidl_default_generators: 1.6.0 (/opt/ros/jazzy/share/rosidl_default_generators/cmake)
-- Using all available rosidl_typesupport_c: rosidl_typesupport_fastrtps_c;rosidl_typesupport_introspection_c
-- Using all available rosidl_typesupport_cpp: rosidl_typesupport_fastrtps_cpp;rosidl_typesupport_introspection_cpp
-- Found rosidl_adapter: 4.6.7 (/opt/ros/jazzy/share/rosidl_adapter/cmake)
-- Found std_msgs: 5.3.7 (/opt/ros/jazzy/share/std_msgs/cmake)
-- Found ament_cmake_ros: 0.12.0 (/opt/ros/jazzy/share/ament_cmake_ros/cmake)
-- Using all available rosidl_typesupport_c: rosidl_typesupport_fastrtps_c;rosidl_typesupport_introspection_c
-- Using all available rosidl_typesupport_cpp: rosidl_typesupport_fastrtps_cpp;rosidl_typesupport_introspection_cpp
-- Found python_cmake_module: 0.11.1 (/opt/ros/jazzy/share/python_cmake_module/cmake)
-- Found PythonExtra: /usr/bin/python3  
-- Found Python3: /usr/bin/python3 (found version "3.12.3") found components: Interpreter Development NumPy Development.Module Development.Embed 
-- Found Python3: /usr/bin/python3 (found version "3.12.3") found components: Interpreter 
-- Configuring done (7.0s)
-- Generating done (0.1s)
-- Build files have been written to: /home/macho/navivest_ws/build/nmea_msgs
[  1%] Generating Rust code for ROS interfaces
[  1%] Generating type hashes for ROS interfaces
[  1%] Built target ament_cmake_python_symlink_nmea_msgs
running egg_info
creating nmea_msgs.egg-info
writing nmea_msgs.egg-info/PKG-INFO
writing dependency_links to nmea_msgs.egg-info/dependency_links.txt
writing top-level names to nmea_msgs.egg-info/top_level.txt
writing manifest file 'nmea_msgs.egg-info/SOURCES.txt'
reading manifest file 'nmea_msgs.egg-info/SOURCES.txt'
writing manifest file 'nmea_msgs.egg-info/SOURCES.txt'
[  1%] Built target ament_cmake_python_build_nmea_msgs_egg
[  1%] Built target nmea_msgs__rs
[  1%] Built target nmea_msgs__rosidl_generator_type_description
[  2%] Generating C code for ROS interfaces
[  2%] Generating C++ code for ROS interfaces
[  3%] Building C object CMakeFiles/nmea_msgs__rosidl_generator_c.dir/rosidl_generator_c/nmea_msgs/msg/detail/gpgga__description.c.o
[  4%] Building C object CMakeFiles/nmea_msgs__rosidl_generator_c.dir/rosidl_generator_c/nmea_msgs/msg/detail/sentence__description.c.o
[  5%] Building C object CMakeFiles/nmea_msgs__rosidl_generator_c.dir/rosidl_generator_c/nmea_msgs/msg/detail/gpgga__type_support.c.o
[  6%] Building C object CMakeFiles/nmea_msgs__rosidl_generator_c.dir/rosidl_generator_c/nmea_msgs/msg/detail/sentence__functions.c.o
[  6%] Building C object CMakeFiles/nmea_msgs__rosidl_generator_c.dir/rosidl_generator_c/nmea_msgs/msg/detail/sentence__type_support.c.o
[  8%] Building C object CMakeFiles/nmea_msgs__rosidl_generator_c.dir/rosidl_generator_c/nmea_msgs/msg/detail/gpgga__functions.c.o
[ 10%] Building C object CMakeFiles/nmea_msgs__rosidl_generator_c.dir/rosidl_generator_c/nmea_msgs/msg/detail/gpgsv__type_support.c.o
[ 10%] Building C object CMakeFiles/nmea_msgs__rosidl_generator_c.dir/rosidl_generator_c/nmea_msgs/msg/detail/gpgsv__description.c.o
[ 11%] Building C object CMakeFiles/nmea_msgs__rosidl_generator_c.dir/rosidl_generator_c/nmea_msgs/msg/detail/gpgst__functions.c.o
[ 12%] Building C object CMakeFiles/nmea_msgs__rosidl_generator_c.dir/rosidl_generator_c/nmea_msgs/msg/detail/gpgsv__functions.c.o
[ 13%] Building C object CMakeFiles/nmea_msgs__rosidl_generator_c.dir/rosidl_generator_c/nmea_msgs/msg/detail/gpgst__type_support.c.o
[ 10%] Building C object CMakeFiles/nmea_msgs__rosidl_generator_c.dir/rosidl_generator_c/nmea_msgs/msg/detail/gpgsa__description.c.o
[ 14%] Building C object CMakeFiles/nmea_msgs__rosidl_generator_c.dir/rosidl_generator_c/nmea_msgs/msg/detail/gpgsa__type_support.c.o
[ 14%] Building C object CMakeFiles/nmea_msgs__rosidl_generator_c.dir/rosidl_generator_c/nmea_msgs/msg/detail/gpgst__description.c.o
[ 10%] Building C object CMakeFiles/nmea_msgs__rosidl_generator_c.dir/rosidl_generator_c/nmea_msgs/msg/detail/gpgsa__functions.c.o
[ 15%] Building C object CMakeFiles/nmea_msgs__rosidl_generator_c.dir/rosidl_generator_c/nmea_msgs/msg/detail/gpgsv_satellite__description.c.o
[ 16%] Building C object CMakeFiles/nmea_msgs__rosidl_generator_c.dir/rosidl_generator_c/nmea_msgs/msg/detail/gpgsv_satellite__functions.c.o
[ 16%] Building C object CMakeFiles/nmea_msgs__rosidl_generator_c.dir/rosidl_generator_c/nmea_msgs/msg/detail/gpgsv_satellite__type_support.c.o
[ 17%] Building C object CMakeFiles/nmea_msgs__rosidl_generator_c.dir/rosidl_generator_c/nmea_msgs/msg/detail/gprmc__functions.c.o
[ 18%] Building C object CMakeFiles/nmea_msgs__rosidl_generator_c.dir/rosidl_generator_c/nmea_msgs/msg/detail/gprmc__description.c.o
[ 19%] Building C object CMakeFiles/nmea_msgs__rosidl_generator_c.dir/rosidl_generator_c/nmea_msgs/msg/detail/gprmc__type_support.c.o
[ 20%] Building C object CMakeFiles/nmea_msgs__rosidl_generator_c.dir/rosidl_generator_c/nmea_msgs/msg/detail/gpvtg__description.c.o
[ 20%] Building C object CMakeFiles/nmea_msgs__rosidl_generator_c.dir/rosidl_generator_c/nmea_msgs/msg/detail/gpvtg__functions.c.o
[ 22%] Building C object CMakeFiles/nmea_msgs__rosidl_generator_c.dir/rosidl_generator_c/nmea_msgs/msg/detail/gpvtg__type_support.c.o
[ 21%] Building C object CMakeFiles/nmea_msgs__rosidl_generator_c.dir/rosidl_generator_c/nmea_msgs/msg/detail/gpzda__description.c.o
[ 23%] Building C object CMakeFiles/nmea_msgs__rosidl_generator_c.dir/rosidl_generator_c/nmea_msgs/msg/detail/gpzda__functions.c.o
[ 23%] Building C object CMakeFiles/nmea_msgs__rosidl_generator_c.dir/rosidl_generator_c/nmea_msgs/msg/detail/gphdt__description.c.o
[ 24%] Building C object CMakeFiles/nmea_msgs__rosidl_generator_c.dir/rosidl_generator_c/nmea_msgs/msg/detail/gpzda__type_support.c.o
[ 25%] Building C object CMakeFiles/nmea_msgs__rosidl_generator_c.dir/rosidl_generator_c/nmea_msgs/msg/detail/gphdt__type_support.c.o
[ 26%] Building C object CMakeFiles/nmea_msgs__rosidl_generator_c.dir/rosidl_generator_c/nmea_msgs/msg/detail/gphdt__functions.c.o
[ 27%] Linking C shared library libnmea_msgs__rosidl_generator_c.so
[ 27%] Built target nmea_msgs__cpp
[ 27%] Built target nmea_msgs__rosidl_generator_c
[ 28%] Generating C type support dispatch for ROS interfaces
[ 27%] Generating C type support for eProsima Fast-RTPS
[ 30%] Generating C++ type support dispatch for ROS interfaces
[ 31%] Generating C++ type support for eProsima Fast-RTPS
[ 29%] Generating C++ introspection for ROS interfaces
[ 32%] Generating C introspection for ROS interfaces
[ 33%] Building CXX object CMakeFiles/nmea_msgs__rosidl_typesupport_introspection_cpp.dir/rosidl_typesupport_introspection_cpp/nmea_msgs/msg/detail/sentence__type_support.cpp.o
[ 34%] Building CXX object CMakeFiles/nmea_msgs__rosidl_typesupport_introspection_cpp.dir/rosidl_typesupport_introspection_cpp/nmea_msgs/msg/detail/gpgsv__type_support.cpp.o
[ 35%] Building CXX object CMakeFiles/nmea_msgs__rosidl_typesupport_introspection_cpp.dir/rosidl_typesupport_introspection_cpp/nmea_msgs/msg/detail/gpgga__type_support.cpp.o
[ 36%] Building CXX object CMakeFiles/nmea_msgs__rosidl_typesupport_introspection_cpp.dir/rosidl_typesupport_introspection_cpp/nmea_msgs/msg/detail/gpgsv_satellite__type_support.cpp.o
[ 36%] Building CXX object CMakeFiles/nmea_msgs__rosidl_typesupport_introspection_cpp.dir/rosidl_typesupport_introspection_cpp/nmea_msgs/msg/detail/gpgst__type_support.cpp.o
[ 37%] Building CXX object CMakeFiles/nmea_msgs__rosidl_typesupport_introspection_cpp.dir/rosidl_typesupport_introspection_cpp/nmea_msgs/msg/detail/gpgsa__type_support.cpp.o
[ 37%] Building CXX object CMakeFiles/nmea_msgs__rosidl_typesupport_introspection_cpp.dir/rosidl_typesupport_introspection_cpp/nmea_msgs/msg/detail/gpzda__type_support.cpp.o
[ 38%] Building CXX object CMakeFiles/nmea_msgs__rosidl_typesupport_introspection_cpp.dir/rosidl_typesupport_introspection_cpp/nmea_msgs/msg/detail/gphdt__type_support.cpp.o
[ 39%] Building CXX object CMakeFiles/nmea_msgs__rosidl_typesupport_introspection_cpp.dir/rosidl_typesupport_introspection_cpp/nmea_msgs/msg/detail/gpvtg__type_support.cpp.o
[ 40%] Building CXX object CMakeFiles/nmea_msgs__rosidl_typesupport_introspection_cpp.dir/rosidl_typesupport_introspection_cpp/nmea_msgs/msg/detail/gprmc__type_support.cpp.o
[ 41%] Building CXX object CMakeFiles/nmea_msgs__rosidl_typesupport_cpp.dir/rosidl_typesupport_cpp/nmea_msgs/msg/sentence__type_support.cpp.o
[ 41%] Building CXX object CMakeFiles/nmea_msgs__rosidl_typesupport_cpp.dir/rosidl_typesupport_cpp/nmea_msgs/msg/gpgga__type_support.cpp.o
[ 42%] Building CXX object CMakeFiles/nmea_msgs__rosidl_typesupport_cpp.dir/rosidl_typesupport_cpp/nmea_msgs/msg/gpgsa__type_support.cpp.o
[ 43%] Building CXX object CMakeFiles/nmea_msgs__rosidl_typesupport_cpp.dir/rosidl_typesupport_cpp/nmea_msgs/msg/gpgst__type_support.cpp.o
[ 44%] Building CXX object CMakeFiles/nmea_msgs__rosidl_typesupport_cpp.dir/rosidl_typesupport_cpp/nmea_msgs/msg/gpgsv__type_support.cpp.o
[ 45%] Building CXX object CMakeFiles/nmea_msgs__rosidl_typesupport_cpp.dir/rosidl_typesupport_cpp/nmea_msgs/msg/gpgsv_satellite__type_support.cpp.o
[ 45%] Building CXX object CMakeFiles/nmea_msgs__rosidl_typesupport_cpp.dir/rosidl_typesupport_cpp/nmea_msgs/msg/gprmc__type_support.cpp.o
[ 46%] Building CXX object CMakeFiles/nmea_msgs__rosidl_typesupport_cpp.dir/rosidl_typesupport_cpp/nmea_msgs/msg/gpvtg__type_support.cpp.o
[ 47%] Building CXX object CMakeFiles/nmea_msgs__rosidl_typesupport_cpp.dir/rosidl_typesupport_cpp/nmea_msgs/msg/gpzda__type_support.cpp.o
[ 48%] Building CXX object CMakeFiles/nmea_msgs__rosidl_typesupport_cpp.dir/rosidl_typesupport_cpp/nmea_msgs/msg/gphdt__type_support.cpp.o
[ 49%] Linking CXX shared library libnmea_msgs__rosidl_typesupport_introspection_cpp.so
[ 50%] Building CXX object CMakeFiles/nmea_msgs__rosidl_typesupport_fastrtps_c.dir/rosidl_typesupport_fastrtps_c/nmea_msgs/msg/detail/gpgga__type_support_c.cpp.o
[ 51%] Building CXX object CMakeFiles/nmea_msgs__rosidl_typesupport_fastrtps_c.dir/rosidl_typesupport_fastrtps_c/nmea_msgs/msg/detail/gpgsa__type_support_c.cpp.o
[ 52%] Building CXX object CMakeFiles/nmea_msgs__rosidl_typesupport_fastrtps_c.dir/rosidl_typesupport_fastrtps_c/nmea_msgs/msg/detail/gpgst__type_support_c.cpp.o
[ 53%] Building CXX object CMakeFiles/nmea_msgs__rosidl_typesupport_fastrtps_c.dir/rosidl_typesupport_fastrtps_c/nmea_msgs/msg/detail/sentence__type_support_c.cpp.o
[ 54%] Building CXX object CMakeFiles/nmea_msgs__rosidl_typesupport_c.dir/rosidl_typesupport_c/nmea_msgs/msg/sentence__type_support.cpp.o
[ 54%] Building CXX object CMakeFiles/nmea_msgs__rosidl_typesupport_fastrtps_c.dir/rosidl_typesupport_fastrtps_c/nmea_msgs/msg/detail/gpgsv__type_support_c.cpp.o
[ 54%] Built target nmea_msgs__rosidl_typesupport_introspection_cpp
[ 55%] Building CXX object CMakeFiles/nmea_msgs__rosidl_typesupport_c.dir/rosidl_typesupport_c/nmea_msgs/msg/gpgga__type_support.cpp.o
[ 56%] Building CXX object CMakeFiles/nmea_msgs__rosidl_typesupport_fastrtps_c.dir/rosidl_typesupport_fastrtps_c/nmea_msgs/msg/detail/gpgsv_satellite__type_support_c.cpp.o
[ 57%] Building CXX object CMakeFiles/nmea_msgs__rosidl_typesupport_c.dir/rosidl_typesupport_c/nmea_msgs/msg/gpgsa__type_support.cpp.o
[ 58%] Building CXX object CMakeFiles/nmea_msgs__rosidl_typesupport_fastrtps_c.dir/rosidl_typesupport_fastrtps_c/nmea_msgs/msg/detail/gprmc__type_support_c.cpp.o
[ 58%] Building CXX object CMakeFiles/nmea_msgs__rosidl_typesupport_c.dir/rosidl_typesupport_c/nmea_msgs/msg/gpgst__type_support.cpp.o
[ 59%] Building CXX object CMakeFiles/nmea_msgs__rosidl_typesupport_fastrtps_c.dir/rosidl_typesupport_fastrtps_c/nmea_msgs/msg/detail/gpvtg__type_support_c.cpp.o
[ 60%] Building CXX object CMakeFiles/nmea_msgs__rosidl_typesupport_c.dir/rosidl_typesupport_c/nmea_msgs/msg/gpgsv__type_support.cpp.o
[ 61%] Building CXX object CMakeFiles/nmea_msgs__rosidl_typesupport_c.dir/rosidl_typesupport_c/nmea_msgs/msg/gpgsv_satellite__type_support.cpp.o
[ 62%] Building CXX object CMakeFiles/nmea_msgs__rosidl_typesupport_c.dir/rosidl_typesupport_c/nmea_msgs/msg/gprmc__type_support.cpp.o
[ 63%] Building CXX object CMakeFiles/nmea_msgs__rosidl_typesupport_fastrtps_c.dir/rosidl_typesupport_fastrtps_c/nmea_msgs/msg/detail/gpzda__type_support_c.cpp.o
[ 64%] Building CXX object CMakeFiles/nmea_msgs__rosidl_typesupport_c.dir/rosidl_typesupport_c/nmea_msgs/msg/gpvtg__type_support.cpp.o
[ 64%] Building CXX object CMakeFiles/nmea_msgs__rosidl_typesupport_c.dir/rosidl_typesupport_c/nmea_msgs/msg/gpzda__type_support.cpp.o
[ 65%] Building CXX object CMakeFiles/nmea_msgs__rosidl_typesupport_c.dir/rosidl_typesupport_c/nmea_msgs/msg/gphdt__type_support.cpp.o
[ 65%] Building CXX object CMakeFiles/nmea_msgs__rosidl_typesupport_fastrtps_c.dir/rosidl_typesupport_fastrtps_c/nmea_msgs/msg/detail/gphdt__type_support_c.cpp.o
[ 66%] Linking CXX shared library libnmea_msgs__rosidl_typesupport_cpp.so
[ 66%] Building C object CMakeFiles/nmea_msgs__rosidl_typesupport_introspection_c.dir/rosidl_typesupport_introspection_c/nmea_msgs/msg/detail/sentence__type_support.c.o
[ 67%] Building C object CMakeFiles/nmea_msgs__rosidl_typesupport_introspection_c.dir/rosidl_typesupport_introspection_c/nmea_msgs/msg/detail/gpgga__type_support.c.o
[ 68%] Linking CXX shared library libnmea_msgs__rosidl_typesupport_c.so
[ 69%] Building C object CMakeFiles/nmea_msgs__rosidl_typesupport_introspection_c.dir/rosidl_typesupport_introspection_c/nmea_msgs/msg/detail/gpgst__type_support.c.o
[ 70%] Building CXX object CMakeFiles/nmea_msgs__rosidl_typesupport_fastrtps_cpp.dir/rosidl_typesupport_fastrtps_cpp/nmea_msgs/msg/detail/dds_fastrtps/sentence__type_support.cpp.o
[ 71%] Building C object CMakeFiles/nmea_msgs__rosidl_typesupport_introspection_c.dir/rosidl_typesupport_introspection_c/nmea_msgs/msg/detail/gpgsa__type_support.c.o
[ 71%] Built target nmea_msgs__rosidl_typesupport_cpp
[ 72%] Building C object CMakeFiles/nmea_msgs__rosidl_typesupport_introspection_c.dir/rosidl_typesupport_introspection_c/nmea_msgs/msg/detail/gpgsv__type_support.c.o
[ 72%] Building C object CMakeFiles/nmea_msgs__rosidl_typesupport_introspection_c.dir/rosidl_typesupport_introspection_c/nmea_msgs/msg/detail/gpgsv_satellite__type_support.c.o
[ 73%] Building C object CMakeFiles/nmea_msgs__rosidl_typesupport_introspection_c.dir/rosidl_typesupport_introspection_c/nmea_msgs/msg/detail/gprmc__type_support.c.o
[ 74%] Building C object CMakeFiles/nmea_msgs__rosidl_typesupport_introspection_c.dir/rosidl_typesupport_introspection_c/nmea_msgs/msg/detail/gpvtg__type_support.c.o
[ 75%] Building C object CMakeFiles/nmea_msgs__rosidl_typesupport_introspection_c.dir/rosidl_typesupport_introspection_c/nmea_msgs/msg/detail/gpzda__type_support.c.o
[ 75%] Built target nmea_msgs__rosidl_typesupport_c
[ 76%] Building CXX object CMakeFiles/nmea_msgs__rosidl_typesupport_fastrtps_cpp.dir/rosidl_typesupport_fastrtps_cpp/nmea_msgs/msg/detail/dds_fastrtps/gpgga__type_support.cpp.o
[ 76%] Building CXX object CMakeFiles/nmea_msgs__rosidl_typesupport_fastrtps_cpp.dir/rosidl_typesupport_fastrtps_cpp/nmea_msgs/msg/detail/dds_fastrtps/gpgsa__type_support.cpp.o
[ 77%] Building CXX object CMakeFiles/nmea_msgs__rosidl_typesupport_fastrtps_cpp.dir/rosidl_typesupport_fastrtps_cpp/nmea_msgs/msg/detail/dds_fastrtps/gpgst__type_support.cpp.o
[ 78%] Building C object CMakeFiles/nmea_msgs__rosidl_typesupport_introspection_c.dir/rosidl_typesupport_introspection_c/nmea_msgs/msg/detail/gphdt__type_support.c.o
[ 79%] Building CXX object CMakeFiles/nmea_msgs__rosidl_typesupport_fastrtps_cpp.dir/rosidl_typesupport_fastrtps_cpp/nmea_msgs/msg/detail/dds_fastrtps/gpgsv__type_support.cpp.o
[ 80%] Building CXX object CMakeFiles/nmea_msgs__rosidl_typesupport_fastrtps_cpp.dir/rosidl_typesupport_fastrtps_cpp/nmea_msgs/msg/detail/dds_fastrtps/gpgsv_satellite__type_support.cpp.o
[ 81%] Building CXX object CMakeFiles/nmea_msgs__rosidl_typesupport_fastrtps_cpp.dir/rosidl_typesupport_fastrtps_cpp/nmea_msgs/msg/detail/dds_fastrtps/gprmc__type_support.cpp.o
[ 81%] Building CXX object CMakeFiles/nmea_msgs__rosidl_typesupport_fastrtps_cpp.dir/rosidl_typesupport_fastrtps_cpp/nmea_msgs/msg/detail/dds_fastrtps/gpvtg__type_support.cpp.o
[ 81%] Linking C shared library libnmea_msgs__rosidl_typesupport_introspection_c.so
[ 82%] Building CXX object CMakeFiles/nmea_msgs__rosidl_typesupport_fastrtps_cpp.dir/rosidl_typesupport_fastrtps_cpp/nmea_msgs/msg/detail/dds_fastrtps/gpzda__type_support.cpp.o
[ 82%] Built target nmea_msgs__rosidl_typesupport_introspection_c
[ 83%] Building CXX object CMakeFiles/nmea_msgs__rosidl_typesupport_fastrtps_cpp.dir/rosidl_typesupport_fastrtps_cpp/nmea_msgs/msg/detail/dds_fastrtps/gphdt__type_support.cpp.o
[ 84%] Linking CXX shared library libnmea_msgs__rosidl_typesupport_fastrtps_c.so
[ 84%] Built target nmea_msgs__rosidl_typesupport_fastrtps_c
[ 85%] Linking CXX shared library libnmea_msgs__rosidl_typesupport_fastrtps_cpp.so
[ 85%] Built target nmea_msgs__rosidl_typesupport_fastrtps_cpp
[ 85%] Built target nmea_msgs
[ 86%] Generating Python code for ROS interfaces
[ 86%] Built target nmea_msgs__py
[ 88%] Building C object CMakeFiles/nmea_msgs__rosidl_generator_py.dir/rosidl_generator_py/nmea_msgs/msg/_gpgst_s.c.o
[ 87%] Building C object CMakeFiles/nmea_msgs__rosidl_generator_py.dir/rosidl_generator_py/nmea_msgs/msg/_gpgsa_s.c.o
[ 89%] Building C object CMakeFiles/nmea_msgs__rosidl_generator_py.dir/rosidl_generator_py/nmea_msgs/msg/_gpgsv_s.c.o
[ 90%] Building C object CMakeFiles/nmea_msgs__rosidl_generator_py.dir/rosidl_generator_py/nmea_msgs/msg/_sentence_s.c.o
[ 90%] Building C object CMakeFiles/nmea_msgs__rosidl_generator_py.dir/rosidl_generator_py/nmea_msgs/msg/_gpgga_s.c.o
[ 91%] Building C object CMakeFiles/nmea_msgs__rosidl_generator_py.dir/rosidl_generator_py/nmea_msgs/msg/_gpvtg_s.c.o
[ 91%] Building C object CMakeFiles/nmea_msgs__rosidl_generator_py.dir/rosidl_generator_py/nmea_msgs/msg/_gprmc_s.c.o
[ 92%] Building C object CMakeFiles/nmea_msgs__rosidl_generator_py.dir/rosidl_generator_py/nmea_msgs/msg/_gpgsv_satellite_s.c.o
[ 93%] Building C object CMakeFiles/nmea_msgs__rosidl_generator_py.dir/rosidl_generator_py/nmea_msgs/msg/_gpzda_s.c.o
[ 94%] Building C object CMakeFiles/nmea_msgs__rosidl_generator_py.dir/rosidl_generator_py/nmea_msgs/msg/_gphdt_s.c.o
[ 95%] Linking C shared library libnmea_msgs__rosidl_generator_py.so
[ 95%] Built target nmea_msgs__rosidl_generator_py
[ 96%] Building C object CMakeFiles/nmea_msgs_s__rosidl_typesupport_fastrtps_c.dir/rosidl_generator_py/nmea_msgs/_nmea_msgs_s.ep.rosidl_typesupport_fastrtps_c.c.o
[ 97%] Building C object CMakeFiles/nmea_msgs_s__rosidl_typesupport_c.dir/rosidl_generator_py/nmea_msgs/_nmea_msgs_s.ep.rosidl_typesupport_c.c.o
[ 98%] Building C object CMakeFiles/nmea_msgs_s__rosidl_typesupport_introspection_c.dir/rosidl_generator_py/nmea_msgs/_nmea_msgs_s.ep.rosidl_typesupport_introspection_c.c.o
[ 99%] Linking C shared module rosidl_generator_py/nmea_msgs/nmea_msgs_s__rosidl_typesupport_fastrtps_c.so
[ 99%] Linking C shared module rosidl_generator_py/nmea_msgs/nmea_msgs_s__rosidl_typesupport_c.so
[100%] Linking C shared module rosidl_generator_py/nmea_msgs/nmea_msgs_s__rosidl_typesupport_introspection_c.so
[100%] Built target nmea_msgs_s__rosidl_typesupport_fastrtps_c
[100%] Built target nmea_msgs_s__rosidl_typesupport_c
[100%] Built target nmea_msgs_s__rosidl_typesupport_introspection_c
-- Install configuration: ""
-- Execute custom install script
-- Symlinking: /home/macho/navivest_ws/install/nmea_msgs/share/ament_index/resource_index/rosidl_interfaces/nmea_msgs
-- Symlinking: /home/macho/navivest_ws/install/nmea_msgs/share/nmea_msgs/msg/Sentence.json
-- Symlinking: /home/macho/navivest_ws/install/nmea_msgs/share/nmea_msgs/msg/Gpgga.json
-- Symlinking: /home/macho/navivest_ws/install/nmea_msgs/share/nmea_msgs/msg/Gpgsa.json
-- Symlinking: /home/macho/navivest_ws/install/nmea_msgs/share/nmea_msgs/msg/Gpgst.json
-- Symlinking: /home/macho/navivest_ws/install/nmea_msgs/share/nmea_msgs/msg/Gpgsv.json
-- Symlinking: /home/macho/navivest_ws/install/nmea_msgs/share/nmea_msgs/msg/GpgsvSatellite.json
-- Symlinking: /home/macho/navivest_ws/install/nmea_msgs/share/nmea_msgs/msg/Gprmc.json
-- Symlinking: /home/macho/navivest_ws/install/nmea_msgs/share/nmea_msgs/msg/Gpvtg.json
-- Symlinking: /home/macho/navivest_ws/install/nmea_msgs/share/nmea_msgs/msg/Gpzda.json
-- Symlinking: /home/macho/navivest_ws/install/nmea_msgs/share/nmea_msgs/msg/Gphdt.json
-- Symlinking: /home/macho/navivest_ws/install/nmea_msgs/include/nmea_msgs/nmea_msgs/msg/detail/gpgga__functions.h
-- Symlinking: /home/macho/navivest_ws/install/nmea_msgs/include/nmea_msgs/nmea_msgs/msg/detail/gpgga__struct.h
-- Symlinking: /home/macho/navivest_ws/install/nmea_msgs/include/nmea_msgs/nmea_msgs/msg/detail/gpgga__type_support.h
-- Symlinking: /home/macho/navivest_ws/install/nmea_msgs/include/nmea_msgs/nmea_msgs/msg/detail/gpgsa__functions.h
-- Symlinking: /home/macho/navivest_ws/install/nmea_msgs/include/nmea_msgs/nmea_msgs/msg/detail/gpgsa__struct.h
-- Symlinking: /home/macho/navivest_ws/install/nmea_msgs/include/nmea_msgs/nmea_msgs/msg/detail/gpgsa__type_support.h
-- Symlinking: /home/macho/navivest_ws/install/nmea_msgs/include/nmea_msgs/nmea_msgs/msg/detail/gpgst__functions.h
-- Symlinking: /home/macho/navivest_ws/install/nmea_msgs/include/nmea_msgs/nmea_msgs/msg/detail/gpgst__struct.h
-- Symlinking: /home/macho/navivest_ws/install/nmea_msgs/include/nmea_msgs/nmea_msgs/msg/detail/gpgst__type_support.h
-- Symlinking: /home/macho/navivest_ws/install/nmea_msgs/include/nmea_msgs/nmea_msgs/msg/detail/gpgsv__functions.h
-- Symlinking: /home/macho/navivest_ws/install/nmea_msgs/include/nmea_msgs/nmea_msgs/msg/detail/gpgsv__struct.h
-- Symlinking: /home/macho/navivest_ws/install/nmea_msgs/include/nmea_msgs/nmea_msgs/msg/detail/gpgsv__type_support.h
-- Symlinking: /home/macho/navivest_ws/install/nmea_msgs/include/nmea_msgs/nmea_msgs/msg/detail/gpgsv_satellite__functions.h
-- Symlinking: /home/macho/navivest_ws/install/nmea_msgs/include/nmea_msgs/nmea_msgs/msg/detail/gpgsv_satellite__struct.h
-- Symlinking: /home/macho/navivest_ws/install/nmea_msgs/include/nmea_msgs/nmea_msgs/msg/detail/gpgsv_satellite__type_support.h
-- Symlinking: /home/macho/navivest_ws/install/nmea_msgs/include/nmea_msgs/nmea_msgs/msg/detail/gphdt__functions.h
-- Symlinking: /home/macho/navivest_ws/install/nmea_msgs/include/nmea_msgs/nmea_msgs/msg/detail/gphdt__struct.h
-- Symlinking: /home/macho/navivest_ws/install/nmea_msgs/include/nmea_msgs/nmea_msgs/msg/detail/gphdt__type_support.h
-- Symlinking: /home/macho/navivest_ws/install/nmea_msgs/include/nmea_msgs/nmea_msgs/msg/detail/gprmc__functions.h
-- Symlinking: /home/macho/navivest_ws/install/nmea_msgs/include/nmea_msgs/nmea_msgs/msg/detail/gprmc__struct.h
-- Symlinking: /home/macho/navivest_ws/install/nmea_msgs/include/nmea_msgs/nmea_msgs/msg/detail/gprmc__type_support.h
-- Symlinking: /home/macho/navivest_ws/install/nmea_msgs/include/nmea_msgs/nmea_msgs/msg/detail/gpvtg__functions.h
-- Symlinking: /home/macho/navivest_ws/install/nmea_msgs/include/nmea_msgs/nmea_msgs/msg/detail/gpvtg__struct.h
-- Symlinking: /home/macho/navivest_ws/install/nmea_msgs/include/nmea_msgs/nmea_msgs/msg/detail/gpvtg__type_support.h
-- Symlinking: /home/macho/navivest_ws/install/nmea_msgs/include/nmea_msgs/nmea_msgs/msg/detail/gpzda__functions.h
-- Symlinking: /home/macho/navivest_ws/install/nmea_msgs/include/nmea_msgs/nmea_msgs/msg/detail/gpzda__struct.h
-- Symlinking: /home/macho/navivest_ws/install/nmea_msgs/include/nmea_msgs/nmea_msgs/msg/detail/gpzda__type_support.h
-- Symlinking: /home/macho/navivest_ws/install/nmea_msgs/include/nmea_msgs/nmea_msgs/msg/detail/sentence__functions.h
-- Symlinking: /home/macho/navivest_ws/install/nmea_msgs/include/nmea_msgs/nmea_msgs/msg/detail/sentence__struct.h
-- Symlinking: /home/macho/navivest_ws/install/nmea_msgs/include/nmea_msgs/nmea_msgs/msg/detail/sentence__type_support.h
-- Symlinking: /home/macho/navivest_ws/install/nmea_msgs/include/nmea_msgs/nmea_msgs/msg/gpgga.h
-- Symlinking: /home/macho/navivest_ws/install/nmea_msgs/include/nmea_msgs/nmea_msgs/msg/gpgsa.h
-- Symlinking: /home/macho/navivest_ws/install/nmea_msgs/include/nmea_msgs/nmea_msgs/msg/gpgst.h
-- Symlinking: /home/macho/navivest_ws/install/nmea_msgs/include/nmea_msgs/nmea_msgs/msg/gpgsv.h
-- Symlinking: /home/macho/navivest_ws/install/nmea_msgs/include/nmea_msgs/nmea_msgs/msg/gpgsv_satellite.h
-- Symlinking: /home/macho/navivest_ws/install/nmea_msgs/include/nmea_msgs/nmea_msgs/msg/gphdt.h
-- Symlinking: /home/macho/navivest_ws/install/nmea_msgs/include/nmea_msgs/nmea_msgs/msg/gprmc.h
-- Symlinking: /home/macho/navivest_ws/install/nmea_msgs/include/nmea_msgs/nmea_msgs/msg/gpvtg.h
-- Symlinking: /home/macho/navivest_ws/install/nmea_msgs/include/nmea_msgs/nmea_msgs/msg/gpzda.h
-- Symlinking: /home/macho/navivest_ws/install/nmea_msgs/include/nmea_msgs/nmea_msgs/msg/rosidl_generator_c__visibility_control.h
-- Symlinking: /home/macho/navivest_ws/install/nmea_msgs/include/nmea_msgs/nmea_msgs/msg/sentence.h
-- Symlinking: /home/macho/navivest_ws/install/nmea_msgs/share/nmea_msgs/environment/library_path.sh
-- Symlinking: /home/macho/navivest_ws/install/nmea_msgs/share/nmea_msgs/environment/library_path.dsv
-- Symlinking: /home/macho/navivest_ws/install/nmea_msgs/include/nmea_msgs/nmea_msgs/msg/detail/gpgga__rosidl_typesupport_fastrtps_c.h
-- Symlinking: /home/macho/navivest_ws/install/nmea_msgs/include/nmea_msgs/nmea_msgs/msg/detail/gpgsa__rosidl_typesupport_fastrtps_c.h
-- Symlinking: /home/macho/navivest_ws/install/nmea_msgs/include/nmea_msgs/nmea_msgs/msg/detail/gpgst__rosidl_typesupport_fastrtps_c.h
-- Symlinking: /home/macho/navivest_ws/install/nmea_msgs/include/nmea_msgs/nmea_msgs/msg/detail/gpgsv__rosidl_typesupport_fastrtps_c.h
-- Symlinking: /home/macho/navivest_ws/install/nmea_msgs/include/nmea_msgs/nmea_msgs/msg/detail/gpgsv_satellite__rosidl_typesupport_fastrtps_c.h
-- Symlinking: /home/macho/navivest_ws/install/nmea_msgs/include/nmea_msgs/nmea_msgs/msg/detail/gphdt__rosidl_typesupport_fastrtps_c.h
-- Symlinking: /home/macho/navivest_ws/install/nmea_msgs/include/nmea_msgs/nmea_msgs/msg/detail/gprmc__rosidl_typesupport_fastrtps_c.h
-- Symlinking: /home/macho/navivest_ws/install/nmea_msgs/include/nmea_msgs/nmea_msgs/msg/detail/gpvtg__rosidl_typesupport_fastrtps_c.h
-- Symlinking: /home/macho/navivest_ws/install/nmea_msgs/include/nmea_msgs/nmea_msgs/msg/detail/gpzda__rosidl_typesupport_fastrtps_c.h
-- Symlinking: /home/macho/navivest_ws/install/nmea_msgs/include/nmea_msgs/nmea_msgs/msg/detail/sentence__rosidl_typesupport_fastrtps_c.h
-- Symlinking: /home/macho/navivest_ws/install/nmea_msgs/include/nmea_msgs/nmea_msgs/msg/rosidl_typesupport_fastrtps_c__visibility_control.h
-- Symlinking: /home/macho/navivest_ws/install/nmea_msgs/include/nmea_msgs/nmea_msgs/msg/detail/gpgga__rosidl_typesupport_introspection_c.h
-- Symlinking: /home/macho/navivest_ws/install/nmea_msgs/include/nmea_msgs/nmea_msgs/msg/detail/gpgsa__rosidl_typesupport_introspection_c.h
-- Symlinking: /home/macho/navivest_ws/install/nmea_msgs/include/nmea_msgs/nmea_msgs/msg/detail/gpgst__rosidl_typesupport_introspection_c.h
-- Symlinking: /home/macho/navivest_ws/install/nmea_msgs/include/nmea_msgs/nmea_msgs/msg/detail/gpgsv__rosidl_typesupport_introspection_c.h
-- Symlinking: /home/macho/navivest_ws/install/nmea_msgs/include/nmea_msgs/nmea_msgs/msg/detail/gpgsv_satellite__rosidl_typesupport_introspection_c.h
-- Symlinking: /home/macho/navivest_ws/install/nmea_msgs/include/nmea_msgs/nmea_msgs/msg/detail/gphdt__rosidl_typesupport_introspection_c.h
-- Symlinking: /home/macho/navivest_ws/install/nmea_msgs/include/nmea_msgs/nmea_msgs/msg/detail/gprmc__rosidl_typesupport_introspection_c.h
-- Symlinking: /home/macho/navivest_ws/install/nmea_msgs/include/nmea_msgs/nmea_msgs/msg/detail/gpvtg__rosidl_typesupport_introspection_c.h
-- Symlinking: /home/macho/navivest_ws/install/nmea_msgs/include/nmea_msgs/nmea_msgs/msg/detail/gpzda__rosidl_typesupport_introspection_c.h
-- Symlinking: /home/macho/navivest_ws/install/nmea_msgs/include/nmea_msgs/nmea_msgs/msg/detail/sentence__rosidl_typesupport_introspection_c.h
-- Symlinking: /home/macho/navivest_ws/install/nmea_msgs/include/nmea_msgs/nmea_msgs/msg/rosidl_typesupport_introspection_c__visibility_control.h
-- Symlinking: /home/macho/navivest_ws/install/nmea_msgs/include/nmea_msgs/nmea_msgs/msg/detail/gpgga__builder.hpp
-- Symlinking: /home/macho/navivest_ws/install/nmea_msgs/include/nmea_msgs/nmea_msgs/msg/detail/gpgga__struct.hpp
-- Symlinking: /home/macho/navivest_ws/install/nmea_msgs/include/nmea_msgs/nmea_msgs/msg/detail/gpgga__traits.hpp
-- Symlinking: /home/macho/navivest_ws/install/nmea_msgs/include/nmea_msgs/nmea_msgs/msg/detail/gpgga__type_support.hpp
-- Symlinking: /home/macho/navivest_ws/install/nmea_msgs/include/nmea_msgs/nmea_msgs/msg/detail/gpgsa__builder.hpp
-- Symlinking: /home/macho/navivest_ws/install/nmea_msgs/include/nmea_msgs/nmea_msgs/msg/detail/gpgsa__struct.hpp
-- Symlinking: /home/macho/navivest_ws/install/nmea_msgs/include/nmea_msgs/nmea_msgs/msg/detail/gpgsa__traits.hpp
-- Symlinking: /home/macho/navivest_ws/install/nmea_msgs/include/nmea_msgs/nmea_msgs/msg/detail/gpgsa__type_support.hpp
-- Symlinking: /home/macho/navivest_ws/install/nmea_msgs/include/nmea_msgs/nmea_msgs/msg/detail/gpgst__builder.hpp
-- Symlinking: /home/macho/navivest_ws/install/nmea_msgs/include/nmea_msgs/nmea_msgs/msg/detail/gpgst__struct.hpp
-- Symlinking: /home/macho/navivest_ws/install/nmea_msgs/include/nmea_msgs/nmea_msgs/msg/detail/gpgst__traits.hpp
-- Symlinking: /home/macho/navivest_ws/install/nmea_msgs/include/nmea_msgs/nmea_msgs/msg/detail/gpgst__type_support.hpp
-- Symlinking: /home/macho/navivest_ws/install/nmea_msgs/include/nmea_msgs/nmea_msgs/msg/detail/gpgsv__builder.hpp
-- Symlinking: /home/macho/navivest_ws/install/nmea_msgs/include/nmea_msgs/nmea_msgs/msg/detail/gpgsv__struct.hpp
-- Symlinking: /home/macho/navivest_ws/install/nmea_msgs/include/nmea_msgs/nmea_msgs/msg/detail/gpgsv__traits.hpp
-- Symlinking: /home/macho/navivest_ws/install/nmea_msgs/include/nmea_msgs/nmea_msgs/msg/detail/gpgsv__type_support.hpp
-- Symlinking: /home/macho/navivest_ws/install/nmea_msgs/include/nmea_msgs/nmea_msgs/msg/detail/gpgsv_satellite__builder.hpp
-- Symlinking: /home/macho/navivest_ws/install/nmea_msgs/include/nmea_msgs/nmea_msgs/msg/detail/gpgsv_satellite__struct.hpp
-- Symlinking: /home/macho/navivest_ws/install/nmea_msgs/include/nmea_msgs/nmea_msgs/msg/detail/gpgsv_satellite__traits.hpp
-- Symlinking: /home/macho/navivest_ws/install/nmea_msgs/include/nmea_msgs/nmea_msgs/msg/detail/gpgsv_satellite__type_support.hpp
-- Symlinking: /home/macho/navivest_ws/install/nmea_msgs/include/nmea_msgs/nmea_msgs/msg/detail/gphdt__builder.hpp
-- Symlinking: /home/macho/navivest_ws/install/nmea_msgs/include/nmea_msgs/nmea_msgs/msg/detail/gphdt__struct.hpp
-- Symlinking: /home/macho/navivest_ws/install/nmea_msgs/include/nmea_msgs/nmea_msgs/msg/detail/gphdt__traits.hpp
-- Symlinking: /home/macho/navivest_ws/install/nmea_msgs/include/nmea_msgs/nmea_msgs/msg/detail/gphdt__type_support.hpp
-- Symlinking: /home/macho/navivest_ws/install/nmea_msgs/include/nmea_msgs/nmea_msgs/msg/detail/gprmc__builder.hpp
-- Symlinking: /home/macho/navivest_ws/install/nmea_msgs/include/nmea_msgs/nmea_msgs/msg/detail/gprmc__struct.hpp
-- Symlinking: /home/macho/navivest_ws/install/nmea_msgs/include/nmea_msgs/nmea_msgs/msg/detail/gprmc__traits.hpp
-- Symlinking: /home/macho/navivest_ws/install/nmea_msgs/include/nmea_msgs/nmea_msgs/msg/detail/gprmc__type_support.hpp
-- Symlinking: /home/macho/navivest_ws/install/nmea_msgs/include/nmea_msgs/nmea_msgs/msg/detail/gpvtg__builder.hpp
-- Symlinking: /home/macho/navivest_ws/install/nmea_msgs/include/nmea_msgs/nmea_msgs/msg/detail/gpvtg__struct.hpp
-- Symlinking: /home/macho/navivest_ws/install/nmea_msgs/include/nmea_msgs/nmea_msgs/msg/detail/gpvtg__traits.hpp
-- Symlinking: /home/macho/navivest_ws/install/nmea_msgs/include/nmea_msgs/nmea_msgs/msg/detail/gpvtg__type_support.hpp
-- Symlinking: /home/macho/navivest_ws/install/nmea_msgs/include/nmea_msgs/nmea_msgs/msg/detail/gpzda__builder.hpp
-- Symlinking: /home/macho/navivest_ws/install/nmea_msgs/include/nmea_msgs/nmea_msgs/msg/detail/gpzda__struct.hpp
-- Symlinking: /home/macho/navivest_ws/install/nmea_msgs/include/nmea_msgs/nmea_msgs/msg/detail/gpzda__traits.hpp
-- Symlinking: /home/macho/navivest_ws/install/nmea_msgs/include/nmea_msgs/nmea_msgs/msg/detail/gpzda__type_support.hpp
-- Symlinking: /home/macho/navivest_ws/install/nmea_msgs/include/nmea_msgs/nmea_msgs/msg/detail/sentence__builder.hpp
-- Symlinking: /home/macho/navivest_ws/install/nmea_msgs/include/nmea_msgs/nmea_msgs/msg/detail/sentence__struct.hpp
-- Symlinking: /home/macho/navivest_ws/install/nmea_msgs/include/nmea_msgs/nmea_msgs/msg/detail/sentence__traits.hpp
-- Symlinking: /home/macho/navivest_ws/install/nmea_msgs/include/nmea_msgs/nmea_msgs/msg/detail/sentence__type_support.hpp
-- Symlinking: /home/macho/navivest_ws/install/nmea_msgs/include/nmea_msgs/nmea_msgs/msg/gpgga.hpp
-- Symlinking: /home/macho/navivest_ws/install/nmea_msgs/include/nmea_msgs/nmea_msgs/msg/gpgsa.hpp
-- Symlinking: /home/macho/navivest_ws/install/nmea_msgs/include/nmea_msgs/nmea_msgs/msg/gpgst.hpp
-- Symlinking: /home/macho/navivest_ws/install/nmea_msgs/include/nmea_msgs/nmea_msgs/msg/gpgsv.hpp
-- Symlinking: /home/macho/navivest_ws/install/nmea_msgs/include/nmea_msgs/nmea_msgs/msg/gpgsv_satellite.hpp
-- Symlinking: /home/macho/navivest_ws/install/nmea_msgs/include/nmea_msgs/nmea_msgs/msg/gphdt.hpp
-- Symlinking: /home/macho/navivest_ws/install/nmea_msgs/include/nmea_msgs/nmea_msgs/msg/gprmc.hpp
-- Symlinking: /home/macho/navivest_ws/install/nmea_msgs/include/nmea_msgs/nmea_msgs/msg/gpvtg.hpp
-- Symlinking: /home/macho/navivest_ws/install/nmea_msgs/include/nmea_msgs/nmea_msgs/msg/gpzda.hpp
-- Symlinking: /home/macho/navivest_ws/install/nmea_msgs/include/nmea_msgs/nmea_msgs/msg/rosidl_generator_cpp__visibility_control.hpp
-- Symlinking: /home/macho/navivest_ws/install/nmea_msgs/include/nmea_msgs/nmea_msgs/msg/sentence.hpp
-- Symlinking: /home/macho/navivest_ws/install/nmea_msgs/include/nmea_msgs/nmea_msgs/msg/detail/gpgga__rosidl_typesupport_fastrtps_cpp.hpp
-- Symlinking: /home/macho/navivest_ws/install/nmea_msgs/include/nmea_msgs/nmea_msgs/msg/detail/gpgsa__rosidl_typesupport_fastrtps_cpp.hpp
-- Symlinking: /home/macho/navivest_ws/install/nmea_msgs/include/nmea_msgs/nmea_msgs/msg/detail/gpgst__rosidl_typesupport_fastrtps_cpp.hpp
-- Symlinking: /home/macho/navivest_ws/install/nmea_msgs/include/nmea_msgs/nmea_msgs/msg/detail/gpgsv__rosidl_typesupport_fastrtps_cpp.hpp
-- Symlinking: /home/macho/navivest_ws/install/nmea_msgs/include/nmea_msgs/nmea_msgs/msg/detail/gpgsv_satellite__rosidl_typesupport_fastrtps_cpp.hpp
-- Symlinking: /home/macho/navivest_ws/install/nmea_msgs/include/nmea_msgs/nmea_msgs/msg/detail/gphdt__rosidl_typesupport_fastrtps_cpp.hpp
-- Symlinking: /home/macho/navivest_ws/install/nmea_msgs/include/nmea_msgs/nmea_msgs/msg/detail/gprmc__rosidl_typesupport_fastrtps_cpp.hpp
-- Symlinking: /home/macho/navivest_ws/install/nmea_msgs/include/nmea_msgs/nmea_msgs/msg/detail/gpvtg__rosidl_typesupport_fastrtps_cpp.hpp
-- Symlinking: /home/macho/navivest_ws/install/nmea_msgs/include/nmea_msgs/nmea_msgs/msg/detail/gpzda__rosidl_typesupport_fastrtps_cpp.hpp
-- Symlinking: /home/macho/navivest_ws/install/nmea_msgs/include/nmea_msgs/nmea_msgs/msg/detail/sentence__rosidl_typesupport_fastrtps_cpp.hpp
-- Symlinking: /home/macho/navivest_ws/install/nmea_msgs/include/nmea_msgs/nmea_msgs/msg/rosidl_typesupport_fastrtps_cpp__visibility_control.h
-- Symlinking: /home/macho/navivest_ws/install/nmea_msgs/include/nmea_msgs/nmea_msgs/msg/detail/gpgga__rosidl_typesupport_introspection_cpp.hpp
-- Symlinking: /home/macho/navivest_ws/install/nmea_msgs/include/nmea_msgs/nmea_msgs/msg/detail/gpgsa__rosidl_typesupport_introspection_cpp.hpp
-- Symlinking: /home/macho/navivest_ws/install/nmea_msgs/include/nmea_msgs/nmea_msgs/msg/detail/gpgst__rosidl_typesupport_introspection_cpp.hpp
-- Symlinking: /home/macho/navivest_ws/install/nmea_msgs/include/nmea_msgs/nmea_msgs/msg/detail/gpgsv__rosidl_typesupport_introspection_cpp.hpp
-- Symlinking: /home/macho/navivest_ws/install/nmea_msgs/include/nmea_msgs/nmea_msgs/msg/detail/gpgsv_satellite__rosidl_typesupport_introspection_cpp.hpp
-- Symlinking: /home/macho/navivest_ws/install/nmea_msgs/include/nmea_msgs/nmea_msgs/msg/detail/gphdt__rosidl_typesupport_introspection_cpp.hpp
-- Symlinking: /home/macho/navivest_ws/install/nmea_msgs/include/nmea_msgs/nmea_msgs/msg/detail/gprmc__rosidl_typesupport_introspection_cpp.hpp
-- Symlinking: /home/macho/navivest_ws/install/nmea_msgs/include/nmea_msgs/nmea_msgs/msg/detail/gpvtg__rosidl_typesupport_introspection_cpp.hpp
-- Symlinking: /home/macho/navivest_ws/install/nmea_msgs/include/nmea_msgs/nmea_msgs/msg/detail/gpzda__rosidl_typesupport_introspection_cpp.hpp
-- Symlinking: /home/macho/navivest_ws/install/nmea_msgs/include/nmea_msgs/nmea_msgs/msg/detail/sentence__rosidl_typesupport_introspection_cpp.hpp
-- Symlinking: /home/macho/navivest_ws/install/nmea_msgs/share/nmea_msgs/environment/pythonpath.sh
-- Symlinking: /home/macho/navivest_ws/install/nmea_msgs/share/nmea_msgs/environment/pythonpath.dsv
-- Symlinking: /home/macho/navivest_ws/install/nmea_msgs/lib/python3.12/site-packages/nmea_msgs-2.1.0-py3.12.egg-info/PKG-INFO
-- Symlinking: /home/macho/navivest_ws/install/nmea_msgs/lib/python3.12/site-packages/nmea_msgs-2.1.0-py3.12.egg-info/SOURCES.txt
-- Symlinking: /home/macho/navivest_ws/install/nmea_msgs/lib/python3.12/site-packages/nmea_msgs-2.1.0-py3.12.egg-info/dependency_links.txt
-- Symlinking: /home/macho/navivest_ws/install/nmea_msgs/lib/python3.12/site-packages/nmea_msgs-2.1.0-py3.12.egg-info/top_level.txt
-- Symlinking: /home/macho/navivest_ws/install/nmea_msgs/lib/python3.12/site-packages/nmea_msgs/__init__.py
-- Symlinking: /home/macho/navivest_ws/install/nmea_msgs/lib/python3.12/site-packages/nmea_msgs/_nmea_msgs_s.ep.rosidl_typesupport_c.c
-- Symlinking: /home/macho/navivest_ws/install/nmea_msgs/lib/python3.12/site-packages/nmea_msgs/_nmea_msgs_s.ep.rosidl_typesupport_fastrtps_c.c
-- Symlinking: /home/macho/navivest_ws/install/nmea_msgs/lib/python3.12/site-packages/nmea_msgs/_nmea_msgs_s.ep.rosidl_typesupport_introspection_c.c
-- Symlinking: /home/macho/navivest_ws/install/nmea_msgs/lib/python3.12/site-packages/nmea_msgs/msg/__init__.py
-- Symlinking: /home/macho/navivest_ws/install/nmea_msgs/lib/python3.12/site-packages/nmea_msgs/msg/_gpgga.py
-- Symlinking: /home/macho/navivest_ws/install/nmea_msgs/lib/python3.12/site-packages/nmea_msgs/msg/_gpgga_s.c
-- Symlinking: /home/macho/navivest_ws/install/nmea_msgs/lib/python3.12/site-packages/nmea_msgs/msg/_gpgsa.py
-- Symlinking: /home/macho/navivest_ws/install/nmea_msgs/lib/python3.12/site-packages/nmea_msgs/msg/_gpgsa_s.c
-- Symlinking: /home/macho/navivest_ws/install/nmea_msgs/lib/python3.12/site-packages/nmea_msgs/msg/_gpgst.py
-- Symlinking: /home/macho/navivest_ws/install/nmea_msgs/lib/python3.12/site-packages/nmea_msgs/msg/_gpgst_s.c
-- Symlinking: /home/macho/navivest_ws/install/nmea_msgs/lib/python3.12/site-packages/nmea_msgs/msg/_gpgsv.py
-- Symlinking: /home/macho/navivest_ws/install/nmea_msgs/lib/python3.12/site-packages/nmea_msgs/msg/_gpgsv_s.c
-- Symlinking: /home/macho/navivest_ws/install/nmea_msgs/lib/python3.12/site-packages/nmea_msgs/msg/_gpgsv_satellite.py
-- Symlinking: /home/macho/navivest_ws/install/nmea_msgs/lib/python3.12/site-packages/nmea_msgs/msg/_gpgsv_satellite_s.c
-- Symlinking: /home/macho/navivest_ws/install/nmea_msgs/lib/python3.12/site-packages/nmea_msgs/msg/_gphdt.py
-- Symlinking: /home/macho/navivest_ws/install/nmea_msgs/lib/python3.12/site-packages/nmea_msgs/msg/_gphdt_s.c
-- Symlinking: /home/macho/navivest_ws/install/nmea_msgs/lib/python3.12/site-packages/nmea_msgs/msg/_gprmc.py
-- Symlinking: /home/macho/navivest_ws/install/nmea_msgs/lib/python3.12/site-packages/nmea_msgs/msg/_gprmc_s.c
-- Symlinking: /home/macho/navivest_ws/install/nmea_msgs/lib/python3.12/site-packages/nmea_msgs/msg/_gpvtg.py
-- Symlinking: /home/macho/navivest_ws/install/nmea_msgs/lib/python3.12/site-packages/nmea_msgs/msg/_gpvtg_s.c
-- Symlinking: /home/macho/navivest_ws/install/nmea_msgs/lib/python3.12/site-packages/nmea_msgs/msg/_gpzda.py
-- Symlinking: /home/macho/navivest_ws/install/nmea_msgs/lib/python3.12/site-packages/nmea_msgs/msg/_gpzda_s.c
-- Symlinking: /home/macho/navivest_ws/install/nmea_msgs/lib/python3.12/site-packages/nmea_msgs/msg/_sentence.py
-- Symlinking: /home/macho/navivest_ws/install/nmea_msgs/lib/python3.12/site-packages/nmea_msgs/msg/_sentence_s.c
-- Symlinking: /home/macho/navivest_ws/install/nmea_msgs/lib/python3.12/site-packages/nmea_msgs/nmea_msgs_s__rosidl_typesupport_c.so
-- Symlinking: /home/macho/navivest_ws/install/nmea_msgs/lib/python3.12/site-packages/nmea_msgs/nmea_msgs_s__rosidl_typesupport_fastrtps_c.so
-- Symlinking: /home/macho/navivest_ws/install/nmea_msgs/lib/python3.12/site-packages/nmea_msgs/nmea_msgs_s__rosidl_typesupport_introspection_c.so
-- Up-to-date symlink: /home/macho/navivest_ws/install/nmea_msgs/lib/python3.12/site-packages/nmea_msgs/nmea_msgs_s__rosidl_typesupport_fastrtps_c.so
-- Up-to-date symlink: /home/macho/navivest_ws/install/nmea_msgs/lib/python3.12/site-packages/nmea_msgs/nmea_msgs_s__rosidl_typesupport_introspection_c.so
-- Up-to-date symlink: /home/macho/navivest_ws/install/nmea_msgs/lib/python3.12/site-packages/nmea_msgs/nmea_msgs_s__rosidl_typesupport_c.so
-- Symlinking: /home/macho/navivest_ws/install/nmea_msgs/share/ament_index/resource_index/rust_packages/nmea_msgs
-- Symlinking: /home/macho/navivest_ws/install/nmea_msgs/share/nmea_msgs/rust/Cargo.toml
-- Symlinking: /home/macho/navivest_ws/install/nmea_msgs/share/nmea_msgs/rust/build.rs
-- Symlinking: /home/macho/navivest_ws/install/nmea_msgs/share/nmea_msgs/rust/src/lib.rs
-- Symlinking: /home/macho/navivest_ws/install/nmea_msgs/share/nmea_msgs/rust/src/msg.rs
-- Symlinking: /home/macho/navivest_ws/install/nmea_msgs/share/nmea_msgs/rust/src/msg/rmw.rs
-- Symlinking: /home/macho/navivest_ws/install/nmea_msgs/share/nmea_msgs/msg/Sentence.idl
-- Symlinking: /home/macho/navivest_ws/install/nmea_msgs/share/nmea_msgs/msg/Gpgga.idl
-- Symlinking: /home/macho/navivest_ws/install/nmea_msgs/share/nmea_msgs/msg/Gpgsa.idl
-- Symlinking: /home/macho/navivest_ws/install/nmea_msgs/share/nmea_msgs/msg/Gpgst.idl
-- Symlinking: /home/macho/navivest_ws/install/nmea_msgs/share/nmea_msgs/msg/Gpgsv.idl
-- Symlinking: /home/macho/navivest_ws/install/nmea_msgs/share/nmea_msgs/msg/GpgsvSatellite.idl
-- Symlinking: /home/macho/navivest_ws/install/nmea_msgs/share/nmea_msgs/msg/Gprmc.idl
-- Symlinking: /home/macho/navivest_ws/install/nmea_msgs/share/nmea_msgs/msg/Gpvtg.idl
-- Symlinking: /home/macho/navivest_ws/install/nmea_msgs/share/nmea_msgs/msg/Gpzda.idl
-- Symlinking: /home/macho/navivest_ws/install/nmea_msgs/share/nmea_msgs/msg/Gphdt.idl
-- Symlinking: /home/macho/navivest_ws/install/nmea_msgs/share/nmea_msgs/msg/Sentence.msg
-- Symlinking: /home/macho/navivest_ws/install/nmea_msgs/share/nmea_msgs/msg/Gpgga.msg
-- Symlinking: /home/macho/navivest_ws/install/nmea_msgs/share/nmea_msgs/msg/Gpgsa.msg
-- Symlinking: /home/macho/navivest_ws/install/nmea_msgs/share/nmea_msgs/msg/Gpgst.msg
-- Symlinking: /home/macho/navivest_ws/install/nmea_msgs/share/nmea_msgs/msg/Gpgsv.msg
-- Symlinking: /home/macho/navivest_ws/install/nmea_msgs/share/nmea_msgs/msg/GpgsvSatellite.msg
-- Symlinking: /home/macho/navivest_ws/install/nmea_msgs/share/nmea_msgs/msg/Gprmc.msg
-- Symlinking: /home/macho/navivest_ws/install/nmea_msgs/share/nmea_msgs/msg/Gpvtg.msg
-- Symlinking: /home/macho/navivest_ws/install/nmea_msgs/share/nmea_msgs/msg/Gpzda.msg
-- Symlinking: /home/macho/navivest_ws/install/nmea_msgs/share/nmea_msgs/msg/Gphdt.msg
-- Symlinking: /home/macho/navivest_ws/install/nmea_msgs/share/ament_index/resource_index/package_run_dependencies/nmea_msgs
-- Symlinking: /home/macho/navivest_ws/install/nmea_msgs/share/ament_index/resource_index/parent_prefix_path/nmea_msgs
-- Symlinking: /home/macho/navivest_ws/install/nmea_msgs/share/nmea_msgs/environment/ament_prefix_path.sh
-- Symlinking: /home/macho/navivest_ws/install/nmea_msgs/share/nmea_msgs/environment/ament_prefix_path.dsv
-- Symlinking: /home/macho/navivest_ws/install/nmea_msgs/share/nmea_msgs/environment/path.sh
-- Symlinking: /home/macho/navivest_ws/install/nmea_msgs/share/nmea_msgs/environment/path.dsv
-- Symlinking: /home/macho/navivest_ws/install/nmea_msgs/share/nmea_msgs/local_setup.bash
-- Symlinking: /home/macho/navivest_ws/install/nmea_msgs/share/nmea_msgs/local_setup.sh
-- Symlinking: /home/macho/navivest_ws/install/nmea_msgs/share/nmea_msgs/local_setup.zsh
-- Symlinking: /home/macho/navivest_ws/install/nmea_msgs/share/nmea_msgs/local_setup.dsv
-- Symlinking: /home/macho/navivest_ws/install/nmea_msgs/share/nmea_msgs/package.dsv
-- Symlinking: /home/macho/navivest_ws/install/nmea_msgs/share/ament_index/resource_index/packages/nmea_msgs
-- Symlinking: /home/macho/navivest_ws/install/nmea_msgs/share/nmea_msgs/cmake/rosidl_cmake-extras.cmake
-- Symlinking: /home/macho/navivest_ws/install/nmea_msgs/share/nmea_msgs/cmake/ament_cmake_export_dependencies-extras.cmake
-- Symlinking: /home/macho/navivest_ws/install/nmea_msgs/share/nmea_msgs/cmake/ament_cmake_export_include_directories-extras.cmake
-- Symlinking: /home/macho/navivest_ws/install/nmea_msgs/share/nmea_msgs/cmake/ament_cmake_export_libraries-extras.cmake
-- Symlinking: /home/macho/navivest_ws/install/nmea_msgs/share/nmea_msgs/cmake/ament_cmake_export_targets-extras.cmake
-- Symlinking: /home/macho/navivest_ws/install/nmea_msgs/share/nmea_msgs/cmake/rosidl_cmake_export_typesupport_targets-extras.cmake
-- Symlinking: /home/macho/navivest_ws/install/nmea_msgs/share/nmea_msgs/cmake/rosidl_cmake_export_typesupport_libraries-extras.cmake
-- Symlinking: /home/macho/navivest_ws/install/nmea_msgs/share/nmea_msgs/cmake/nmea_msgsConfig.cmake
-- Symlinking: /home/macho/navivest_ws/install/nmea_msgs/share/nmea_msgs/cmake/nmea_msgsConfig-version.cmake
-- Symlinking: /home/macho/navivest_ws/install/nmea_msgs/share/nmea_msgs/package.xml
-- Installing: /home/macho/navivest_ws/install/nmea_msgs/lib/libnmea_msgs__rosidl_generator_c.so
-- Set non-toolchain portion of runtime path of "/home/macho/navivest_ws/install/nmea_msgs/lib/libnmea_msgs__rosidl_generator_c.so" to ""
-- Installing: /home/macho/navivest_ws/install/nmea_msgs/lib/libnmea_msgs__rosidl_typesupport_fastrtps_c.so
-- Set non-toolchain portion of runtime path of "/home/macho/navivest_ws/install/nmea_msgs/lib/libnmea_msgs__rosidl_typesupport_fastrtps_c.so" to ""
-- Installing: /home/macho/navivest_ws/install/nmea_msgs/lib/libnmea_msgs__rosidl_typesupport_introspection_c.so
-- Set non-toolchain portion of runtime path of "/home/macho/navivest_ws/install/nmea_msgs/lib/libnmea_msgs__rosidl_typesupport_introspection_c.so" to ""
-- Installing: /home/macho/navivest_ws/install/nmea_msgs/lib/libnmea_msgs__rosidl_typesupport_c.so
-- Set non-toolchain portion of runtime path of "/home/macho/navivest_ws/install/nmea_msgs/lib/libnmea_msgs__rosidl_typesupport_c.so" to ""
-- Installing: /home/macho/navivest_ws/install/nmea_msgs/lib/libnmea_msgs__rosidl_typesupport_fastrtps_cpp.so
-- Set non-toolchain portion of runtime path of "/home/macho/navivest_ws/install/nmea_msgs/lib/libnmea_msgs__rosidl_typesupport_fastrtps_cpp.so" to ""
-- Installing: /home/macho/navivest_ws/install/nmea_msgs/lib/libnmea_msgs__rosidl_typesupport_introspection_cpp.so
-- Set non-toolchain portion of runtime path of "/home/macho/navivest_ws/install/nmea_msgs/lib/libnmea_msgs__rosidl_typesupport_introspection_cpp.so" to ""
-- Installing: /home/macho/navivest_ws/install/nmea_msgs/lib/libnmea_msgs__rosidl_typesupport_cpp.so
-- Set non-toolchain portion of runtime path of "/home/macho/navivest_ws/install/nmea_msgs/lib/libnmea_msgs__rosidl_typesupport_cpp.so" to ""
Listing '/home/macho/navivest_ws/install/nmea_msgs/lib/python3.12/site-packages/nmea_msgs'...
Compiling '/home/macho/navivest_ws/install/nmea_msgs/lib/python3.12/site-packages/nmea_msgs/__init__.py'...
Listing '/home/macho/navivest_ws/install/nmea_msgs/lib/python3.12/site-packages/nmea_msgs/msg'...
Compiling '/home/macho/navivest_ws/install/nmea_msgs/lib/python3.12/site-packages/nmea_msgs/msg/__init__.py'...
Compiling '/home/macho/navivest_ws/install/nmea_msgs/lib/python3.12/site-packages/nmea_msgs/msg/_gpgga.py'...
Compiling '/home/macho/navivest_ws/install/nmea_msgs/lib/python3.12/site-packages/nmea_msgs/msg/_gpgsa.py'...
Compiling '/home/macho/navivest_ws/install/nmea_msgs/lib/python3.12/site-packages/nmea_msgs/msg/_gpgst.py'...
Compiling '/home/macho/navivest_ws/install/nmea_msgs/lib/python3.12/site-packages/nmea_msgs/msg/_gpgsv.py'...
Compiling '/home/macho/navivest_ws/install/nmea_msgs/lib/python3.12/site-packages/nmea_msgs/msg/_gpgsv_satellite.py'...
Compiling '/home/macho/navivest_ws/install/nmea_msgs/lib/python3.12/site-packages/nmea_msgs/msg/_gphdt.py'...
Compiling '/home/macho/navivest_ws/install/nmea_msgs/lib/python3.12/site-packages/nmea_msgs/msg/_gprmc.py'...
Compiling '/home/macho/navivest_ws/install/nmea_msgs/lib/python3.12/site-packages/nmea_msgs/msg/_gpvtg.py'...
Compiling '/home/macho/navivest_ws/install/nmea_msgs/lib/python3.12/site-packages/nmea_msgs/msg/_gpzda.py'...
Compiling '/home/macho/navivest_ws/install/nmea_msgs/lib/python3.12/site-packages/nmea_msgs/msg/_sentence.py'...
-- Installing: /home/macho/navivest_ws/install/nmea_msgs/lib/libnmea_msgs__rosidl_generator_py.so
-- Set non-toolchain portion of runtime path of "/home/macho/navivest_ws/install/nmea_msgs/lib/libnmea_msgs__rosidl_generator_py.so" to ""
-- Installing: /home/macho/navivest_ws/install/nmea_msgs/share/nmea_msgs/cmake/export_nmea_msgs__rosidl_generator_cExport.cmake
-- Installing: /home/macho/navivest_ws/install/nmea_msgs/share/nmea_msgs/cmake/export_nmea_msgs__rosidl_generator_cExport-noconfig.cmake
-- Installing: /home/macho/navivest_ws/install/nmea_msgs/share/nmea_msgs/cmake/export_nmea_msgs__rosidl_typesupport_fastrtps_cExport.cmake
-- Installing: /home/macho/navivest_ws/install/nmea_msgs/share/nmea_msgs/cmake/export_nmea_msgs__rosidl_typesupport_fastrtps_cExport-noconfig.cmake
-- Installing: /home/macho/navivest_ws/install/nmea_msgs/share/nmea_msgs/cmake/nmea_msgs__rosidl_typesupport_introspection_cExport.cmake
-- Installing: /home/macho/navivest_ws/install/nmea_msgs/share/nmea_msgs/cmake/nmea_msgs__rosidl_typesupport_introspection_cExport-noconfig.cmake
-- Installing: /home/macho/navivest_ws/install/nmea_msgs/share/nmea_msgs/cmake/nmea_msgs__rosidl_typesupport_cExport.cmake
-- Installing: /home/macho/navivest_ws/install/nmea_msgs/share/nmea_msgs/cmake/nmea_msgs__rosidl_typesupport_cExport-noconfig.cmake
-- Installing: /home/macho/navivest_ws/install/nmea_msgs/share/nmea_msgs/cmake/export_nmea_msgs__rosidl_generator_cppExport.cmake
-- Installing: /home/macho/navivest_ws/install/nmea_msgs/share/nmea_msgs/cmake/export_nmea_msgs__rosidl_typesupport_fastrtps_cppExport.cmake
-- Installing: /home/macho/navivest_ws/install/nmea_msgs/share/nmea_msgs/cmake/export_nmea_msgs__rosidl_typesupport_fastrtps_cppExport-noconfig.cmake
-- Installing: /home/macho/navivest_ws/install/nmea_msgs/share/nmea_msgs/cmake/nmea_msgs__rosidl_typesupport_introspection_cppExport.cmake
-- Installing: /home/macho/navivest_ws/install/nmea_msgs/share/nmea_msgs/cmake/nmea_msgs__rosidl_typesupport_introspection_cppExport-noconfig.cmake
-- Installing: /home/macho/navivest_ws/install/nmea_msgs/share/nmea_msgs/cmake/nmea_msgs__rosidl_typesupport_cppExport.cmake
-- Installing: /home/macho/navivest_ws/install/nmea_msgs/share/nmea_msgs/cmake/nmea_msgs__rosidl_typesupport_cppExport-noconfig.cmake
-- Installing: /home/macho/navivest_ws/install/nmea_msgs/share/nmea_msgs/cmake/export_nmea_msgs__rosidl_generator_pyExport.cmake
-- Installing: /home/macho/navivest_ws/install/nmea_msgs/share/nmea_msgs/cmake/export_nmea_msgs__rosidl_generator_pyExport-noconfig.cmake
