[0.028s] Invoking command in '/home/macho/navivest_ws/build/nmea_msgs': CMAKE_PREFIX_PATH=${CMAKE_PREFIX_PATH}:/home/macho/navivest_ws/install/nav2_loopback_sim:/home/macho/navivest_ws/install/navivest_bringup:/home/macho/navivest_ws/install/bondpy:/home/macho/navivest_ws/install/navivest_guidance:/home/macho/navivest_ws/install/nav2_simple_commander:/opt/ros/jazzy DEBUGINFOD_URLS=https://debuginfod.ubuntu.com /usr/bin/cmake /home/macho/navivest_ws/src/nmea_msgs -DAMENT_CMAKE_SYMLINK_INSTALL=1 -DCMAKE_INSTALL_PREFIX=/home/macho/navivest_ws/install/nmea_msgs
[0.100s] -- The C compiler identification is GNU 13.3.0
[0.149s] -- The CXX compiler identification is GNU 13.3.0
[0.167s] -- Detecting C compiler ABI info
[0.270s] -- Detecting C compiler ABI info - done
[0.278s] -- Check for working C compiler: /usr/bin/cc - skipped
[0.279s] -- Detecting C compile features
[0.279s] -- Detecting C compile features - done
[0.290s] -- Detecting CXX compiler ABI info
[0.392s] -- Detecting CXX compiler ABI info - done
[0.401s] -- Check for working CXX compiler: /usr/bin/c++ - skipped
[0.401s] -- Detecting CXX compile features
[0.401s] -- Detecting CXX compile features - done
[0.406s] -- Found ament_cmake: 2.5.6 (/opt/ros/jazzy/share/ament_cmake/cmake)
[0.569s] -- Found Python3: /usr/bin/python3 (found version "3.12.3") found components: Interpreter 
[0.633s] -- Override CMake install command with custom implementation using symlinks instead of copying resources
[0.680s] -- Found rosidl_default_generators: 1.6.0 (/opt/ros/jazzy/share/rosidl_default_generators/cmake)
[0.692s] -- Using all available rosidl_typesupport_c: rosidl_typesupport_fastrtps_c;rosidl_typesupport_introspection_c
[0.753s] -- Using all available rosidl_typesupport_cpp: rosidl_typesupport_fastrtps_cpp;rosidl_typesupport_introspection_cpp
[0.805s] -- Found rosidl_adapter: 4.6.7 (/opt/ros/jazzy/share/rosidl_adapter/cmake)
[0.810s] -- Found std_msgs: 5.3.7 (/opt/ros/jazzy/share/std_msgs/cmake)
[1.672s] -- Found ament_cmake_ros: 0.12.0 (/opt/ros/jazzy/share/ament_cmake_ros/cmake)
[3.134s] -- Using all available rosidl_typesupport_c: rosidl_typesupport_fastrtps_c;rosidl_typesupport_introspection_c
[4.751s] -- Using all available rosidl_typesupport_cpp: rosidl_typesupport_fastrtps_cpp;rosidl_typesupport_introspection_cpp
[4.759s] -- Found python_cmake_module: 0.11.1 (/opt/ros/jazzy/share/python_cmake_module/cmake)
[5.058s] -- Found PythonExtra: /usr/bin/python3  
[6.646s] -- Found Python3: /usr/bin/python3 (found version "3.12.3") found components: Interpreter Development NumPy Development.Module Development.Embed 
[6.984s] -- Found Python3: /usr/bin/python3 (found version "3.12.3") found components: Interpreter 
[7.030s] -- Configuring done (7.0s)
[7.193s] -- Generating done (0.1s)
[7.229s] -- Build files have been written to: /home/macho/navivest_ws/build/nmea_msgs
[7.260s] Invoked command in '/home/macho/navivest_ws/build/nmea_msgs' returned '0': CMAKE_PREFIX_PATH=${CMAKE_PREFIX_PATH}:/home/macho/navivest_ws/install/nav2_loopback_sim:/home/macho/navivest_ws/install/navivest_bringup:/home/macho/navivest_ws/install/bondpy:/home/macho/navivest_ws/install/navivest_guidance:/home/macho/navivest_ws/install/nav2_simple_commander:/opt/ros/jazzy DEBUGINFOD_URLS=https://debuginfod.ubuntu.com /usr/bin/cmake /home/macho/navivest_ws/src/nmea_msgs -DAMENT_CMAKE_SYMLINK_INSTALL=1 -DCMAKE_INSTALL_PREFIX=/home/macho/navivest_ws/install/nmea_msgs
[7.260s] Invoking command in '/home/macho/navivest_ws/build/nmea_msgs': CMAKE_PREFIX_PATH=${CMAKE_PREFIX_PATH}:/home/macho/navivest_ws/install/nav2_loopback_sim:/home/macho/navivest_ws/install/navivest_bringup:/home/macho/navivest_ws/install/bondpy:/home/macho/navivest_ws/install/navivest_guidance:/home/macho/navivest_ws/install/nav2_simple_commander:/opt/ros/jazzy DEBUGINFOD_URLS=https://debuginfod.ubuntu.com /usr/bin/cmake --build /home/macho/navivest_ws/build/nmea_msgs -- -j16 -l16
[7.447s] [  1%] Generating Rust code for ROS interfaces
[7.449s] [  1%] Generating type hashes for ROS interfaces
[7.505s] [  1%] Built target ament_cmake_python_symlink_nmea_msgs
[8.286s] running egg_info
[8.287s] creating nmea_msgs.egg-info
[8.346s] writing nmea_msgs.egg-info/PKG-INFO
[8.350s] writing dependency_links to nmea_msgs.egg-info/dependency_links.txt
[8.352s] writing top-level names to nmea_msgs.egg-info/top_level.txt
[8.353s] writing manifest file 'nmea_msgs.egg-info/SOURCES.txt'
[8.489s] reading manifest file 'nmea_msgs.egg-info/SOURCES.txt'
[8.489s] writing manifest file 'nmea_msgs.egg-info/SOURCES.txt'
[8.668s] [  1%] Built target ament_cmake_python_build_nmea_msgs_egg
[9.419s] [  1%] Built target nmea_msgs__rs
[9.674s] [  1%] Built target nmea_msgs__rosidl_generator_type_description
[9.744s] [  2%] Generating C code for ROS interfaces
[9.778s] [  2%] Generating C++ code for ROS interfaces
[13.481s] [  3%] Building C object CMakeFiles/nmea_msgs__rosidl_generator_c.dir/rosidl_generator_c/nmea_msgs/msg/detail/gpgga__description.c.o
[13.490s] [  4%] Building C object CMakeFiles/nmea_msgs__rosidl_generator_c.dir/rosidl_generator_c/nmea_msgs/msg/detail/sentence__description.c.o
[13.492s] [  5%] Building C object CMakeFiles/nmea_msgs__rosidl_generator_c.dir/rosidl_generator_c/nmea_msgs/msg/detail/gpgga__type_support.c.o
[13.500s] [  6%] Building C object CMakeFiles/nmea_msgs__rosidl_generator_c.dir/rosidl_generator_c/nmea_msgs/msg/detail/sentence__functions.c.o
[13.500s] [  6%] Building C object CMakeFiles/nmea_msgs__rosidl_generator_c.dir/rosidl_generator_c/nmea_msgs/msg/detail/sentence__type_support.c.o
[13.505s] [  8%] Building C object CMakeFiles/nmea_msgs__rosidl_generator_c.dir/rosidl_generator_c/nmea_msgs/msg/detail/gpgga__functions.c.o
[13.522s] [ 10%] Building C object CMakeFiles/nmea_msgs__rosidl_generator_c.dir/rosidl_generator_c/nmea_msgs/msg/detail/gpgsv__type_support.c.o
[13.526s] [ 10%] Building C object CMakeFiles/nmea_msgs__rosidl_generator_c.dir/rosidl_generator_c/nmea_msgs/msg/detail/gpgsv__description.c.o
[13.526s] [ 11%] Building C object CMakeFiles/nmea_msgs__rosidl_generator_c.dir/rosidl_generator_c/nmea_msgs/msg/detail/gpgst__functions.c.o
[13.527s] [ 12%] Building C object CMakeFiles/nmea_msgs__rosidl_generator_c.dir/rosidl_generator_c/nmea_msgs/msg/detail/gpgsv__functions.c.o
[13.534s] [ 13%] Building C object CMakeFiles/nmea_msgs__rosidl_generator_c.dir/rosidl_generator_c/nmea_msgs/msg/detail/gpgst__type_support.c.o
[13.534s] [ 10%] Building C object CMakeFiles/nmea_msgs__rosidl_generator_c.dir/rosidl_generator_c/nmea_msgs/msg/detail/gpgsa__description.c.o
[13.534s] [ 14%] Building C object CMakeFiles/nmea_msgs__rosidl_generator_c.dir/rosidl_generator_c/nmea_msgs/msg/detail/gpgsa__type_support.c.o
[13.538s] [ 14%] Building C object CMakeFiles/nmea_msgs__rosidl_generator_c.dir/rosidl_generator_c/nmea_msgs/msg/detail/gpgst__description.c.o
[13.539s] [ 10%] Building C object CMakeFiles/nmea_msgs__rosidl_generator_c.dir/rosidl_generator_c/nmea_msgs/msg/detail/gpgsa__functions.c.o
[13.636s] [ 15%] Building C object CMakeFiles/nmea_msgs__rosidl_generator_c.dir/rosidl_generator_c/nmea_msgs/msg/detail/gpgsv_satellite__description.c.o
[13.656s] [ 16%] Building C object CMakeFiles/nmea_msgs__rosidl_generator_c.dir/rosidl_generator_c/nmea_msgs/msg/detail/gpgsv_satellite__functions.c.o
[13.656s] [ 16%] Building C object CMakeFiles/nmea_msgs__rosidl_generator_c.dir/rosidl_generator_c/nmea_msgs/msg/detail/gpgsv_satellite__type_support.c.o
[13.680s] [ 17%] Building C object CMakeFiles/nmea_msgs__rosidl_generator_c.dir/rosidl_generator_c/nmea_msgs/msg/detail/gprmc__functions.c.o
[13.699s] [ 18%] Building C object CMakeFiles/nmea_msgs__rosidl_generator_c.dir/rosidl_generator_c/nmea_msgs/msg/detail/gprmc__description.c.o
[13.714s] [ 19%] Building C object CMakeFiles/nmea_msgs__rosidl_generator_c.dir/rosidl_generator_c/nmea_msgs/msg/detail/gprmc__type_support.c.o
[13.722s] [ 20%] Building C object CMakeFiles/nmea_msgs__rosidl_generator_c.dir/rosidl_generator_c/nmea_msgs/msg/detail/gpvtg__description.c.o
[13.746s] [ 20%] Building C object CMakeFiles/nmea_msgs__rosidl_generator_c.dir/rosidl_generator_c/nmea_msgs/msg/detail/gpvtg__functions.c.o
[13.762s] [ 22%] Building C object CMakeFiles/nmea_msgs__rosidl_generator_c.dir/rosidl_generator_c/nmea_msgs/msg/detail/gpvtg__type_support.c.o
[13.765s] [ 21%] Building C object CMakeFiles/nmea_msgs__rosidl_generator_c.dir/rosidl_generator_c/nmea_msgs/msg/detail/gpzda__description.c.o
[13.778s] [ 23%] Building C object CMakeFiles/nmea_msgs__rosidl_generator_c.dir/rosidl_generator_c/nmea_msgs/msg/detail/gpzda__functions.c.o
[13.778s] [ 23%] Building C object CMakeFiles/nmea_msgs__rosidl_generator_c.dir/rosidl_generator_c/nmea_msgs/msg/detail/gphdt__description.c.o
[13.782s] [ 24%] Building C object CMakeFiles/nmea_msgs__rosidl_generator_c.dir/rosidl_generator_c/nmea_msgs/msg/detail/gpzda__type_support.c.o
[13.805s] [ 25%] Building C object CMakeFiles/nmea_msgs__rosidl_generator_c.dir/rosidl_generator_c/nmea_msgs/msg/detail/gphdt__type_support.c.o
[13.816s] [ 26%] Building C object CMakeFiles/nmea_msgs__rosidl_generator_c.dir/rosidl_generator_c/nmea_msgs/msg/detail/gphdt__functions.c.o
[14.023s] [ 27%] Linking C shared library libnmea_msgs__rosidl_generator_c.so
[14.085s] [ 27%] Built target nmea_msgs__cpp
[14.192s] [ 27%] Built target nmea_msgs__rosidl_generator_c
[14.235s] [ 28%] Generating C type support dispatch for ROS interfaces
[14.235s] [ 27%] Generating C type support for eProsima Fast-RTPS
[14.239s] [ 30%] Generating C++ type support dispatch for ROS interfaces
[14.241s] [ 31%] Generating C++ type support for eProsima Fast-RTPS
[14.244s] [ 29%] Generating C++ introspection for ROS interfaces
[14.244s] [ 32%] Generating C introspection for ROS interfaces
[15.619s] [ 33%] Building CXX object CMakeFiles/nmea_msgs__rosidl_typesupport_introspection_cpp.dir/rosidl_typesupport_introspection_cpp/nmea_msgs/msg/detail/sentence__type_support.cpp.o
[15.626s] [ 34%] Building CXX object CMakeFiles/nmea_msgs__rosidl_typesupport_introspection_cpp.dir/rosidl_typesupport_introspection_cpp/nmea_msgs/msg/detail/gpgsv__type_support.cpp.o
[15.627s] [ 35%] Building CXX object CMakeFiles/nmea_msgs__rosidl_typesupport_introspection_cpp.dir/rosidl_typesupport_introspection_cpp/nmea_msgs/msg/detail/gpgga__type_support.cpp.o
[15.627s] [ 36%] Building CXX object CMakeFiles/nmea_msgs__rosidl_typesupport_introspection_cpp.dir/rosidl_typesupport_introspection_cpp/nmea_msgs/msg/detail/gpgsv_satellite__type_support.cpp.o
[15.632s] [ 36%] Building CXX object CMakeFiles/nmea_msgs__rosidl_typesupport_introspection_cpp.dir/rosidl_typesupport_introspection_cpp/nmea_msgs/msg/detail/gpgst__type_support.cpp.o
[15.639s] [ 37%] Building CXX object CMakeFiles/nmea_msgs__rosidl_typesupport_introspection_cpp.dir/rosidl_typesupport_introspection_cpp/nmea_msgs/msg/detail/gpgsa__type_support.cpp.o
[15.645s] [ 37%] Building CXX object CMakeFiles/nmea_msgs__rosidl_typesupport_introspection_cpp.dir/rosidl_typesupport_introspection_cpp/nmea_msgs/msg/detail/gpzda__type_support.cpp.o
[15.645s] [ 38%] Building CXX object CMakeFiles/nmea_msgs__rosidl_typesupport_introspection_cpp.dir/rosidl_typesupport_introspection_cpp/nmea_msgs/msg/detail/gphdt__type_support.cpp.o
[15.645s] [ 39%] Building CXX object CMakeFiles/nmea_msgs__rosidl_typesupport_introspection_cpp.dir/rosidl_typesupport_introspection_cpp/nmea_msgs/msg/detail/gpvtg__type_support.cpp.o
[15.657s] [ 40%] Building CXX object CMakeFiles/nmea_msgs__rosidl_typesupport_introspection_cpp.dir/rosidl_typesupport_introspection_cpp/nmea_msgs/msg/detail/gprmc__type_support.cpp.o
[16.270s] [ 41%] Building CXX object CMakeFiles/nmea_msgs__rosidl_typesupport_cpp.dir/rosidl_typesupport_cpp/nmea_msgs/msg/sentence__type_support.cpp.o
[16.280s] [ 41%] Building CXX object CMakeFiles/nmea_msgs__rosidl_typesupport_cpp.dir/rosidl_typesupport_cpp/nmea_msgs/msg/gpgga__type_support.cpp.o
[16.665s] [ 42%] Building CXX object CMakeFiles/nmea_msgs__rosidl_typesupport_cpp.dir/rosidl_typesupport_cpp/nmea_msgs/msg/gpgsa__type_support.cpp.o
[16.723s] [ 43%] Building CXX object CMakeFiles/nmea_msgs__rosidl_typesupport_cpp.dir/rosidl_typesupport_cpp/nmea_msgs/msg/gpgst__type_support.cpp.o
[16.776s] [ 44%] Building CXX object CMakeFiles/nmea_msgs__rosidl_typesupport_cpp.dir/rosidl_typesupport_cpp/nmea_msgs/msg/gpgsv__type_support.cpp.o
[16.810s] [ 45%] Building CXX object CMakeFiles/nmea_msgs__rosidl_typesupport_cpp.dir/rosidl_typesupport_cpp/nmea_msgs/msg/gpgsv_satellite__type_support.cpp.o
[16.845s] [ 45%] Building CXX object CMakeFiles/nmea_msgs__rosidl_typesupport_cpp.dir/rosidl_typesupport_cpp/nmea_msgs/msg/gprmc__type_support.cpp.o
[16.921s] [ 46%] Building CXX object CMakeFiles/nmea_msgs__rosidl_typesupport_cpp.dir/rosidl_typesupport_cpp/nmea_msgs/msg/gpvtg__type_support.cpp.o
[16.956s] [ 47%] Building CXX object CMakeFiles/nmea_msgs__rosidl_typesupport_cpp.dir/rosidl_typesupport_cpp/nmea_msgs/msg/gpzda__type_support.cpp.o
[16.974s] [ 48%] Building CXX object CMakeFiles/nmea_msgs__rosidl_typesupport_cpp.dir/rosidl_typesupport_cpp/nmea_msgs/msg/gphdt__type_support.cpp.o
[17.098s] [ 49%] Linking CXX shared library libnmea_msgs__rosidl_typesupport_introspection_cpp.so
[17.240s] [ 50%] Building CXX object CMakeFiles/nmea_msgs__rosidl_typesupport_fastrtps_c.dir/rosidl_typesupport_fastrtps_c/nmea_msgs/msg/detail/gpgga__type_support_c.cpp.o
[17.242s] [ 51%] Building CXX object CMakeFiles/nmea_msgs__rosidl_typesupport_fastrtps_c.dir/rosidl_typesupport_fastrtps_c/nmea_msgs/msg/detail/gpgsa__type_support_c.cpp.o
[17.254s] [ 52%] Building CXX object CMakeFiles/nmea_msgs__rosidl_typesupport_fastrtps_c.dir/rosidl_typesupport_fastrtps_c/nmea_msgs/msg/detail/gpgst__type_support_c.cpp.o
[17.278s] [ 53%] Building CXX object CMakeFiles/nmea_msgs__rosidl_typesupport_fastrtps_c.dir/rosidl_typesupport_fastrtps_c/nmea_msgs/msg/detail/sentence__type_support_c.cpp.o
[17.351s] [ 54%] Building CXX object CMakeFiles/nmea_msgs__rosidl_typesupport_c.dir/rosidl_typesupport_c/nmea_msgs/msg/sentence__type_support.cpp.o
[17.373s] [ 54%] Building CXX object CMakeFiles/nmea_msgs__rosidl_typesupport_fastrtps_c.dir/rosidl_typesupport_fastrtps_c/nmea_msgs/msg/detail/gpgsv__type_support_c.cpp.o
[17.543s] [ 54%] Built target nmea_msgs__rosidl_typesupport_introspection_cpp
[17.555s] [ 55%] Building CXX object CMakeFiles/nmea_msgs__rosidl_typesupport_c.dir/rosidl_typesupport_c/nmea_msgs/msg/gpgga__type_support.cpp.o
[17.685s] [ 56%] Building CXX object CMakeFiles/nmea_msgs__rosidl_typesupport_fastrtps_c.dir/rosidl_typesupport_fastrtps_c/nmea_msgs/msg/detail/gpgsv_satellite__type_support_c.cpp.o
[17.728s] [ 57%] Building CXX object CMakeFiles/nmea_msgs__rosidl_typesupport_c.dir/rosidl_typesupport_c/nmea_msgs/msg/gpgsa__type_support.cpp.o
[17.752s] [ 58%] Building CXX object CMakeFiles/nmea_msgs__rosidl_typesupport_fastrtps_c.dir/rosidl_typesupport_fastrtps_c/nmea_msgs/msg/detail/gprmc__type_support_c.cpp.o
[17.803s] [ 58%] Building CXX object CMakeFiles/nmea_msgs__rosidl_typesupport_c.dir/rosidl_typesupport_c/nmea_msgs/msg/gpgst__type_support.cpp.o
[17.883s] [ 59%] Building CXX object CMakeFiles/nmea_msgs__rosidl_typesupport_fastrtps_c.dir/rosidl_typesupport_fastrtps_c/nmea_msgs/msg/detail/gpvtg__type_support_c.cpp.o
[17.956s] [ 60%] Building CXX object CMakeFiles/nmea_msgs__rosidl_typesupport_c.dir/rosidl_typesupport_c/nmea_msgs/msg/gpgsv__type_support.cpp.o
[18.011s] [ 61%] Building CXX object CMakeFiles/nmea_msgs__rosidl_typesupport_c.dir/rosidl_typesupport_c/nmea_msgs/msg/gpgsv_satellite__type_support.cpp.o
[18.020s] [ 62%] Building CXX object CMakeFiles/nmea_msgs__rosidl_typesupport_c.dir/rosidl_typesupport_c/nmea_msgs/msg/gprmc__type_support.cpp.o
[18.027s] [ 63%] Building CXX object CMakeFiles/nmea_msgs__rosidl_typesupport_fastrtps_c.dir/rosidl_typesupport_fastrtps_c/nmea_msgs/msg/detail/gpzda__type_support_c.cpp.o
[18.105s] [ 64%] Building CXX object CMakeFiles/nmea_msgs__rosidl_typesupport_c.dir/rosidl_typesupport_c/nmea_msgs/msg/gpvtg__type_support.cpp.o
[18.153s] [ 64%] Building CXX object CMakeFiles/nmea_msgs__rosidl_typesupport_c.dir/rosidl_typesupport_c/nmea_msgs/msg/gpzda__type_support.cpp.o
[18.165s] [ 65%] Building CXX object CMakeFiles/nmea_msgs__rosidl_typesupport_c.dir/rosidl_typesupport_c/nmea_msgs/msg/gphdt__type_support.cpp.o
[18.185s] [ 65%] Building CXX object CMakeFiles/nmea_msgs__rosidl_typesupport_fastrtps_c.dir/rosidl_typesupport_fastrtps_c/nmea_msgs/msg/detail/gphdt__type_support_c.cpp.o
[18.196s] [ 66%] Linking CXX shared library libnmea_msgs__rosidl_typesupport_cpp.so
[18.203s] [ 66%] Building C object CMakeFiles/nmea_msgs__rosidl_typesupport_introspection_c.dir/rosidl_typesupport_introspection_c/nmea_msgs/msg/detail/sentence__type_support.c.o
[18.276s] [ 67%] Building C object CMakeFiles/nmea_msgs__rosidl_typesupport_introspection_c.dir/rosidl_typesupport_introspection_c/nmea_msgs/msg/detail/gpgga__type_support.c.o
[18.284s] [ 68%] Linking CXX shared library libnmea_msgs__rosidl_typesupport_c.so
[18.284s] [ 69%] Building C object CMakeFiles/nmea_msgs__rosidl_typesupport_introspection_c.dir/rosidl_typesupport_introspection_c/nmea_msgs/msg/detail/gpgst__type_support.c.o
[18.295s] [ 70%] Building CXX object CMakeFiles/nmea_msgs__rosidl_typesupport_fastrtps_cpp.dir/rosidl_typesupport_fastrtps_cpp/nmea_msgs/msg/detail/dds_fastrtps/sentence__type_support.cpp.o
[18.300s] [ 71%] Building C object CMakeFiles/nmea_msgs__rosidl_typesupport_introspection_c.dir/rosidl_typesupport_introspection_c/nmea_msgs/msg/detail/gpgsa__type_support.c.o
[18.337s] [ 71%] Built target nmea_msgs__rosidl_typesupport_cpp
[18.372s] [ 72%] Building C object CMakeFiles/nmea_msgs__rosidl_typesupport_introspection_c.dir/rosidl_typesupport_introspection_c/nmea_msgs/msg/detail/gpgsv__type_support.c.o
[18.384s] [ 72%] Building C object CMakeFiles/nmea_msgs__rosidl_typesupport_introspection_c.dir/rosidl_typesupport_introspection_c/nmea_msgs/msg/detail/gpgsv_satellite__type_support.c.o
[18.391s] [ 73%] Building C object CMakeFiles/nmea_msgs__rosidl_typesupport_introspection_c.dir/rosidl_typesupport_introspection_c/nmea_msgs/msg/detail/gprmc__type_support.c.o
[18.413s] [ 74%] Building C object CMakeFiles/nmea_msgs__rosidl_typesupport_introspection_c.dir/rosidl_typesupport_introspection_c/nmea_msgs/msg/detail/gpvtg__type_support.c.o
[18.431s] [ 75%] Building C object CMakeFiles/nmea_msgs__rosidl_typesupport_introspection_c.dir/rosidl_typesupport_introspection_c/nmea_msgs/msg/detail/gpzda__type_support.c.o
[18.451s] [ 75%] Built target nmea_msgs__rosidl_typesupport_c
[18.486s] [ 76%] Building CXX object CMakeFiles/nmea_msgs__rosidl_typesupport_fastrtps_cpp.dir/rosidl_typesupport_fastrtps_cpp/nmea_msgs/msg/detail/dds_fastrtps/gpgga__type_support.cpp.o
[18.494s] [ 76%] Building CXX object CMakeFiles/nmea_msgs__rosidl_typesupport_fastrtps_cpp.dir/rosidl_typesupport_fastrtps_cpp/nmea_msgs/msg/detail/dds_fastrtps/gpgsa__type_support.cpp.o
[18.527s] [ 77%] Building CXX object CMakeFiles/nmea_msgs__rosidl_typesupport_fastrtps_cpp.dir/rosidl_typesupport_fastrtps_cpp/nmea_msgs/msg/detail/dds_fastrtps/gpgst__type_support.cpp.o
[18.549s] [ 78%] Building C object CMakeFiles/nmea_msgs__rosidl_typesupport_introspection_c.dir/rosidl_typesupport_introspection_c/nmea_msgs/msg/detail/gphdt__type_support.c.o
[18.559s] [ 79%] Building CXX object CMakeFiles/nmea_msgs__rosidl_typesupport_fastrtps_cpp.dir/rosidl_typesupport_fastrtps_cpp/nmea_msgs/msg/detail/dds_fastrtps/gpgsv__type_support.cpp.o
[18.566s] [ 80%] Building CXX object CMakeFiles/nmea_msgs__rosidl_typesupport_fastrtps_cpp.dir/rosidl_typesupport_fastrtps_cpp/nmea_msgs/msg/detail/dds_fastrtps/gpgsv_satellite__type_support.cpp.o
[18.671s] [ 81%] Building CXX object CMakeFiles/nmea_msgs__rosidl_typesupport_fastrtps_cpp.dir/rosidl_typesupport_fastrtps_cpp/nmea_msgs/msg/detail/dds_fastrtps/gprmc__type_support.cpp.o
[18.681s] [ 81%] Building CXX object CMakeFiles/nmea_msgs__rosidl_typesupport_fastrtps_cpp.dir/rosidl_typesupport_fastrtps_cpp/nmea_msgs/msg/detail/dds_fastrtps/gpvtg__type_support.cpp.o
[18.707s] [ 81%] Linking C shared library libnmea_msgs__rosidl_typesupport_introspection_c.so
[18.784s] [ 82%] Building CXX object CMakeFiles/nmea_msgs__rosidl_typesupport_fastrtps_cpp.dir/rosidl_typesupport_fastrtps_cpp/nmea_msgs/msg/detail/dds_fastrtps/gpzda__type_support.cpp.o
[18.859s] [ 82%] Built target nmea_msgs__rosidl_typesupport_introspection_c
[18.886s] [ 83%] Building CXX object CMakeFiles/nmea_msgs__rosidl_typesupport_fastrtps_cpp.dir/rosidl_typesupport_fastrtps_cpp/nmea_msgs/msg/detail/dds_fastrtps/gphdt__type_support.cpp.o
[19.664s] [ 84%] Linking CXX shared library libnmea_msgs__rosidl_typesupport_fastrtps_c.so
[20.064s] [ 84%] Built target nmea_msgs__rosidl_typesupport_fastrtps_c
[20.194s] [ 85%] Linking CXX shared library libnmea_msgs__rosidl_typesupport_fastrtps_cpp.so
[20.536s] [ 85%] Built target nmea_msgs__rosidl_typesupport_fastrtps_cpp
[20.631s] [ 85%] Built target nmea_msgs
[20.704s] [ 86%] Generating Python code for ROS interfaces
[24.062s] [ 86%] Built target nmea_msgs__py
[24.128s] [ 88%] Building C object CMakeFiles/nmea_msgs__rosidl_generator_py.dir/rosidl_generator_py/nmea_msgs/msg/_gpgst_s.c.o
[24.129s] [ 87%] Building C object CMakeFiles/nmea_msgs__rosidl_generator_py.dir/rosidl_generator_py/nmea_msgs/msg/_gpgsa_s.c.o
[24.138s] [ 89%] Building C object CMakeFiles/nmea_msgs__rosidl_generator_py.dir/rosidl_generator_py/nmea_msgs/msg/_gpgsv_s.c.o
[24.139s] [ 90%] Building C object CMakeFiles/nmea_msgs__rosidl_generator_py.dir/rosidl_generator_py/nmea_msgs/msg/_sentence_s.c.o
[24.145s] [ 90%] Building C object CMakeFiles/nmea_msgs__rosidl_generator_py.dir/rosidl_generator_py/nmea_msgs/msg/_gpgga_s.c.o
[24.145s] [ 91%] Building C object CMakeFiles/nmea_msgs__rosidl_generator_py.dir/rosidl_generator_py/nmea_msgs/msg/_gpvtg_s.c.o
[24.163s] [ 91%] Building C object CMakeFiles/nmea_msgs__rosidl_generator_py.dir/rosidl_generator_py/nmea_msgs/msg/_gprmc_s.c.o
[24.171s] [ 92%] Building C object CMakeFiles/nmea_msgs__rosidl_generator_py.dir/rosidl_generator_py/nmea_msgs/msg/_gpgsv_satellite_s.c.o
[24.172s] [ 93%] Building C object CMakeFiles/nmea_msgs__rosidl_generator_py.dir/rosidl_generator_py/nmea_msgs/msg/_gpzda_s.c.o
[24.176s] [ 94%] Building C object CMakeFiles/nmea_msgs__rosidl_generator_py.dir/rosidl_generator_py/nmea_msgs/msg/_gphdt_s.c.o
[24.711s] [ 95%] Linking C shared library libnmea_msgs__rosidl_generator_py.so
[24.874s] [ 95%] Built target nmea_msgs__rosidl_generator_py
[24.949s] [ 96%] Building C object CMakeFiles/nmea_msgs_s__rosidl_typesupport_fastrtps_c.dir/rosidl_generator_py/nmea_msgs/_nmea_msgs_s.ep.rosidl_typesupport_fastrtps_c.c.o
[24.959s] [ 97%] Building C object CMakeFiles/nmea_msgs_s__rosidl_typesupport_c.dir/rosidl_generator_py/nmea_msgs/_nmea_msgs_s.ep.rosidl_typesupport_c.c.o
[24.971s] [ 98%] Building C object CMakeFiles/nmea_msgs_s__rosidl_typesupport_introspection_c.dir/rosidl_generator_py/nmea_msgs/_nmea_msgs_s.ep.rosidl_typesupport_introspection_c.c.o
[25.312s] [ 99%] Linking C shared module rosidl_generator_py/nmea_msgs/nmea_msgs_s__rosidl_typesupport_fastrtps_c.so
[25.317s] [ 99%] Linking C shared module rosidl_generator_py/nmea_msgs/nmea_msgs_s__rosidl_typesupport_c.so
[25.318s] [100%] Linking C shared module rosidl_generator_py/nmea_msgs/nmea_msgs_s__rosidl_typesupport_introspection_c.so
[25.411s] [100%] Built target nmea_msgs_s__rosidl_typesupport_fastrtps_c
[25.425s] [100%] Built target nmea_msgs_s__rosidl_typesupport_c
[25.444s] [100%] Built target nmea_msgs_s__rosidl_typesupport_introspection_c
[25.492s] Invoked command in '/home/macho/navivest_ws/build/nmea_msgs' returned '0': CMAKE_PREFIX_PATH=${CMAKE_PREFIX_PATH}:/home/macho/navivest_ws/install/nav2_loopback_sim:/home/macho/navivest_ws/install/navivest_bringup:/home/macho/navivest_ws/install/bondpy:/home/macho/navivest_ws/install/navivest_guidance:/home/macho/navivest_ws/install/nav2_simple_commander:/opt/ros/jazzy DEBUGINFOD_URLS=https://debuginfod.ubuntu.com /usr/bin/cmake --build /home/macho/navivest_ws/build/nmea_msgs -- -j16 -l16
[25.493s] Invoking command in '/home/macho/navivest_ws/build/nmea_msgs': CMAKE_PREFIX_PATH=${CMAKE_PREFIX_PATH}:/home/macho/navivest_ws/install/nav2_loopback_sim:/home/macho/navivest_ws/install/navivest_bringup:/home/macho/navivest_ws/install/bondpy:/home/macho/navivest_ws/install/navivest_guidance:/home/macho/navivest_ws/install/nav2_simple_commander:/opt/ros/jazzy DEBUGINFOD_URLS=https://debuginfod.ubuntu.com /usr/bin/cmake --install /home/macho/navivest_ws/build/nmea_msgs
[25.539s] -- Install configuration: ""
[25.540s] -- Execute custom install script
[25.540s] -- Symlinking: /home/macho/navivest_ws/install/nmea_msgs/share/ament_index/resource_index/rosidl_interfaces/nmea_msgs
[25.562s] -- Symlinking: /home/macho/navivest_ws/install/nmea_msgs/share/nmea_msgs/msg/Sentence.json
[25.595s] -- Symlinking: /home/macho/navivest_ws/install/nmea_msgs/share/nmea_msgs/msg/Gpgga.json
[25.626s] -- Symlinking: /home/macho/navivest_ws/install/nmea_msgs/share/nmea_msgs/msg/Gpgsa.json
[25.652s] -- Symlinking: /home/macho/navivest_ws/install/nmea_msgs/share/nmea_msgs/msg/Gpgst.json
[25.686s] -- Symlinking: /home/macho/navivest_ws/install/nmea_msgs/share/nmea_msgs/msg/Gpgsv.json
[25.734s] -- Symlinking: /home/macho/navivest_ws/install/nmea_msgs/share/nmea_msgs/msg/GpgsvSatellite.json
[25.769s] -- Symlinking: /home/macho/navivest_ws/install/nmea_msgs/share/nmea_msgs/msg/Gprmc.json
[25.801s] -- Symlinking: /home/macho/navivest_ws/install/nmea_msgs/share/nmea_msgs/msg/Gpvtg.json
[25.833s] -- Symlinking: /home/macho/navivest_ws/install/nmea_msgs/share/nmea_msgs/msg/Gpzda.json
[25.862s] -- Symlinking: /home/macho/navivest_ws/install/nmea_msgs/share/nmea_msgs/msg/Gphdt.json
[25.901s] -- Symlinking: /home/macho/navivest_ws/install/nmea_msgs/include/nmea_msgs/nmea_msgs/msg/detail/gpgga__functions.h
[25.931s] -- Symlinking: /home/macho/navivest_ws/install/nmea_msgs/include/nmea_msgs/nmea_msgs/msg/detail/gpgga__struct.h
[25.964s] -- Symlinking: /home/macho/navivest_ws/install/nmea_msgs/include/nmea_msgs/nmea_msgs/msg/detail/gpgga__type_support.h
[25.997s] -- Symlinking: /home/macho/navivest_ws/install/nmea_msgs/include/nmea_msgs/nmea_msgs/msg/detail/gpgsa__functions.h
[26.027s] -- Symlinking: /home/macho/navivest_ws/install/nmea_msgs/include/nmea_msgs/nmea_msgs/msg/detail/gpgsa__struct.h
[26.064s] -- Symlinking: /home/macho/navivest_ws/install/nmea_msgs/include/nmea_msgs/nmea_msgs/msg/detail/gpgsa__type_support.h
[26.110s] -- Symlinking: /home/macho/navivest_ws/install/nmea_msgs/include/nmea_msgs/nmea_msgs/msg/detail/gpgst__functions.h
[26.138s] -- Symlinking: /home/macho/navivest_ws/install/nmea_msgs/include/nmea_msgs/nmea_msgs/msg/detail/gpgst__struct.h
[26.178s] -- Symlinking: /home/macho/navivest_ws/install/nmea_msgs/include/nmea_msgs/nmea_msgs/msg/detail/gpgst__type_support.h
[26.209s] -- Symlinking: /home/macho/navivest_ws/install/nmea_msgs/include/nmea_msgs/nmea_msgs/msg/detail/gpgsv__functions.h
[26.239s] -- Symlinking: /home/macho/navivest_ws/install/nmea_msgs/include/nmea_msgs/nmea_msgs/msg/detail/gpgsv__struct.h
[26.264s] -- Symlinking: /home/macho/navivest_ws/install/nmea_msgs/include/nmea_msgs/nmea_msgs/msg/detail/gpgsv__type_support.h
[26.289s] -- Symlinking: /home/macho/navivest_ws/install/nmea_msgs/include/nmea_msgs/nmea_msgs/msg/detail/gpgsv_satellite__functions.h
[26.323s] -- Symlinking: /home/macho/navivest_ws/install/nmea_msgs/include/nmea_msgs/nmea_msgs/msg/detail/gpgsv_satellite__struct.h
[26.355s] -- Symlinking: /home/macho/navivest_ws/install/nmea_msgs/include/nmea_msgs/nmea_msgs/msg/detail/gpgsv_satellite__type_support.h
[26.393s] -- Symlinking: /home/macho/navivest_ws/install/nmea_msgs/include/nmea_msgs/nmea_msgs/msg/detail/gphdt__functions.h
[26.432s] -- Symlinking: /home/macho/navivest_ws/install/nmea_msgs/include/nmea_msgs/nmea_msgs/msg/detail/gphdt__struct.h
[26.460s] -- Symlinking: /home/macho/navivest_ws/install/nmea_msgs/include/nmea_msgs/nmea_msgs/msg/detail/gphdt__type_support.h
[26.495s] -- Symlinking: /home/macho/navivest_ws/install/nmea_msgs/include/nmea_msgs/nmea_msgs/msg/detail/gprmc__functions.h
[26.528s] -- Symlinking: /home/macho/navivest_ws/install/nmea_msgs/include/nmea_msgs/nmea_msgs/msg/detail/gprmc__struct.h
[26.564s] -- Symlinking: /home/macho/navivest_ws/install/nmea_msgs/include/nmea_msgs/nmea_msgs/msg/detail/gprmc__type_support.h
[26.597s] -- Symlinking: /home/macho/navivest_ws/install/nmea_msgs/include/nmea_msgs/nmea_msgs/msg/detail/gpvtg__functions.h
[26.631s] -- Symlinking: /home/macho/navivest_ws/install/nmea_msgs/include/nmea_msgs/nmea_msgs/msg/detail/gpvtg__struct.h
[26.665s] -- Symlinking: /home/macho/navivest_ws/install/nmea_msgs/include/nmea_msgs/nmea_msgs/msg/detail/gpvtg__type_support.h
[26.699s] -- Symlinking: /home/macho/navivest_ws/install/nmea_msgs/include/nmea_msgs/nmea_msgs/msg/detail/gpzda__functions.h
[26.734s] -- Symlinking: /home/macho/navivest_ws/install/nmea_msgs/include/nmea_msgs/nmea_msgs/msg/detail/gpzda__struct.h
[26.765s] -- Symlinking: /home/macho/navivest_ws/install/nmea_msgs/include/nmea_msgs/nmea_msgs/msg/detail/gpzda__type_support.h
[26.799s] -- Symlinking: /home/macho/navivest_ws/install/nmea_msgs/include/nmea_msgs/nmea_msgs/msg/detail/sentence__functions.h
[26.831s] -- Symlinking: /home/macho/navivest_ws/install/nmea_msgs/include/nmea_msgs/nmea_msgs/msg/detail/sentence__struct.h
[26.864s] -- Symlinking: /home/macho/navivest_ws/install/nmea_msgs/include/nmea_msgs/nmea_msgs/msg/detail/sentence__type_support.h
[26.898s] -- Symlinking: /home/macho/navivest_ws/install/nmea_msgs/include/nmea_msgs/nmea_msgs/msg/gpgga.h
[26.929s] -- Symlinking: /home/macho/navivest_ws/install/nmea_msgs/include/nmea_msgs/nmea_msgs/msg/gpgsa.h
[26.967s] -- Symlinking: /home/macho/navivest_ws/install/nmea_msgs/include/nmea_msgs/nmea_msgs/msg/gpgst.h
[27.001s] -- Symlinking: /home/macho/navivest_ws/install/nmea_msgs/include/nmea_msgs/nmea_msgs/msg/gpgsv.h
[27.037s] -- Symlinking: /home/macho/navivest_ws/install/nmea_msgs/include/nmea_msgs/nmea_msgs/msg/gpgsv_satellite.h
[27.072s] -- Symlinking: /home/macho/navivest_ws/install/nmea_msgs/include/nmea_msgs/nmea_msgs/msg/gphdt.h
[27.119s] -- Symlinking: /home/macho/navivest_ws/install/nmea_msgs/include/nmea_msgs/nmea_msgs/msg/gprmc.h
[27.149s] -- Symlinking: /home/macho/navivest_ws/install/nmea_msgs/include/nmea_msgs/nmea_msgs/msg/gpvtg.h
[27.181s] -- Symlinking: /home/macho/navivest_ws/install/nmea_msgs/include/nmea_msgs/nmea_msgs/msg/gpzda.h
[27.215s] -- Symlinking: /home/macho/navivest_ws/install/nmea_msgs/include/nmea_msgs/nmea_msgs/msg/rosidl_generator_c__visibility_control.h
[27.240s] -- Symlinking: /home/macho/navivest_ws/install/nmea_msgs/include/nmea_msgs/nmea_msgs/msg/sentence.h
[27.276s] -- Symlinking: /home/macho/navivest_ws/install/nmea_msgs/share/nmea_msgs/environment/library_path.sh
[27.312s] -- Symlinking: /home/macho/navivest_ws/install/nmea_msgs/share/nmea_msgs/environment/library_path.dsv
[27.338s] -- Symlinking: /home/macho/navivest_ws/install/nmea_msgs/include/nmea_msgs/nmea_msgs/msg/detail/gpgga__rosidl_typesupport_fastrtps_c.h
[27.373s] -- Symlinking: /home/macho/navivest_ws/install/nmea_msgs/include/nmea_msgs/nmea_msgs/msg/detail/gpgsa__rosidl_typesupport_fastrtps_c.h
[27.403s] -- Symlinking: /home/macho/navivest_ws/install/nmea_msgs/include/nmea_msgs/nmea_msgs/msg/detail/gpgst__rosidl_typesupport_fastrtps_c.h
[27.434s] -- Symlinking: /home/macho/navivest_ws/install/nmea_msgs/include/nmea_msgs/nmea_msgs/msg/detail/gpgsv__rosidl_typesupport_fastrtps_c.h
[27.466s] -- Symlinking: /home/macho/navivest_ws/install/nmea_msgs/include/nmea_msgs/nmea_msgs/msg/detail/gpgsv_satellite__rosidl_typesupport_fastrtps_c.h
[27.498s] -- Symlinking: /home/macho/navivest_ws/install/nmea_msgs/include/nmea_msgs/nmea_msgs/msg/detail/gphdt__rosidl_typesupport_fastrtps_c.h
[27.532s] -- Symlinking: /home/macho/navivest_ws/install/nmea_msgs/include/nmea_msgs/nmea_msgs/msg/detail/gprmc__rosidl_typesupport_fastrtps_c.h
[27.559s] -- Symlinking: /home/macho/navivest_ws/install/nmea_msgs/include/nmea_msgs/nmea_msgs/msg/detail/gpvtg__rosidl_typesupport_fastrtps_c.h
[27.597s] -- Symlinking: /home/macho/navivest_ws/install/nmea_msgs/include/nmea_msgs/nmea_msgs/msg/detail/gpzda__rosidl_typesupport_fastrtps_c.h
[27.628s] -- Symlinking: /home/macho/navivest_ws/install/nmea_msgs/include/nmea_msgs/nmea_msgs/msg/detail/sentence__rosidl_typesupport_fastrtps_c.h
[27.659s] -- Symlinking: /home/macho/navivest_ws/install/nmea_msgs/include/nmea_msgs/nmea_msgs/msg/rosidl_typesupport_fastrtps_c__visibility_control.h
[27.696s] -- Symlinking: /home/macho/navivest_ws/install/nmea_msgs/include/nmea_msgs/nmea_msgs/msg/detail/gpgga__rosidl_typesupport_introspection_c.h
[27.731s] -- Symlinking: /home/macho/navivest_ws/install/nmea_msgs/include/nmea_msgs/nmea_msgs/msg/detail/gpgsa__rosidl_typesupport_introspection_c.h
[27.768s] -- Symlinking: /home/macho/navivest_ws/install/nmea_msgs/include/nmea_msgs/nmea_msgs/msg/detail/gpgst__rosidl_typesupport_introspection_c.h
[27.800s] -- Symlinking: /home/macho/navivest_ws/install/nmea_msgs/include/nmea_msgs/nmea_msgs/msg/detail/gpgsv__rosidl_typesupport_introspection_c.h
[27.822s] -- Symlinking: /home/macho/navivest_ws/install/nmea_msgs/include/nmea_msgs/nmea_msgs/msg/detail/gpgsv_satellite__rosidl_typesupport_introspection_c.h
[27.856s] -- Symlinking: /home/macho/navivest_ws/install/nmea_msgs/include/nmea_msgs/nmea_msgs/msg/detail/gphdt__rosidl_typesupport_introspection_c.h
[27.894s] -- Symlinking: /home/macho/navivest_ws/install/nmea_msgs/include/nmea_msgs/nmea_msgs/msg/detail/gprmc__rosidl_typesupport_introspection_c.h
[27.929s] -- Symlinking: /home/macho/navivest_ws/install/nmea_msgs/include/nmea_msgs/nmea_msgs/msg/detail/gpvtg__rosidl_typesupport_introspection_c.h
[27.952s] -- Symlinking: /home/macho/navivest_ws/install/nmea_msgs/include/nmea_msgs/nmea_msgs/msg/detail/gpzda__rosidl_typesupport_introspection_c.h
[27.990s] -- Symlinking: /home/macho/navivest_ws/install/nmea_msgs/include/nmea_msgs/nmea_msgs/msg/detail/sentence__rosidl_typesupport_introspection_c.h
[28.023s] -- Symlinking: /home/macho/navivest_ws/install/nmea_msgs/include/nmea_msgs/nmea_msgs/msg/rosidl_typesupport_introspection_c__visibility_control.h
[28.058s] -- Symlinking: /home/macho/navivest_ws/install/nmea_msgs/include/nmea_msgs/nmea_msgs/msg/detail/gpgga__builder.hpp
[28.089s] -- Symlinking: /home/macho/navivest_ws/install/nmea_msgs/include/nmea_msgs/nmea_msgs/msg/detail/gpgga__struct.hpp
[28.130s] -- Symlinking: /home/macho/navivest_ws/install/nmea_msgs/include/nmea_msgs/nmea_msgs/msg/detail/gpgga__traits.hpp
[28.157s] -- Symlinking: /home/macho/navivest_ws/install/nmea_msgs/include/nmea_msgs/nmea_msgs/msg/detail/gpgga__type_support.hpp
[28.192s] -- Symlinking: /home/macho/navivest_ws/install/nmea_msgs/include/nmea_msgs/nmea_msgs/msg/detail/gpgsa__builder.hpp
[28.224s] -- Symlinking: /home/macho/navivest_ws/install/nmea_msgs/include/nmea_msgs/nmea_msgs/msg/detail/gpgsa__struct.hpp
[28.257s] -- Symlinking: /home/macho/navivest_ws/install/nmea_msgs/include/nmea_msgs/nmea_msgs/msg/detail/gpgsa__traits.hpp
[28.274s] -- Symlinking: /home/macho/navivest_ws/install/nmea_msgs/include/nmea_msgs/nmea_msgs/msg/detail/gpgsa__type_support.hpp
[28.290s] -- Symlinking: /home/macho/navivest_ws/install/nmea_msgs/include/nmea_msgs/nmea_msgs/msg/detail/gpgst__builder.hpp
[28.329s] -- Symlinking: /home/macho/navivest_ws/install/nmea_msgs/include/nmea_msgs/nmea_msgs/msg/detail/gpgst__struct.hpp
[28.359s] -- Symlinking: /home/macho/navivest_ws/install/nmea_msgs/include/nmea_msgs/nmea_msgs/msg/detail/gpgst__traits.hpp
[28.393s] -- Symlinking: /home/macho/navivest_ws/install/nmea_msgs/include/nmea_msgs/nmea_msgs/msg/detail/gpgst__type_support.hpp
[28.425s] -- Symlinking: /home/macho/navivest_ws/install/nmea_msgs/include/nmea_msgs/nmea_msgs/msg/detail/gpgsv__builder.hpp
[28.457s] -- Symlinking: /home/macho/navivest_ws/install/nmea_msgs/include/nmea_msgs/nmea_msgs/msg/detail/gpgsv__struct.hpp
[28.496s] -- Symlinking: /home/macho/navivest_ws/install/nmea_msgs/include/nmea_msgs/nmea_msgs/msg/detail/gpgsv__traits.hpp
[28.518s] -- Symlinking: /home/macho/navivest_ws/install/nmea_msgs/include/nmea_msgs/nmea_msgs/msg/detail/gpgsv__type_support.hpp
[28.552s] -- Symlinking: /home/macho/navivest_ws/install/nmea_msgs/include/nmea_msgs/nmea_msgs/msg/detail/gpgsv_satellite__builder.hpp
[28.586s] -- Symlinking: /home/macho/navivest_ws/install/nmea_msgs/include/nmea_msgs/nmea_msgs/msg/detail/gpgsv_satellite__struct.hpp
[28.615s] -- Symlinking: /home/macho/navivest_ws/install/nmea_msgs/include/nmea_msgs/nmea_msgs/msg/detail/gpgsv_satellite__traits.hpp
[28.647s] -- Symlinking: /home/macho/navivest_ws/install/nmea_msgs/include/nmea_msgs/nmea_msgs/msg/detail/gpgsv_satellite__type_support.hpp
[28.665s] -- Symlinking: /home/macho/navivest_ws/install/nmea_msgs/include/nmea_msgs/nmea_msgs/msg/detail/gphdt__builder.hpp
[28.701s] -- Symlinking: /home/macho/navivest_ws/install/nmea_msgs/include/nmea_msgs/nmea_msgs/msg/detail/gphdt__struct.hpp
[28.728s] -- Symlinking: /home/macho/navivest_ws/install/nmea_msgs/include/nmea_msgs/nmea_msgs/msg/detail/gphdt__traits.hpp
[28.761s] -- Symlinking: /home/macho/navivest_ws/install/nmea_msgs/include/nmea_msgs/nmea_msgs/msg/detail/gphdt__type_support.hpp
[28.790s] -- Symlinking: /home/macho/navivest_ws/install/nmea_msgs/include/nmea_msgs/nmea_msgs/msg/detail/gprmc__builder.hpp
[28.827s] -- Symlinking: /home/macho/navivest_ws/install/nmea_msgs/include/nmea_msgs/nmea_msgs/msg/detail/gprmc__struct.hpp
[28.863s] -- Symlinking: /home/macho/navivest_ws/install/nmea_msgs/include/nmea_msgs/nmea_msgs/msg/detail/gprmc__traits.hpp
[28.881s] -- Symlinking: /home/macho/navivest_ws/install/nmea_msgs/include/nmea_msgs/nmea_msgs/msg/detail/gprmc__type_support.hpp
[28.899s] -- Symlinking: /home/macho/navivest_ws/install/nmea_msgs/include/nmea_msgs/nmea_msgs/msg/detail/gpvtg__builder.hpp
[28.914s] -- Symlinking: /home/macho/navivest_ws/install/nmea_msgs/include/nmea_msgs/nmea_msgs/msg/detail/gpvtg__struct.hpp
[28.930s] -- Symlinking: /home/macho/navivest_ws/install/nmea_msgs/include/nmea_msgs/nmea_msgs/msg/detail/gpvtg__traits.hpp
[28.945s] -- Symlinking: /home/macho/navivest_ws/install/nmea_msgs/include/nmea_msgs/nmea_msgs/msg/detail/gpvtg__type_support.hpp
[28.961s] -- Symlinking: /home/macho/navivest_ws/install/nmea_msgs/include/nmea_msgs/nmea_msgs/msg/detail/gpzda__builder.hpp
[28.977s] -- Symlinking: /home/macho/navivest_ws/install/nmea_msgs/include/nmea_msgs/nmea_msgs/msg/detail/gpzda__struct.hpp
[28.992s] -- Symlinking: /home/macho/navivest_ws/install/nmea_msgs/include/nmea_msgs/nmea_msgs/msg/detail/gpzda__traits.hpp
[29.006s] -- Symlinking: /home/macho/navivest_ws/install/nmea_msgs/include/nmea_msgs/nmea_msgs/msg/detail/gpzda__type_support.hpp
[29.022s] -- Symlinking: /home/macho/navivest_ws/install/nmea_msgs/include/nmea_msgs/nmea_msgs/msg/detail/sentence__builder.hpp
[29.036s] -- Symlinking: /home/macho/navivest_ws/install/nmea_msgs/include/nmea_msgs/nmea_msgs/msg/detail/sentence__struct.hpp
[29.051s] -- Symlinking: /home/macho/navivest_ws/install/nmea_msgs/include/nmea_msgs/nmea_msgs/msg/detail/sentence__traits.hpp
[29.067s] -- Symlinking: /home/macho/navivest_ws/install/nmea_msgs/include/nmea_msgs/nmea_msgs/msg/detail/sentence__type_support.hpp
[29.083s] -- Symlinking: /home/macho/navivest_ws/install/nmea_msgs/include/nmea_msgs/nmea_msgs/msg/gpgga.hpp
[29.099s] -- Symlinking: /home/macho/navivest_ws/install/nmea_msgs/include/nmea_msgs/nmea_msgs/msg/gpgsa.hpp
[29.114s] -- Symlinking: /home/macho/navivest_ws/install/nmea_msgs/include/nmea_msgs/nmea_msgs/msg/gpgst.hpp
[29.129s] -- Symlinking: /home/macho/navivest_ws/install/nmea_msgs/include/nmea_msgs/nmea_msgs/msg/gpgsv.hpp
[29.140s] -- Symlinking: /home/macho/navivest_ws/install/nmea_msgs/include/nmea_msgs/nmea_msgs/msg/gpgsv_satellite.hpp
[29.151s] -- Symlinking: /home/macho/navivest_ws/install/nmea_msgs/include/nmea_msgs/nmea_msgs/msg/gphdt.hpp
[29.162s] -- Symlinking: /home/macho/navivest_ws/install/nmea_msgs/include/nmea_msgs/nmea_msgs/msg/gprmc.hpp
[29.173s] -- Symlinking: /home/macho/navivest_ws/install/nmea_msgs/include/nmea_msgs/nmea_msgs/msg/gpvtg.hpp
[29.184s] -- Symlinking: /home/macho/navivest_ws/install/nmea_msgs/include/nmea_msgs/nmea_msgs/msg/gpzda.hpp
[29.196s] -- Symlinking: /home/macho/navivest_ws/install/nmea_msgs/include/nmea_msgs/nmea_msgs/msg/rosidl_generator_cpp__visibility_control.hpp
[29.208s] -- Symlinking: /home/macho/navivest_ws/install/nmea_msgs/include/nmea_msgs/nmea_msgs/msg/sentence.hpp
[29.222s] -- Symlinking: /home/macho/navivest_ws/install/nmea_msgs/include/nmea_msgs/nmea_msgs/msg/detail/gpgga__rosidl_typesupport_fastrtps_cpp.hpp
[29.237s] -- Symlinking: /home/macho/navivest_ws/install/nmea_msgs/include/nmea_msgs/nmea_msgs/msg/detail/gpgsa__rosidl_typesupport_fastrtps_cpp.hpp
[29.250s] -- Symlinking: /home/macho/navivest_ws/install/nmea_msgs/include/nmea_msgs/nmea_msgs/msg/detail/gpgst__rosidl_typesupport_fastrtps_cpp.hpp
[29.266s] -- Symlinking: /home/macho/navivest_ws/install/nmea_msgs/include/nmea_msgs/nmea_msgs/msg/detail/gpgsv__rosidl_typesupport_fastrtps_cpp.hpp
[29.279s] -- Symlinking: /home/macho/navivest_ws/install/nmea_msgs/include/nmea_msgs/nmea_msgs/msg/detail/gpgsv_satellite__rosidl_typesupport_fastrtps_cpp.hpp
[29.294s] -- Symlinking: /home/macho/navivest_ws/install/nmea_msgs/include/nmea_msgs/nmea_msgs/msg/detail/gphdt__rosidl_typesupport_fastrtps_cpp.hpp
[29.308s] -- Symlinking: /home/macho/navivest_ws/install/nmea_msgs/include/nmea_msgs/nmea_msgs/msg/detail/gprmc__rosidl_typesupport_fastrtps_cpp.hpp
[29.323s] -- Symlinking: /home/macho/navivest_ws/install/nmea_msgs/include/nmea_msgs/nmea_msgs/msg/detail/gpvtg__rosidl_typesupport_fastrtps_cpp.hpp
[29.337s] -- Symlinking: /home/macho/navivest_ws/install/nmea_msgs/include/nmea_msgs/nmea_msgs/msg/detail/gpzda__rosidl_typesupport_fastrtps_cpp.hpp
[29.351s] -- Symlinking: /home/macho/navivest_ws/install/nmea_msgs/include/nmea_msgs/nmea_msgs/msg/detail/sentence__rosidl_typesupport_fastrtps_cpp.hpp
[29.365s] -- Symlinking: /home/macho/navivest_ws/install/nmea_msgs/include/nmea_msgs/nmea_msgs/msg/rosidl_typesupport_fastrtps_cpp__visibility_control.h
[29.380s] -- Symlinking: /home/macho/navivest_ws/install/nmea_msgs/include/nmea_msgs/nmea_msgs/msg/detail/gpgga__rosidl_typesupport_introspection_cpp.hpp
[29.394s] -- Symlinking: /home/macho/navivest_ws/install/nmea_msgs/include/nmea_msgs/nmea_msgs/msg/detail/gpgsa__rosidl_typesupport_introspection_cpp.hpp
[29.408s] -- Symlinking: /home/macho/navivest_ws/install/nmea_msgs/include/nmea_msgs/nmea_msgs/msg/detail/gpgst__rosidl_typesupport_introspection_cpp.hpp
[29.422s] -- Symlinking: /home/macho/navivest_ws/install/nmea_msgs/include/nmea_msgs/nmea_msgs/msg/detail/gpgsv__rosidl_typesupport_introspection_cpp.hpp
[29.436s] -- Symlinking: /home/macho/navivest_ws/install/nmea_msgs/include/nmea_msgs/nmea_msgs/msg/detail/gpgsv_satellite__rosidl_typesupport_introspection_cpp.hpp
[29.449s] -- Symlinking: /home/macho/navivest_ws/install/nmea_msgs/include/nmea_msgs/nmea_msgs/msg/detail/gphdt__rosidl_typesupport_introspection_cpp.hpp
[29.464s] -- Symlinking: /home/macho/navivest_ws/install/nmea_msgs/include/nmea_msgs/nmea_msgs/msg/detail/gprmc__rosidl_typesupport_introspection_cpp.hpp
[29.478s] -- Symlinking: /home/macho/navivest_ws/install/nmea_msgs/include/nmea_msgs/nmea_msgs/msg/detail/gpvtg__rosidl_typesupport_introspection_cpp.hpp
[29.493s] -- Symlinking: /home/macho/navivest_ws/install/nmea_msgs/include/nmea_msgs/nmea_msgs/msg/detail/gpzda__rosidl_typesupport_introspection_cpp.hpp
[29.507s] -- Symlinking: /home/macho/navivest_ws/install/nmea_msgs/include/nmea_msgs/nmea_msgs/msg/detail/sentence__rosidl_typesupport_introspection_cpp.hpp
[29.521s] -- Symlinking: /home/macho/navivest_ws/install/nmea_msgs/share/nmea_msgs/environment/pythonpath.sh
[29.533s] -- Symlinking: /home/macho/navivest_ws/install/nmea_msgs/share/nmea_msgs/environment/pythonpath.dsv
[29.544s] -- Symlinking: /home/macho/navivest_ws/install/nmea_msgs/lib/python3.12/site-packages/nmea_msgs-2.1.0-py3.12.egg-info/PKG-INFO
[29.556s] -- Symlinking: /home/macho/navivest_ws/install/nmea_msgs/lib/python3.12/site-packages/nmea_msgs-2.1.0-py3.12.egg-info/SOURCES.txt
[29.567s] -- Symlinking: /home/macho/navivest_ws/install/nmea_msgs/lib/python3.12/site-packages/nmea_msgs-2.1.0-py3.12.egg-info/dependency_links.txt
[29.578s] -- Symlinking: /home/macho/navivest_ws/install/nmea_msgs/lib/python3.12/site-packages/nmea_msgs-2.1.0-py3.12.egg-info/top_level.txt
[29.589s] -- Symlinking: /home/macho/navivest_ws/install/nmea_msgs/lib/python3.12/site-packages/nmea_msgs/__init__.py
[29.600s] -- Symlinking: /home/macho/navivest_ws/install/nmea_msgs/lib/python3.12/site-packages/nmea_msgs/_nmea_msgs_s.ep.rosidl_typesupport_c.c
[29.610s] -- Symlinking: /home/macho/navivest_ws/install/nmea_msgs/lib/python3.12/site-packages/nmea_msgs/_nmea_msgs_s.ep.rosidl_typesupport_fastrtps_c.c
[29.621s] -- Symlinking: /home/macho/navivest_ws/install/nmea_msgs/lib/python3.12/site-packages/nmea_msgs/_nmea_msgs_s.ep.rosidl_typesupport_introspection_c.c
[29.632s] -- Symlinking: /home/macho/navivest_ws/install/nmea_msgs/lib/python3.12/site-packages/nmea_msgs/msg/__init__.py
[29.642s] -- Symlinking: /home/macho/navivest_ws/install/nmea_msgs/lib/python3.12/site-packages/nmea_msgs/msg/_gpgga.py
[29.652s] -- Symlinking: /home/macho/navivest_ws/install/nmea_msgs/lib/python3.12/site-packages/nmea_msgs/msg/_gpgga_s.c
[29.663s] -- Symlinking: /home/macho/navivest_ws/install/nmea_msgs/lib/python3.12/site-packages/nmea_msgs/msg/_gpgsa.py
[29.673s] -- Symlinking: /home/macho/navivest_ws/install/nmea_msgs/lib/python3.12/site-packages/nmea_msgs/msg/_gpgsa_s.c
[29.684s] -- Symlinking: /home/macho/navivest_ws/install/nmea_msgs/lib/python3.12/site-packages/nmea_msgs/msg/_gpgst.py
[29.695s] -- Symlinking: /home/macho/navivest_ws/install/nmea_msgs/lib/python3.12/site-packages/nmea_msgs/msg/_gpgst_s.c
[29.705s] -- Symlinking: /home/macho/navivest_ws/install/nmea_msgs/lib/python3.12/site-packages/nmea_msgs/msg/_gpgsv.py
[29.715s] -- Symlinking: /home/macho/navivest_ws/install/nmea_msgs/lib/python3.12/site-packages/nmea_msgs/msg/_gpgsv_s.c
[29.726s] -- Symlinking: /home/macho/navivest_ws/install/nmea_msgs/lib/python3.12/site-packages/nmea_msgs/msg/_gpgsv_satellite.py
[29.736s] -- Symlinking: /home/macho/navivest_ws/install/nmea_msgs/lib/python3.12/site-packages/nmea_msgs/msg/_gpgsv_satellite_s.c
[29.746s] -- Symlinking: /home/macho/navivest_ws/install/nmea_msgs/lib/python3.12/site-packages/nmea_msgs/msg/_gphdt.py
[29.757s] -- Symlinking: /home/macho/navivest_ws/install/nmea_msgs/lib/python3.12/site-packages/nmea_msgs/msg/_gphdt_s.c
[29.768s] -- Symlinking: /home/macho/navivest_ws/install/nmea_msgs/lib/python3.12/site-packages/nmea_msgs/msg/_gprmc.py
[29.778s] -- Symlinking: /home/macho/navivest_ws/install/nmea_msgs/lib/python3.12/site-packages/nmea_msgs/msg/_gprmc_s.c
[29.789s] -- Symlinking: /home/macho/navivest_ws/install/nmea_msgs/lib/python3.12/site-packages/nmea_msgs/msg/_gpvtg.py
[29.799s] -- Symlinking: /home/macho/navivest_ws/install/nmea_msgs/lib/python3.12/site-packages/nmea_msgs/msg/_gpvtg_s.c
[29.809s] -- Symlinking: /home/macho/navivest_ws/install/nmea_msgs/lib/python3.12/site-packages/nmea_msgs/msg/_gpzda.py
[29.820s] -- Symlinking: /home/macho/navivest_ws/install/nmea_msgs/lib/python3.12/site-packages/nmea_msgs/msg/_gpzda_s.c
[29.830s] -- Symlinking: /home/macho/navivest_ws/install/nmea_msgs/lib/python3.12/site-packages/nmea_msgs/msg/_sentence.py
[29.840s] -- Symlinking: /home/macho/navivest_ws/install/nmea_msgs/lib/python3.12/site-packages/nmea_msgs/msg/_sentence_s.c
[29.850s] -- Symlinking: /home/macho/navivest_ws/install/nmea_msgs/lib/python3.12/site-packages/nmea_msgs/nmea_msgs_s__rosidl_typesupport_c.so
[29.861s] -- Symlinking: /home/macho/navivest_ws/install/nmea_msgs/lib/python3.12/site-packages/nmea_msgs/nmea_msgs_s__rosidl_typesupport_fastrtps_c.so
[29.871s] -- Symlinking: /home/macho/navivest_ws/install/nmea_msgs/lib/python3.12/site-packages/nmea_msgs/nmea_msgs_s__rosidl_typesupport_introspection_c.so
[29.882s] -- Up-to-date symlink: /home/macho/navivest_ws/install/nmea_msgs/lib/python3.12/site-packages/nmea_msgs/nmea_msgs_s__rosidl_typesupport_fastrtps_c.so
[29.882s] -- Up-to-date symlink: /home/macho/navivest_ws/install/nmea_msgs/lib/python3.12/site-packages/nmea_msgs/nmea_msgs_s__rosidl_typesupport_introspection_c.so
[29.882s] -- Up-to-date symlink: /home/macho/navivest_ws/install/nmea_msgs/lib/python3.12/site-packages/nmea_msgs/nmea_msgs_s__rosidl_typesupport_c.so
[29.882s] -- Symlinking: /home/macho/navivest_ws/install/nmea_msgs/share/ament_index/resource_index/rust_packages/nmea_msgs
[29.894s] -- Symlinking: /home/macho/navivest_ws/install/nmea_msgs/share/nmea_msgs/rust/Cargo.toml
[29.904s] -- Symlinking: /home/macho/navivest_ws/install/nmea_msgs/share/nmea_msgs/rust/build.rs
[29.915s] -- Symlinking: /home/macho/navivest_ws/install/nmea_msgs/share/nmea_msgs/rust/src/lib.rs
[29.926s] -- Symlinking: /home/macho/navivest_ws/install/nmea_msgs/share/nmea_msgs/rust/src/msg.rs
[29.936s] -- Symlinking: /home/macho/navivest_ws/install/nmea_msgs/share/nmea_msgs/rust/src/msg/rmw.rs
[29.947s] -- Symlinking: /home/macho/navivest_ws/install/nmea_msgs/share/nmea_msgs/msg/Sentence.idl
[29.958s] -- Symlinking: /home/macho/navivest_ws/install/nmea_msgs/share/nmea_msgs/msg/Gpgga.idl
[29.969s] -- Symlinking: /home/macho/navivest_ws/install/nmea_msgs/share/nmea_msgs/msg/Gpgsa.idl
[29.979s] -- Symlinking: /home/macho/navivest_ws/install/nmea_msgs/share/nmea_msgs/msg/Gpgst.idl
[29.990s] -- Symlinking: /home/macho/navivest_ws/install/nmea_msgs/share/nmea_msgs/msg/Gpgsv.idl
[30.000s] -- Symlinking: /home/macho/navivest_ws/install/nmea_msgs/share/nmea_msgs/msg/GpgsvSatellite.idl
[30.010s] -- Symlinking: /home/macho/navivest_ws/install/nmea_msgs/share/nmea_msgs/msg/Gprmc.idl
[30.020s] -- Symlinking: /home/macho/navivest_ws/install/nmea_msgs/share/nmea_msgs/msg/Gpvtg.idl
[30.030s] -- Symlinking: /home/macho/navivest_ws/install/nmea_msgs/share/nmea_msgs/msg/Gpzda.idl
[30.041s] -- Symlinking: /home/macho/navivest_ws/install/nmea_msgs/share/nmea_msgs/msg/Gphdt.idl
[30.051s] -- Symlinking: /home/macho/navivest_ws/install/nmea_msgs/share/nmea_msgs/msg/Sentence.msg
[30.062s] -- Symlinking: /home/macho/navivest_ws/install/nmea_msgs/share/nmea_msgs/msg/Gpgga.msg
[30.072s] -- Symlinking: /home/macho/navivest_ws/install/nmea_msgs/share/nmea_msgs/msg/Gpgsa.msg
[30.084s] -- Symlinking: /home/macho/navivest_ws/install/nmea_msgs/share/nmea_msgs/msg/Gpgst.msg
[30.094s] -- Symlinking: /home/macho/navivest_ws/install/nmea_msgs/share/nmea_msgs/msg/Gpgsv.msg
[30.104s] -- Symlinking: /home/macho/navivest_ws/install/nmea_msgs/share/nmea_msgs/msg/GpgsvSatellite.msg
[30.114s] -- Symlinking: /home/macho/navivest_ws/install/nmea_msgs/share/nmea_msgs/msg/Gprmc.msg
[30.126s] -- Symlinking: /home/macho/navivest_ws/install/nmea_msgs/share/nmea_msgs/msg/Gpvtg.msg
[30.136s] -- Symlinking: /home/macho/navivest_ws/install/nmea_msgs/share/nmea_msgs/msg/Gpzda.msg
[30.146s] -- Symlinking: /home/macho/navivest_ws/install/nmea_msgs/share/nmea_msgs/msg/Gphdt.msg
[30.157s] -- Symlinking: /home/macho/navivest_ws/install/nmea_msgs/share/ament_index/resource_index/package_run_dependencies/nmea_msgs
[30.168s] -- Symlinking: /home/macho/navivest_ws/install/nmea_msgs/share/ament_index/resource_index/parent_prefix_path/nmea_msgs
[30.178s] -- Symlinking: /home/macho/navivest_ws/install/nmea_msgs/share/nmea_msgs/environment/ament_prefix_path.sh
[30.189s] -- Symlinking: /home/macho/navivest_ws/install/nmea_msgs/share/nmea_msgs/environment/ament_prefix_path.dsv
[30.199s] -- Symlinking: /home/macho/navivest_ws/install/nmea_msgs/share/nmea_msgs/environment/path.sh
[30.209s] -- Symlinking: /home/macho/navivest_ws/install/nmea_msgs/share/nmea_msgs/environment/path.dsv
[30.219s] -- Symlinking: /home/macho/navivest_ws/install/nmea_msgs/share/nmea_msgs/local_setup.bash
[30.230s] -- Symlinking: /home/macho/navivest_ws/install/nmea_msgs/share/nmea_msgs/local_setup.sh
[30.241s] -- Symlinking: /home/macho/navivest_ws/install/nmea_msgs/share/nmea_msgs/local_setup.zsh
[30.252s] -- Symlinking: /home/macho/navivest_ws/install/nmea_msgs/share/nmea_msgs/local_setup.dsv
[30.263s] -- Symlinking: /home/macho/navivest_ws/install/nmea_msgs/share/nmea_msgs/package.dsv
[30.275s] -- Symlinking: /home/macho/navivest_ws/install/nmea_msgs/share/ament_index/resource_index/packages/nmea_msgs
[30.286s] -- Symlinking: /home/macho/navivest_ws/install/nmea_msgs/share/nmea_msgs/cmake/rosidl_cmake-extras.cmake
[30.297s] -- Symlinking: /home/macho/navivest_ws/install/nmea_msgs/share/nmea_msgs/cmake/ament_cmake_export_dependencies-extras.cmake
[30.308s] -- Symlinking: /home/macho/navivest_ws/install/nmea_msgs/share/nmea_msgs/cmake/ament_cmake_export_include_directories-extras.cmake
[30.320s] -- Symlinking: /home/macho/navivest_ws/install/nmea_msgs/share/nmea_msgs/cmake/ament_cmake_export_libraries-extras.cmake
[30.330s] -- Symlinking: /home/macho/navivest_ws/install/nmea_msgs/share/nmea_msgs/cmake/ament_cmake_export_targets-extras.cmake
[30.340s] -- Symlinking: /home/macho/navivest_ws/install/nmea_msgs/share/nmea_msgs/cmake/rosidl_cmake_export_typesupport_targets-extras.cmake
[30.351s] -- Symlinking: /home/macho/navivest_ws/install/nmea_msgs/share/nmea_msgs/cmake/rosidl_cmake_export_typesupport_libraries-extras.cmake
[30.361s] -- Symlinking: /home/macho/navivest_ws/install/nmea_msgs/share/nmea_msgs/cmake/nmea_msgsConfig.cmake
[30.372s] -- Symlinking: /home/macho/navivest_ws/install/nmea_msgs/share/nmea_msgs/cmake/nmea_msgsConfig-version.cmake
[30.383s] -- Symlinking: /home/macho/navivest_ws/install/nmea_msgs/share/nmea_msgs/package.xml
[30.393s] -- Installing: /home/macho/navivest_ws/install/nmea_msgs/lib/libnmea_msgs__rosidl_generator_c.so
[30.394s] -- Set non-toolchain portion of runtime path of "/home/macho/navivest_ws/install/nmea_msgs/lib/libnmea_msgs__rosidl_generator_c.so" to ""
[30.394s] -- Installing: /home/macho/navivest_ws/install/nmea_msgs/lib/libnmea_msgs__rosidl_typesupport_fastrtps_c.so
[30.394s] -- Set non-toolchain portion of runtime path of "/home/macho/navivest_ws/install/nmea_msgs/lib/libnmea_msgs__rosidl_typesupport_fastrtps_c.so" to ""
[30.394s] -- Installing: /home/macho/navivest_ws/install/nmea_msgs/lib/libnmea_msgs__rosidl_typesupport_introspection_c.so
[30.394s] -- Set non-toolchain portion of runtime path of "/home/macho/navivest_ws/install/nmea_msgs/lib/libnmea_msgs__rosidl_typesupport_introspection_c.so" to ""
[30.394s] -- Installing: /home/macho/navivest_ws/install/nmea_msgs/lib/libnmea_msgs__rosidl_typesupport_c.so
[30.394s] -- Set non-toolchain portion of runtime path of "/home/macho/navivest_ws/install/nmea_msgs/lib/libnmea_msgs__rosidl_typesupport_c.so" to ""
[30.395s] -- Installing: /home/macho/navivest_ws/install/nmea_msgs/lib/libnmea_msgs__rosidl_typesupport_fastrtps_cpp.so
[30.395s] -- Set non-toolchain portion of runtime path of "/home/macho/navivest_ws/install/nmea_msgs/lib/libnmea_msgs__rosidl_typesupport_fastrtps_cpp.so" to ""
[30.395s] -- Installing: /home/macho/navivest_ws/install/nmea_msgs/lib/libnmea_msgs__rosidl_typesupport_introspection_cpp.so
[30.395s] -- Set non-toolchain portion of runtime path of "/home/macho/navivest_ws/install/nmea_msgs/lib/libnmea_msgs__rosidl_typesupport_introspection_cpp.so" to ""
[30.395s] -- Installing: /home/macho/navivest_ws/install/nmea_msgs/lib/libnmea_msgs__rosidl_typesupport_cpp.so
[30.395s] -- Set non-toolchain portion of runtime path of "/home/macho/navivest_ws/install/nmea_msgs/lib/libnmea_msgs__rosidl_typesupport_cpp.so" to ""
[30.442s] Listing '/home/macho/navivest_ws/install/nmea_msgs/lib/python3.12/site-packages/nmea_msgs'...
[30.442s] Compiling '/home/macho/navivest_ws/install/nmea_msgs/lib/python3.12/site-packages/nmea_msgs/__init__.py'...
[30.442s] Listing '/home/macho/navivest_ws/install/nmea_msgs/lib/python3.12/site-packages/nmea_msgs/msg'...
[30.442s] Compiling '/home/macho/navivest_ws/install/nmea_msgs/lib/python3.12/site-packages/nmea_msgs/msg/__init__.py'...
[30.442s] Compiling '/home/macho/navivest_ws/install/nmea_msgs/lib/python3.12/site-packages/nmea_msgs/msg/_gpgga.py'...
[30.442s] Compiling '/home/macho/navivest_ws/install/nmea_msgs/lib/python3.12/site-packages/nmea_msgs/msg/_gpgsa.py'...
[30.442s] Compiling '/home/macho/navivest_ws/install/nmea_msgs/lib/python3.12/site-packages/nmea_msgs/msg/_gpgst.py'...
[30.442s] Compiling '/home/macho/navivest_ws/install/nmea_msgs/lib/python3.12/site-packages/nmea_msgs/msg/_gpgsv.py'...
[30.442s] Compiling '/home/macho/navivest_ws/install/nmea_msgs/lib/python3.12/site-packages/nmea_msgs/msg/_gpgsv_satellite.py'...
[30.442s] Compiling '/home/macho/navivest_ws/install/nmea_msgs/lib/python3.12/site-packages/nmea_msgs/msg/_gphdt.py'...
[30.442s] Compiling '/home/macho/navivest_ws/install/nmea_msgs/lib/python3.12/site-packages/nmea_msgs/msg/_gprmc.py'...
[30.442s] Compiling '/home/macho/navivest_ws/install/nmea_msgs/lib/python3.12/site-packages/nmea_msgs/msg/_gpvtg.py'...
[30.442s] Compiling '/home/macho/navivest_ws/install/nmea_msgs/lib/python3.12/site-packages/nmea_msgs/msg/_gpzda.py'...
[30.442s] Compiling '/home/macho/navivest_ws/install/nmea_msgs/lib/python3.12/site-packages/nmea_msgs/msg/_sentence.py'...
[30.448s] -- Installing: /home/macho/navivest_ws/install/nmea_msgs/lib/libnmea_msgs__rosidl_generator_py.so
[30.448s] -- Set non-toolchain portion of runtime path of "/home/macho/navivest_ws/install/nmea_msgs/lib/libnmea_msgs__rosidl_generator_py.so" to ""
[30.448s] -- Installing: /home/macho/navivest_ws/install/nmea_msgs/share/nmea_msgs/cmake/export_nmea_msgs__rosidl_generator_cExport.cmake
[30.448s] -- Installing: /home/macho/navivest_ws/install/nmea_msgs/share/nmea_msgs/cmake/export_nmea_msgs__rosidl_generator_cExport-noconfig.cmake
[30.448s] -- Installing: /home/macho/navivest_ws/install/nmea_msgs/share/nmea_msgs/cmake/export_nmea_msgs__rosidl_typesupport_fastrtps_cExport.cmake
[30.448s] -- Installing: /home/macho/navivest_ws/install/nmea_msgs/share/nmea_msgs/cmake/export_nmea_msgs__rosidl_typesupport_fastrtps_cExport-noconfig.cmake
[30.448s] -- Installing: /home/macho/navivest_ws/install/nmea_msgs/share/nmea_msgs/cmake/nmea_msgs__rosidl_typesupport_introspection_cExport.cmake
[30.448s] -- Installing: /home/macho/navivest_ws/install/nmea_msgs/share/nmea_msgs/cmake/nmea_msgs__rosidl_typesupport_introspection_cExport-noconfig.cmake
[30.449s] -- Installing: /home/macho/navivest_ws/install/nmea_msgs/share/nmea_msgs/cmake/nmea_msgs__rosidl_typesupport_cExport.cmake
[30.449s] -- Installing: /home/macho/navivest_ws/install/nmea_msgs/share/nmea_msgs/cmake/nmea_msgs__rosidl_typesupport_cExport-noconfig.cmake
[30.449s] -- Installing: /home/macho/navivest_ws/install/nmea_msgs/share/nmea_msgs/cmake/export_nmea_msgs__rosidl_generator_cppExport.cmake
[30.449s] -- Installing: /home/macho/navivest_ws/install/nmea_msgs/share/nmea_msgs/cmake/export_nmea_msgs__rosidl_typesupport_fastrtps_cppExport.cmake
[30.449s] -- Installing: /home/macho/navivest_ws/install/nmea_msgs/share/nmea_msgs/cmake/export_nmea_msgs__rosidl_typesupport_fastrtps_cppExport-noconfig.cmake
[30.449s] -- Installing: /home/macho/navivest_ws/install/nmea_msgs/share/nmea_msgs/cmake/nmea_msgs__rosidl_typesupport_introspection_cppExport.cmake
[30.449s] -- Installing: /home/macho/navivest_ws/install/nmea_msgs/share/nmea_msgs/cmake/nmea_msgs__rosidl_typesupport_introspection_cppExport-noconfig.cmake
[30.449s] -- Installing: /home/macho/navivest_ws/install/nmea_msgs/share/nmea_msgs/cmake/nmea_msgs__rosidl_typesupport_cppExport.cmake
[30.449s] -- Installing: /home/macho/navivest_ws/install/nmea_msgs/share/nmea_msgs/cmake/nmea_msgs__rosidl_typesupport_cppExport-noconfig.cmake
[30.450s] -- Installing: /home/macho/navivest_ws/install/nmea_msgs/share/nmea_msgs/cmake/export_nmea_msgs__rosidl_generator_pyExport.cmake
[30.450s] -- Installing: /home/macho/navivest_ws/install/nmea_msgs/share/nmea_msgs/cmake/export_nmea_msgs__rosidl_generator_pyExport-noconfig.cmake
[30.452s] Invoked command in '/home/macho/navivest_ws/build/nmea_msgs' returned '0': CMAKE_PREFIX_PATH=${CMAKE_PREFIX_PATH}:/home/macho/navivest_ws/install/nav2_loopback_sim:/home/macho/navivest_ws/install/navivest_bringup:/home/macho/navivest_ws/install/bondpy:/home/macho/navivest_ws/install/navivest_guidance:/home/macho/navivest_ws/install/nav2_simple_commander:/opt/ros/jazzy DEBUGINFOD_URLS=https://debuginfod.ubuntu.com /usr/bin/cmake --install /home/macho/navivest_ws/build/nmea_msgs
