-- The C compiler identification is GNU 13.3.0
-- The CXX compiler identification is GNU 13.3.0
-- Detecting C compiler ABI info
-- Detecting C compiler ABI info - done
-- Check for working C compiler: /usr/bin/cc - skipped
-- Detecting C compile features
-- Detecting C compile features - done
-- Detecting CXX compiler ABI info
-- Detecting CXX compiler ABI info - done
-- Check for working CXX compiler: /usr/bin/c++ - skipped
-- Detecting CXX compile features
-- Detecting CXX compile features - done
-- Found libdw: /usr/lib/x86_64-linux-gnu/libdw.so  
-- Could NOT find libbfd (missing: LIBBFD_LIBRARY LIBBFD_INCLUDE_DIR) 
-- BACKWARD_HAS_UNWIND=1
-- BACKWARD_HAS_BACKTRACE=0
-- BACKWARD_HAS_BACKTRACE_SYMBOL=0
-- BACKWARD_HAS_DW=1
-- BACKWARD_HAS_BFD=0
-- Found Backward: /home/macho/navivest_ws/src/backward_ros/cmake  
-- Configuring done (0.3s)
-- Generating done (0.0s)
-- Build files have been written to: /home/macho/navivest_ws/build/backward_ros
[ 66%] Building CXX object CMakeFiles/backward_object.dir/src/backward.cpp.o
[ 66%] Building CXX object CMakeFiles/backward.dir/src/backward.cpp.o
[100%] Linking CXX shared library libbackward.so
[100%] Built target backward_object
[100%] Built target backward
-- Install configuration: ""
-- Installing: /home/macho/navivest_ws/install/backward_ros/lib/libbackward.so
-- Installing: /home/macho/navivest_ws/install/backward_ros/include
-- Installing: /home/macho/navivest_ws/install/backward_ros/include/backward_ros
-- Installing: /home/macho/navivest_ws/install/backward_ros/include/backward_ros/backward.hpp
-- Installing: /home/macho/navivest_ws/install/backward_ros/share/backward_ros/cmake
-- Installing: /home/macho/navivest_ws/install/backward_ros/share/backward_ros/cmake/BackwardConfigAment.cmake
-- Installing: /home/macho/navivest_ws/install/backward_ros/share/backward_ros/cmake/BackwardConfig.cmake
-- Installing: /home/macho/navivest_ws/install/backward_ros/share/backward_ros/package.xml
-- Installing: /home/macho/navivest_ws/install/backward_ros/share/backward_ros/cmake/BackwardConfig.cmake
-- Installing: /home/macho/navivest_ws/install/backward_ros/share/backward_ros/cmake/backward_rosConfig.cmake
