[0.010s] Invoking command in '/home/macho/navivest_ws/build/backward_ros': CMAKE_PREFIX_PATH=${CMAKE_PREFIX_PATH}:/home/macho/navivest_ws/install/nav2_loopback_sim:/home/macho/navivest_ws/install/navivest_bringup:/home/macho/navivest_ws/install/bondpy:/home/macho/navivest_ws/install/navivest_guidance:/home/macho/navivest_ws/install/nav2_simple_commander:/opt/ros/jazzy DEBUGINFOD_URLS=https://debuginfod.ubuntu.com /usr/bin/cmake /home/macho/navivest_ws/src/backward_ros -DCMAKE_INSTALL_PREFIX=/home/macho/navivest_ws/install/backward_ros
[0.054s] -- The C compiler identification is GNU 13.3.0
[0.095s] -- The CXX compiler identification is GNU 13.3.0
[0.110s] -- Detecting C compiler ABI info
[0.182s] -- Detecting C compiler ABI info - done
[0.187s] -- Check for working C compiler: /usr/bin/cc - skipped
[0.187s] -- Detecting C compile features
[0.187s] -- Detecting C compile features - done
[0.195s] -- Detecting CXX compiler ABI info
[0.274s] -- Detecting CXX compiler ABI info - done
[0.279s] -- Check for working CXX compiler: /usr/bin/c++ - skipped
[0.279s] -- Detecting CXX compile features
[0.279s] -- Detecting CXX compile features - done
[0.287s] -- Found libdw: /usr/lib/x86_64-linux-gnu/libdw.so  
[0.293s] -- Could NOT find libbfd (missing: LIBBFD_LIBRARY LIBBFD_INCLUDE_DIR) 
[0.293s] -- BACKWARD_HAS_UNWIND=1
[0.293s] -- BACKWARD_HAS_BACKTRACE=0
[0.293s] -- BACKWARD_HAS_BACKTRACE_SYMBOL=0
[0.293s] -- BACKWARD_HAS_DW=1
[0.293s] -- BACKWARD_HAS_BFD=0
[0.293s] -- Found Backward: /home/macho/navivest_ws/src/backward_ros/cmake  
[0.295s] -- Configuring done (0.3s)
[0.298s] -- Generating done (0.0s)
[0.299s] -- Build files have been written to: /home/macho/navivest_ws/build/backward_ros
[0.303s] Invoked command in '/home/macho/navivest_ws/build/backward_ros' returned '0': CMAKE_PREFIX_PATH=${CMAKE_PREFIX_PATH}:/home/macho/navivest_ws/install/nav2_loopback_sim:/home/macho/navivest_ws/install/navivest_bringup:/home/macho/navivest_ws/install/bondpy:/home/macho/navivest_ws/install/navivest_guidance:/home/macho/navivest_ws/install/nav2_simple_commander:/opt/ros/jazzy DEBUGINFOD_URLS=https://debuginfod.ubuntu.com /usr/bin/cmake /home/macho/navivest_ws/src/backward_ros -DCMAKE_INSTALL_PREFIX=/home/macho/navivest_ws/install/backward_ros
[0.304s] Invoking command in '/home/macho/navivest_ws/build/backward_ros': CMAKE_PREFIX_PATH=${CMAKE_PREFIX_PATH}:/home/macho/navivest_ws/install/nav2_loopback_sim:/home/macho/navivest_ws/install/navivest_bringup:/home/macho/navivest_ws/install/bondpy:/home/macho/navivest_ws/install/navivest_guidance:/home/macho/navivest_ws/install/nav2_simple_commander:/opt/ros/jazzy DEBUGINFOD_URLS=https://debuginfod.ubuntu.com /usr/bin/cmake --build /home/macho/navivest_ws/build/backward_ros -- -j16 -l16
[0.347s] [ 66%] Building CXX object CMakeFiles/backward_object.dir/src/backward.cpp.o
[0.347s] [ 66%] Building CXX object CMakeFiles/backward.dir/src/backward.cpp.o
[0.969s] [100%] Linking CXX shared library libbackward.so
[0.969s] [100%] Built target backward_object
[1.029s] [100%] Built target backward
[1.039s] Invoked command in '/home/macho/navivest_ws/build/backward_ros' returned '0': CMAKE_PREFIX_PATH=${CMAKE_PREFIX_PATH}:/home/macho/navivest_ws/install/nav2_loopback_sim:/home/macho/navivest_ws/install/navivest_bringup:/home/macho/navivest_ws/install/bondpy:/home/macho/navivest_ws/install/navivest_guidance:/home/macho/navivest_ws/install/nav2_simple_commander:/opt/ros/jazzy DEBUGINFOD_URLS=https://debuginfod.ubuntu.com /usr/bin/cmake --build /home/macho/navivest_ws/build/backward_ros -- -j16 -l16
[1.047s] Invoking command in '/home/macho/navivest_ws/build/backward_ros': CMAKE_PREFIX_PATH=${CMAKE_PREFIX_PATH}:/home/macho/navivest_ws/install/nav2_loopback_sim:/home/macho/navivest_ws/install/navivest_bringup:/home/macho/navivest_ws/install/bondpy:/home/macho/navivest_ws/install/navivest_guidance:/home/macho/navivest_ws/install/nav2_simple_commander:/opt/ros/jazzy DEBUGINFOD_URLS=https://debuginfod.ubuntu.com /usr/bin/cmake --install /home/macho/navivest_ws/build/backward_ros
[1.054s] -- Install configuration: ""
[1.054s] -- Installing: /home/macho/navivest_ws/install/backward_ros/lib/libbackward.so
[1.055s] -- Installing: /home/macho/navivest_ws/install/backward_ros/include
[1.055s] -- Installing: /home/macho/navivest_ws/install/backward_ros/include/backward_ros
[1.055s] -- Installing: /home/macho/navivest_ws/install/backward_ros/include/backward_ros/backward.hpp
[1.055s] -- Installing: /home/macho/navivest_ws/install/backward_ros/share/backward_ros/cmake
[1.055s] -- Installing: /home/macho/navivest_ws/install/backward_ros/share/backward_ros/cmake/BackwardConfigAment.cmake
[1.055s] -- Installing: /home/macho/navivest_ws/install/backward_ros/share/backward_ros/cmake/BackwardConfig.cmake
[1.055s] -- Installing: /home/macho/navivest_ws/install/backward_ros/share/backward_ros/package.xml
[1.055s] -- Installing: /home/macho/navivest_ws/install/backward_ros/share/backward_ros/cmake/BackwardConfig.cmake
[1.056s] -- Installing: /home/macho/navivest_ws/install/backward_ros/share/backward_ros/cmake/backward_rosConfig.cmake
[1.057s] Invoked command in '/home/macho/navivest_ws/build/backward_ros' returned '0': CMAKE_PREFIX_PATH=${CMAKE_PREFIX_PATH}:/home/macho/navivest_ws/install/nav2_loopback_sim:/home/macho/navivest_ws/install/navivest_bringup:/home/macho/navivest_ws/install/bondpy:/home/macho/navivest_ws/install/navivest_guidance:/home/macho/navivest_ws/install/nav2_simple_commander:/opt/ros/jazzy DEBUGINFOD_URLS=https://debuginfod.ubuntu.com /usr/bin/cmake --install /home/macho/navivest_ws/build/backward_ros
