[0.027s] Invoking command in '/home/macho/navivest_ws/build/pointcloud_to_laserscan': CMAKE_PREFIX_PATH=${CMAKE_PREFIX_PATH}:/home/macho/navivest_ws/install/nav2_loopback_sim:/home/macho/navivest_ws/install/navivest_bringup:/home/macho/navivest_ws/install/bondpy:/home/macho/navivest_ws/install/navivest_guidance:/home/macho/navivest_ws/install/nav2_simple_commander:/opt/ros/jazzy DEBUGINFOD_URLS=https://debuginfod.ubuntu.com /usr/bin/cmake /home/macho/navivest_ws/src/pointcloud_to_laserscan -DAMENT_CMAKE_SYMLINK_INSTALL=1 -DCMAKE_INSTALL_PREFIX=/home/macho/navivest_ws/install/pointcloud_to_laserscan
[0.094s] -- The C compiler identification is GNU 13.3.0
[0.147s] -- The CXX compiler identification is GNU 13.3.0
[0.164s] -- Detecting C compiler ABI info
[0.266s] -- Detecting C compiler ABI info - done
[0.274s] -- Check for working C compiler: /usr/bin/cc - skipped
[0.274s] -- Detecting C compile features
[0.275s] -- Detecting C compile features - done
[0.285s] -- Detecting CXX compiler ABI info
[0.390s] -- Detecting CXX compiler ABI info - done
[0.397s] -- Check for working CXX compiler: /usr/bin/c++ - skipped
[0.397s] -- Detecting CXX compile features
[0.398s] -- Detecting CXX compile features - done
[0.402s] -- Found ament_cmake: 2.5.6 (/opt/ros/jazzy/share/ament_cmake/cmake)
[0.580s] -- Found Python3: /usr/bin/python3 (found version "3.12.3") found components: Interpreter 
[0.648s] -- Override CMake install command with custom implementation using symlinks instead of copying resources
[0.696s] -- Found laser_geometry: 2.7.2 (/opt/ros/jazzy/share/laser_geometry/cmake)
[0.756s] -- Found rosidl_generator_c: 4.6.7 (/opt/ros/jazzy/share/rosidl_generator_c/cmake)
[0.771s] -- Found rosidl_generator_cpp: 4.6.7 (/opt/ros/jazzy/share/rosidl_generator_cpp/cmake)
[0.789s] -- Using all available rosidl_typesupport_c: rosidl_typesupport_fastrtps_c;rosidl_typesupport_introspection_c
[0.808s] -- Using all available rosidl_typesupport_cpp: rosidl_typesupport_fastrtps_cpp;rosidl_typesupport_introspection_cpp
[0.903s] -- Found message_filters: 4.11.12 (/opt/ros/jazzy/share/message_filters/cmake)
[0.963s] -- Found rmw_implementation_cmake: 7.3.3 (/opt/ros/jazzy/share/rmw_implementation_cmake/cmake)
[0.969s] -- Found rmw_fastrtps_cpp: 8.4.3 (/opt/ros/jazzy/share/rmw_fastrtps_cpp/cmake)
[1.077s] -- Found OpenSSL: /usr/lib/x86_64-linux-gnu/libcrypto.so (found version "3.0.13")  
[1.105s] -- Found FastRTPS: /opt/ros/jazzy/include (Required is at least version "2.13") 
[1.133s] -- Using RMW implementation 'rmw_fastrtps_cpp' as default
[1.218s] -- Found rclcpp_components: 28.1.18 (/opt/ros/jazzy/share/rclcpp_components/cmake)
[1.258s] -- Found tf2_ros: 0.36.20 (/opt/ros/jazzy/share/tf2_ros/cmake)
[1.386s] -- Found tf2_sensor_msgs: 0.36.20 (/opt/ros/jazzy/share/tf2_sensor_msgs/cmake)
[1.398s] -- Found ament_lint_auto: 0.17.5 (/opt/ros/jazzy/share/ament_lint_auto/cmake)
[1.686s] -- Added test 'cppcheck' to perform static code analysis on C / C++ code
[1.686s] -- Configured cppcheck include dirs: $<BUILD_INTERFACE:/home/macho/navivest_ws/src/pointcloud_to_laserscan/include>
[1.686s] -- Configured cppcheck exclude dirs and/or files: 
[1.698s] -- Added test 'cpplint' to check C / C++ code against the Google style
[1.706s] -- Configured cpplint exclude dirs and/or files: 
[1.706s] -- Added test 'flake8' to check Python code syntax and style conventions
[1.708s] -- Configured 'flake8' exclude dirs and/or files: 
[1.710s] -- Added test 'lint_cmake' to check CMake code style
[1.718s] -- Added test 'pep257' to check Python code against some of the docstring style conventions in PEP 257
[1.728s] -- Added test 'uncrustify' to check C / C++ code style
[1.731s] -- Configured uncrustify additional arguments: 
[1.731s] -- Added test 'xmllint' to check XML markup files
[1.742s] -- Configuring done (1.7s)
[1.855s] -- Generating done (0.1s)
[1.886s] -- Build files have been written to: /home/macho/navivest_ws/build/pointcloud_to_laserscan
[1.913s] Invoked command in '/home/macho/navivest_ws/build/pointcloud_to_laserscan' returned '0': CMAKE_PREFIX_PATH=${CMAKE_PREFIX_PATH}:/home/macho/navivest_ws/install/nav2_loopback_sim:/home/macho/navivest_ws/install/navivest_bringup:/home/macho/navivest_ws/install/bondpy:/home/macho/navivest_ws/install/navivest_guidance:/home/macho/navivest_ws/install/nav2_simple_commander:/opt/ros/jazzy DEBUGINFOD_URLS=https://debuginfod.ubuntu.com /usr/bin/cmake /home/macho/navivest_ws/src/pointcloud_to_laserscan -DAMENT_CMAKE_SYMLINK_INSTALL=1 -DCMAKE_INSTALL_PREFIX=/home/macho/navivest_ws/install/pointcloud_to_laserscan
[1.916s] Invoking command in '/home/macho/navivest_ws/build/pointcloud_to_laserscan': CMAKE_PREFIX_PATH=${CMAKE_PREFIX_PATH}:/home/macho/navivest_ws/install/nav2_loopback_sim:/home/macho/navivest_ws/install/navivest_bringup:/home/macho/navivest_ws/install/bondpy:/home/macho/navivest_ws/install/navivest_guidance:/home/macho/navivest_ws/install/nav2_simple_commander:/opt/ros/jazzy DEBUGINFOD_URLS=https://debuginfod.ubuntu.com /usr/bin/cmake --build /home/macho/navivest_ws/build/pointcloud_to_laserscan -- -j16 -l16
[2.105s] [ 10%] Building CXX object CMakeFiles/laserscan_to_pointcloud_node.dir/rclcpp_components/node_main_laserscan_to_pointcloud_node.cpp.o
[2.106s] [ 30%] Building CXX object CMakeFiles/dummy_pointcloud_publisher.dir/src/dummy_pointcloud_publisher.cpp.o
[2.106s] [ 20%] Building CXX object CMakeFiles/laserscan_to_pointcloud.dir/src/laserscan_to_pointcloud_node.cpp.o
[2.116s] [ 40%] Building CXX object CMakeFiles/pointcloud_to_laserscan_node.dir/rclcpp_components/node_main_pointcloud_to_laserscan_node.cpp.o
[2.125s] [ 50%] Building CXX object CMakeFiles/pointcloud_to_laserscan.dir/src/pointcloud_to_laserscan_node.cpp.o
[8.005s] [ 60%] Linking CXX executable laserscan_to_pointcloud_node
[8.328s] [ 60%] Built target laserscan_to_pointcloud_node
[9.924s] [ 70%] Linking CXX executable pointcloud_to_laserscan_node
[10.478s] [ 70%] Built target pointcloud_to_laserscan_node
[14.106s] [ 80%] Linking CXX executable dummy_pointcloud_publisher
[15.049s] [ 80%] Built target dummy_pointcloud_publisher
[31.280s] [ 90%] Linking CXX shared library liblaserscan_to_pointcloud.so
[31.737s] [100%] Linking CXX shared library libpointcloud_to_laserscan.so
[31.809s] [100%] Built target laserscan_to_pointcloud
[32.299s] [100%] Built target pointcloud_to_laserscan
[32.313s] Invoked command in '/home/macho/navivest_ws/build/pointcloud_to_laserscan' returned '0': CMAKE_PREFIX_PATH=${CMAKE_PREFIX_PATH}:/home/macho/navivest_ws/install/nav2_loopback_sim:/home/macho/navivest_ws/install/navivest_bringup:/home/macho/navivest_ws/install/bondpy:/home/macho/navivest_ws/install/navivest_guidance:/home/macho/navivest_ws/install/nav2_simple_commander:/opt/ros/jazzy DEBUGINFOD_URLS=https://debuginfod.ubuntu.com /usr/bin/cmake --build /home/macho/navivest_ws/build/pointcloud_to_laserscan -- -j16 -l16
[32.314s] Invoking command in '/home/macho/navivest_ws/build/pointcloud_to_laserscan': CMAKE_PREFIX_PATH=${CMAKE_PREFIX_PATH}:/home/macho/navivest_ws/install/nav2_loopback_sim:/home/macho/navivest_ws/install/navivest_bringup:/home/macho/navivest_ws/install/bondpy:/home/macho/navivest_ws/install/navivest_guidance:/home/macho/navivest_ws/install/nav2_simple_commander:/opt/ros/jazzy DEBUGINFOD_URLS=https://debuginfod.ubuntu.com /usr/bin/cmake --install /home/macho/navivest_ws/build/pointcloud_to_laserscan
[32.323s] -- Install configuration: ""
[32.324s] -- Execute custom install script
[32.324s] -- Symlinking: /home/macho/navivest_ws/install/pointcloud_to_laserscan/lib/pointcloud_to_laserscan/laserscan_to_pointcloud_node
[32.335s] -- Symlinking: /home/macho/navivest_ws/install/pointcloud_to_laserscan/lib/pointcloud_to_laserscan/pointcloud_to_laserscan_node
[32.346s] -- Symlinking: /home/macho/navivest_ws/install/pointcloud_to_laserscan/lib/pointcloud_to_laserscan/dummy_pointcloud_publisher
[32.356s] -- Symlinking: /home/macho/navivest_ws/install/pointcloud_to_laserscan/include/pointcloud_to_laserscan/include/pointcloud_to_laserscan/laserscan_to_pointcloud_node.hpp
[32.366s] -- Symlinking: /home/macho/navivest_ws/install/pointcloud_to_laserscan/include/pointcloud_to_laserscan/include/pointcloud_to_laserscan/pointcloud_to_laserscan_node.hpp
[32.378s] -- Symlinking: /home/macho/navivest_ws/install/pointcloud_to_laserscan/include/pointcloud_to_laserscan/include/pointcloud_to_laserscan/visibility_control.h
[32.388s] -- Symlinking: /home/macho/navivest_ws/install/pointcloud_to_laserscan/share/pointcloud_to_laserscan/launch/sample_laserscan_to_pointcloud_launch.py
[32.398s] -- Symlinking: /home/macho/navivest_ws/install/pointcloud_to_laserscan/share/pointcloud_to_laserscan/launch/sample_pointcloud_to_laserscan_launch.py
[32.408s] -- Symlinking: /home/macho/navivest_ws/install/pointcloud_to_laserscan/share/ament_index/resource_index/package_run_dependencies/pointcloud_to_laserscan
[32.418s] -- Symlinking: /home/macho/navivest_ws/install/pointcloud_to_laserscan/share/ament_index/resource_index/parent_prefix_path/pointcloud_to_laserscan
[32.427s] -- Symlinking: /home/macho/navivest_ws/install/pointcloud_to_laserscan/share/pointcloud_to_laserscan/environment/ament_prefix_path.sh
[32.438s] -- Symlinking: /home/macho/navivest_ws/install/pointcloud_to_laserscan/share/pointcloud_to_laserscan/environment/ament_prefix_path.dsv
[32.446s] -- Symlinking: /home/macho/navivest_ws/install/pointcloud_to_laserscan/share/pointcloud_to_laserscan/environment/path.sh
[32.455s] -- Symlinking: /home/macho/navivest_ws/install/pointcloud_to_laserscan/share/pointcloud_to_laserscan/environment/path.dsv
[32.465s] -- Symlinking: /home/macho/navivest_ws/install/pointcloud_to_laserscan/share/pointcloud_to_laserscan/local_setup.bash
[32.475s] -- Symlinking: /home/macho/navivest_ws/install/pointcloud_to_laserscan/share/pointcloud_to_laserscan/local_setup.sh
[32.484s] -- Symlinking: /home/macho/navivest_ws/install/pointcloud_to_laserscan/share/pointcloud_to_laserscan/local_setup.zsh
[32.493s] -- Symlinking: /home/macho/navivest_ws/install/pointcloud_to_laserscan/share/pointcloud_to_laserscan/local_setup.dsv
[32.503s] -- Symlinking: /home/macho/navivest_ws/install/pointcloud_to_laserscan/share/pointcloud_to_laserscan/package.dsv
[32.512s] -- Symlinking: /home/macho/navivest_ws/install/pointcloud_to_laserscan/share/ament_index/resource_index/packages/pointcloud_to_laserscan
[32.521s] -- Symlinking: /home/macho/navivest_ws/install/pointcloud_to_laserscan/share/ament_index/resource_index/rclcpp_components/pointcloud_to_laserscan
[32.531s] -- Symlinking: /home/macho/navivest_ws/install/pointcloud_to_laserscan/share/pointcloud_to_laserscan/cmake/ament_cmake_export_dependencies-extras.cmake
[32.540s] -- Symlinking: /home/macho/navivest_ws/install/pointcloud_to_laserscan/share/pointcloud_to_laserscan/cmake/pointcloud_to_laserscanConfig.cmake
[32.549s] -- Symlinking: /home/macho/navivest_ws/install/pointcloud_to_laserscan/share/pointcloud_to_laserscan/cmake/pointcloud_to_laserscanConfig-version.cmake
[32.558s] -- Symlinking: /home/macho/navivest_ws/install/pointcloud_to_laserscan/share/pointcloud_to_laserscan/package.xml
[32.568s] -- Installing: /home/macho/navivest_ws/install/pointcloud_to_laserscan/lib/liblaserscan_to_pointcloud.so
[32.574s] -- Set non-toolchain portion of runtime path of "/home/macho/navivest_ws/install/pointcloud_to_laserscan/lib/liblaserscan_to_pointcloud.so" to ""
[32.574s] -- Installing: /home/macho/navivest_ws/install/pointcloud_to_laserscan/lib/libpointcloud_to_laserscan.so
[32.579s] -- Set non-toolchain portion of runtime path of "/home/macho/navivest_ws/install/pointcloud_to_laserscan/lib/libpointcloud_to_laserscan.so" to ""
[32.581s] Invoked command in '/home/macho/navivest_ws/build/pointcloud_to_laserscan' returned '0': CMAKE_PREFIX_PATH=${CMAKE_PREFIX_PATH}:/home/macho/navivest_ws/install/nav2_loopback_sim:/home/macho/navivest_ws/install/navivest_bringup:/home/macho/navivest_ws/install/bondpy:/home/macho/navivest_ws/install/navivest_guidance:/home/macho/navivest_ws/install/nav2_simple_commander:/opt/ros/jazzy DEBUGINFOD_URLS=https://debuginfod.ubuntu.com /usr/bin/cmake --install /home/macho/navivest_ws/build/pointcloud_to_laserscan
