[  1%] Built target robot_localization__rosidl_generator_type_description
[  2%] Built target robot_localization__rs
[  2%] Built target ament_cmake_python_symlink_robot_localization
[  2%] Built target robot_localization__cpp
[ 27%] Built target robot_localization__rosidl_generator_c
[ 47%] Built target robot_localization__rosidl_typesupport_c
[ 47%] Built target robot_localization__rosidl_typesupport_introspection_c
[ 65%] Built target robot_localization__rosidl_typesupport_introspection_cpp
[ 65%] Built target robot_localization__rosidl_typesupport_cpp
[ 84%] Built target robot_localization__rosidl_typesupport_fastrtps_c
[ 84%] Built target robot_localization__rosidl_typesupport_fastrtps_cpp
[ 84%] Built target robot_localization
[ 85%] Built target robot_localization__py
[ 94%] Built target robot_localization__rosidl_generator_py
running egg_info
writing robot_localization.egg-info/PKG-INFO
writing dependency_links to robot_localization.egg-info/dependency_links.txt
writing top-level names to robot_localization.egg-info/top_level.txt
[100%] Built target robot_localization_s__rosidl_typesupport_c
[100%] Built target robot_localization_s__rosidl_typesupport_introspection_c
[100%] Built target robot_localization_s__rosidl_typesupport_fastrtps_c
reading manifest file 'robot_localization.egg-info/SOURCES.txt'
writing manifest file 'robot_localization.egg-info/SOURCES.txt'
[100%] Built target ament_cmake_python_build_robot_localization_egg
-- Install configuration: ""
-- Execute custom install script
-- Up-to-date symlink: /home/macho/navivest_ws/install/robot_localization/share/ament_index/resource_index/rosidl_interfaces/robot_localization
-- Up-to-date symlink: /home/macho/navivest_ws/install/robot_localization/share/robot_localization/srv/FromLL.json
-- Up-to-date symlink: /home/macho/navivest_ws/install/robot_localization/share/robot_localization/srv/FromLLArray.json
-- Up-to-date symlink: /home/macho/navivest_ws/install/robot_localization/share/robot_localization/srv/GetState.json
-- Up-to-date symlink: /home/macho/navivest_ws/install/robot_localization/share/robot_localization/srv/SetDatum.json
-- Up-to-date symlink: /home/macho/navivest_ws/install/robot_localization/share/robot_localization/srv/SetPose.json
-- Up-to-date symlink: /home/macho/navivest_ws/install/robot_localization/share/robot_localization/srv/SetUTMZone.json
-- Up-to-date symlink: /home/macho/navivest_ws/install/robot_localization/share/robot_localization/srv/ToLL.json
-- Up-to-date symlink: /home/macho/navivest_ws/install/robot_localization/share/robot_localization/srv/ToLLArray.json
-- Up-to-date symlink: /home/macho/navivest_ws/install/robot_localization/share/robot_localization/srv/ToggleFilterProcessing.json
-- Up-to-date symlink: /home/macho/navivest_ws/install/robot_localization/include/robot_localization/robot_localization/msg/rosidl_generator_c__visibility_control.h
-- Up-to-date symlink: /home/macho/navivest_ws/install/robot_localization/include/robot_localization/robot_localization/srv/detail/from_ll__functions.h
-- Up-to-date symlink: /home/macho/navivest_ws/install/robot_localization/include/robot_localization/robot_localization/srv/detail/from_ll__struct.h
-- Up-to-date symlink: /home/macho/navivest_ws/install/robot_localization/include/robot_localization/robot_localization/srv/detail/from_ll__type_support.h
-- Up-to-date symlink: /home/macho/navivest_ws/install/robot_localization/include/robot_localization/robot_localization/srv/detail/from_ll_array__functions.h
-- Up-to-date symlink: /home/macho/navivest_ws/install/robot_localization/include/robot_localization/robot_localization/srv/detail/from_ll_array__struct.h
-- Up-to-date symlink: /home/macho/navivest_ws/install/robot_localization/include/robot_localization/robot_localization/srv/detail/from_ll_array__type_support.h
-- Up-to-date symlink: /home/macho/navivest_ws/install/robot_localization/include/robot_localization/robot_localization/srv/detail/get_state__functions.h
-- Up-to-date symlink: /home/macho/navivest_ws/install/robot_localization/include/robot_localization/robot_localization/srv/detail/get_state__struct.h
-- Up-to-date symlink: /home/macho/navivest_ws/install/robot_localization/include/robot_localization/robot_localization/srv/detail/get_state__type_support.h
-- Up-to-date symlink: /home/macho/navivest_ws/install/robot_localization/include/robot_localization/robot_localization/srv/detail/set_datum__functions.h
-- Up-to-date symlink: /home/macho/navivest_ws/install/robot_localization/include/robot_localization/robot_localization/srv/detail/set_datum__struct.h
-- Up-to-date symlink: /home/macho/navivest_ws/install/robot_localization/include/robot_localization/robot_localization/srv/detail/set_datum__type_support.h
-- Up-to-date symlink: /home/macho/navivest_ws/install/robot_localization/include/robot_localization/robot_localization/srv/detail/set_pose__functions.h
-- Up-to-date symlink: /home/macho/navivest_ws/install/robot_localization/include/robot_localization/robot_localization/srv/detail/set_pose__struct.h
-- Up-to-date symlink: /home/macho/navivest_ws/install/robot_localization/include/robot_localization/robot_localization/srv/detail/set_pose__type_support.h
-- Up-to-date symlink: /home/macho/navivest_ws/install/robot_localization/include/robot_localization/robot_localization/srv/detail/set_utm_zone__functions.h
-- Up-to-date symlink: /home/macho/navivest_ws/install/robot_localization/include/robot_localization/robot_localization/srv/detail/set_utm_zone__struct.h
-- Up-to-date symlink: /home/macho/navivest_ws/install/robot_localization/include/robot_localization/robot_localization/srv/detail/set_utm_zone__type_support.h
-- Up-to-date symlink: /home/macho/navivest_ws/install/robot_localization/include/robot_localization/robot_localization/srv/detail/to_ll__functions.h
-- Up-to-date symlink: /home/macho/navivest_ws/install/robot_localization/include/robot_localization/robot_localization/srv/detail/to_ll__struct.h
-- Up-to-date symlink: /home/macho/navivest_ws/install/robot_localization/include/robot_localization/robot_localization/srv/detail/to_ll__type_support.h
-- Up-to-date symlink: /home/macho/navivest_ws/install/robot_localization/include/robot_localization/robot_localization/srv/detail/to_ll_array__functions.h
-- Up-to-date symlink: /home/macho/navivest_ws/install/robot_localization/include/robot_localization/robot_localization/srv/detail/to_ll_array__struct.h
-- Up-to-date symlink: /home/macho/navivest_ws/install/robot_localization/include/robot_localization/robot_localization/srv/detail/to_ll_array__type_support.h
-- Up-to-date symlink: /home/macho/navivest_ws/install/robot_localization/include/robot_localization/robot_localization/srv/detail/toggle_filter_processing__functions.h
-- Up-to-date symlink: /home/macho/navivest_ws/install/robot_localization/include/robot_localization/robot_localization/srv/detail/toggle_filter_processing__struct.h
-- Up-to-date symlink: /home/macho/navivest_ws/install/robot_localization/include/robot_localization/robot_localization/srv/detail/toggle_filter_processing__type_support.h
-- Up-to-date symlink: /home/macho/navivest_ws/install/robot_localization/include/robot_localization/robot_localization/srv/from_ll.h
-- Up-to-date symlink: /home/macho/navivest_ws/install/robot_localization/include/robot_localization/robot_localization/srv/from_ll_array.h
-- Up-to-date symlink: /home/macho/navivest_ws/install/robot_localization/include/robot_localization/robot_localization/srv/get_state.h
-- Up-to-date symlink: /home/macho/navivest_ws/install/robot_localization/include/robot_localization/robot_localization/srv/set_datum.h
-- Up-to-date symlink: /home/macho/navivest_ws/install/robot_localization/include/robot_localization/robot_localization/srv/set_pose.h
-- Up-to-date symlink: /home/macho/navivest_ws/install/robot_localization/include/robot_localization/robot_localization/srv/set_utm_zone.h
-- Up-to-date symlink: /home/macho/navivest_ws/install/robot_localization/include/robot_localization/robot_localization/srv/to_ll.h
-- Up-to-date symlink: /home/macho/navivest_ws/install/robot_localization/include/robot_localization/robot_localization/srv/to_ll_array.h
-- Up-to-date symlink: /home/macho/navivest_ws/install/robot_localization/include/robot_localization/robot_localization/srv/toggle_filter_processing.h
-- Up-to-date symlink: /home/macho/navivest_ws/install/robot_localization/share/robot_localization/environment/library_path.sh
-- Up-to-date symlink: /home/macho/navivest_ws/install/robot_localization/share/robot_localization/environment/library_path.dsv
-- Up-to-date symlink: /home/macho/navivest_ws/install/robot_localization/include/robot_localization/robot_localization/msg/rosidl_typesupport_fastrtps_c__visibility_control.h
-- Up-to-date symlink: /home/macho/navivest_ws/install/robot_localization/include/robot_localization/robot_localization/srv/detail/from_ll__rosidl_typesupport_fastrtps_c.h
-- Up-to-date symlink: /home/macho/navivest_ws/install/robot_localization/include/robot_localization/robot_localization/srv/detail/from_ll_array__rosidl_typesupport_fastrtps_c.h
-- Up-to-date symlink: /home/macho/navivest_ws/install/robot_localization/include/robot_localization/robot_localization/srv/detail/get_state__rosidl_typesupport_fastrtps_c.h
-- Up-to-date symlink: /home/macho/navivest_ws/install/robot_localization/include/robot_localization/robot_localization/srv/detail/set_datum__rosidl_typesupport_fastrtps_c.h
-- Up-to-date symlink: /home/macho/navivest_ws/install/robot_localization/include/robot_localization/robot_localization/srv/detail/set_pose__rosidl_typesupport_fastrtps_c.h
-- Up-to-date symlink: /home/macho/navivest_ws/install/robot_localization/include/robot_localization/robot_localization/srv/detail/set_utm_zone__rosidl_typesupport_fastrtps_c.h
-- Up-to-date symlink: /home/macho/navivest_ws/install/robot_localization/include/robot_localization/robot_localization/srv/detail/to_ll__rosidl_typesupport_fastrtps_c.h
-- Up-to-date symlink: /home/macho/navivest_ws/install/robot_localization/include/robot_localization/robot_localization/srv/detail/to_ll_array__rosidl_typesupport_fastrtps_c.h
-- Up-to-date symlink: /home/macho/navivest_ws/install/robot_localization/include/robot_localization/robot_localization/srv/detail/toggle_filter_processing__rosidl_typesupport_fastrtps_c.h
-- Up-to-date symlink: /home/macho/navivest_ws/install/robot_localization/include/robot_localization/robot_localization/msg/rosidl_typesupport_introspection_c__visibility_control.h
-- Up-to-date symlink: /home/macho/navivest_ws/install/robot_localization/include/robot_localization/robot_localization/srv/detail/from_ll__rosidl_typesupport_introspection_c.h
-- Up-to-date symlink: /home/macho/navivest_ws/install/robot_localization/include/robot_localization/robot_localization/srv/detail/from_ll_array__rosidl_typesupport_introspection_c.h
-- Up-to-date symlink: /home/macho/navivest_ws/install/robot_localization/include/robot_localization/robot_localization/srv/detail/get_state__rosidl_typesupport_introspection_c.h
-- Up-to-date symlink: /home/macho/navivest_ws/install/robot_localization/include/robot_localization/robot_localization/srv/detail/set_datum__rosidl_typesupport_introspection_c.h
-- Up-to-date symlink: /home/macho/navivest_ws/install/robot_localization/include/robot_localization/robot_localization/srv/detail/set_pose__rosidl_typesupport_introspection_c.h
-- Up-to-date symlink: /home/macho/navivest_ws/install/robot_localization/include/robot_localization/robot_localization/srv/detail/set_utm_zone__rosidl_typesupport_introspection_c.h
-- Up-to-date symlink: /home/macho/navivest_ws/install/robot_localization/include/robot_localization/robot_localization/srv/detail/to_ll__rosidl_typesupport_introspection_c.h
-- Up-to-date symlink: /home/macho/navivest_ws/install/robot_localization/include/robot_localization/robot_localization/srv/detail/to_ll_array__rosidl_typesupport_introspection_c.h
-- Up-to-date symlink: /home/macho/navivest_ws/install/robot_localization/include/robot_localization/robot_localization/srv/detail/toggle_filter_processing__rosidl_typesupport_introspection_c.h
-- Up-to-date symlink: /home/macho/navivest_ws/install/robot_localization/include/robot_localization/robot_localization/msg/rosidl_generator_cpp__visibility_control.hpp
-- Up-to-date symlink: /home/macho/navivest_ws/install/robot_localization/include/robot_localization/robot_localization/srv/detail/from_ll__builder.hpp
-- Up-to-date symlink: /home/macho/navivest_ws/install/robot_localization/include/robot_localization/robot_localization/srv/detail/from_ll__struct.hpp
-- Up-to-date symlink: /home/macho/navivest_ws/install/robot_localization/include/robot_localization/robot_localization/srv/detail/from_ll__traits.hpp
-- Up-to-date symlink: /home/macho/navivest_ws/install/robot_localization/include/robot_localization/robot_localization/srv/detail/from_ll__type_support.hpp
-- Up-to-date symlink: /home/macho/navivest_ws/install/robot_localization/include/robot_localization/robot_localization/srv/detail/from_ll_array__builder.hpp
-- Up-to-date symlink: /home/macho/navivest_ws/install/robot_localization/include/robot_localization/robot_localization/srv/detail/from_ll_array__struct.hpp
-- Up-to-date symlink: /home/macho/navivest_ws/install/robot_localization/include/robot_localization/robot_localization/srv/detail/from_ll_array__traits.hpp
-- Up-to-date symlink: /home/macho/navivest_ws/install/robot_localization/include/robot_localization/robot_localization/srv/detail/from_ll_array__type_support.hpp
-- Up-to-date symlink: /home/macho/navivest_ws/install/robot_localization/include/robot_localization/robot_localization/srv/detail/get_state__builder.hpp
-- Up-to-date symlink: /home/macho/navivest_ws/install/robot_localization/include/robot_localization/robot_localization/srv/detail/get_state__struct.hpp
-- Up-to-date symlink: /home/macho/navivest_ws/install/robot_localization/include/robot_localization/robot_localization/srv/detail/get_state__traits.hpp
-- Up-to-date symlink: /home/macho/navivest_ws/install/robot_localization/include/robot_localization/robot_localization/srv/detail/get_state__type_support.hpp
-- Up-to-date symlink: /home/macho/navivest_ws/install/robot_localization/include/robot_localization/robot_localization/srv/detail/set_datum__builder.hpp
-- Up-to-date symlink: /home/macho/navivest_ws/install/robot_localization/include/robot_localization/robot_localization/srv/detail/set_datum__struct.hpp
-- Up-to-date symlink: /home/macho/navivest_ws/install/robot_localization/include/robot_localization/robot_localization/srv/detail/set_datum__traits.hpp
-- Up-to-date symlink: /home/macho/navivest_ws/install/robot_localization/include/robot_localization/robot_localization/srv/detail/set_datum__type_support.hpp
-- Up-to-date symlink: /home/macho/navivest_ws/install/robot_localization/include/robot_localization/robot_localization/srv/detail/set_pose__builder.hpp
-- Up-to-date symlink: /home/macho/navivest_ws/install/robot_localization/include/robot_localization/robot_localization/srv/detail/set_pose__struct.hpp
-- Up-to-date symlink: /home/macho/navivest_ws/install/robot_localization/include/robot_localization/robot_localization/srv/detail/set_pose__traits.hpp
-- Up-to-date symlink: /home/macho/navivest_ws/install/robot_localization/include/robot_localization/robot_localization/srv/detail/set_pose__type_support.hpp
-- Up-to-date symlink: /home/macho/navivest_ws/install/robot_localization/include/robot_localization/robot_localization/srv/detail/set_utm_zone__builder.hpp
-- Up-to-date symlink: /home/macho/navivest_ws/install/robot_localization/include/robot_localization/robot_localization/srv/detail/set_utm_zone__struct.hpp
-- Up-to-date symlink: /home/macho/navivest_ws/install/robot_localization/include/robot_localization/robot_localization/srv/detail/set_utm_zone__traits.hpp
-- Up-to-date symlink: /home/macho/navivest_ws/install/robot_localization/include/robot_localization/robot_localization/srv/detail/set_utm_zone__type_support.hpp
-- Up-to-date symlink: /home/macho/navivest_ws/install/robot_localization/include/robot_localization/robot_localization/srv/detail/to_ll__builder.hpp
-- Up-to-date symlink: /home/macho/navivest_ws/install/robot_localization/include/robot_localization/robot_localization/srv/detail/to_ll__struct.hpp
-- Up-to-date symlink: /home/macho/navivest_ws/install/robot_localization/include/robot_localization/robot_localization/srv/detail/to_ll__traits.hpp
-- Up-to-date symlink: /home/macho/navivest_ws/install/robot_localization/include/robot_localization/robot_localization/srv/detail/to_ll__type_support.hpp
-- Up-to-date symlink: /home/macho/navivest_ws/install/robot_localization/include/robot_localization/robot_localization/srv/detail/to_ll_array__builder.hpp
-- Up-to-date symlink: /home/macho/navivest_ws/install/robot_localization/include/robot_localization/robot_localization/srv/detail/to_ll_array__struct.hpp
-- Up-to-date symlink: /home/macho/navivest_ws/install/robot_localization/include/robot_localization/robot_localization/srv/detail/to_ll_array__traits.hpp
-- Up-to-date symlink: /home/macho/navivest_ws/install/robot_localization/include/robot_localization/robot_localization/srv/detail/to_ll_array__type_support.hpp
-- Up-to-date symlink: /home/macho/navivest_ws/install/robot_localization/include/robot_localization/robot_localization/srv/detail/toggle_filter_processing__builder.hpp
-- Up-to-date symlink: /home/macho/navivest_ws/install/robot_localization/include/robot_localization/robot_localization/srv/detail/toggle_filter_processing__struct.hpp
-- Up-to-date symlink: /home/macho/navivest_ws/install/robot_localization/include/robot_localization/robot_localization/srv/detail/toggle_filter_processing__traits.hpp
-- Up-to-date symlink: /home/macho/navivest_ws/install/robot_localization/include/robot_localization/robot_localization/srv/detail/toggle_filter_processing__type_support.hpp
-- Up-to-date symlink: /home/macho/navivest_ws/install/robot_localization/include/robot_localization/robot_localization/srv/from_ll.hpp
-- Up-to-date symlink: /home/macho/navivest_ws/install/robot_localization/include/robot_localization/robot_localization/srv/from_ll_array.hpp
-- Up-to-date symlink: /home/macho/navivest_ws/install/robot_localization/include/robot_localization/robot_localization/srv/get_state.hpp
-- Up-to-date symlink: /home/macho/navivest_ws/install/robot_localization/include/robot_localization/robot_localization/srv/set_datum.hpp
-- Up-to-date symlink: /home/macho/navivest_ws/install/robot_localization/include/robot_localization/robot_localization/srv/set_pose.hpp
-- Up-to-date symlink: /home/macho/navivest_ws/install/robot_localization/include/robot_localization/robot_localization/srv/set_utm_zone.hpp
-- Up-to-date symlink: /home/macho/navivest_ws/install/robot_localization/include/robot_localization/robot_localization/srv/to_ll.hpp
-- Up-to-date symlink: /home/macho/navivest_ws/install/robot_localization/include/robot_localization/robot_localization/srv/to_ll_array.hpp
-- Up-to-date symlink: /home/macho/navivest_ws/install/robot_localization/include/robot_localization/robot_localization/srv/toggle_filter_processing.hpp
-- Up-to-date symlink: /home/macho/navivest_ws/install/robot_localization/include/robot_localization/robot_localization/msg/rosidl_typesupport_fastrtps_cpp__visibility_control.h
-- Up-to-date symlink: /home/macho/navivest_ws/install/robot_localization/include/robot_localization/robot_localization/srv/detail/from_ll__rosidl_typesupport_fastrtps_cpp.hpp
-- Up-to-date symlink: /home/macho/navivest_ws/install/robot_localization/include/robot_localization/robot_localization/srv/detail/from_ll_array__rosidl_typesupport_fastrtps_cpp.hpp
-- Up-to-date symlink: /home/macho/navivest_ws/install/robot_localization/include/robot_localization/robot_localization/srv/detail/get_state__rosidl_typesupport_fastrtps_cpp.hpp
-- Up-to-date symlink: /home/macho/navivest_ws/install/robot_localization/include/robot_localization/robot_localization/srv/detail/set_datum__rosidl_typesupport_fastrtps_cpp.hpp
-- Up-to-date symlink: /home/macho/navivest_ws/install/robot_localization/include/robot_localization/robot_localization/srv/detail/set_pose__rosidl_typesupport_fastrtps_cpp.hpp
-- Up-to-date symlink: /home/macho/navivest_ws/install/robot_localization/include/robot_localization/robot_localization/srv/detail/set_utm_zone__rosidl_typesupport_fastrtps_cpp.hpp
-- Up-to-date symlink: /home/macho/navivest_ws/install/robot_localization/include/robot_localization/robot_localization/srv/detail/to_ll__rosidl_typesupport_fastrtps_cpp.hpp
-- Up-to-date symlink: /home/macho/navivest_ws/install/robot_localization/include/robot_localization/robot_localization/srv/detail/to_ll_array__rosidl_typesupport_fastrtps_cpp.hpp
-- Up-to-date symlink: /home/macho/navivest_ws/install/robot_localization/include/robot_localization/robot_localization/srv/detail/toggle_filter_processing__rosidl_typesupport_fastrtps_cpp.hpp
-- Up-to-date symlink: /home/macho/navivest_ws/install/robot_localization/include/robot_localization/robot_localization/srv/detail/from_ll__rosidl_typesupport_introspection_cpp.hpp
-- Up-to-date symlink: /home/macho/navivest_ws/install/robot_localization/include/robot_localization/robot_localization/srv/detail/from_ll_array__rosidl_typesupport_introspection_cpp.hpp
-- Up-to-date symlink: /home/macho/navivest_ws/install/robot_localization/include/robot_localization/robot_localization/srv/detail/get_state__rosidl_typesupport_introspection_cpp.hpp
-- Up-to-date symlink: /home/macho/navivest_ws/install/robot_localization/include/robot_localization/robot_localization/srv/detail/set_datum__rosidl_typesupport_introspection_cpp.hpp
-- Up-to-date symlink: /home/macho/navivest_ws/install/robot_localization/include/robot_localization/robot_localization/srv/detail/set_pose__rosidl_typesupport_introspection_cpp.hpp
-- Up-to-date symlink: /home/macho/navivest_ws/install/robot_localization/include/robot_localization/robot_localization/srv/detail/set_utm_zone__rosidl_typesupport_introspection_cpp.hpp
-- Up-to-date symlink: /home/macho/navivest_ws/install/robot_localization/include/robot_localization/robot_localization/srv/detail/to_ll__rosidl_typesupport_introspection_cpp.hpp
-- Up-to-date symlink: /home/macho/navivest_ws/install/robot_localization/include/robot_localization/robot_localization/srv/detail/to_ll_array__rosidl_typesupport_introspection_cpp.hpp
-- Up-to-date symlink: /home/macho/navivest_ws/install/robot_localization/include/robot_localization/robot_localization/srv/detail/toggle_filter_processing__rosidl_typesupport_introspection_cpp.hpp
-- Up-to-date symlink: /home/macho/navivest_ws/install/robot_localization/share/robot_localization/environment/pythonpath.sh
-- Up-to-date symlink: /home/macho/navivest_ws/install/robot_localization/share/robot_localization/environment/pythonpath.dsv
-- Up-to-date symlink: /home/macho/navivest_ws/install/robot_localization/lib/python3.12/site-packages/robot_localization-3.8.3-py3.12.egg-info/PKG-INFO
-- Up-to-date symlink: /home/macho/navivest_ws/install/robot_localization/lib/python3.12/site-packages/robot_localization-3.8.3-py3.12.egg-info/SOURCES.txt
-- Up-to-date symlink: /home/macho/navivest_ws/install/robot_localization/lib/python3.12/site-packages/robot_localization-3.8.3-py3.12.egg-info/dependency_links.txt
-- Up-to-date symlink: /home/macho/navivest_ws/install/robot_localization/lib/python3.12/site-packages/robot_localization-3.8.3-py3.12.egg-info/top_level.txt
-- Up-to-date symlink: /home/macho/navivest_ws/install/robot_localization/lib/python3.12/site-packages/robot_localization/__init__.py
-- Up-to-date symlink: /home/macho/navivest_ws/install/robot_localization/lib/python3.12/site-packages/robot_localization/_robot_localization_s.ep.rosidl_typesupport_c.c
-- Up-to-date symlink: /home/macho/navivest_ws/install/robot_localization/lib/python3.12/site-packages/robot_localization/_robot_localization_s.ep.rosidl_typesupport_fastrtps_c.c
-- Up-to-date symlink: /home/macho/navivest_ws/install/robot_localization/lib/python3.12/site-packages/robot_localization/_robot_localization_s.ep.rosidl_typesupport_introspection_c.c
-- Up-to-date symlink: /home/macho/navivest_ws/install/robot_localization/lib/python3.12/site-packages/robot_localization/robot_localization_s__rosidl_typesupport_c.so
-- Up-to-date symlink: /home/macho/navivest_ws/install/robot_localization/lib/python3.12/site-packages/robot_localization/robot_localization_s__rosidl_typesupport_fastrtps_c.so
-- Up-to-date symlink: /home/macho/navivest_ws/install/robot_localization/lib/python3.12/site-packages/robot_localization/robot_localization_s__rosidl_typesupport_introspection_c.so
-- Up-to-date symlink: /home/macho/navivest_ws/install/robot_localization/lib/python3.12/site-packages/robot_localization/srv/__init__.py
-- Up-to-date symlink: /home/macho/navivest_ws/install/robot_localization/lib/python3.12/site-packages/robot_localization/srv/_from_ll.py
-- Up-to-date symlink: /home/macho/navivest_ws/install/robot_localization/lib/python3.12/site-packages/robot_localization/srv/_from_ll_array.py
-- Up-to-date symlink: /home/macho/navivest_ws/install/robot_localization/lib/python3.12/site-packages/robot_localization/srv/_from_ll_array_s.c
-- Up-to-date symlink: /home/macho/navivest_ws/install/robot_localization/lib/python3.12/site-packages/robot_localization/srv/_from_ll_s.c
-- Up-to-date symlink: /home/macho/navivest_ws/install/robot_localization/lib/python3.12/site-packages/robot_localization/srv/_get_state.py
-- Up-to-date symlink: /home/macho/navivest_ws/install/robot_localization/lib/python3.12/site-packages/robot_localization/srv/_get_state_s.c
-- Up-to-date symlink: /home/macho/navivest_ws/install/robot_localization/lib/python3.12/site-packages/robot_localization/srv/_set_datum.py
-- Up-to-date symlink: /home/macho/navivest_ws/install/robot_localization/lib/python3.12/site-packages/robot_localization/srv/_set_datum_s.c
-- Up-to-date symlink: /home/macho/navivest_ws/install/robot_localization/lib/python3.12/site-packages/robot_localization/srv/_set_pose.py
-- Up-to-date symlink: /home/macho/navivest_ws/install/robot_localization/lib/python3.12/site-packages/robot_localization/srv/_set_pose_s.c
-- Up-to-date symlink: /home/macho/navivest_ws/install/robot_localization/lib/python3.12/site-packages/robot_localization/srv/_set_utm_zone.py
-- Up-to-date symlink: /home/macho/navivest_ws/install/robot_localization/lib/python3.12/site-packages/robot_localization/srv/_set_utm_zone_s.c
-- Up-to-date symlink: /home/macho/navivest_ws/install/robot_localization/lib/python3.12/site-packages/robot_localization/srv/_to_ll.py
-- Up-to-date symlink: /home/macho/navivest_ws/install/robot_localization/lib/python3.12/site-packages/robot_localization/srv/_to_ll_array.py
-- Up-to-date symlink: /home/macho/navivest_ws/install/robot_localization/lib/python3.12/site-packages/robot_localization/srv/_to_ll_array_s.c
-- Up-to-date symlink: /home/macho/navivest_ws/install/robot_localization/lib/python3.12/site-packages/robot_localization/srv/_to_ll_s.c
-- Up-to-date symlink: /home/macho/navivest_ws/install/robot_localization/lib/python3.12/site-packages/robot_localization/srv/_toggle_filter_processing.py
-- Up-to-date symlink: /home/macho/navivest_ws/install/robot_localization/lib/python3.12/site-packages/robot_localization/srv/_toggle_filter_processing_s.c
-- Up-to-date symlink: /home/macho/navivest_ws/install/robot_localization/lib/python3.12/site-packages/robot_localization/robot_localization_s__rosidl_typesupport_fastrtps_c.so
-- Up-to-date symlink: /home/macho/navivest_ws/install/robot_localization/lib/python3.12/site-packages/robot_localization/robot_localization_s__rosidl_typesupport_introspection_c.so
-- Up-to-date symlink: /home/macho/navivest_ws/install/robot_localization/lib/python3.12/site-packages/robot_localization/robot_localization_s__rosidl_typesupport_c.so
-- Up-to-date symlink: /home/macho/navivest_ws/install/robot_localization/share/ament_index/resource_index/rust_packages/robot_localization
-- Up-to-date symlink: /home/macho/navivest_ws/install/robot_localization/share/robot_localization/rust/Cargo.toml
-- Up-to-date symlink: /home/macho/navivest_ws/install/robot_localization/share/robot_localization/rust/build.rs
-- Up-to-date symlink: /home/macho/navivest_ws/install/robot_localization/share/robot_localization/rust/src/lib.rs
-- Up-to-date symlink: /home/macho/navivest_ws/install/robot_localization/share/robot_localization/rust/src/srv.rs
-- Up-to-date symlink: /home/macho/navivest_ws/install/robot_localization/share/robot_localization/rust/src/srv/rmw.rs
-- Up-to-date symlink: /home/macho/navivest_ws/install/robot_localization/share/robot_localization/srv/FromLL.idl
-- Up-to-date symlink: /home/macho/navivest_ws/install/robot_localization/share/robot_localization/srv/FromLLArray.idl
-- Up-to-date symlink: /home/macho/navivest_ws/install/robot_localization/share/robot_localization/srv/GetState.idl
-- Up-to-date symlink: /home/macho/navivest_ws/install/robot_localization/share/robot_localization/srv/SetDatum.idl
-- Up-to-date symlink: /home/macho/navivest_ws/install/robot_localization/share/robot_localization/srv/SetPose.idl
-- Up-to-date symlink: /home/macho/navivest_ws/install/robot_localization/share/robot_localization/srv/SetUTMZone.idl
-- Up-to-date symlink: /home/macho/navivest_ws/install/robot_localization/share/robot_localization/srv/ToLL.idl
-- Up-to-date symlink: /home/macho/navivest_ws/install/robot_localization/share/robot_localization/srv/ToLLArray.idl
-- Up-to-date symlink: /home/macho/navivest_ws/install/robot_localization/share/robot_localization/srv/ToggleFilterProcessing.idl
-- Up-to-date symlink: /home/macho/navivest_ws/install/robot_localization/share/robot_localization/srv/FromLL.srv
-- Up-to-date symlink: /home/macho/navivest_ws/install/robot_localization/share/robot_localization/srv/FromLLArray.srv
-- Up-to-date symlink: /home/macho/navivest_ws/install/robot_localization/share/robot_localization/srv/GetState.srv
-- Up-to-date symlink: /home/macho/navivest_ws/install/robot_localization/share/robot_localization/srv/SetDatum.srv
-- Up-to-date symlink: /home/macho/navivest_ws/install/robot_localization/share/robot_localization/srv/SetPose.srv
-- Up-to-date symlink: /home/macho/navivest_ws/install/robot_localization/share/robot_localization/srv/SetUTMZone.srv
-- Up-to-date symlink: /home/macho/navivest_ws/install/robot_localization/share/robot_localization/srv/ToLL.srv
-- Up-to-date symlink: /home/macho/navivest_ws/install/robot_localization/share/robot_localization/srv/ToLLArray.srv
-- Up-to-date symlink: /home/macho/navivest_ws/install/robot_localization/share/robot_localization/srv/ToggleFilterProcessing.srv
-- Up-to-date symlink: /home/macho/navivest_ws/install/robot_localization/share/ament_index/resource_index/package_run_dependencies/robot_localization
-- Up-to-date symlink: /home/macho/navivest_ws/install/robot_localization/share/ament_index/resource_index/parent_prefix_path/robot_localization
-- Up-to-date symlink: /home/macho/navivest_ws/install/robot_localization/share/robot_localization/environment/ament_prefix_path.sh
-- Up-to-date symlink: /home/macho/navivest_ws/install/robot_localization/share/robot_localization/environment/ament_prefix_path.dsv
-- Up-to-date symlink: /home/macho/navivest_ws/install/robot_localization/share/robot_localization/environment/path.sh
-- Up-to-date symlink: /home/macho/navivest_ws/install/robot_localization/share/robot_localization/environment/path.dsv
-- Up-to-date symlink: /home/macho/navivest_ws/install/robot_localization/share/robot_localization/local_setup.bash
-- Up-to-date symlink: /home/macho/navivest_ws/install/robot_localization/share/robot_localization/local_setup.sh
-- Up-to-date symlink: /home/macho/navivest_ws/install/robot_localization/share/robot_localization/local_setup.zsh
-- Up-to-date symlink: /home/macho/navivest_ws/install/robot_localization/share/robot_localization/local_setup.dsv
-- Symlinking: /home/macho/navivest_ws/install/robot_localization/share/robot_localization/package.dsv
-- Up-to-date symlink: /home/macho/navivest_ws/install/robot_localization/share/ament_index/resource_index/packages/robot_localization
-- Up-to-date symlink: /home/macho/navivest_ws/install/robot_localization/share/robot_localization/cmake/rosidl_cmake-extras.cmake
-- Up-to-date symlink: /home/macho/navivest_ws/install/robot_localization/share/robot_localization/cmake/ament_cmake_export_dependencies-extras.cmake
-- Up-to-date symlink: /home/macho/navivest_ws/install/robot_localization/share/robot_localization/cmake/ament_cmake_export_include_directories-extras.cmake
-- Up-to-date symlink: /home/macho/navivest_ws/install/robot_localization/share/robot_localization/cmake/ament_cmake_export_libraries-extras.cmake
-- Up-to-date symlink: /home/macho/navivest_ws/install/robot_localization/share/robot_localization/cmake/ament_cmake_export_targets-extras.cmake
-- Up-to-date symlink: /home/macho/navivest_ws/install/robot_localization/share/robot_localization/cmake/rosidl_cmake_export_typesupport_targets-extras.cmake
-- Up-to-date symlink: /home/macho/navivest_ws/install/robot_localization/share/robot_localization/cmake/rosidl_cmake_export_typesupport_libraries-extras.cmake
-- Up-to-date symlink: /home/macho/navivest_ws/install/robot_localization/share/robot_localization/cmake/robot_localizationConfig.cmake
-- Up-to-date symlink: /home/macho/navivest_ws/install/robot_localization/share/robot_localization/cmake/robot_localizationConfig-version.cmake
-- Up-to-date symlink: /home/macho/navivest_ws/install/robot_localization/share/robot_localization/package.xml
-- Up-to-date: /home/macho/navivest_ws/install/robot_localization/lib/librobot_localization__rosidl_generator_c.so
-- Up-to-date: /home/macho/navivest_ws/install/robot_localization/lib/librobot_localization__rosidl_typesupport_fastrtps_c.so
-- Up-to-date: /home/macho/navivest_ws/install/robot_localization/lib/librobot_localization__rosidl_typesupport_introspection_c.so
-- Up-to-date: /home/macho/navivest_ws/install/robot_localization/lib/librobot_localization__rosidl_typesupport_c.so
-- Up-to-date: /home/macho/navivest_ws/install/robot_localization/lib/librobot_localization__rosidl_typesupport_fastrtps_cpp.so
-- Up-to-date: /home/macho/navivest_ws/install/robot_localization/lib/librobot_localization__rosidl_typesupport_introspection_cpp.so
-- Up-to-date: /home/macho/navivest_ws/install/robot_localization/lib/librobot_localization__rosidl_typesupport_cpp.so
Listing '/home/macho/navivest_ws/install/robot_localization/lib/python3.12/site-packages/robot_localization'...
Listing '/home/macho/navivest_ws/install/robot_localization/lib/python3.12/site-packages/robot_localization/srv'...
-- Up-to-date: /home/macho/navivest_ws/install/robot_localization/lib/librobot_localization__rosidl_generator_py.so
-- Up-to-date: /home/macho/navivest_ws/install/robot_localization/share/robot_localization/cmake/export_robot_localization__rosidl_generator_cExport.cmake
-- Up-to-date: /home/macho/navivest_ws/install/robot_localization/share/robot_localization/cmake/export_robot_localization__rosidl_generator_cExport-noconfig.cmake
-- Up-to-date: /home/macho/navivest_ws/install/robot_localization/share/robot_localization/cmake/export_robot_localization__rosidl_typesupport_fastrtps_cExport.cmake
-- Up-to-date: /home/macho/navivest_ws/install/robot_localization/share/robot_localization/cmake/export_robot_localization__rosidl_typesupport_fastrtps_cExport-noconfig.cmake
-- Up-to-date: /home/macho/navivest_ws/install/robot_localization/share/robot_localization/cmake/robot_localization__rosidl_typesupport_introspection_cExport.cmake
-- Up-to-date: /home/macho/navivest_ws/install/robot_localization/share/robot_localization/cmake/robot_localization__rosidl_typesupport_introspection_cExport-noconfig.cmake
-- Up-to-date: /home/macho/navivest_ws/install/robot_localization/share/robot_localization/cmake/robot_localization__rosidl_typesupport_cExport.cmake
-- Up-to-date: /home/macho/navivest_ws/install/robot_localization/share/robot_localization/cmake/robot_localization__rosidl_typesupport_cExport-noconfig.cmake
-- Up-to-date: /home/macho/navivest_ws/install/robot_localization/share/robot_localization/cmake/export_robot_localization__rosidl_generator_cppExport.cmake
-- Up-to-date: /home/macho/navivest_ws/install/robot_localization/share/robot_localization/cmake/export_robot_localization__rosidl_typesupport_fastrtps_cppExport.cmake
-- Up-to-date: /home/macho/navivest_ws/install/robot_localization/share/robot_localization/cmake/export_robot_localization__rosidl_typesupport_fastrtps_cppExport-noconfig.cmake
-- Up-to-date: /home/macho/navivest_ws/install/robot_localization/share/robot_localization/cmake/robot_localization__rosidl_typesupport_introspection_cppExport.cmake
-- Up-to-date: /home/macho/navivest_ws/install/robot_localization/share/robot_localization/cmake/robot_localization__rosidl_typesupport_introspection_cppExport-noconfig.cmake
-- Up-to-date: /home/macho/navivest_ws/install/robot_localization/share/robot_localization/cmake/robot_localization__rosidl_typesupport_cppExport.cmake
-- Up-to-date: /home/macho/navivest_ws/install/robot_localization/share/robot_localization/cmake/robot_localization__rosidl_typesupport_cppExport-noconfig.cmake
-- Up-to-date: /home/macho/navivest_ws/install/robot_localization/share/robot_localization/cmake/export_robot_localization__rosidl_generator_pyExport.cmake
-- Up-to-date: /home/macho/navivest_ws/install/robot_localization/share/robot_localization/cmake/export_robot_localization__rosidl_generator_pyExport-noconfig.cmake
