-- The C compiler identification is GNU 13.3.0
-- The CXX compiler identification is GNU 13.3.0
-- Detecting C compiler ABI info
-- Detecting C compiler ABI info - done
-- Check for working C compiler: /usr/bin/cc - skipped
-- Detecting C compile features
-- Detecting C compile features - done
-- Detecting CXX compiler ABI info
-- Detecting CXX compiler ABI info - done
-- Check for working CXX compiler: /usr/bin/c++ - skipped
-- Detecting CXX compile features
-- Detecting CXX compile features - done
-- Found nlohmann_json: /usr/share/cmake/nlohmann_json/nlohmann_jsonConfig.cmake (found version "3.11.3") 
-- Looking for sgemm_
-- Looking for sgemm_ - not found
-- Performing Test CMAKE_HAVE_LIBC_PTHREAD
-- Performing Test CMAKE_HAVE_LIBC_PTHREAD - Success
-- Found Threads: TRUE  
-- Looking for sgemm_
-- Looking for sgemm_ - found
-- Found BLAS: /usr/lib/x86_64-linux-gnu/libopenblas.so  
CMake Warning (dev) at /usr/local/zed/zed-config.cmake:79 (find_package):
  Policy CMP0146 is not set: The FindCUDA module is removed.  Run "cmake
  --help-policy CMP0146" for policy details.  Use the cmake_policy command to
  set the policy and suppress this warning.

Call Stack (most recent call first):
  CMakeLists.txt:85 (find_package)
This warning is for project developers.  Use -Wno-dev to suppress it.

-- Found CUDA: /usr/local/cuda-13.0 (found suitable version "13.0", minimum required is "13") 
CMake Warning (dev) at /usr/local/zed/zed-config.cmake:84 (exec_program):
  Policy CMP0153 is not set: The exec_program command should not be called.
  Run "cmake --help-policy CMP0153" for policy details.  Use the cmake_policy
  command to set the policy and suppress this warning.

  Use execute_process() instead.
Call Stack (most recent call first):
  CMakeLists.txt:85 (find_package)
This warning is for project developers.  Use -Wno-dev to suppress it.

CMake Warning (dev) at /usr/local/zed/zed-config.cmake:85 (exec_program):
  Policy CMP0153 is not set: The exec_program command should not be called.
  Run "cmake --help-policy CMP0153" for policy details.  Use the cmake_policy
  command to set the policy and suppress this warning.

  Use execute_process() instead.
Call Stack (most recent call first):
  CMakeLists.txt:85 (find_package)
This warning is for project developers.  Use -Wno-dev to suppress it.

CMake Warning (dev) at /usr/local/zed/zed-config.cmake:101 (exec_program):
  Policy CMP0153 is not set: The exec_program command should not be called.
  Run "cmake --help-policy CMP0153" for policy details.  Use the cmake_policy
  command to set the policy and suppress this warning.

  Use execute_process() instead.
Call Stack (most recent call first):
  CMakeLists.txt:85 (find_package)
This warning is for project developers.  Use -Wno-dev to suppress it.

CMake Warning (dev) at /usr/local/zed/zed-config.cmake:121 (exec_program):
  Policy CMP0153 is not set: The exec_program command should not be called.
  Run "cmake --help-policy CMP0153" for policy details.  Use the cmake_policy
  command to set the policy and suppress this warning.

  Use execute_process() instead.
Call Stack (most recent call first):
  CMakeLists.txt:85 (find_package)
This warning is for project developers.  Use -Wno-dev to suppress it.

CMake Warning (dev) at CMakeLists.txt:87 (exec_program):
  Policy CMP0153 is not set: The exec_program command should not be called.
  Run "cmake --help-policy CMP0153" for policy details.  Use the cmake_policy
  command to set the policy and suppress this warning.

  Use execute_process() instead.
This warning is for project developers.  Use -Wno-dev to suppress it.

CMake Warning (dev) at CMakeLists.txt:92 (find_package):
  Policy CMP0146 is not set: The FindCUDA module is removed.  Run "cmake
  --help-policy CMP0146" for policy details.  Use the cmake_policy command to
  set the policy and suppress this warning.

This warning is for project developers.  Use -Wno-dev to suppress it.

-- Found CUDA: /usr/local/cuda-13.0 (found version "13.0") 
-- Found ament_cmake_auto: 2.5.6 (/opt/ros/jazzy/share/ament_cmake_auto/cmake)
-- Found Python3: /usr/bin/python3 (found version "3.12.3") found components: Interpreter 
-- Override CMake install command with custom implementation using symlinks instead of copying resources
-- Found rosidl_generator_c: 4.6.7 (/opt/ros/jazzy/share/rosidl_generator_c/cmake)
-- Found rosidl_generator_cpp: 4.6.7 (/opt/ros/jazzy/share/rosidl_generator_cpp/cmake)
-- Using all available rosidl_typesupport_c: rosidl_typesupport_fastrtps_c;rosidl_typesupport_introspection_c
-- Using all available rosidl_typesupport_cpp: rosidl_typesupport_fastrtps_cpp;rosidl_typesupport_introspection_cpp
-- Found rmw_implementation_cmake: 7.3.3 (/opt/ros/jazzy/share/rmw_implementation_cmake/cmake)
-- Found rmw_fastrtps_cpp: 8.4.3 (/opt/ros/jazzy/share/rmw_fastrtps_cpp/cmake)
-- Found OpenSSL: /usr/lib/x86_64-linux-gnu/libcrypto.so (found version "3.0.13")  
-- Found FastRTPS: /opt/ros/jazzy/include (Required is at least version "2.13") 
-- Using RMW implementation 'rmw_fastrtps_cpp' as default
-- Found eigen3_cmake_module: 0.3.0 (/opt/ros/jazzy/share/eigen3_cmake_module/cmake)
-- Found Eigen3: TRUE (found version "3.4.0") 
-- Ensuring Eigen3 include directory is part of orocos-kdl CMake target
 * Point Cloud Transport is available
--  * Type Adaptation for sl::Mat is enabled
-- Found ament_lint_auto: 0.17.5 (/opt/ros/jazzy/share/ament_lint_auto/cmake)
-- Added test 'copyright' to check source files copyright and LICENSE
-- Added test 'cppcheck' to perform static code analysis on C / C++ code
-- Configured cppcheck include dirs: /home/macho/navivest_ws/src/zed-ros2-wrapper/zed_components/src/include;/home/macho/navivest_ws/src/zed-ros2-wrapper/zed_components/src/zed_camera/include;/home/macho/navivest_ws/src/zed-ros2-wrapper/zed_components/src/tools/include;/home/macho/navivest_ws/src/zed-ros2-wrapper/zed_components/src/zed_camera_one/include
-- Configured cppcheck exclude dirs and/or files: 
-- Added test 'lint_cmake' to check CMake code style
-- Added test 'uncrustify' to check C / C++ code style
-- Configured uncrustify additional arguments: 
-- Added test 'xmllint' to check XML markup files
-- Configuring done (1.8s)
-- Generating done (0.0s)
-- Build files have been written to: /home/macho/navivest_ws/build/zed_components
[ 41%] Building CXX object CMakeFiles/zed_camera_component.dir/src/tools/src/gnss_replay.cpp.o
[ 35%] Building CXX object CMakeFiles/zed_camera_component.dir/src/tools/src/sl_tools.cpp.o
[ 35%] Building CXX object CMakeFiles/zed_camera_one_component.dir/src/tools/src/gnss_replay.cpp.o
[ 35%] Building CXX object CMakeFiles/zed_camera_component.dir/src/zed_camera/src/zed_camera_component_main.cpp.o
[ 35%] Building CXX object CMakeFiles/zed_camera_component.dir/src/tools/src/sl_win_avg.cpp.o
[ 58%] Building CXX object CMakeFiles/zed_camera_one_component.dir/src/tools/src/sl_tools.cpp.o
[ 58%] Building CXX object CMakeFiles/zed_camera_one_component.dir/src/zed_camera_one/src/zed_camera_one_component_main.cpp.o
[ 58%] Building CXX object CMakeFiles/zed_camera_component.dir/src/tools/src/sl_types.cpp.o
[ 58%] Building CXX object CMakeFiles/zed_camera_one_component.dir/src/tools/src/sl_win_avg.cpp.o
[ 58%] Building CXX object CMakeFiles/zed_camera_one_component.dir/src/tools/src/sl_types.cpp.o
[ 64%] Building CXX object CMakeFiles/zed_camera_one_component.dir/src/zed_camera_one/src/zed_camera_one_component_sensors.cpp.o
[ 76%] Building CXX object CMakeFiles/zed_camera_component.dir/src/zed_camera/src/zed_camera_component_objdet.cpp.o
[ 76%] Building CXX object CMakeFiles/zed_camera_component.dir/src/zed_camera/src/zed_camera_component_video_depth.cpp.o
[ 82%] Building CXX object CMakeFiles/zed_camera_component.dir/src/zed_camera/src/zed_camera_component_bodytrk.cpp.o
[ 88%] Building CXX object CMakeFiles/zed_camera_one_component.dir/src/zed_camera_one/src/zed_camera_one_component_video.cpp.o
[ 94%] Linking CXX shared library libzed_camera_one_component.so
[ 94%] Built target zed_camera_one_component
[100%] Linking CXX shared library libzed_camera_component.so
[100%] Built target zed_camera_component
-- Install configuration: "Release"
-- Execute custom install script
-- Symlinking: /home/macho/navivest_ws/install/zed_components/lib/libzed_camera_component.so
-- Symlinking: /home/macho/navivest_ws/install/zed_components/lib/libzed_camera_one_component.so
-- Symlinking: /home/macho/navivest_ws/install/zed_components/include/zed_components//cost_traversability.hpp
-- Symlinking: /home/macho/navivest_ws/install/zed_components/include/zed_components//zed_camera_component.hpp
-- Symlinking: /home/macho/navivest_ws/install/zed_components/include/zed_components//zed_camera_one_component.hpp
-- Symlinking: /home/macho/navivest_ws/install/zed_components/include/zed_components//gnss_replay.hpp
-- Symlinking: /home/macho/navivest_ws/install/zed_components/include/zed_components//sl_logging.hpp
-- Symlinking: /home/macho/navivest_ws/install/zed_components/include/zed_components//sl_tools.hpp
-- Symlinking: /home/macho/navivest_ws/install/zed_components/include/zed_components//sl_type_adapter.hpp
-- Symlinking: /home/macho/navivest_ws/install/zed_components/include/zed_components//sl_types.hpp
-- Symlinking: /home/macho/navivest_ws/install/zed_components/include/zed_components//sl_win_avg.hpp
-- Symlinking: /home/macho/navivest_ws/install/zed_components/include/zed_components//sl_version.hpp
-- Symlinking: /home/macho/navivest_ws/install/zed_components/include/zed_components//visibility_control.hpp
-- Symlinking: /home/macho/navivest_ws/install/zed_components/share/zed_components/environment/library_path.sh
-- Symlinking: /home/macho/navivest_ws/install/zed_components/share/zed_components/environment/library_path.dsv
-- Symlinking: /home/macho/navivest_ws/install/zed_components/share/ament_index/resource_index/package_run_dependencies/zed_components
-- Symlinking: /home/macho/navivest_ws/install/zed_components/share/ament_index/resource_index/parent_prefix_path/zed_components
-- Symlinking: /home/macho/navivest_ws/install/zed_components/share/zed_components/environment/ament_prefix_path.sh
-- Symlinking: /home/macho/navivest_ws/install/zed_components/share/zed_components/environment/ament_prefix_path.dsv
-- Symlinking: /home/macho/navivest_ws/install/zed_components/share/zed_components/environment/path.sh
-- Symlinking: /home/macho/navivest_ws/install/zed_components/share/zed_components/environment/path.dsv
-- Symlinking: /home/macho/navivest_ws/install/zed_components/share/zed_components/local_setup.bash
-- Symlinking: /home/macho/navivest_ws/install/zed_components/share/zed_components/local_setup.sh
-- Symlinking: /home/macho/navivest_ws/install/zed_components/share/zed_components/local_setup.zsh
-- Symlinking: /home/macho/navivest_ws/install/zed_components/share/zed_components/local_setup.dsv
-- Symlinking: /home/macho/navivest_ws/install/zed_components/share/zed_components/package.dsv
-- Symlinking: /home/macho/navivest_ws/install/zed_components/share/ament_index/resource_index/packages/zed_components
-- Symlinking: /home/macho/navivest_ws/install/zed_components/share/ament_index/resource_index/rclcpp_components/zed_components
-- Symlinking: /home/macho/navivest_ws/install/zed_components/share/zed_components/cmake/ament_cmake_export_include_directories-extras.cmake
-- Symlinking: /home/macho/navivest_ws/install/zed_components/share/zed_components/cmake/ament_cmake_export_libraries-extras.cmake
-- Symlinking: /home/macho/navivest_ws/install/zed_components/share/zed_components/cmake/ament_cmake_export_dependencies-extras.cmake
-- Symlinking: /home/macho/navivest_ws/install/zed_components/share/zed_components/cmake/zed_componentsConfig.cmake
-- Symlinking: /home/macho/navivest_ws/install/zed_components/share/zed_components/cmake/zed_componentsConfig-version.cmake
-- Symlinking: /home/macho/navivest_ws/install/zed_components/share/zed_components/package.xml
