[0.013s] Invoking command in '/home/macho/navivest_ws/build/zed_components': CMAKE_PREFIX_PATH=/home/macho/navivest_ws/install/zed_msgs:/home/macho/navivest_ws/install/backward_ros:/opt/ros/jazzy/opt/gz_sim_vendor:/opt/ros/jazzy/opt/gz_sensors_vendor:/opt/ros/jazzy/opt/gz_physics_vendor:/opt/ros/jazzy/opt/sdformat_vendor:/opt/ros/jazzy/opt/gz_gui_vendor:/opt/ros/jazzy/opt/gz_transport_vendor:/opt/ros/jazzy/opt/gz_rendering_vendor:/opt/ros/jazzy/opt/gz_plugin_vendor:/opt/ros/jazzy/opt/gz_fuel_tools_vendor:/opt/ros/jazzy/opt/gz_msgs_vendor:/opt/ros/jazzy/opt/gz_common_vendor:/opt/ros/jazzy/opt/gz_tools_vendor:/opt/ros/jazzy/opt/gz_ogre_next_vendor:/opt/ros/jazzy/opt/gz_dartsim_vendor:/home/macho/navivest_ws/install/nav2_velocity_smoother:/home/macho/navivest_ws/install/nav2_map_server:/home/macho/navivest_ws/install/nav2_amcl:/home/macho/navivest_ws/install/test_bond:/home/macho/navivest_ws/install/opennav_docking_core:/home/macho/navivest_ws/install/zed_wrapper:/home/macho/navivest_ws/install/zed_components:/home/macho/navivest_ws/install/zed_description:/home/macho/navivest_ws/install/nav2_dwb_controller:/home/macho/navivest_ws/install/nav2_controller:/home/macho/navivest_ws/install/dwb_plugins:/home/macho/navivest_ws/install/dwb_critics:/home/macho/navivest_ws/install/dwb_core:/home/macho/navivest_ws/install/nav_2d_utils:/home/macho/navivest_ws/install/nav2_theta_star_planner:/home/macho/navivest_ws/install/nav2_planner:/home/macho/navivest_ws/install/nav2_lifecycle_manager:/home/macho/navivest_ws/install/nav2_core:/home/macho/navivest_ws/install/costmap_queue:/home/macho/navivest_ws/install/nav2_costmap_2d:/home/macho/navivest_ws/install/nav2_behavior_tree:/home/macho/navivest_ws/install/nav2_util:/home/macho/navivest_ws/install/bond_core:/home/macho/navivest_ws/install/bondcpp:/home/macho/navivest_ws/install/smclib:/home/macho/navivest_ws/install/robot_localization:/home/macho/navivest_ws/install/pointcloud_to_laserscan:/home/macho/navivest_ws/install/nmea_msgs:/home/macho/navivest_ws/install/dwb_msgs:/home/macho/navivest_ws/install/nav_2d_msgs:/home/macho/navivest_ws/install/nav2_voxel_grid:/home/macho/navivest_ws/install/nav2_msgs:/home/macho/navivest_ws/install/nav2_common:/home/macho/navivest_ws/install/geographic_info:/home/macho/navivest_ws/install/geodesy:/home/macho/navivest_ws/install/geographic_msgs:/home/macho/navivest_ws/install/bond:/home/macho/navivest_ws/install/behaviortree_cpp:/opt/ros/jazzy/opt/gz_math_vendor:/opt/ros/jazzy/opt/gz_utils_vendor:/opt/ros/jazzy/opt/gz_cmake_vendor:/home/macho/navivest_ws/install/nav2_loopback_sim:/home/macho/navivest_ws/install/navivest_bringup:/home/macho/navivest_ws/install/bondpy:/home/macho/navivest_ws/install/navivest_guidance:/home/macho/navivest_ws/install/nav2_simple_commander:/opt/ros/jazzy DEBUGINFOD_URLS=https://debuginfod.ubuntu.com LD_LIBRARY_PATH=/home/macho/navivest_ws/install/zed_msgs/lib:/home/macho/navivest_ws/install/backward_ros/lib:/opt/ros/jazzy/opt/gz_sim_vendor/lib:/opt/ros/jazzy/opt/gz_sensors_vendor/lib:/opt/ros/jazzy/opt/gz_physics_vendor/lib:/opt/ros/jazzy/opt/sdformat_vendor/lib:/opt/ros/jazzy/opt/gz_gui_vendor/lib:/opt/ros/jazzy/opt/gz_transport_vendor/lib:/opt/ros/jazzy/opt/gz_rendering_vendor/lib:/opt/ros/jazzy/opt/gz_plugin_vendor/lib:/opt/ros/jazzy/opt/gz_fuel_tools_vendor/lib:/opt/ros/jazzy/opt/gz_msgs_vendor/lib:/opt/ros/jazzy/opt/gz_common_vendor/lib:/opt/ros/jazzy/opt/gz_tools_vendor/lib:/opt/ros/jazzy/opt/gz_ogre_next_vendor/lib:/opt/ros/jazzy/opt/gz_dartsim_vendor/lib:/home/macho/navivest_ws/install/nav2_velocity_smoother/lib:/home/macho/navivest_ws/install/nav2_map_server/lib:/home/macho/navivest_ws/install/nav2_amcl/lib:/home/macho/navivest_ws/install/test_bond/lib:/home/macho/navivest_ws/install/zed_components/lib:/home/macho/navivest_ws/install/nav2_controller/lib:/home/macho/navivest_ws/install/dwb_plugins/lib:/home/macho/navivest_ws/install/dwb_critics/lib:/home/macho/navivest_ws/install/dwb_core/lib:/home/macho/navivest_ws/install/nav_2d_utils/lib:/home/macho/navivest_ws/install/nav2_theta_star_planner/lib:/home/macho/navivest_ws/install/nav2_planner/lib:/home/macho/navivest_ws/install/nav2_lifecycle_manager/lib:/home/macho/navivest_ws/install/costmap_queue/lib:/home/macho/navivest_ws/install/nav2_costmap_2d/lib:/home/macho/navivest_ws/install/nav2_behavior_tree/lib:/home/macho/navivest_ws/install/nav2_util/lib:/home/macho/navivest_ws/install/bondcpp/lib:/home/macho/navivest_ws/install/robot_localization/lib:/home/macho/navivest_ws/install/pointcloud_to_laserscan/lib:/home/macho/navivest_ws/install/nmea_msgs/lib:/home/macho/navivest_ws/install/dwb_msgs/lib:/home/macho/navivest_ws/install/nav_2d_msgs/lib:/home/macho/navivest_ws/install/nav2_voxel_grid/lib:/home/macho/navivest_ws/install/nav2_msgs/lib:/home/macho/navivest_ws/install/geodesy/lib:/home/macho/navivest_ws/install/geographic_msgs/lib:/home/macho/navivest_ws/install/bond/lib:/home/macho/navivest_ws/install/behaviortree_cpp/lib:/opt/ros/jazzy/opt/rviz_ogre_vendor/lib:/opt/ros/jazzy/lib/x86_64-linux-gnu:/opt/ros/jazzy/opt/gz_math_vendor/lib:/opt/ros/jazzy/opt/gz_utils_vendor/lib:/opt/ros/jazzy/opt/gz_cmake_vendor/lib:/opt/ros/jazzy/lib:/usr/local/cuda-13.0/lib64 PYTHONPATH=/home/macho/navivest_ws/install/zed_msgs/lib/python3.12/site-packages:/home/macho/navivest_ws/build/nav2_loopback_sim:/home/macho/navivest_ws/install/nav2_loopback_sim/lib/python3.12/site-packages:/home/macho/navivest_ws/install/test_bond/lib/python3.12/site-packages:/home/macho/navivest_ws/build/navivest_bringup:/home/macho/navivest_ws/install/navivest_bringup/lib/python3.12/site-packages:/home/macho/navivest_ws/build/bondpy:/home/macho/navivest_ws/install/bondpy/lib/python3.12/site-packages:/home/macho/navivest_ws/install/smclib/lib/python3.12/site-packages:/home/macho/navivest_ws/install/robot_localization/lib/python3.12/site-packages:/home/macho/navivest_ws/install/nmea_msgs/lib/python3.12/site-packages:/home/macho/navivest_ws/build/navivest_guidance:/home/macho/navivest_ws/install/navivest_guidance/lib/python3.12/site-packages:/home/macho/navivest_ws/install/dwb_msgs/lib/python3.12/site-packages:/home/macho/navivest_ws/install/nav_2d_msgs/lib/python3.12/site-packages:/home/macho/navivest_ws/build/nav2_simple_commander:/home/macho/navivest_ws/install/nav2_simple_commander/lib/python3.12/site-packages:/home/macho/navivest_ws/install/nav2_msgs/lib/python3.12/site-packages:/home/macho/navivest_ws/install/nav2_common/lib/python3.12/site-packages:/home/macho/navivest_ws/install/geodesy/lib/python3.12/site-packages:/home/macho/navivest_ws/install/geographic_msgs/lib/python3.12/site-packages:/home/macho/navivest_ws/install/bond/lib/python3.12/site-packages:/opt/ros/jazzy/lib/python3.12/site-packages /usr/bin/cmake /home/macho/navivest_ws/src/zed-ros2-wrapper/zed_components -DAMENT_CMAKE_SYMLINK_INSTALL=1 -DCMAKE_INSTALL_PREFIX=/home/macho/navivest_ws/install/zed_components
[0.057s] -- The C compiler identification is GNU 13.3.0
[0.097s] -- The CXX compiler identification is GNU 13.3.0
[0.111s] -- Detecting C compiler ABI info
[0.184s] -- Detecting C compiler ABI info - done
[0.189s] -- Check for working C compiler: /usr/bin/cc - skipped
[0.189s] -- Detecting C compile features
[0.190s] -- Detecting C compile features - done
[0.197s] -- Detecting CXX compiler ABI info
[0.278s] -- Detecting CXX compiler ABI info - done
[0.283s] -- Check for working CXX compiler: /usr/bin/c++ - skipped
[0.284s] -- Detecting CXX compile features
[0.284s] -- Detecting CXX compile features - done
[0.289s] -- Found nlohmann_json: /usr/share/cmake/nlohmann_json/nlohmann_jsonConfig.cmake (found version "3.11.3") 
[0.293s] -- Looking for sgemm_
[0.362s] -- Looking for sgemm_ - not found
[0.362s] -- Performing Test CMAKE_HAVE_LIBC_PTHREAD
[0.435s] -- Performing Test CMAKE_HAVE_LIBC_PTHREAD - Success
[0.436s] -- Found Threads: TRUE  
[0.489s] -- Looking for sgemm_
[0.584s] -- Looking for sgemm_ - found
[0.584s] -- Found BLAS: /usr/lib/x86_64-linux-gnu/libopenblas.so  
[0.585s] CMake Warning (dev) at /usr/local/zed/zed-config.cmake:79 (find_package):
[0.585s]   Policy CMP0146 is not set: The FindCUDA module is removed.  Run "cmake
[0.585s]   --help-policy CMP0146" for policy details.  Use the cmake_policy command to
[0.585s]   set the policy and suppress this warning.
[0.585s] 
[0.585s] Call Stack (most recent call first):
[0.585s]   CMakeLists.txt:85 (find_package)
[0.585s] This warning is for project developers.  Use -Wno-dev to suppress it.
[0.585s] 
[0.610s] -- Found CUDA: /usr/local/cuda-13.0 (found suitable version "13.0", minimum required is "13") 
[0.611s] CMake Warning (dev) at /usr/local/zed/zed-config.cmake:84 (exec_program):
[0.611s]   Policy CMP0153 is not set: The exec_program command should not be called.
[0.611s]   Run "cmake --help-policy CMP0153" for policy details.  Use the cmake_policy
[0.611s]   command to set the policy and suppress this warning.
[0.611s] 
[0.611s]   Use execute_process() instead.
[0.611s] Call Stack (most recent call first):
[0.611s]   CMakeLists.txt:85 (find_package)
[0.611s] This warning is for project developers.  Use -Wno-dev to suppress it.
[0.611s] 
[0.614s] CMake Warning (dev) at /usr/local/zed/zed-config.cmake:85 (exec_program):
[0.614s]   Policy CMP0153 is not set: The exec_program command should not be called.
[0.614s]   Run "cmake --help-policy CMP0153" for policy details.  Use the cmake_policy
[0.614s]   command to set the policy and suppress this warning.
[0.614s] 
[0.614s]   Use execute_process() instead.
[0.614s] Call Stack (most recent call first):
[0.614s]   CMakeLists.txt:85 (find_package)
[0.614s] This warning is for project developers.  Use -Wno-dev to suppress it.
[0.614s] 
[0.617s] CMake Warning (dev) at /usr/local/zed/zed-config.cmake:101 (exec_program):
[0.617s]   Policy CMP0153 is not set: The exec_program command should not be called.
[0.617s]   Run "cmake --help-policy CMP0153" for policy details.  Use the cmake_policy
[0.617s]   command to set the policy and suppress this warning.
[0.617s] 
[0.617s]   Use execute_process() instead.
[0.617s] Call Stack (most recent call first):
[0.617s]   CMakeLists.txt:85 (find_package)
[0.617s] This warning is for project developers.  Use -Wno-dev to suppress it.
[0.617s] 
[0.621s] CMake Warning (dev) at /usr/local/zed/zed-config.cmake:121 (exec_program):
[0.621s]   Policy CMP0153 is not set: The exec_program command should not be called.
[0.621s]   Run "cmake --help-policy CMP0153" for policy details.  Use the cmake_policy
[0.621s]   command to set the policy and suppress this warning.
[0.621s] 
[0.621s]   Use execute_process() instead.
[0.621s] Call Stack (most recent call first):
[0.621s]   CMakeLists.txt:85 (find_package)
[0.621s] This warning is for project developers.  Use -Wno-dev to suppress it.
[0.621s] 
[0.643s] CMake Warning (dev) at CMakeLists.txt:87 (exec_program):
[0.643s]   Policy CMP0153 is not set: The exec_program command should not be called.
[0.643s]   Run "cmake --help-policy CMP0153" for policy details.  Use the cmake_policy
[0.643s]   command to set the policy and suppress this warning.
[0.643s] 
[0.643s]   Use execute_process() instead.
[0.643s] This warning is for project developers.  Use -Wno-dev to suppress it.
[0.643s] 
[0.646s] CMake Warning (dev) at CMakeLists.txt:92 (find_package):
[0.646s]   Policy CMP0146 is not set: The FindCUDA module is removed.  Run "cmake
[0.646s]   --help-policy CMP0146" for policy details.  Use the cmake_policy command to
[0.646s]   set the policy and suppress this warning.
[0.646s] 
[0.646s] This warning is for project developers.  Use -Wno-dev to suppress it.
[0.646s] 
[0.654s] -- Found CUDA: /usr/local/cuda-13.0 (found version "13.0") 
[0.658s] -- Found ament_cmake_auto: 2.5.6 (/opt/ros/jazzy/share/ament_cmake_auto/cmake)
[0.793s] -- Found Python3: /usr/bin/python3 (found version "3.12.3") found components: Interpreter 
[0.844s] -- Override CMake install command with custom implementation using symlinks instead of copying resources
[0.990s] -- Found rosidl_generator_c: 4.6.7 (/opt/ros/jazzy/share/rosidl_generator_c/cmake)
[1.004s] -- Found rosidl_generator_cpp: 4.6.7 (/opt/ros/jazzy/share/rosidl_generator_cpp/cmake)
[1.020s] -- Using all available rosidl_typesupport_c: rosidl_typesupport_fastrtps_c;rosidl_typesupport_introspection_c
[1.037s] -- Using all available rosidl_typesupport_cpp: rosidl_typesupport_fastrtps_cpp;rosidl_typesupport_introspection_cpp
[1.161s] -- Found rmw_implementation_cmake: 7.3.3 (/opt/ros/jazzy/share/rmw_implementation_cmake/cmake)
[1.165s] -- Found rmw_fastrtps_cpp: 8.4.3 (/opt/ros/jazzy/share/rmw_fastrtps_cpp/cmake)
[1.250s] -- Found OpenSSL: /usr/lib/x86_64-linux-gnu/libcrypto.so (found version "3.0.13")  
[1.264s] -- Found FastRTPS: /opt/ros/jazzy/include (Required is at least version "2.13") 
[1.283s] -- Using RMW implementation 'rmw_fastrtps_cpp' as default
[1.569s] -- Found eigen3_cmake_module: 0.3.0 (/opt/ros/jazzy/share/eigen3_cmake_module/cmake)
[1.570s] -- Found Eigen3: TRUE (found version "3.4.0") 
[1.570s] -- Ensuring Eigen3 include directory is part of orocos-kdl CMake target
[1.701s]  * Point Cloud Transport is available
[1.701s] --  * Type Adaptation for sl::Mat is enabled
[1.703s] -- Found ament_lint_auto: 0.17.5 (/opt/ros/jazzy/share/ament_lint_auto/cmake)
[1.763s] -- Added test 'copyright' to check source files copyright and LICENSE
[1.765s] -- Added test 'cppcheck' to perform static code analysis on C / C++ code
[1.766s] -- Configured cppcheck include dirs: /home/macho/navivest_ws/src/zed-ros2-wrapper/zed_components/src/include;/home/macho/navivest_ws/src/zed-ros2-wrapper/zed_components/src/zed_camera/include;/home/macho/navivest_ws/src/zed-ros2-wrapper/zed_components/src/tools/include;/home/macho/navivest_ws/src/zed-ros2-wrapper/zed_components/src/zed_camera_one/include
[1.766s] -- Configured cppcheck exclude dirs and/or files: 
[1.767s] -- Added test 'lint_cmake' to check CMake code style
[1.769s] -- Added test 'uncrustify' to check C / C++ code style
[1.769s] -- Configured uncrustify additional arguments: 
[1.770s] -- Added test 'xmllint' to check XML markup files
[1.774s] -- Configuring done (1.8s)
[1.801s] -- Generating done (0.0s)
[1.806s] -- Build files have been written to: /home/macho/navivest_ws/build/zed_components
[1.817s] Invoked command in '/home/macho/navivest_ws/build/zed_components' returned '0': CMAKE_PREFIX_PATH=/home/macho/navivest_ws/install/zed_msgs:/home/macho/navivest_ws/install/backward_ros:/opt/ros/jazzy/opt/gz_sim_vendor:/opt/ros/jazzy/opt/gz_sensors_vendor:/opt/ros/jazzy/opt/gz_physics_vendor:/opt/ros/jazzy/opt/sdformat_vendor:/opt/ros/jazzy/opt/gz_gui_vendor:/opt/ros/jazzy/opt/gz_transport_vendor:/opt/ros/jazzy/opt/gz_rendering_vendor:/opt/ros/jazzy/opt/gz_plugin_vendor:/opt/ros/jazzy/opt/gz_fuel_tools_vendor:/opt/ros/jazzy/opt/gz_msgs_vendor:/opt/ros/jazzy/opt/gz_common_vendor:/opt/ros/jazzy/opt/gz_tools_vendor:/opt/ros/jazzy/opt/gz_ogre_next_vendor:/opt/ros/jazzy/opt/gz_dartsim_vendor:/home/macho/navivest_ws/install/nav2_velocity_smoother:/home/macho/navivest_ws/install/nav2_map_server:/home/macho/navivest_ws/install/nav2_amcl:/home/macho/navivest_ws/install/test_bond:/home/macho/navivest_ws/install/opennav_docking_core:/home/macho/navivest_ws/install/zed_wrapper:/home/macho/navivest_ws/install/zed_components:/home/macho/navivest_ws/install/zed_description:/home/macho/navivest_ws/install/nav2_dwb_controller:/home/macho/navivest_ws/install/nav2_controller:/home/macho/navivest_ws/install/dwb_plugins:/home/macho/navivest_ws/install/dwb_critics:/home/macho/navivest_ws/install/dwb_core:/home/macho/navivest_ws/install/nav_2d_utils:/home/macho/navivest_ws/install/nav2_theta_star_planner:/home/macho/navivest_ws/install/nav2_planner:/home/macho/navivest_ws/install/nav2_lifecycle_manager:/home/macho/navivest_ws/install/nav2_core:/home/macho/navivest_ws/install/costmap_queue:/home/macho/navivest_ws/install/nav2_costmap_2d:/home/macho/navivest_ws/install/nav2_behavior_tree:/home/macho/navivest_ws/install/nav2_util:/home/macho/navivest_ws/install/bond_core:/home/macho/navivest_ws/install/bondcpp:/home/macho/navivest_ws/install/smclib:/home/macho/navivest_ws/install/robot_localization:/home/macho/navivest_ws/install/pointcloud_to_laserscan:/home/macho/navivest_ws/install/nmea_msgs:/home/macho/navivest_ws/install/dwb_msgs:/home/macho/navivest_ws/install/nav_2d_msgs:/home/macho/navivest_ws/install/nav2_voxel_grid:/home/macho/navivest_ws/install/nav2_msgs:/home/macho/navivest_ws/install/nav2_common:/home/macho/navivest_ws/install/geographic_info:/home/macho/navivest_ws/install/geodesy:/home/macho/navivest_ws/install/geographic_msgs:/home/macho/navivest_ws/install/bond:/home/macho/navivest_ws/install/behaviortree_cpp:/opt/ros/jazzy/opt/gz_math_vendor:/opt/ros/jazzy/opt/gz_utils_vendor:/opt/ros/jazzy/opt/gz_cmake_vendor:/home/macho/navivest_ws/install/nav2_loopback_sim:/home/macho/navivest_ws/install/navivest_bringup:/home/macho/navivest_ws/install/bondpy:/home/macho/navivest_ws/install/navivest_guidance:/home/macho/navivest_ws/install/nav2_simple_commander:/opt/ros/jazzy DEBUGINFOD_URLS=https://debuginfod.ubuntu.com LD_LIBRARY_PATH=/home/macho/navivest_ws/install/zed_msgs/lib:/home/macho/navivest_ws/install/backward_ros/lib:/opt/ros/jazzy/opt/gz_sim_vendor/lib:/opt/ros/jazzy/opt/gz_sensors_vendor/lib:/opt/ros/jazzy/opt/gz_physics_vendor/lib:/opt/ros/jazzy/opt/sdformat_vendor/lib:/opt/ros/jazzy/opt/gz_gui_vendor/lib:/opt/ros/jazzy/opt/gz_transport_vendor/lib:/opt/ros/jazzy/opt/gz_rendering_vendor/lib:/opt/ros/jazzy/opt/gz_plugin_vendor/lib:/opt/ros/jazzy/opt/gz_fuel_tools_vendor/lib:/opt/ros/jazzy/opt/gz_msgs_vendor/lib:/opt/ros/jazzy/opt/gz_common_vendor/lib:/opt/ros/jazzy/opt/gz_tools_vendor/lib:/opt/ros/jazzy/opt/gz_ogre_next_vendor/lib:/opt/ros/jazzy/opt/gz_dartsim_vendor/lib:/home/macho/navivest_ws/install/nav2_velocity_smoother/lib:/home/macho/navivest_ws/install/nav2_map_server/lib:/home/macho/navivest_ws/install/nav2_amcl/lib:/home/macho/navivest_ws/install/test_bond/lib:/home/macho/navivest_ws/install/zed_components/lib:/home/macho/navivest_ws/install/nav2_controller/lib:/home/macho/navivest_ws/install/dwb_plugins/lib:/home/macho/navivest_ws/install/dwb_critics/lib:/home/macho/navivest_ws/install/dwb_core/lib:/home/macho/navivest_ws/install/nav_2d_utils/lib:/home/macho/navivest_ws/install/nav2_theta_star_planner/lib:/home/macho/navivest_ws/install/nav2_planner/lib:/home/macho/navivest_ws/install/nav2_lifecycle_manager/lib:/home/macho/navivest_ws/install/costmap_queue/lib:/home/macho/navivest_ws/install/nav2_costmap_2d/lib:/home/macho/navivest_ws/install/nav2_behavior_tree/lib:/home/macho/navivest_ws/install/nav2_util/lib:/home/macho/navivest_ws/install/bondcpp/lib:/home/macho/navivest_ws/install/robot_localization/lib:/home/macho/navivest_ws/install/pointcloud_to_laserscan/lib:/home/macho/navivest_ws/install/nmea_msgs/lib:/home/macho/navivest_ws/install/dwb_msgs/lib:/home/macho/navivest_ws/install/nav_2d_msgs/lib:/home/macho/navivest_ws/install/nav2_voxel_grid/lib:/home/macho/navivest_ws/install/nav2_msgs/lib:/home/macho/navivest_ws/install/geodesy/lib:/home/macho/navivest_ws/install/geographic_msgs/lib:/home/macho/navivest_ws/install/bond/lib:/home/macho/navivest_ws/install/behaviortree_cpp/lib:/opt/ros/jazzy/opt/rviz_ogre_vendor/lib:/opt/ros/jazzy/lib/x86_64-linux-gnu:/opt/ros/jazzy/opt/gz_math_vendor/lib:/opt/ros/jazzy/opt/gz_utils_vendor/lib:/opt/ros/jazzy/opt/gz_cmake_vendor/lib:/opt/ros/jazzy/lib:/usr/local/cuda-13.0/lib64 PYTHONPATH=/home/macho/navivest_ws/install/zed_msgs/lib/python3.12/site-packages:/home/macho/navivest_ws/build/nav2_loopback_sim:/home/macho/navivest_ws/install/nav2_loopback_sim/lib/python3.12/site-packages:/home/macho/navivest_ws/install/test_bond/lib/python3.12/site-packages:/home/macho/navivest_ws/build/navivest_bringup:/home/macho/navivest_ws/install/navivest_bringup/lib/python3.12/site-packages:/home/macho/navivest_ws/build/bondpy:/home/macho/navivest_ws/install/bondpy/lib/python3.12/site-packages:/home/macho/navivest_ws/install/smclib/lib/python3.12/site-packages:/home/macho/navivest_ws/install/robot_localization/lib/python3.12/site-packages:/home/macho/navivest_ws/install/nmea_msgs/lib/python3.12/site-packages:/home/macho/navivest_ws/build/navivest_guidance:/home/macho/navivest_ws/install/navivest_guidance/lib/python3.12/site-packages:/home/macho/navivest_ws/install/dwb_msgs/lib/python3.12/site-packages:/home/macho/navivest_ws/install/nav_2d_msgs/lib/python3.12/site-packages:/home/macho/navivest_ws/build/nav2_simple_commander:/home/macho/navivest_ws/install/nav2_simple_commander/lib/python3.12/site-packages:/home/macho/navivest_ws/install/nav2_msgs/lib/python3.12/site-packages:/home/macho/navivest_ws/install/nav2_common/lib/python3.12/site-packages:/home/macho/navivest_ws/install/geodesy/lib/python3.12/site-packages:/home/macho/navivest_ws/install/geographic_msgs/lib/python3.12/site-packages:/home/macho/navivest_ws/install/bond/lib/python3.12/site-packages:/opt/ros/jazzy/lib/python3.12/site-packages /usr/bin/cmake /home/macho/navivest_ws/src/zed-ros2-wrapper/zed_components -DAMENT_CMAKE_SYMLINK_INSTALL=1 -DCMAKE_INSTALL_PREFIX=/home/macho/navivest_ws/install/zed_components
[1.818s] Invoking command in '/home/macho/navivest_ws/build/zed_components': CMAKE_PREFIX_PATH=/home/macho/navivest_ws/install/zed_msgs:/home/macho/navivest_ws/install/backward_ros:/opt/ros/jazzy/opt/gz_sim_vendor:/opt/ros/jazzy/opt/gz_sensors_vendor:/opt/ros/jazzy/opt/gz_physics_vendor:/opt/ros/jazzy/opt/sdformat_vendor:/opt/ros/jazzy/opt/gz_gui_vendor:/opt/ros/jazzy/opt/gz_transport_vendor:/opt/ros/jazzy/opt/gz_rendering_vendor:/opt/ros/jazzy/opt/gz_plugin_vendor:/opt/ros/jazzy/opt/gz_fuel_tools_vendor:/opt/ros/jazzy/opt/gz_msgs_vendor:/opt/ros/jazzy/opt/gz_common_vendor:/opt/ros/jazzy/opt/gz_tools_vendor:/opt/ros/jazzy/opt/gz_ogre_next_vendor:/opt/ros/jazzy/opt/gz_dartsim_vendor:/home/macho/navivest_ws/install/nav2_velocity_smoother:/home/macho/navivest_ws/install/nav2_map_server:/home/macho/navivest_ws/install/nav2_amcl:/home/macho/navivest_ws/install/test_bond:/home/macho/navivest_ws/install/opennav_docking_core:/home/macho/navivest_ws/install/zed_wrapper:/home/macho/navivest_ws/install/zed_components:/home/macho/navivest_ws/install/zed_description:/home/macho/navivest_ws/install/nav2_dwb_controller:/home/macho/navivest_ws/install/nav2_controller:/home/macho/navivest_ws/install/dwb_plugins:/home/macho/navivest_ws/install/dwb_critics:/home/macho/navivest_ws/install/dwb_core:/home/macho/navivest_ws/install/nav_2d_utils:/home/macho/navivest_ws/install/nav2_theta_star_planner:/home/macho/navivest_ws/install/nav2_planner:/home/macho/navivest_ws/install/nav2_lifecycle_manager:/home/macho/navivest_ws/install/nav2_core:/home/macho/navivest_ws/install/costmap_queue:/home/macho/navivest_ws/install/nav2_costmap_2d:/home/macho/navivest_ws/install/nav2_behavior_tree:/home/macho/navivest_ws/install/nav2_util:/home/macho/navivest_ws/install/bond_core:/home/macho/navivest_ws/install/bondcpp:/home/macho/navivest_ws/install/smclib:/home/macho/navivest_ws/install/robot_localization:/home/macho/navivest_ws/install/pointcloud_to_laserscan:/home/macho/navivest_ws/install/nmea_msgs:/home/macho/navivest_ws/install/dwb_msgs:/home/macho/navivest_ws/install/nav_2d_msgs:/home/macho/navivest_ws/install/nav2_voxel_grid:/home/macho/navivest_ws/install/nav2_msgs:/home/macho/navivest_ws/install/nav2_common:/home/macho/navivest_ws/install/geographic_info:/home/macho/navivest_ws/install/geodesy:/home/macho/navivest_ws/install/geographic_msgs:/home/macho/navivest_ws/install/bond:/home/macho/navivest_ws/install/behaviortree_cpp:/opt/ros/jazzy/opt/gz_math_vendor:/opt/ros/jazzy/opt/gz_utils_vendor:/opt/ros/jazzy/opt/gz_cmake_vendor:/home/macho/navivest_ws/install/nav2_loopback_sim:/home/macho/navivest_ws/install/navivest_bringup:/home/macho/navivest_ws/install/bondpy:/home/macho/navivest_ws/install/navivest_guidance:/home/macho/navivest_ws/install/nav2_simple_commander:/opt/ros/jazzy DEBUGINFOD_URLS=https://debuginfod.ubuntu.com LD_LIBRARY_PATH=/home/macho/navivest_ws/install/zed_msgs/lib:/home/macho/navivest_ws/install/backward_ros/lib:/opt/ros/jazzy/opt/gz_sim_vendor/lib:/opt/ros/jazzy/opt/gz_sensors_vendor/lib:/opt/ros/jazzy/opt/gz_physics_vendor/lib:/opt/ros/jazzy/opt/sdformat_vendor/lib:/opt/ros/jazzy/opt/gz_gui_vendor/lib:/opt/ros/jazzy/opt/gz_transport_vendor/lib:/opt/ros/jazzy/opt/gz_rendering_vendor/lib:/opt/ros/jazzy/opt/gz_plugin_vendor/lib:/opt/ros/jazzy/opt/gz_fuel_tools_vendor/lib:/opt/ros/jazzy/opt/gz_msgs_vendor/lib:/opt/ros/jazzy/opt/gz_common_vendor/lib:/opt/ros/jazzy/opt/gz_tools_vendor/lib:/opt/ros/jazzy/opt/gz_ogre_next_vendor/lib:/opt/ros/jazzy/opt/gz_dartsim_vendor/lib:/home/macho/navivest_ws/install/nav2_velocity_smoother/lib:/home/macho/navivest_ws/install/nav2_map_server/lib:/home/macho/navivest_ws/install/nav2_amcl/lib:/home/macho/navivest_ws/install/test_bond/lib:/home/macho/navivest_ws/install/zed_components/lib:/home/macho/navivest_ws/install/nav2_controller/lib:/home/macho/navivest_ws/install/dwb_plugins/lib:/home/macho/navivest_ws/install/dwb_critics/lib:/home/macho/navivest_ws/install/dwb_core/lib:/home/macho/navivest_ws/install/nav_2d_utils/lib:/home/macho/navivest_ws/install/nav2_theta_star_planner/lib:/home/macho/navivest_ws/install/nav2_planner/lib:/home/macho/navivest_ws/install/nav2_lifecycle_manager/lib:/home/macho/navivest_ws/install/costmap_queue/lib:/home/macho/navivest_ws/install/nav2_costmap_2d/lib:/home/macho/navivest_ws/install/nav2_behavior_tree/lib:/home/macho/navivest_ws/install/nav2_util/lib:/home/macho/navivest_ws/install/bondcpp/lib:/home/macho/navivest_ws/install/robot_localization/lib:/home/macho/navivest_ws/install/pointcloud_to_laserscan/lib:/home/macho/navivest_ws/install/nmea_msgs/lib:/home/macho/navivest_ws/install/dwb_msgs/lib:/home/macho/navivest_ws/install/nav_2d_msgs/lib:/home/macho/navivest_ws/install/nav2_voxel_grid/lib:/home/macho/navivest_ws/install/nav2_msgs/lib:/home/macho/navivest_ws/install/geodesy/lib:/home/macho/navivest_ws/install/geographic_msgs/lib:/home/macho/navivest_ws/install/bond/lib:/home/macho/navivest_ws/install/behaviortree_cpp/lib:/opt/ros/jazzy/opt/rviz_ogre_vendor/lib:/opt/ros/jazzy/lib/x86_64-linux-gnu:/opt/ros/jazzy/opt/gz_math_vendor/lib:/opt/ros/jazzy/opt/gz_utils_vendor/lib:/opt/ros/jazzy/opt/gz_cmake_vendor/lib:/opt/ros/jazzy/lib:/usr/local/cuda-13.0/lib64 PYTHONPATH=/home/macho/navivest_ws/install/zed_msgs/lib/python3.12/site-packages:/home/macho/navivest_ws/build/nav2_loopback_sim:/home/macho/navivest_ws/install/nav2_loopback_sim/lib/python3.12/site-packages:/home/macho/navivest_ws/install/test_bond/lib/python3.12/site-packages:/home/macho/navivest_ws/build/navivest_bringup:/home/macho/navivest_ws/install/navivest_bringup/lib/python3.12/site-packages:/home/macho/navivest_ws/build/bondpy:/home/macho/navivest_ws/install/bondpy/lib/python3.12/site-packages:/home/macho/navivest_ws/install/smclib/lib/python3.12/site-packages:/home/macho/navivest_ws/install/robot_localization/lib/python3.12/site-packages:/home/macho/navivest_ws/install/nmea_msgs/lib/python3.12/site-packages:/home/macho/navivest_ws/build/navivest_guidance:/home/macho/navivest_ws/install/navivest_guidance/lib/python3.12/site-packages:/home/macho/navivest_ws/install/dwb_msgs/lib/python3.12/site-packages:/home/macho/navivest_ws/install/nav_2d_msgs/lib/python3.12/site-packages:/home/macho/navivest_ws/build/nav2_simple_commander:/home/macho/navivest_ws/install/nav2_simple_commander/lib/python3.12/site-packages:/home/macho/navivest_ws/install/nav2_msgs/lib/python3.12/site-packages:/home/macho/navivest_ws/install/nav2_common/lib/python3.12/site-packages:/home/macho/navivest_ws/install/geodesy/lib/python3.12/site-packages:/home/macho/navivest_ws/install/geographic_msgs/lib/python3.12/site-packages:/home/macho/navivest_ws/install/bond/lib/python3.12/site-packages:/opt/ros/jazzy/lib/python3.12/site-packages /usr/bin/cmake --build /home/macho/navivest_ws/build/zed_components -- -j16 -l16
[1.871s] [ 41%] Building CXX object CMakeFiles/zed_camera_component.dir/src/tools/src/gnss_replay.cpp.o
[1.871s] [ 35%] Building CXX object CMakeFiles/zed_camera_component.dir/src/tools/src/sl_tools.cpp.o
[1.871s] [ 35%] Building CXX object CMakeFiles/zed_camera_one_component.dir/src/tools/src/gnss_replay.cpp.o
[1.871s] [ 35%] Building CXX object CMakeFiles/zed_camera_component.dir/src/zed_camera/src/zed_camera_component_main.cpp.o
[1.871s] [ 35%] Building CXX object CMakeFiles/zed_camera_component.dir/src/tools/src/sl_win_avg.cpp.o
[1.871s] [ 58%] Building CXX object CMakeFiles/zed_camera_one_component.dir/src/tools/src/sl_tools.cpp.o
[1.871s] [ 58%] Building CXX object CMakeFiles/zed_camera_one_component.dir/src/zed_camera_one/src/zed_camera_one_component_main.cpp.o
[1.871s] [ 58%] Building CXX object CMakeFiles/zed_camera_component.dir/src/tools/src/sl_types.cpp.o
[1.871s] [ 58%] Building CXX object CMakeFiles/zed_camera_one_component.dir/src/tools/src/sl_win_avg.cpp.o
[1.871s] [ 58%] Building CXX object CMakeFiles/zed_camera_one_component.dir/src/tools/src/sl_types.cpp.o
[1.871s] [ 64%] Building CXX object CMakeFiles/zed_camera_one_component.dir/src/zed_camera_one/src/zed_camera_one_component_sensors.cpp.o
[1.872s] [ 76%] Building CXX object CMakeFiles/zed_camera_component.dir/src/zed_camera/src/zed_camera_component_objdet.cpp.o
[1.872s] [ 76%] Building CXX object CMakeFiles/zed_camera_component.dir/src/zed_camera/src/zed_camera_component_video_depth.cpp.o
[1.872s] [ 82%] Building CXX object CMakeFiles/zed_camera_component.dir/src/zed_camera/src/zed_camera_component_bodytrk.cpp.o
[1.872s] [ 88%] Building CXX object CMakeFiles/zed_camera_one_component.dir/src/zed_camera_one/src/zed_camera_one_component_video.cpp.o
[22.246s] [ 94%] Linking CXX shared library libzed_camera_one_component.so
[22.553s] [ 94%] Built target zed_camera_one_component
[56.085s] [100%] Linking CXX shared library libzed_camera_component.so
[56.481s] [100%] Built target zed_camera_component
[56.490s] Invoked command in '/home/macho/navivest_ws/build/zed_components' returned '0': CMAKE_PREFIX_PATH=/home/macho/navivest_ws/install/zed_msgs:/home/macho/navivest_ws/install/backward_ros:/opt/ros/jazzy/opt/gz_sim_vendor:/opt/ros/jazzy/opt/gz_sensors_vendor:/opt/ros/jazzy/opt/gz_physics_vendor:/opt/ros/jazzy/opt/sdformat_vendor:/opt/ros/jazzy/opt/gz_gui_vendor:/opt/ros/jazzy/opt/gz_transport_vendor:/opt/ros/jazzy/opt/gz_rendering_vendor:/opt/ros/jazzy/opt/gz_plugin_vendor:/opt/ros/jazzy/opt/gz_fuel_tools_vendor:/opt/ros/jazzy/opt/gz_msgs_vendor:/opt/ros/jazzy/opt/gz_common_vendor:/opt/ros/jazzy/opt/gz_tools_vendor:/opt/ros/jazzy/opt/gz_ogre_next_vendor:/opt/ros/jazzy/opt/gz_dartsim_vendor:/home/macho/navivest_ws/install/nav2_velocity_smoother:/home/macho/navivest_ws/install/nav2_map_server:/home/macho/navivest_ws/install/nav2_amcl:/home/macho/navivest_ws/install/test_bond:/home/macho/navivest_ws/install/opennav_docking_core:/home/macho/navivest_ws/install/zed_wrapper:/home/macho/navivest_ws/install/zed_components:/home/macho/navivest_ws/install/zed_description:/home/macho/navivest_ws/install/nav2_dwb_controller:/home/macho/navivest_ws/install/nav2_controller:/home/macho/navivest_ws/install/dwb_plugins:/home/macho/navivest_ws/install/dwb_critics:/home/macho/navivest_ws/install/dwb_core:/home/macho/navivest_ws/install/nav_2d_utils:/home/macho/navivest_ws/install/nav2_theta_star_planner:/home/macho/navivest_ws/install/nav2_planner:/home/macho/navivest_ws/install/nav2_lifecycle_manager:/home/macho/navivest_ws/install/nav2_core:/home/macho/navivest_ws/install/costmap_queue:/home/macho/navivest_ws/install/nav2_costmap_2d:/home/macho/navivest_ws/install/nav2_behavior_tree:/home/macho/navivest_ws/install/nav2_util:/home/macho/navivest_ws/install/bond_core:/home/macho/navivest_ws/install/bondcpp:/home/macho/navivest_ws/install/smclib:/home/macho/navivest_ws/install/robot_localization:/home/macho/navivest_ws/install/pointcloud_to_laserscan:/home/macho/navivest_ws/install/nmea_msgs:/home/macho/navivest_ws/install/dwb_msgs:/home/macho/navivest_ws/install/nav_2d_msgs:/home/macho/navivest_ws/install/nav2_voxel_grid:/home/macho/navivest_ws/install/nav2_msgs:/home/macho/navivest_ws/install/nav2_common:/home/macho/navivest_ws/install/geographic_info:/home/macho/navivest_ws/install/geodesy:/home/macho/navivest_ws/install/geographic_msgs:/home/macho/navivest_ws/install/bond:/home/macho/navivest_ws/install/behaviortree_cpp:/opt/ros/jazzy/opt/gz_math_vendor:/opt/ros/jazzy/opt/gz_utils_vendor:/opt/ros/jazzy/opt/gz_cmake_vendor:/home/macho/navivest_ws/install/nav2_loopback_sim:/home/macho/navivest_ws/install/navivest_bringup:/home/macho/navivest_ws/install/bondpy:/home/macho/navivest_ws/install/navivest_guidance:/home/macho/navivest_ws/install/nav2_simple_commander:/opt/ros/jazzy DEBUGINFOD_URLS=https://debuginfod.ubuntu.com LD_LIBRARY_PATH=/home/macho/navivest_ws/install/zed_msgs/lib:/home/macho/navivest_ws/install/backward_ros/lib:/opt/ros/jazzy/opt/gz_sim_vendor/lib:/opt/ros/jazzy/opt/gz_sensors_vendor/lib:/opt/ros/jazzy/opt/gz_physics_vendor/lib:/opt/ros/jazzy/opt/sdformat_vendor/lib:/opt/ros/jazzy/opt/gz_gui_vendor/lib:/opt/ros/jazzy/opt/gz_transport_vendor/lib:/opt/ros/jazzy/opt/gz_rendering_vendor/lib:/opt/ros/jazzy/opt/gz_plugin_vendor/lib:/opt/ros/jazzy/opt/gz_fuel_tools_vendor/lib:/opt/ros/jazzy/opt/gz_msgs_vendor/lib:/opt/ros/jazzy/opt/gz_common_vendor/lib:/opt/ros/jazzy/opt/gz_tools_vendor/lib:/opt/ros/jazzy/opt/gz_ogre_next_vendor/lib:/opt/ros/jazzy/opt/gz_dartsim_vendor/lib:/home/macho/navivest_ws/install/nav2_velocity_smoother/lib:/home/macho/navivest_ws/install/nav2_map_server/lib:/home/macho/navivest_ws/install/nav2_amcl/lib:/home/macho/navivest_ws/install/test_bond/lib:/home/macho/navivest_ws/install/zed_components/lib:/home/macho/navivest_ws/install/nav2_controller/lib:/home/macho/navivest_ws/install/dwb_plugins/lib:/home/macho/navivest_ws/install/dwb_critics/lib:/home/macho/navivest_ws/install/dwb_core/lib:/home/macho/navivest_ws/install/nav_2d_utils/lib:/home/macho/navivest_ws/install/nav2_theta_star_planner/lib:/home/macho/navivest_ws/install/nav2_planner/lib:/home/macho/navivest_ws/install/nav2_lifecycle_manager/lib:/home/macho/navivest_ws/install/costmap_queue/lib:/home/macho/navivest_ws/install/nav2_costmap_2d/lib:/home/macho/navivest_ws/install/nav2_behavior_tree/lib:/home/macho/navivest_ws/install/nav2_util/lib:/home/macho/navivest_ws/install/bondcpp/lib:/home/macho/navivest_ws/install/robot_localization/lib:/home/macho/navivest_ws/install/pointcloud_to_laserscan/lib:/home/macho/navivest_ws/install/nmea_msgs/lib:/home/macho/navivest_ws/install/dwb_msgs/lib:/home/macho/navivest_ws/install/nav_2d_msgs/lib:/home/macho/navivest_ws/install/nav2_voxel_grid/lib:/home/macho/navivest_ws/install/nav2_msgs/lib:/home/macho/navivest_ws/install/geodesy/lib:/home/macho/navivest_ws/install/geographic_msgs/lib:/home/macho/navivest_ws/install/bond/lib:/home/macho/navivest_ws/install/behaviortree_cpp/lib:/opt/ros/jazzy/opt/rviz_ogre_vendor/lib:/opt/ros/jazzy/lib/x86_64-linux-gnu:/opt/ros/jazzy/opt/gz_math_vendor/lib:/opt/ros/jazzy/opt/gz_utils_vendor/lib:/opt/ros/jazzy/opt/gz_cmake_vendor/lib:/opt/ros/jazzy/lib:/usr/local/cuda-13.0/lib64 PYTHONPATH=/home/macho/navivest_ws/install/zed_msgs/lib/python3.12/site-packages:/home/macho/navivest_ws/build/nav2_loopback_sim:/home/macho/navivest_ws/install/nav2_loopback_sim/lib/python3.12/site-packages:/home/macho/navivest_ws/install/test_bond/lib/python3.12/site-packages:/home/macho/navivest_ws/build/navivest_bringup:/home/macho/navivest_ws/install/navivest_bringup/lib/python3.12/site-packages:/home/macho/navivest_ws/build/bondpy:/home/macho/navivest_ws/install/bondpy/lib/python3.12/site-packages:/home/macho/navivest_ws/install/smclib/lib/python3.12/site-packages:/home/macho/navivest_ws/install/robot_localization/lib/python3.12/site-packages:/home/macho/navivest_ws/install/nmea_msgs/lib/python3.12/site-packages:/home/macho/navivest_ws/build/navivest_guidance:/home/macho/navivest_ws/install/navivest_guidance/lib/python3.12/site-packages:/home/macho/navivest_ws/install/dwb_msgs/lib/python3.12/site-packages:/home/macho/navivest_ws/install/nav_2d_msgs/lib/python3.12/site-packages:/home/macho/navivest_ws/build/nav2_simple_commander:/home/macho/navivest_ws/install/nav2_simple_commander/lib/python3.12/site-packages:/home/macho/navivest_ws/install/nav2_msgs/lib/python3.12/site-packages:/home/macho/navivest_ws/install/nav2_common/lib/python3.12/site-packages:/home/macho/navivest_ws/install/geodesy/lib/python3.12/site-packages:/home/macho/navivest_ws/install/geographic_msgs/lib/python3.12/site-packages:/home/macho/navivest_ws/install/bond/lib/python3.12/site-packages:/opt/ros/jazzy/lib/python3.12/site-packages /usr/bin/cmake --build /home/macho/navivest_ws/build/zed_components -- -j16 -l16
[56.499s] Invoking command in '/home/macho/navivest_ws/build/zed_components': CMAKE_PREFIX_PATH=/home/macho/navivest_ws/install/zed_msgs:/home/macho/navivest_ws/install/backward_ros:/opt/ros/jazzy/opt/gz_sim_vendor:/opt/ros/jazzy/opt/gz_sensors_vendor:/opt/ros/jazzy/opt/gz_physics_vendor:/opt/ros/jazzy/opt/sdformat_vendor:/opt/ros/jazzy/opt/gz_gui_vendor:/opt/ros/jazzy/opt/gz_transport_vendor:/opt/ros/jazzy/opt/gz_rendering_vendor:/opt/ros/jazzy/opt/gz_plugin_vendor:/opt/ros/jazzy/opt/gz_fuel_tools_vendor:/opt/ros/jazzy/opt/gz_msgs_vendor:/opt/ros/jazzy/opt/gz_common_vendor:/opt/ros/jazzy/opt/gz_tools_vendor:/opt/ros/jazzy/opt/gz_ogre_next_vendor:/opt/ros/jazzy/opt/gz_dartsim_vendor:/home/macho/navivest_ws/install/nav2_velocity_smoother:/home/macho/navivest_ws/install/nav2_map_server:/home/macho/navivest_ws/install/nav2_amcl:/home/macho/navivest_ws/install/test_bond:/home/macho/navivest_ws/install/opennav_docking_core:/home/macho/navivest_ws/install/zed_wrapper:/home/macho/navivest_ws/install/zed_components:/home/macho/navivest_ws/install/zed_description:/home/macho/navivest_ws/install/nav2_dwb_controller:/home/macho/navivest_ws/install/nav2_controller:/home/macho/navivest_ws/install/dwb_plugins:/home/macho/navivest_ws/install/dwb_critics:/home/macho/navivest_ws/install/dwb_core:/home/macho/navivest_ws/install/nav_2d_utils:/home/macho/navivest_ws/install/nav2_theta_star_planner:/home/macho/navivest_ws/install/nav2_planner:/home/macho/navivest_ws/install/nav2_lifecycle_manager:/home/macho/navivest_ws/install/nav2_core:/home/macho/navivest_ws/install/costmap_queue:/home/macho/navivest_ws/install/nav2_costmap_2d:/home/macho/navivest_ws/install/nav2_behavior_tree:/home/macho/navivest_ws/install/nav2_util:/home/macho/navivest_ws/install/bond_core:/home/macho/navivest_ws/install/bondcpp:/home/macho/navivest_ws/install/smclib:/home/macho/navivest_ws/install/robot_localization:/home/macho/navivest_ws/install/pointcloud_to_laserscan:/home/macho/navivest_ws/install/nmea_msgs:/home/macho/navivest_ws/install/dwb_msgs:/home/macho/navivest_ws/install/nav_2d_msgs:/home/macho/navivest_ws/install/nav2_voxel_grid:/home/macho/navivest_ws/install/nav2_msgs:/home/macho/navivest_ws/install/nav2_common:/home/macho/navivest_ws/install/geographic_info:/home/macho/navivest_ws/install/geodesy:/home/macho/navivest_ws/install/geographic_msgs:/home/macho/navivest_ws/install/bond:/home/macho/navivest_ws/install/behaviortree_cpp:/opt/ros/jazzy/opt/gz_math_vendor:/opt/ros/jazzy/opt/gz_utils_vendor:/opt/ros/jazzy/opt/gz_cmake_vendor:/home/macho/navivest_ws/install/nav2_loopback_sim:/home/macho/navivest_ws/install/navivest_bringup:/home/macho/navivest_ws/install/bondpy:/home/macho/navivest_ws/install/navivest_guidance:/home/macho/navivest_ws/install/nav2_simple_commander:/opt/ros/jazzy DEBUGINFOD_URLS=https://debuginfod.ubuntu.com LD_LIBRARY_PATH=/home/macho/navivest_ws/install/zed_msgs/lib:/home/macho/navivest_ws/install/backward_ros/lib:/opt/ros/jazzy/opt/gz_sim_vendor/lib:/opt/ros/jazzy/opt/gz_sensors_vendor/lib:/opt/ros/jazzy/opt/gz_physics_vendor/lib:/opt/ros/jazzy/opt/sdformat_vendor/lib:/opt/ros/jazzy/opt/gz_gui_vendor/lib:/opt/ros/jazzy/opt/gz_transport_vendor/lib:/opt/ros/jazzy/opt/gz_rendering_vendor/lib:/opt/ros/jazzy/opt/gz_plugin_vendor/lib:/opt/ros/jazzy/opt/gz_fuel_tools_vendor/lib:/opt/ros/jazzy/opt/gz_msgs_vendor/lib:/opt/ros/jazzy/opt/gz_common_vendor/lib:/opt/ros/jazzy/opt/gz_tools_vendor/lib:/opt/ros/jazzy/opt/gz_ogre_next_vendor/lib:/opt/ros/jazzy/opt/gz_dartsim_vendor/lib:/home/macho/navivest_ws/install/nav2_velocity_smoother/lib:/home/macho/navivest_ws/install/nav2_map_server/lib:/home/macho/navivest_ws/install/nav2_amcl/lib:/home/macho/navivest_ws/install/test_bond/lib:/home/macho/navivest_ws/install/zed_components/lib:/home/macho/navivest_ws/install/nav2_controller/lib:/home/macho/navivest_ws/install/dwb_plugins/lib:/home/macho/navivest_ws/install/dwb_critics/lib:/home/macho/navivest_ws/install/dwb_core/lib:/home/macho/navivest_ws/install/nav_2d_utils/lib:/home/macho/navivest_ws/install/nav2_theta_star_planner/lib:/home/macho/navivest_ws/install/nav2_planner/lib:/home/macho/navivest_ws/install/nav2_lifecycle_manager/lib:/home/macho/navivest_ws/install/costmap_queue/lib:/home/macho/navivest_ws/install/nav2_costmap_2d/lib:/home/macho/navivest_ws/install/nav2_behavior_tree/lib:/home/macho/navivest_ws/install/nav2_util/lib:/home/macho/navivest_ws/install/bondcpp/lib:/home/macho/navivest_ws/install/robot_localization/lib:/home/macho/navivest_ws/install/pointcloud_to_laserscan/lib:/home/macho/navivest_ws/install/nmea_msgs/lib:/home/macho/navivest_ws/install/dwb_msgs/lib:/home/macho/navivest_ws/install/nav_2d_msgs/lib:/home/macho/navivest_ws/install/nav2_voxel_grid/lib:/home/macho/navivest_ws/install/nav2_msgs/lib:/home/macho/navivest_ws/install/geodesy/lib:/home/macho/navivest_ws/install/geographic_msgs/lib:/home/macho/navivest_ws/install/bond/lib:/home/macho/navivest_ws/install/behaviortree_cpp/lib:/opt/ros/jazzy/opt/rviz_ogre_vendor/lib:/opt/ros/jazzy/lib/x86_64-linux-gnu:/opt/ros/jazzy/opt/gz_math_vendor/lib:/opt/ros/jazzy/opt/gz_utils_vendor/lib:/opt/ros/jazzy/opt/gz_cmake_vendor/lib:/opt/ros/jazzy/lib:/usr/local/cuda-13.0/lib64 PYTHONPATH=/home/macho/navivest_ws/install/zed_msgs/lib/python3.12/site-packages:/home/macho/navivest_ws/build/nav2_loopback_sim:/home/macho/navivest_ws/install/nav2_loopback_sim/lib/python3.12/site-packages:/home/macho/navivest_ws/install/test_bond/lib/python3.12/site-packages:/home/macho/navivest_ws/build/navivest_bringup:/home/macho/navivest_ws/install/navivest_bringup/lib/python3.12/site-packages:/home/macho/navivest_ws/build/bondpy:/home/macho/navivest_ws/install/bondpy/lib/python3.12/site-packages:/home/macho/navivest_ws/install/smclib/lib/python3.12/site-packages:/home/macho/navivest_ws/install/robot_localization/lib/python3.12/site-packages:/home/macho/navivest_ws/install/nmea_msgs/lib/python3.12/site-packages:/home/macho/navivest_ws/build/navivest_guidance:/home/macho/navivest_ws/install/navivest_guidance/lib/python3.12/site-packages:/home/macho/navivest_ws/install/dwb_msgs/lib/python3.12/site-packages:/home/macho/navivest_ws/install/nav_2d_msgs/lib/python3.12/site-packages:/home/macho/navivest_ws/build/nav2_simple_commander:/home/macho/navivest_ws/install/nav2_simple_commander/lib/python3.12/site-packages:/home/macho/navivest_ws/install/nav2_msgs/lib/python3.12/site-packages:/home/macho/navivest_ws/install/nav2_common/lib/python3.12/site-packages:/home/macho/navivest_ws/install/geodesy/lib/python3.12/site-packages:/home/macho/navivest_ws/install/geographic_msgs/lib/python3.12/site-packages:/home/macho/navivest_ws/install/bond/lib/python3.12/site-packages:/opt/ros/jazzy/lib/python3.12/site-packages /usr/bin/cmake --install /home/macho/navivest_ws/build/zed_components
[56.506s] -- Install configuration: "Release"
[56.507s] -- Execute custom install script
[56.507s] -- Symlinking: /home/macho/navivest_ws/install/zed_components/lib/libzed_camera_component.so
[56.515s] -- Symlinking: /home/macho/navivest_ws/install/zed_components/lib/libzed_camera_one_component.so
[56.522s] -- Symlinking: /home/macho/navivest_ws/install/zed_components/include/zed_components//cost_traversability.hpp
[56.529s] -- Symlinking: /home/macho/navivest_ws/install/zed_components/include/zed_components//zed_camera_component.hpp
[56.538s] -- Symlinking: /home/macho/navivest_ws/install/zed_components/include/zed_components//zed_camera_one_component.hpp
[56.546s] -- Symlinking: /home/macho/navivest_ws/install/zed_components/include/zed_components//gnss_replay.hpp
[56.553s] -- Symlinking: /home/macho/navivest_ws/install/zed_components/include/zed_components//sl_logging.hpp
[56.560s] -- Symlinking: /home/macho/navivest_ws/install/zed_components/include/zed_components//sl_tools.hpp
[56.568s] -- Symlinking: /home/macho/navivest_ws/install/zed_components/include/zed_components//sl_type_adapter.hpp
[56.576s] -- Symlinking: /home/macho/navivest_ws/install/zed_components/include/zed_components//sl_types.hpp
[56.583s] -- Symlinking: /home/macho/navivest_ws/install/zed_components/include/zed_components//sl_win_avg.hpp
[56.591s] -- Symlinking: /home/macho/navivest_ws/install/zed_components/include/zed_components//sl_version.hpp
[56.600s] -- Symlinking: /home/macho/navivest_ws/install/zed_components/include/zed_components//visibility_control.hpp
[56.608s] -- Symlinking: /home/macho/navivest_ws/install/zed_components/share/zed_components/environment/library_path.sh
[56.615s] -- Symlinking: /home/macho/navivest_ws/install/zed_components/share/zed_components/environment/library_path.dsv
[56.623s] -- Symlinking: /home/macho/navivest_ws/install/zed_components/share/ament_index/resource_index/package_run_dependencies/zed_components
[56.630s] -- Symlinking: /home/macho/navivest_ws/install/zed_components/share/ament_index/resource_index/parent_prefix_path/zed_components
[56.639s] -- Symlinking: /home/macho/navivest_ws/install/zed_components/share/zed_components/environment/ament_prefix_path.sh
[56.647s] -- Symlinking: /home/macho/navivest_ws/install/zed_components/share/zed_components/environment/ament_prefix_path.dsv
[56.655s] -- Symlinking: /home/macho/navivest_ws/install/zed_components/share/zed_components/environment/path.sh
[56.663s] -- Symlinking: /home/macho/navivest_ws/install/zed_components/share/zed_components/environment/path.dsv
[56.672s] -- Symlinking: /home/macho/navivest_ws/install/zed_components/share/zed_components/local_setup.bash
[56.679s] -- Symlinking: /home/macho/navivest_ws/install/zed_components/share/zed_components/local_setup.sh
[56.687s] -- Symlinking: /home/macho/navivest_ws/install/zed_components/share/zed_components/local_setup.zsh
[56.695s] -- Symlinking: /home/macho/navivest_ws/install/zed_components/share/zed_components/local_setup.dsv
[56.703s] -- Symlinking: /home/macho/navivest_ws/install/zed_components/share/zed_components/package.dsv
[56.711s] -- Symlinking: /home/macho/navivest_ws/install/zed_components/share/ament_index/resource_index/packages/zed_components
[56.718s] -- Symlinking: /home/macho/navivest_ws/install/zed_components/share/ament_index/resource_index/rclcpp_components/zed_components
[56.726s] -- Symlinking: /home/macho/navivest_ws/install/zed_components/share/zed_components/cmake/ament_cmake_export_include_directories-extras.cmake
[56.735s] -- Symlinking: /home/macho/navivest_ws/install/zed_components/share/zed_components/cmake/ament_cmake_export_libraries-extras.cmake
[56.743s] -- Symlinking: /home/macho/navivest_ws/install/zed_components/share/zed_components/cmake/ament_cmake_export_dependencies-extras.cmake
[56.750s] -- Symlinking: /home/macho/navivest_ws/install/zed_components/share/zed_components/cmake/zed_componentsConfig.cmake
[56.758s] -- Symlinking: /home/macho/navivest_ws/install/zed_components/share/zed_components/cmake/zed_componentsConfig-version.cmake
[56.767s] -- Symlinking: /home/macho/navivest_ws/install/zed_components/share/zed_components/package.xml
[56.777s] Invoked command in '/home/macho/navivest_ws/build/zed_components' returned '0': CMAKE_PREFIX_PATH=/home/macho/navivest_ws/install/zed_msgs:/home/macho/navivest_ws/install/backward_ros:/opt/ros/jazzy/opt/gz_sim_vendor:/opt/ros/jazzy/opt/gz_sensors_vendor:/opt/ros/jazzy/opt/gz_physics_vendor:/opt/ros/jazzy/opt/sdformat_vendor:/opt/ros/jazzy/opt/gz_gui_vendor:/opt/ros/jazzy/opt/gz_transport_vendor:/opt/ros/jazzy/opt/gz_rendering_vendor:/opt/ros/jazzy/opt/gz_plugin_vendor:/opt/ros/jazzy/opt/gz_fuel_tools_vendor:/opt/ros/jazzy/opt/gz_msgs_vendor:/opt/ros/jazzy/opt/gz_common_vendor:/opt/ros/jazzy/opt/gz_tools_vendor:/opt/ros/jazzy/opt/gz_ogre_next_vendor:/opt/ros/jazzy/opt/gz_dartsim_vendor:/home/macho/navivest_ws/install/nav2_velocity_smoother:/home/macho/navivest_ws/install/nav2_map_server:/home/macho/navivest_ws/install/nav2_amcl:/home/macho/navivest_ws/install/test_bond:/home/macho/navivest_ws/install/opennav_docking_core:/home/macho/navivest_ws/install/zed_wrapper:/home/macho/navivest_ws/install/zed_components:/home/macho/navivest_ws/install/zed_description:/home/macho/navivest_ws/install/nav2_dwb_controller:/home/macho/navivest_ws/install/nav2_controller:/home/macho/navivest_ws/install/dwb_plugins:/home/macho/navivest_ws/install/dwb_critics:/home/macho/navivest_ws/install/dwb_core:/home/macho/navivest_ws/install/nav_2d_utils:/home/macho/navivest_ws/install/nav2_theta_star_planner:/home/macho/navivest_ws/install/nav2_planner:/home/macho/navivest_ws/install/nav2_lifecycle_manager:/home/macho/navivest_ws/install/nav2_core:/home/macho/navivest_ws/install/costmap_queue:/home/macho/navivest_ws/install/nav2_costmap_2d:/home/macho/navivest_ws/install/nav2_behavior_tree:/home/macho/navivest_ws/install/nav2_util:/home/macho/navivest_ws/install/bond_core:/home/macho/navivest_ws/install/bondcpp:/home/macho/navivest_ws/install/smclib:/home/macho/navivest_ws/install/robot_localization:/home/macho/navivest_ws/install/pointcloud_to_laserscan:/home/macho/navivest_ws/install/nmea_msgs:/home/macho/navivest_ws/install/dwb_msgs:/home/macho/navivest_ws/install/nav_2d_msgs:/home/macho/navivest_ws/install/nav2_voxel_grid:/home/macho/navivest_ws/install/nav2_msgs:/home/macho/navivest_ws/install/nav2_common:/home/macho/navivest_ws/install/geographic_info:/home/macho/navivest_ws/install/geodesy:/home/macho/navivest_ws/install/geographic_msgs:/home/macho/navivest_ws/install/bond:/home/macho/navivest_ws/install/behaviortree_cpp:/opt/ros/jazzy/opt/gz_math_vendor:/opt/ros/jazzy/opt/gz_utils_vendor:/opt/ros/jazzy/opt/gz_cmake_vendor:/home/macho/navivest_ws/install/nav2_loopback_sim:/home/macho/navivest_ws/install/navivest_bringup:/home/macho/navivest_ws/install/bondpy:/home/macho/navivest_ws/install/navivest_guidance:/home/macho/navivest_ws/install/nav2_simple_commander:/opt/ros/jazzy DEBUGINFOD_URLS=https://debuginfod.ubuntu.com LD_LIBRARY_PATH=/home/macho/navivest_ws/install/zed_msgs/lib:/home/macho/navivest_ws/install/backward_ros/lib:/opt/ros/jazzy/opt/gz_sim_vendor/lib:/opt/ros/jazzy/opt/gz_sensors_vendor/lib:/opt/ros/jazzy/opt/gz_physics_vendor/lib:/opt/ros/jazzy/opt/sdformat_vendor/lib:/opt/ros/jazzy/opt/gz_gui_vendor/lib:/opt/ros/jazzy/opt/gz_transport_vendor/lib:/opt/ros/jazzy/opt/gz_rendering_vendor/lib:/opt/ros/jazzy/opt/gz_plugin_vendor/lib:/opt/ros/jazzy/opt/gz_fuel_tools_vendor/lib:/opt/ros/jazzy/opt/gz_msgs_vendor/lib:/opt/ros/jazzy/opt/gz_common_vendor/lib:/opt/ros/jazzy/opt/gz_tools_vendor/lib:/opt/ros/jazzy/opt/gz_ogre_next_vendor/lib:/opt/ros/jazzy/opt/gz_dartsim_vendor/lib:/home/macho/navivest_ws/install/nav2_velocity_smoother/lib:/home/macho/navivest_ws/install/nav2_map_server/lib:/home/macho/navivest_ws/install/nav2_amcl/lib:/home/macho/navivest_ws/install/test_bond/lib:/home/macho/navivest_ws/install/zed_components/lib:/home/macho/navivest_ws/install/nav2_controller/lib:/home/macho/navivest_ws/install/dwb_plugins/lib:/home/macho/navivest_ws/install/dwb_critics/lib:/home/macho/navivest_ws/install/dwb_core/lib:/home/macho/navivest_ws/install/nav_2d_utils/lib:/home/macho/navivest_ws/install/nav2_theta_star_planner/lib:/home/macho/navivest_ws/install/nav2_planner/lib:/home/macho/navivest_ws/install/nav2_lifecycle_manager/lib:/home/macho/navivest_ws/install/costmap_queue/lib:/home/macho/navivest_ws/install/nav2_costmap_2d/lib:/home/macho/navivest_ws/install/nav2_behavior_tree/lib:/home/macho/navivest_ws/install/nav2_util/lib:/home/macho/navivest_ws/install/bondcpp/lib:/home/macho/navivest_ws/install/robot_localization/lib:/home/macho/navivest_ws/install/pointcloud_to_laserscan/lib:/home/macho/navivest_ws/install/nmea_msgs/lib:/home/macho/navivest_ws/install/dwb_msgs/lib:/home/macho/navivest_ws/install/nav_2d_msgs/lib:/home/macho/navivest_ws/install/nav2_voxel_grid/lib:/home/macho/navivest_ws/install/nav2_msgs/lib:/home/macho/navivest_ws/install/geodesy/lib:/home/macho/navivest_ws/install/geographic_msgs/lib:/home/macho/navivest_ws/install/bond/lib:/home/macho/navivest_ws/install/behaviortree_cpp/lib:/opt/ros/jazzy/opt/rviz_ogre_vendor/lib:/opt/ros/jazzy/lib/x86_64-linux-gnu:/opt/ros/jazzy/opt/gz_math_vendor/lib:/opt/ros/jazzy/opt/gz_utils_vendor/lib:/opt/ros/jazzy/opt/gz_cmake_vendor/lib:/opt/ros/jazzy/lib:/usr/local/cuda-13.0/lib64 PYTHONPATH=/home/macho/navivest_ws/install/zed_msgs/lib/python3.12/site-packages:/home/macho/navivest_ws/build/nav2_loopback_sim:/home/macho/navivest_ws/install/nav2_loopback_sim/lib/python3.12/site-packages:/home/macho/navivest_ws/install/test_bond/lib/python3.12/site-packages:/home/macho/navivest_ws/build/navivest_bringup:/home/macho/navivest_ws/install/navivest_bringup/lib/python3.12/site-packages:/home/macho/navivest_ws/build/bondpy:/home/macho/navivest_ws/install/bondpy/lib/python3.12/site-packages:/home/macho/navivest_ws/install/smclib/lib/python3.12/site-packages:/home/macho/navivest_ws/install/robot_localization/lib/python3.12/site-packages:/home/macho/navivest_ws/install/nmea_msgs/lib/python3.12/site-packages:/home/macho/navivest_ws/build/navivest_guidance:/home/macho/navivest_ws/install/navivest_guidance/lib/python3.12/site-packages:/home/macho/navivest_ws/install/dwb_msgs/lib/python3.12/site-packages:/home/macho/navivest_ws/install/nav_2d_msgs/lib/python3.12/site-packages:/home/macho/navivest_ws/build/nav2_simple_commander:/home/macho/navivest_ws/install/nav2_simple_commander/lib/python3.12/site-packages:/home/macho/navivest_ws/install/nav2_msgs/lib/python3.12/site-packages:/home/macho/navivest_ws/install/nav2_common/lib/python3.12/site-packages:/home/macho/navivest_ws/install/geodesy/lib/python3.12/site-packages:/home/macho/navivest_ws/install/geographic_msgs/lib/python3.12/site-packages:/home/macho/navivest_ws/install/bond/lib/python3.12/site-packages:/opt/ros/jazzy/lib/python3.12/site-packages /usr/bin/cmake --install /home/macho/navivest_ws/build/zed_components
