-- The C compiler identification is GNU 13.3.0
-- The CXX compiler identification is GNU 13.3.0
-- Detecting C compiler ABI info
-- Detecting C compiler ABI info - done
-- Check for working C compiler: /usr/bin/cc - skipped
-- Detecting C compile features
-- Detecting C compile features - done
-- Detecting CXX compiler ABI info
-- Detecting CXX compiler ABI info - done
-- Check for working CXX compiler: /usr/bin/c++ - skipped
-- Detecting CXX compile features
-- Detecting CXX compile features - done
-- Found ament_cmake: 2.5.6 (/opt/ros/jazzy/share/ament_cmake/cmake)
-- Found Python3: /usr/bin/python3 (found version "3.12.3") found components: Interpreter 
-- Override CMake install command with custom implementation using symlinks instead of copying resources
-- Found rosidl_default_generators: 1.6.0 (/opt/ros/jazzy/share/rosidl_default_generators/cmake)
-- Using all available rosidl_typesupport_c: rosidl_typesupport_fastrtps_c;rosidl_typesupport_introspection_c
-- Using all available rosidl_typesupport_cpp: rosidl_typesupport_fastrtps_cpp;rosidl_typesupport_introspection_cpp
-- Found rosidl_adapter: 4.6.7 (/opt/ros/jazzy/share/rosidl_adapter/cmake)
-- Found builtin_interfaces: 2.0.3 (/opt/ros/jazzy/share/builtin_interfaces/cmake)
-- Found geographic_msgs: 1.0.6 (/home/macho/navivest_ws/install/geographic_msgs/share/geographic_msgs/cmake)
-- Found ament_cmake_ros: 0.12.0 (/opt/ros/jazzy/share/ament_cmake_ros/cmake)
-- Using all available rosidl_typesupport_c: rosidl_typesupport_fastrtps_c;rosidl_typesupport_introspection_c
-- Using all available rosidl_typesupport_cpp: rosidl_typesupport_fastrtps_cpp;rosidl_typesupport_introspection_cpp
-- Found python_cmake_module: 0.11.1 (/opt/ros/jazzy/share/python_cmake_module/cmake)
-- Found PythonExtra: /usr/bin/python3  
-- Found Python3: /usr/bin/python3 (found version "3.12.3") found components: Interpreter Development NumPy Development.Module Development.Embed 
-- Found Python3: /usr/bin/python3 (found version "3.12.3") found components: Interpreter 
-- Configuring done (8.6s)
-- Generating done (0.2s)
-- Build files have been written to: /home/macho/navivest_ws/build/robot_localization
[  1%] Generating type hashes for ROS interfaces
[  2%] Generating Rust code for ROS interfaces
[  2%] Built target ament_cmake_python_symlink_robot_localization
running egg_info
creating robot_localization.egg-info
[  2%] Built target robot_localization__rs
writing robot_localization.egg-info/PKG-INFO
writing dependency_links to robot_localization.egg-info/dependency_links.txt
writing top-level names to robot_localization.egg-info/top_level.txt
writing manifest file 'robot_localization.egg-info/SOURCES.txt'
[  2%] Built target robot_localization__rosidl_generator_type_description
reading manifest file 'robot_localization.egg-info/SOURCES.txt'
writing manifest file 'robot_localization.egg-info/SOURCES.txt'
[  3%] Generating C code for ROS interfaces
[  3%] Generating C++ code for ROS interfaces
[  3%] Built target ament_cmake_python_build_robot_localization_egg
[  3%] Built target robot_localization__cpp
[  4%] Building C object CMakeFiles/robot_localization__rosidl_generator_c.dir/rosidl_generator_c/robot_localization/srv/detail/from_ll__description.c.o
[  6%] Building C object CMakeFiles/robot_localization__rosidl_generator_c.dir/rosidl_generator_c/robot_localization/srv/detail/from_ll__functions.c.o
[  5%] Building C object CMakeFiles/robot_localization__rosidl_generator_c.dir/rosidl_generator_c/robot_localization/srv/detail/from_ll__type_support.c.o
[  7%] Building C object CMakeFiles/robot_localization__rosidl_generator_c.dir/rosidl_generator_c/robot_localization/srv/detail/from_ll_array__description.c.o
[  8%] Building C object CMakeFiles/robot_localization__rosidl_generator_c.dir/rosidl_generator_c/robot_localization/srv/detail/set_utm_zone__description.c.o
[  9%] Building C object CMakeFiles/robot_localization__rosidl_generator_c.dir/rosidl_generator_c/robot_localization/srv/detail/set_utm_zone__functions.c.o
[ 10%] Building C object CMakeFiles/robot_localization__rosidl_generator_c.dir/rosidl_generator_c/robot_localization/srv/detail/set_utm_zone__type_support.c.o
[ 11%] Building C object CMakeFiles/robot_localization__rosidl_generator_c.dir/rosidl_generator_c/robot_localization/srv/detail/to_ll__description.c.o
[ 12%] Building C object CMakeFiles/robot_localization__rosidl_generator_c.dir/rosidl_generator_c/robot_localization/srv/detail/to_ll__functions.c.o
[ 12%] Building C object CMakeFiles/robot_localization__rosidl_generator_c.dir/rosidl_generator_c/robot_localization/srv/detail/to_ll__type_support.c.o
[ 13%] Building C object CMakeFiles/robot_localization__rosidl_generator_c.dir/rosidl_generator_c/robot_localization/srv/detail/set_pose__functions.c.o
[ 14%] Building C object CMakeFiles/robot_localization__rosidl_generator_c.dir/rosidl_generator_c/robot_localization/srv/detail/set_pose__type_support.c.o
[ 15%] Building C object CMakeFiles/robot_localization__rosidl_generator_c.dir/rosidl_generator_c/robot_localization/srv/detail/to_ll_array__description.c.o
[ 16%] Building C object CMakeFiles/robot_localization__rosidl_generator_c.dir/rosidl_generator_c/robot_localization/srv/detail/to_ll_array__functions.c.o
[ 17%] Building C object CMakeFiles/robot_localization__rosidl_generator_c.dir/rosidl_generator_c/robot_localization/srv/detail/to_ll_array__type_support.c.o
[ 18%] Building C object CMakeFiles/robot_localization__rosidl_generator_c.dir/rosidl_generator_c/robot_localization/srv/detail/toggle_filter_processing__description.c.o
[ 19%] Building C object CMakeFiles/robot_localization__rosidl_generator_c.dir/rosidl_generator_c/robot_localization/srv/detail/toggle_filter_processing__functions.c.o
[ 20%] Building C object CMakeFiles/robot_localization__rosidl_generator_c.dir/rosidl_generator_c/robot_localization/srv/detail/toggle_filter_processing__type_support.c.o
[ 20%] Building C object CMakeFiles/robot_localization__rosidl_generator_c.dir/rosidl_generator_c/robot_localization/srv/detail/set_pose__description.c.o
[ 21%] Building C object CMakeFiles/robot_localization__rosidl_generator_c.dir/rosidl_generator_c/robot_localization/srv/detail/set_datum__type_support.c.o
[ 22%] Building C object CMakeFiles/robot_localization__rosidl_generator_c.dir/rosidl_generator_c/robot_localization/srv/detail/set_datum__functions.c.o
[ 24%] Building C object CMakeFiles/robot_localization__rosidl_generator_c.dir/rosidl_generator_c/robot_localization/srv/detail/get_state__type_support.c.o
[ 23%] Building C object CMakeFiles/robot_localization__rosidl_generator_c.dir/rosidl_generator_c/robot_localization/srv/detail/set_datum__description.c.o
[ 25%] Building C object CMakeFiles/robot_localization__rosidl_generator_c.dir/rosidl_generator_c/robot_localization/srv/detail/get_state__functions.c.o
[ 26%] Building C object CMakeFiles/robot_localization__rosidl_generator_c.dir/rosidl_generator_c/robot_localization/srv/detail/get_state__description.c.o
[ 27%] Building C object CMakeFiles/robot_localization__rosidl_generator_c.dir/rosidl_generator_c/robot_localization/srv/detail/from_ll_array__type_support.c.o
[ 27%] Building C object CMakeFiles/robot_localization__rosidl_generator_c.dir/rosidl_generator_c/robot_localization/srv/detail/from_ll_array__functions.c.o
[ 27%] Linking C shared library librobot_localization__rosidl_generator_c.so
[ 27%] Built target robot_localization__rosidl_generator_c
[ 28%] Generating C type support for eProsima Fast-RTPS
[ 29%] Generating C++ introspection for ROS interfaces
[ 30%] Generating C++ type support for eProsima Fast-RTPS
[ 30%] Generating C++ type support dispatch for ROS interfaces
[ 31%] Building CXX object CMakeFiles/robot_localization__rosidl_typesupport_cpp.dir/rosidl_typesupport_cpp/robot_localization/srv/set_datum__type_support.cpp.o
[ 32%] Building CXX object CMakeFiles/robot_localization__rosidl_typesupport_cpp.dir/rosidl_typesupport_cpp/robot_localization/srv/from_ll__type_support.cpp.o
[ 33%] Building CXX object CMakeFiles/robot_localization__rosidl_typesupport_cpp.dir/rosidl_typesupport_cpp/robot_localization/srv/get_state__type_support.cpp.o
[ 34%] Building CXX object CMakeFiles/robot_localization__rosidl_typesupport_cpp.dir/rosidl_typesupport_cpp/robot_localization/srv/from_ll_array__type_support.cpp.o
[ 35%] Building CXX object CMakeFiles/robot_localization__rosidl_typesupport_introspection_cpp.dir/rosidl_typesupport_introspection_cpp/robot_localization/srv/detail/get_state__type_support.cpp.o
[ 35%] Building CXX object CMakeFiles/robot_localization__rosidl_typesupport_introspection_cpp.dir/rosidl_typesupport_introspection_cpp/robot_localization/srv/detail/from_ll_array__type_support.cpp.o
[ 36%] Building CXX object CMakeFiles/robot_localization__rosidl_typesupport_introspection_cpp.dir/rosidl_typesupport_introspection_cpp/robot_localization/srv/detail/from_ll__type_support.cpp.o
[ 36%] Building CXX object CMakeFiles/robot_localization__rosidl_typesupport_cpp.dir/rosidl_typesupport_cpp/robot_localization/srv/to_ll_array__type_support.cpp.o
[ 38%] Building CXX object CMakeFiles/robot_localization__rosidl_typesupport_cpp.dir/rosidl_typesupport_cpp/robot_localization/srv/toggle_filter_processing__type_support.cpp.o
[ 38%] Building CXX object CMakeFiles/robot_localization__rosidl_typesupport_introspection_cpp.dir/rosidl_typesupport_introspection_cpp/robot_localization/srv/detail/set_datum__type_support.cpp.o
[ 39%] Building CXX object CMakeFiles/robot_localization__rosidl_typesupport_cpp.dir/rosidl_typesupport_cpp/robot_localization/srv/to_ll__type_support.cpp.o
[ 40%] Building CXX object CMakeFiles/robot_localization__rosidl_typesupport_introspection_cpp.dir/rosidl_typesupport_introspection_cpp/robot_localization/srv/detail/set_pose__type_support.cpp.o
[ 41%] Building CXX object CMakeFiles/robot_localization__rosidl_typesupport_cpp.dir/rosidl_typesupport_cpp/robot_localization/srv/set_utm_zone__type_support.cpp.o
[ 41%] Building CXX object CMakeFiles/robot_localization__rosidl_typesupport_fastrtps_cpp.dir/rosidl_typesupport_fastrtps_cpp/robot_localization/srv/detail/dds_fastrtps/from_ll__type_support.cpp.o
[ 42%] Building CXX object CMakeFiles/robot_localization__rosidl_typesupport_fastrtps_c.dir/rosidl_typesupport_fastrtps_c/robot_localization/srv/detail/from_ll__type_support_c.cpp.o
[ 43%] Building CXX object CMakeFiles/robot_localization__rosidl_typesupport_cpp.dir/rosidl_typesupport_cpp/robot_localization/srv/set_pose__type_support.cpp.o
[ 44%] Building CXX object CMakeFiles/robot_localization__rosidl_typesupport_introspection_cpp.dir/rosidl_typesupport_introspection_cpp/robot_localization/srv/detail/toggle_filter_processing__type_support.cpp.o
[ 45%] Building CXX object CMakeFiles/robot_localization__rosidl_typesupport_fastrtps_cpp.dir/rosidl_typesupport_fastrtps_cpp/robot_localization/srv/detail/dds_fastrtps/set_utm_zone__type_support.cpp.o
[ 46%] Building CXX object CMakeFiles/robot_localization__rosidl_typesupport_introspection_cpp.dir/rosidl_typesupport_introspection_cpp/robot_localization/srv/detail/to_ll_array__type_support.cpp.o
[ 47%] Building CXX object CMakeFiles/robot_localization__rosidl_typesupport_fastrtps_c.dir/rosidl_typesupport_fastrtps_c/robot_localization/srv/detail/set_datum__type_support_c.cpp.o
[ 48%] Linking CXX shared library librobot_localization__rosidl_typesupport_cpp.so
[ 48%] Built target robot_localization__rosidl_typesupport_cpp
[ 49%] Building CXX object CMakeFiles/robot_localization__rosidl_typesupport_introspection_cpp.dir/rosidl_typesupport_introspection_cpp/robot_localization/srv/detail/to_ll__type_support.cpp.o
[ 50%] Building CXX object CMakeFiles/robot_localization__rosidl_typesupport_fastrtps_c.dir/rosidl_typesupport_fastrtps_c/robot_localization/srv/detail/set_utm_zone__type_support_c.cpp.o
[ 50%] Building CXX object CMakeFiles/robot_localization__rosidl_typesupport_fastrtps_cpp.dir/rosidl_typesupport_fastrtps_cpp/robot_localization/srv/detail/dds_fastrtps/toggle_filter_processing__type_support.cpp.o
[ 51%] Building CXX object CMakeFiles/robot_localization__rosidl_typesupport_introspection_cpp.dir/rosidl_typesupport_introspection_cpp/robot_localization/srv/detail/set_utm_zone__type_support.cpp.o
[ 52%] Building CXX object CMakeFiles/robot_localization__rosidl_typesupport_fastrtps_c.dir/rosidl_typesupport_fastrtps_c/robot_localization/srv/detail/to_ll_array__type_support_c.cpp.o
[ 52%] Linking CXX shared library librobot_localization__rosidl_typesupport_introspection_cpp.so
[ 53%] Building CXX object CMakeFiles/robot_localization__rosidl_typesupport_fastrtps_cpp.dir/rosidl_typesupport_fastrtps_cpp/robot_localization/srv/detail/dds_fastrtps/to_ll_array__type_support.cpp.o
[ 53%] Built target robot_localization__rosidl_typesupport_introspection_cpp
[ 54%] Building CXX object CMakeFiles/robot_localization__rosidl_typesupport_fastrtps_c.dir/rosidl_typesupport_fastrtps_c/robot_localization/srv/detail/toggle_filter_processing__type_support_c.cpp.o
[ 55%] Building CXX object CMakeFiles/robot_localization__rosidl_typesupport_fastrtps_cpp.dir/rosidl_typesupport_fastrtps_cpp/robot_localization/srv/detail/dds_fastrtps/to_ll__type_support.cpp.o
[ 56%] Building CXX object CMakeFiles/robot_localization__rosidl_typesupport_fastrtps_c.dir/rosidl_typesupport_fastrtps_c/robot_localization/srv/detail/to_ll__type_support_c.cpp.o
[ 57%] Building CXX object CMakeFiles/robot_localization__rosidl_typesupport_fastrtps_cpp.dir/rosidl_typesupport_fastrtps_cpp/robot_localization/srv/detail/dds_fastrtps/set_pose__type_support.cpp.o
[ 57%] Building CXX object CMakeFiles/robot_localization__rosidl_typesupport_fastrtps_c.dir/rosidl_typesupport_fastrtps_c/robot_localization/srv/detail/set_pose__type_support_c.cpp.o
[ 58%] Building CXX object CMakeFiles/robot_localization__rosidl_typesupport_fastrtps_cpp.dir/rosidl_typesupport_fastrtps_cpp/robot_localization/srv/detail/dds_fastrtps/set_datum__type_support.cpp.o
[ 59%] Building CXX object CMakeFiles/robot_localization__rosidl_typesupport_fastrtps_c.dir/rosidl_typesupport_fastrtps_c/robot_localization/srv/detail/get_state__type_support_c.cpp.o
[ 60%] Building CXX object CMakeFiles/robot_localization__rosidl_typesupport_fastrtps_c.dir/rosidl_typesupport_fastrtps_c/robot_localization/srv/detail/from_ll_array__type_support_c.cpp.o
[ 61%] Building CXX object CMakeFiles/robot_localization__rosidl_typesupport_fastrtps_cpp.dir/rosidl_typesupport_fastrtps_cpp/robot_localization/srv/detail/dds_fastrtps/get_state__type_support.cpp.o
[ 62%] Linking CXX shared library librobot_localization__rosidl_typesupport_fastrtps_c.so
[ 62%] Built target robot_localization__rosidl_typesupport_fastrtps_c
[ 63%] Building CXX object CMakeFiles/robot_localization__rosidl_typesupport_fastrtps_cpp.dir/rosidl_typesupport_fastrtps_cpp/robot_localization/srv/detail/dds_fastrtps/from_ll_array__type_support.cpp.o
[ 64%] Linking CXX shared library librobot_localization__rosidl_typesupport_fastrtps_cpp.so
[ 64%] Built target robot_localization__rosidl_typesupport_fastrtps_cpp
[ 65%] Generating C type support dispatch for ROS interfaces
[ 66%] Building CXX object CMakeFiles/robot_localization__rosidl_typesupport_c.dir/rosidl_typesupport_c/robot_localization/srv/from_ll__type_support.cpp.o
[ 67%] Building CXX object CMakeFiles/robot_localization__rosidl_typesupport_c.dir/rosidl_typesupport_c/robot_localization/srv/toggle_filter_processing__type_support.cpp.o
[ 68%] Building CXX object CMakeFiles/robot_localization__rosidl_typesupport_c.dir/rosidl_typesupport_c/robot_localization/srv/to_ll_array__type_support.cpp.o
[ 69%] Building CXX object CMakeFiles/robot_localization__rosidl_typesupport_c.dir/rosidl_typesupport_c/robot_localization/srv/to_ll__type_support.cpp.o
[ 70%] Building CXX object CMakeFiles/robot_localization__rosidl_typesupport_c.dir/rosidl_typesupport_c/robot_localization/srv/set_utm_zone__type_support.cpp.o
[ 71%] Building CXX object CMakeFiles/robot_localization__rosidl_typesupport_c.dir/rosidl_typesupport_c/robot_localization/srv/set_pose__type_support.cpp.o
[ 71%] Building CXX object CMakeFiles/robot_localization__rosidl_typesupport_c.dir/rosidl_typesupport_c/robot_localization/srv/set_datum__type_support.cpp.o
[ 72%] Building CXX object CMakeFiles/robot_localization__rosidl_typesupport_c.dir/rosidl_typesupport_c/robot_localization/srv/get_state__type_support.cpp.o
[ 73%] Building CXX object CMakeFiles/robot_localization__rosidl_typesupport_c.dir/rosidl_typesupport_c/robot_localization/srv/from_ll_array__type_support.cpp.o
[ 74%] Linking CXX shared library librobot_localization__rosidl_typesupport_c.so
[ 74%] Built target robot_localization__rosidl_typesupport_c
[ 75%] Generating C introspection for ROS interfaces
[ 76%] Building C object CMakeFiles/robot_localization__rosidl_typesupport_introspection_c.dir/rosidl_typesupport_introspection_c/robot_localization/srv/detail/from_ll__type_support.c.o
[ 77%] Building C object CMakeFiles/robot_localization__rosidl_typesupport_introspection_c.dir/rosidl_typesupport_introspection_c/robot_localization/srv/detail/toggle_filter_processing__type_support.c.o
[ 78%] Building C object CMakeFiles/robot_localization__rosidl_typesupport_introspection_c.dir/rosidl_typesupport_introspection_c/robot_localization/srv/detail/to_ll_array__type_support.c.o
[ 79%] Building C object CMakeFiles/robot_localization__rosidl_typesupport_introspection_c.dir/rosidl_typesupport_introspection_c/robot_localization/srv/detail/to_ll__type_support.c.o
[ 79%] Building C object CMakeFiles/robot_localization__rosidl_typesupport_introspection_c.dir/rosidl_typesupport_introspection_c/robot_localization/srv/detail/set_utm_zone__type_support.c.o
[ 80%] Building C object CMakeFiles/robot_localization__rosidl_typesupport_introspection_c.dir/rosidl_typesupport_introspection_c/robot_localization/srv/detail/set_pose__type_support.c.o
[ 81%] Building C object CMakeFiles/robot_localization__rosidl_typesupport_introspection_c.dir/rosidl_typesupport_introspection_c/robot_localization/srv/detail/set_datum__type_support.c.o
[ 82%] Building C object CMakeFiles/robot_localization__rosidl_typesupport_introspection_c.dir/rosidl_typesupport_introspection_c/robot_localization/srv/detail/get_state__type_support.c.o
[ 83%] Building C object CMakeFiles/robot_localization__rosidl_typesupport_introspection_c.dir/rosidl_typesupport_introspection_c/robot_localization/srv/detail/from_ll_array__type_support.c.o
[ 84%] Linking C shared library librobot_localization__rosidl_typesupport_introspection_c.so
[ 84%] Built target robot_localization__rosidl_typesupport_introspection_c
[ 84%] Built target robot_localization
[ 85%] Generating Python code for ROS interfaces
[ 85%] Built target robot_localization__py
[ 86%] Building C object CMakeFiles/robot_localization__rosidl_generator_py.dir/rosidl_generator_py/robot_localization/srv/_from_ll_s.c.o
[ 87%] Building C object CMakeFiles/robot_localization__rosidl_generator_py.dir/rosidl_generator_py/robot_localization/srv/_toggle_filter_processing_s.c.o
[ 87%] Building C object CMakeFiles/robot_localization__rosidl_generator_py.dir/rosidl_generator_py/robot_localization/srv/_to_ll_array_s.c.o
[ 88%] Building C object CMakeFiles/robot_localization__rosidl_generator_py.dir/rosidl_generator_py/robot_localization/srv/_to_ll_s.c.o
[ 92%] Building C object CMakeFiles/robot_localization__rosidl_generator_py.dir/rosidl_generator_py/robot_localization/srv/_get_state_s.c.o
[ 92%] Building C object CMakeFiles/robot_localization__rosidl_generator_py.dir/rosidl_generator_py/robot_localization/srv/_set_pose_s.c.o
[ 92%] Building C object CMakeFiles/robot_localization__rosidl_generator_py.dir/rosidl_generator_py/robot_localization/srv/_set_datum_s.c.o
[ 92%] Building C object CMakeFiles/robot_localization__rosidl_generator_py.dir/rosidl_generator_py/robot_localization/srv/_set_utm_zone_s.c.o
[ 93%] Building C object CMakeFiles/robot_localization__rosidl_generator_py.dir/rosidl_generator_py/robot_localization/srv/_from_ll_array_s.c.o
[ 94%] Linking C shared library librobot_localization__rosidl_generator_py.so
[ 94%] Built target robot_localization__rosidl_generator_py
[ 96%] Building C object CMakeFiles/robot_localization_s__rosidl_typesupport_fastrtps_c.dir/rosidl_generator_py/robot_localization/_robot_localization_s.ep.rosidl_typesupport_fastrtps_c.c.o
[ 96%] Building C object CMakeFiles/robot_localization_s__rosidl_typesupport_introspection_c.dir/rosidl_generator_py/robot_localization/_robot_localization_s.ep.rosidl_typesupport_introspection_c.c.o
[ 97%] Building C object CMakeFiles/robot_localization_s__rosidl_typesupport_c.dir/rosidl_generator_py/robot_localization/_robot_localization_s.ep.rosidl_typesupport_c.c.o
[ 98%] Linking C shared module rosidl_generator_py/robot_localization/robot_localization_s__rosidl_typesupport_introspection_c.so
[ 99%] Linking C shared module rosidl_generator_py/robot_localization/robot_localization_s__rosidl_typesupport_fastrtps_c.so
[100%] Linking C shared module rosidl_generator_py/robot_localization/robot_localization_s__rosidl_typesupport_c.so
[100%] Built target robot_localization_s__rosidl_typesupport_introspection_c
[100%] Built target robot_localization_s__rosidl_typesupport_fastrtps_c
[100%] Built target robot_localization_s__rosidl_typesupport_c
-- Install configuration: ""
-- Execute custom install script
-- Symlinking: /home/macho/navivest_ws/install/robot_localization/share/ament_index/resource_index/rosidl_interfaces/robot_localization
-- Symlinking: /home/macho/navivest_ws/install/robot_localization/share/robot_localization/srv/FromLL.json
-- Symlinking: /home/macho/navivest_ws/install/robot_localization/share/robot_localization/srv/FromLLArray.json
-- Symlinking: /home/macho/navivest_ws/install/robot_localization/share/robot_localization/srv/GetState.json
-- Symlinking: /home/macho/navivest_ws/install/robot_localization/share/robot_localization/srv/SetDatum.json
-- Symlinking: /home/macho/navivest_ws/install/robot_localization/share/robot_localization/srv/SetPose.json
-- Symlinking: /home/macho/navivest_ws/install/robot_localization/share/robot_localization/srv/SetUTMZone.json
-- Symlinking: /home/macho/navivest_ws/install/robot_localization/share/robot_localization/srv/ToLL.json
-- Symlinking: /home/macho/navivest_ws/install/robot_localization/share/robot_localization/srv/ToLLArray.json
-- Symlinking: /home/macho/navivest_ws/install/robot_localization/share/robot_localization/srv/ToggleFilterProcessing.json
-- Symlinking: /home/macho/navivest_ws/install/robot_localization/include/robot_localization/robot_localization/msg/rosidl_generator_c__visibility_control.h
-- Symlinking: /home/macho/navivest_ws/install/robot_localization/include/robot_localization/robot_localization/srv/detail/from_ll__functions.h
-- Symlinking: /home/macho/navivest_ws/install/robot_localization/include/robot_localization/robot_localization/srv/detail/from_ll__struct.h
-- Symlinking: /home/macho/navivest_ws/install/robot_localization/include/robot_localization/robot_localization/srv/detail/from_ll__type_support.h
-- Symlinking: /home/macho/navivest_ws/install/robot_localization/include/robot_localization/robot_localization/srv/detail/from_ll_array__functions.h
-- Symlinking: /home/macho/navivest_ws/install/robot_localization/include/robot_localization/robot_localization/srv/detail/from_ll_array__struct.h
-- Symlinking: /home/macho/navivest_ws/install/robot_localization/include/robot_localization/robot_localization/srv/detail/from_ll_array__type_support.h
-- Symlinking: /home/macho/navivest_ws/install/robot_localization/include/robot_localization/robot_localization/srv/detail/get_state__functions.h
-- Symlinking: /home/macho/navivest_ws/install/robot_localization/include/robot_localization/robot_localization/srv/detail/get_state__struct.h
-- Symlinking: /home/macho/navivest_ws/install/robot_localization/include/robot_localization/robot_localization/srv/detail/get_state__type_support.h
-- Symlinking: /home/macho/navivest_ws/install/robot_localization/include/robot_localization/robot_localization/srv/detail/set_datum__functions.h
-- Symlinking: /home/macho/navivest_ws/install/robot_localization/include/robot_localization/robot_localization/srv/detail/set_datum__struct.h
-- Symlinking: /home/macho/navivest_ws/install/robot_localization/include/robot_localization/robot_localization/srv/detail/set_datum__type_support.h
-- Symlinking: /home/macho/navivest_ws/install/robot_localization/include/robot_localization/robot_localization/srv/detail/set_pose__functions.h
-- Symlinking: /home/macho/navivest_ws/install/robot_localization/include/robot_localization/robot_localization/srv/detail/set_pose__struct.h
-- Symlinking: /home/macho/navivest_ws/install/robot_localization/include/robot_localization/robot_localization/srv/detail/set_pose__type_support.h
-- Symlinking: /home/macho/navivest_ws/install/robot_localization/include/robot_localization/robot_localization/srv/detail/set_utm_zone__functions.h
-- Symlinking: /home/macho/navivest_ws/install/robot_localization/include/robot_localization/robot_localization/srv/detail/set_utm_zone__struct.h
-- Symlinking: /home/macho/navivest_ws/install/robot_localization/include/robot_localization/robot_localization/srv/detail/set_utm_zone__type_support.h
-- Symlinking: /home/macho/navivest_ws/install/robot_localization/include/robot_localization/robot_localization/srv/detail/to_ll__functions.h
-- Symlinking: /home/macho/navivest_ws/install/robot_localization/include/robot_localization/robot_localization/srv/detail/to_ll__struct.h
-- Symlinking: /home/macho/navivest_ws/install/robot_localization/include/robot_localization/robot_localization/srv/detail/to_ll__type_support.h
-- Symlinking: /home/macho/navivest_ws/install/robot_localization/include/robot_localization/robot_localization/srv/detail/to_ll_array__functions.h
-- Symlinking: /home/macho/navivest_ws/install/robot_localization/include/robot_localization/robot_localization/srv/detail/to_ll_array__struct.h
-- Symlinking: /home/macho/navivest_ws/install/robot_localization/include/robot_localization/robot_localization/srv/detail/to_ll_array__type_support.h
-- Symlinking: /home/macho/navivest_ws/install/robot_localization/include/robot_localization/robot_localization/srv/detail/toggle_filter_processing__functions.h
-- Symlinking: /home/macho/navivest_ws/install/robot_localization/include/robot_localization/robot_localization/srv/detail/toggle_filter_processing__struct.h
-- Symlinking: /home/macho/navivest_ws/install/robot_localization/include/robot_localization/robot_localization/srv/detail/toggle_filter_processing__type_support.h
-- Symlinking: /home/macho/navivest_ws/install/robot_localization/include/robot_localization/robot_localization/srv/from_ll.h
-- Symlinking: /home/macho/navivest_ws/install/robot_localization/include/robot_localization/robot_localization/srv/from_ll_array.h
-- Symlinking: /home/macho/navivest_ws/install/robot_localization/include/robot_localization/robot_localization/srv/get_state.h
-- Symlinking: /home/macho/navivest_ws/install/robot_localization/include/robot_localization/robot_localization/srv/set_datum.h
-- Symlinking: /home/macho/navivest_ws/install/robot_localization/include/robot_localization/robot_localization/srv/set_pose.h
-- Symlinking: /home/macho/navivest_ws/install/robot_localization/include/robot_localization/robot_localization/srv/set_utm_zone.h
-- Symlinking: /home/macho/navivest_ws/install/robot_localization/include/robot_localization/robot_localization/srv/to_ll.h
-- Symlinking: /home/macho/navivest_ws/install/robot_localization/include/robot_localization/robot_localization/srv/to_ll_array.h
-- Symlinking: /home/macho/navivest_ws/install/robot_localization/include/robot_localization/robot_localization/srv/toggle_filter_processing.h
-- Symlinking: /home/macho/navivest_ws/install/robot_localization/share/robot_localization/environment/library_path.sh
-- Symlinking: /home/macho/navivest_ws/install/robot_localization/share/robot_localization/environment/library_path.dsv
-- Symlinking: /home/macho/navivest_ws/install/robot_localization/include/robot_localization/robot_localization/msg/rosidl_typesupport_fastrtps_c__visibility_control.h
-- Symlinking: /home/macho/navivest_ws/install/robot_localization/include/robot_localization/robot_localization/srv/detail/from_ll__rosidl_typesupport_fastrtps_c.h
-- Symlinking: /home/macho/navivest_ws/install/robot_localization/include/robot_localization/robot_localization/srv/detail/from_ll_array__rosidl_typesupport_fastrtps_c.h
-- Symlinking: /home/macho/navivest_ws/install/robot_localization/include/robot_localization/robot_localization/srv/detail/get_state__rosidl_typesupport_fastrtps_c.h
-- Symlinking: /home/macho/navivest_ws/install/robot_localization/include/robot_localization/robot_localization/srv/detail/set_datum__rosidl_typesupport_fastrtps_c.h
-- Symlinking: /home/macho/navivest_ws/install/robot_localization/include/robot_localization/robot_localization/srv/detail/set_pose__rosidl_typesupport_fastrtps_c.h
-- Symlinking: /home/macho/navivest_ws/install/robot_localization/include/robot_localization/robot_localization/srv/detail/set_utm_zone__rosidl_typesupport_fastrtps_c.h
-- Symlinking: /home/macho/navivest_ws/install/robot_localization/include/robot_localization/robot_localization/srv/detail/to_ll__rosidl_typesupport_fastrtps_c.h
-- Symlinking: /home/macho/navivest_ws/install/robot_localization/include/robot_localization/robot_localization/srv/detail/to_ll_array__rosidl_typesupport_fastrtps_c.h
-- Symlinking: /home/macho/navivest_ws/install/robot_localization/include/robot_localization/robot_localization/srv/detail/toggle_filter_processing__rosidl_typesupport_fastrtps_c.h
-- Symlinking: /home/macho/navivest_ws/install/robot_localization/include/robot_localization/robot_localization/msg/rosidl_typesupport_introspection_c__visibility_control.h
-- Symlinking: /home/macho/navivest_ws/install/robot_localization/include/robot_localization/robot_localization/srv/detail/from_ll__rosidl_typesupport_introspection_c.h
-- Symlinking: /home/macho/navivest_ws/install/robot_localization/include/robot_localization/robot_localization/srv/detail/from_ll_array__rosidl_typesupport_introspection_c.h
-- Symlinking: /home/macho/navivest_ws/install/robot_localization/include/robot_localization/robot_localization/srv/detail/get_state__rosidl_typesupport_introspection_c.h
-- Symlinking: /home/macho/navivest_ws/install/robot_localization/include/robot_localization/robot_localization/srv/detail/set_datum__rosidl_typesupport_introspection_c.h
-- Symlinking: /home/macho/navivest_ws/install/robot_localization/include/robot_localization/robot_localization/srv/detail/set_pose__rosidl_typesupport_introspection_c.h
-- Symlinking: /home/macho/navivest_ws/install/robot_localization/include/robot_localization/robot_localization/srv/detail/set_utm_zone__rosidl_typesupport_introspection_c.h
-- Symlinking: /home/macho/navivest_ws/install/robot_localization/include/robot_localization/robot_localization/srv/detail/to_ll__rosidl_typesupport_introspection_c.h
-- Symlinking: /home/macho/navivest_ws/install/robot_localization/include/robot_localization/robot_localization/srv/detail/to_ll_array__rosidl_typesupport_introspection_c.h
-- Symlinking: /home/macho/navivest_ws/install/robot_localization/include/robot_localization/robot_localization/srv/detail/toggle_filter_processing__rosidl_typesupport_introspection_c.h
-- Symlinking: /home/macho/navivest_ws/install/robot_localization/include/robot_localization/robot_localization/msg/rosidl_generator_cpp__visibility_control.hpp
-- Symlinking: /home/macho/navivest_ws/install/robot_localization/include/robot_localization/robot_localization/srv/detail/from_ll__builder.hpp
-- Symlinking: /home/macho/navivest_ws/install/robot_localization/include/robot_localization/robot_localization/srv/detail/from_ll__struct.hpp
-- Symlinking: /home/macho/navivest_ws/install/robot_localization/include/robot_localization/robot_localization/srv/detail/from_ll__traits.hpp
-- Symlinking: /home/macho/navivest_ws/install/robot_localization/include/robot_localization/robot_localization/srv/detail/from_ll__type_support.hpp
-- Symlinking: /home/macho/navivest_ws/install/robot_localization/include/robot_localization/robot_localization/srv/detail/from_ll_array__builder.hpp
-- Symlinking: /home/macho/navivest_ws/install/robot_localization/include/robot_localization/robot_localization/srv/detail/from_ll_array__struct.hpp
-- Symlinking: /home/macho/navivest_ws/install/robot_localization/include/robot_localization/robot_localization/srv/detail/from_ll_array__traits.hpp
-- Symlinking: /home/macho/navivest_ws/install/robot_localization/include/robot_localization/robot_localization/srv/detail/from_ll_array__type_support.hpp
-- Symlinking: /home/macho/navivest_ws/install/robot_localization/include/robot_localization/robot_localization/srv/detail/get_state__builder.hpp
-- Symlinking: /home/macho/navivest_ws/install/robot_localization/include/robot_localization/robot_localization/srv/detail/get_state__struct.hpp
-- Symlinking: /home/macho/navivest_ws/install/robot_localization/include/robot_localization/robot_localization/srv/detail/get_state__traits.hpp
-- Symlinking: /home/macho/navivest_ws/install/robot_localization/include/robot_localization/robot_localization/srv/detail/get_state__type_support.hpp
-- Symlinking: /home/macho/navivest_ws/install/robot_localization/include/robot_localization/robot_localization/srv/detail/set_datum__builder.hpp
-- Symlinking: /home/macho/navivest_ws/install/robot_localization/include/robot_localization/robot_localization/srv/detail/set_datum__struct.hpp
-- Symlinking: /home/macho/navivest_ws/install/robot_localization/include/robot_localization/robot_localization/srv/detail/set_datum__traits.hpp
-- Symlinking: /home/macho/navivest_ws/install/robot_localization/include/robot_localization/robot_localization/srv/detail/set_datum__type_support.hpp
-- Symlinking: /home/macho/navivest_ws/install/robot_localization/include/robot_localization/robot_localization/srv/detail/set_pose__builder.hpp
-- Symlinking: /home/macho/navivest_ws/install/robot_localization/include/robot_localization/robot_localization/srv/detail/set_pose__struct.hpp
-- Symlinking: /home/macho/navivest_ws/install/robot_localization/include/robot_localization/robot_localization/srv/detail/set_pose__traits.hpp
-- Symlinking: /home/macho/navivest_ws/install/robot_localization/include/robot_localization/robot_localization/srv/detail/set_pose__type_support.hpp
-- Symlinking: /home/macho/navivest_ws/install/robot_localization/include/robot_localization/robot_localization/srv/detail/set_utm_zone__builder.hpp
-- Symlinking: /home/macho/navivest_ws/install/robot_localization/include/robot_localization/robot_localization/srv/detail/set_utm_zone__struct.hpp
-- Symlinking: /home/macho/navivest_ws/install/robot_localization/include/robot_localization/robot_localization/srv/detail/set_utm_zone__traits.hpp
-- Symlinking: /home/macho/navivest_ws/install/robot_localization/include/robot_localization/robot_localization/srv/detail/set_utm_zone__type_support.hpp
-- Symlinking: /home/macho/navivest_ws/install/robot_localization/include/robot_localization/robot_localization/srv/detail/to_ll__builder.hpp
-- Symlinking: /home/macho/navivest_ws/install/robot_localization/include/robot_localization/robot_localization/srv/detail/to_ll__struct.hpp
-- Symlinking: /home/macho/navivest_ws/install/robot_localization/include/robot_localization/robot_localization/srv/detail/to_ll__traits.hpp
-- Symlinking: /home/macho/navivest_ws/install/robot_localization/include/robot_localization/robot_localization/srv/detail/to_ll__type_support.hpp
-- Symlinking: /home/macho/navivest_ws/install/robot_localization/include/robot_localization/robot_localization/srv/detail/to_ll_array__builder.hpp
-- Symlinking: /home/macho/navivest_ws/install/robot_localization/include/robot_localization/robot_localization/srv/detail/to_ll_array__struct.hpp
-- Symlinking: /home/macho/navivest_ws/install/robot_localization/include/robot_localization/robot_localization/srv/detail/to_ll_array__traits.hpp
-- Symlinking: /home/macho/navivest_ws/install/robot_localization/include/robot_localization/robot_localization/srv/detail/to_ll_array__type_support.hpp
-- Symlinking: /home/macho/navivest_ws/install/robot_localization/include/robot_localization/robot_localization/srv/detail/toggle_filter_processing__builder.hpp
-- Symlinking: /home/macho/navivest_ws/install/robot_localization/include/robot_localization/robot_localization/srv/detail/toggle_filter_processing__struct.hpp
-- Symlinking: /home/macho/navivest_ws/install/robot_localization/include/robot_localization/robot_localization/srv/detail/toggle_filter_processing__traits.hpp
-- Symlinking: /home/macho/navivest_ws/install/robot_localization/include/robot_localization/robot_localization/srv/detail/toggle_filter_processing__type_support.hpp
-- Symlinking: /home/macho/navivest_ws/install/robot_localization/include/robot_localization/robot_localization/srv/from_ll.hpp
-- Symlinking: /home/macho/navivest_ws/install/robot_localization/include/robot_localization/robot_localization/srv/from_ll_array.hpp
-- Symlinking: /home/macho/navivest_ws/install/robot_localization/include/robot_localization/robot_localization/srv/get_state.hpp
-- Symlinking: /home/macho/navivest_ws/install/robot_localization/include/robot_localization/robot_localization/srv/set_datum.hpp
-- Symlinking: /home/macho/navivest_ws/install/robot_localization/include/robot_localization/robot_localization/srv/set_pose.hpp
-- Symlinking: /home/macho/navivest_ws/install/robot_localization/include/robot_localization/robot_localization/srv/set_utm_zone.hpp
-- Symlinking: /home/macho/navivest_ws/install/robot_localization/include/robot_localization/robot_localization/srv/to_ll.hpp
-- Symlinking: /home/macho/navivest_ws/install/robot_localization/include/robot_localization/robot_localization/srv/to_ll_array.hpp
-- Symlinking: /home/macho/navivest_ws/install/robot_localization/include/robot_localization/robot_localization/srv/toggle_filter_processing.hpp
-- Symlinking: /home/macho/navivest_ws/install/robot_localization/include/robot_localization/robot_localization/msg/rosidl_typesupport_fastrtps_cpp__visibility_control.h
-- Symlinking: /home/macho/navivest_ws/install/robot_localization/include/robot_localization/robot_localization/srv/detail/from_ll__rosidl_typesupport_fastrtps_cpp.hpp
-- Symlinking: /home/macho/navivest_ws/install/robot_localization/include/robot_localization/robot_localization/srv/detail/from_ll_array__rosidl_typesupport_fastrtps_cpp.hpp
-- Symlinking: /home/macho/navivest_ws/install/robot_localization/include/robot_localization/robot_localization/srv/detail/get_state__rosidl_typesupport_fastrtps_cpp.hpp
-- Symlinking: /home/macho/navivest_ws/install/robot_localization/include/robot_localization/robot_localization/srv/detail/set_datum__rosidl_typesupport_fastrtps_cpp.hpp
-- Symlinking: /home/macho/navivest_ws/install/robot_localization/include/robot_localization/robot_localization/srv/detail/set_pose__rosidl_typesupport_fastrtps_cpp.hpp
-- Symlinking: /home/macho/navivest_ws/install/robot_localization/include/robot_localization/robot_localization/srv/detail/set_utm_zone__rosidl_typesupport_fastrtps_cpp.hpp
-- Symlinking: /home/macho/navivest_ws/install/robot_localization/include/robot_localization/robot_localization/srv/detail/to_ll__rosidl_typesupport_fastrtps_cpp.hpp
-- Symlinking: /home/macho/navivest_ws/install/robot_localization/include/robot_localization/robot_localization/srv/detail/to_ll_array__rosidl_typesupport_fastrtps_cpp.hpp
-- Symlinking: /home/macho/navivest_ws/install/robot_localization/include/robot_localization/robot_localization/srv/detail/toggle_filter_processing__rosidl_typesupport_fastrtps_cpp.hpp
-- Symlinking: /home/macho/navivest_ws/install/robot_localization/include/robot_localization/robot_localization/srv/detail/from_ll__rosidl_typesupport_introspection_cpp.hpp
-- Symlinking: /home/macho/navivest_ws/install/robot_localization/include/robot_localization/robot_localization/srv/detail/from_ll_array__rosidl_typesupport_introspection_cpp.hpp
-- Symlinking: /home/macho/navivest_ws/install/robot_localization/include/robot_localization/robot_localization/srv/detail/get_state__rosidl_typesupport_introspection_cpp.hpp
-- Symlinking: /home/macho/navivest_ws/install/robot_localization/include/robot_localization/robot_localization/srv/detail/set_datum__rosidl_typesupport_introspection_cpp.hpp
-- Symlinking: /home/macho/navivest_ws/install/robot_localization/include/robot_localization/robot_localization/srv/detail/set_pose__rosidl_typesupport_introspection_cpp.hpp
-- Symlinking: /home/macho/navivest_ws/install/robot_localization/include/robot_localization/robot_localization/srv/detail/set_utm_zone__rosidl_typesupport_introspection_cpp.hpp
-- Symlinking: /home/macho/navivest_ws/install/robot_localization/include/robot_localization/robot_localization/srv/detail/to_ll__rosidl_typesupport_introspection_cpp.hpp
-- Symlinking: /home/macho/navivest_ws/install/robot_localization/include/robot_localization/robot_localization/srv/detail/to_ll_array__rosidl_typesupport_introspection_cpp.hpp
-- Symlinking: /home/macho/navivest_ws/install/robot_localization/include/robot_localization/robot_localization/srv/detail/toggle_filter_processing__rosidl_typesupport_introspection_cpp.hpp
-- Symlinking: /home/macho/navivest_ws/install/robot_localization/share/robot_localization/environment/pythonpath.sh
-- Symlinking: /home/macho/navivest_ws/install/robot_localization/share/robot_localization/environment/pythonpath.dsv
-- Symlinking: /home/macho/navivest_ws/install/robot_localization/lib/python3.12/site-packages/robot_localization-3.8.3-py3.12.egg-info/PKG-INFO
-- Symlinking: /home/macho/navivest_ws/install/robot_localization/lib/python3.12/site-packages/robot_localization-3.8.3-py3.12.egg-info/SOURCES.txt
-- Symlinking: /home/macho/navivest_ws/install/robot_localization/lib/python3.12/site-packages/robot_localization-3.8.3-py3.12.egg-info/dependency_links.txt
-- Symlinking: /home/macho/navivest_ws/install/robot_localization/lib/python3.12/site-packages/robot_localization-3.8.3-py3.12.egg-info/top_level.txt
-- Symlinking: /home/macho/navivest_ws/install/robot_localization/lib/python3.12/site-packages/robot_localization/__init__.py
-- Symlinking: /home/macho/navivest_ws/install/robot_localization/lib/python3.12/site-packages/robot_localization/_robot_localization_s.ep.rosidl_typesupport_c.c
-- Symlinking: /home/macho/navivest_ws/install/robot_localization/lib/python3.12/site-packages/robot_localization/_robot_localization_s.ep.rosidl_typesupport_fastrtps_c.c
-- Symlinking: /home/macho/navivest_ws/install/robot_localization/lib/python3.12/site-packages/robot_localization/_robot_localization_s.ep.rosidl_typesupport_introspection_c.c
-- Symlinking: /home/macho/navivest_ws/install/robot_localization/lib/python3.12/site-packages/robot_localization/robot_localization_s__rosidl_typesupport_c.so
-- Symlinking: /home/macho/navivest_ws/install/robot_localization/lib/python3.12/site-packages/robot_localization/robot_localization_s__rosidl_typesupport_fastrtps_c.so
-- Symlinking: /home/macho/navivest_ws/install/robot_localization/lib/python3.12/site-packages/robot_localization/robot_localization_s__rosidl_typesupport_introspection_c.so
-- Symlinking: /home/macho/navivest_ws/install/robot_localization/lib/python3.12/site-packages/robot_localization/srv/__init__.py
-- Symlinking: /home/macho/navivest_ws/install/robot_localization/lib/python3.12/site-packages/robot_localization/srv/_from_ll.py
-- Symlinking: /home/macho/navivest_ws/install/robot_localization/lib/python3.12/site-packages/robot_localization/srv/_from_ll_array.py
-- Symlinking: /home/macho/navivest_ws/install/robot_localization/lib/python3.12/site-packages/robot_localization/srv/_from_ll_array_s.c
-- Symlinking: /home/macho/navivest_ws/install/robot_localization/lib/python3.12/site-packages/robot_localization/srv/_from_ll_s.c
-- Symlinking: /home/macho/navivest_ws/install/robot_localization/lib/python3.12/site-packages/robot_localization/srv/_get_state.py
-- Symlinking: /home/macho/navivest_ws/install/robot_localization/lib/python3.12/site-packages/robot_localization/srv/_get_state_s.c
-- Symlinking: /home/macho/navivest_ws/install/robot_localization/lib/python3.12/site-packages/robot_localization/srv/_set_datum.py
-- Symlinking: /home/macho/navivest_ws/install/robot_localization/lib/python3.12/site-packages/robot_localization/srv/_set_datum_s.c
-- Symlinking: /home/macho/navivest_ws/install/robot_localization/lib/python3.12/site-packages/robot_localization/srv/_set_pose.py
-- Symlinking: /home/macho/navivest_ws/install/robot_localization/lib/python3.12/site-packages/robot_localization/srv/_set_pose_s.c
-- Symlinking: /home/macho/navivest_ws/install/robot_localization/lib/python3.12/site-packages/robot_localization/srv/_set_utm_zone.py
-- Symlinking: /home/macho/navivest_ws/install/robot_localization/lib/python3.12/site-packages/robot_localization/srv/_set_utm_zone_s.c
-- Symlinking: /home/macho/navivest_ws/install/robot_localization/lib/python3.12/site-packages/robot_localization/srv/_to_ll.py
-- Symlinking: /home/macho/navivest_ws/install/robot_localization/lib/python3.12/site-packages/robot_localization/srv/_to_ll_array.py
-- Symlinking: /home/macho/navivest_ws/install/robot_localization/lib/python3.12/site-packages/robot_localization/srv/_to_ll_array_s.c
-- Symlinking: /home/macho/navivest_ws/install/robot_localization/lib/python3.12/site-packages/robot_localization/srv/_to_ll_s.c
-- Symlinking: /home/macho/navivest_ws/install/robot_localization/lib/python3.12/site-packages/robot_localization/srv/_toggle_filter_processing.py
-- Symlinking: /home/macho/navivest_ws/install/robot_localization/lib/python3.12/site-packages/robot_localization/srv/_toggle_filter_processing_s.c
-- Up-to-date symlink: /home/macho/navivest_ws/install/robot_localization/lib/python3.12/site-packages/robot_localization/robot_localization_s__rosidl_typesupport_fastrtps_c.so
-- Up-to-date symlink: /home/macho/navivest_ws/install/robot_localization/lib/python3.12/site-packages/robot_localization/robot_localization_s__rosidl_typesupport_introspection_c.so
-- Up-to-date symlink: /home/macho/navivest_ws/install/robot_localization/lib/python3.12/site-packages/robot_localization/robot_localization_s__rosidl_typesupport_c.so
-- Symlinking: /home/macho/navivest_ws/install/robot_localization/share/ament_index/resource_index/rust_packages/robot_localization
-- Symlinking: /home/macho/navivest_ws/install/robot_localization/share/robot_localization/rust/Cargo.toml
-- Symlinking: /home/macho/navivest_ws/install/robot_localization/share/robot_localization/rust/build.rs
-- Symlinking: /home/macho/navivest_ws/install/robot_localization/share/robot_localization/rust/src/lib.rs
-- Symlinking: /home/macho/navivest_ws/install/robot_localization/share/robot_localization/rust/src/srv.rs
-- Symlinking: /home/macho/navivest_ws/install/robot_localization/share/robot_localization/rust/src/srv/rmw.rs
-- Symlinking: /home/macho/navivest_ws/install/robot_localization/share/robot_localization/srv/FromLL.idl
-- Symlinking: /home/macho/navivest_ws/install/robot_localization/share/robot_localization/srv/FromLLArray.idl
-- Symlinking: /home/macho/navivest_ws/install/robot_localization/share/robot_localization/srv/GetState.idl
-- Symlinking: /home/macho/navivest_ws/install/robot_localization/share/robot_localization/srv/SetDatum.idl
-- Symlinking: /home/macho/navivest_ws/install/robot_localization/share/robot_localization/srv/SetPose.idl
-- Symlinking: /home/macho/navivest_ws/install/robot_localization/share/robot_localization/srv/SetUTMZone.idl
-- Symlinking: /home/macho/navivest_ws/install/robot_localization/share/robot_localization/srv/ToLL.idl
-- Symlinking: /home/macho/navivest_ws/install/robot_localization/share/robot_localization/srv/ToLLArray.idl
-- Symlinking: /home/macho/navivest_ws/install/robot_localization/share/robot_localization/srv/ToggleFilterProcessing.idl
-- Symlinking: /home/macho/navivest_ws/install/robot_localization/share/robot_localization/srv/FromLL.srv
-- Symlinking: /home/macho/navivest_ws/install/robot_localization/share/robot_localization/srv/FromLLArray.srv
-- Symlinking: /home/macho/navivest_ws/install/robot_localization/share/robot_localization/srv/GetState.srv
-- Symlinking: /home/macho/navivest_ws/install/robot_localization/share/robot_localization/srv/SetDatum.srv
-- Symlinking: /home/macho/navivest_ws/install/robot_localization/share/robot_localization/srv/SetPose.srv
-- Symlinking: /home/macho/navivest_ws/install/robot_localization/share/robot_localization/srv/SetUTMZone.srv
-- Symlinking: /home/macho/navivest_ws/install/robot_localization/share/robot_localization/srv/ToLL.srv
-- Symlinking: /home/macho/navivest_ws/install/robot_localization/share/robot_localization/srv/ToLLArray.srv
-- Symlinking: /home/macho/navivest_ws/install/robot_localization/share/robot_localization/srv/ToggleFilterProcessing.srv
-- Symlinking: /home/macho/navivest_ws/install/robot_localization/share/ament_index/resource_index/package_run_dependencies/robot_localization
-- Symlinking: /home/macho/navivest_ws/install/robot_localization/share/ament_index/resource_index/parent_prefix_path/robot_localization
-- Symlinking: /home/macho/navivest_ws/install/robot_localization/share/robot_localization/environment/ament_prefix_path.sh
-- Symlinking: /home/macho/navivest_ws/install/robot_localization/share/robot_localization/environment/ament_prefix_path.dsv
-- Symlinking: /home/macho/navivest_ws/install/robot_localization/share/robot_localization/environment/path.sh
-- Symlinking: /home/macho/navivest_ws/install/robot_localization/share/robot_localization/environment/path.dsv
-- Symlinking: /home/macho/navivest_ws/install/robot_localization/share/robot_localization/local_setup.bash
-- Symlinking: /home/macho/navivest_ws/install/robot_localization/share/robot_localization/local_setup.sh
-- Symlinking: /home/macho/navivest_ws/install/robot_localization/share/robot_localization/local_setup.zsh
-- Symlinking: /home/macho/navivest_ws/install/robot_localization/share/robot_localization/local_setup.dsv
-- Symlinking: /home/macho/navivest_ws/install/robot_localization/share/robot_localization/package.dsv
-- Symlinking: /home/macho/navivest_ws/install/robot_localization/share/ament_index/resource_index/packages/robot_localization
-- Symlinking: /home/macho/navivest_ws/install/robot_localization/share/robot_localization/cmake/rosidl_cmake-extras.cmake
-- Symlinking: /home/macho/navivest_ws/install/robot_localization/share/robot_localization/cmake/ament_cmake_export_dependencies-extras.cmake
-- Symlinking: /home/macho/navivest_ws/install/robot_localization/share/robot_localization/cmake/ament_cmake_export_include_directories-extras.cmake
-- Symlinking: /home/macho/navivest_ws/install/robot_localization/share/robot_localization/cmake/ament_cmake_export_libraries-extras.cmake
-- Symlinking: /home/macho/navivest_ws/install/robot_localization/share/robot_localization/cmake/ament_cmake_export_targets-extras.cmake
-- Symlinking: /home/macho/navivest_ws/install/robot_localization/share/robot_localization/cmake/rosidl_cmake_export_typesupport_targets-extras.cmake
-- Symlinking: /home/macho/navivest_ws/install/robot_localization/share/robot_localization/cmake/rosidl_cmake_export_typesupport_libraries-extras.cmake
-- Symlinking: /home/macho/navivest_ws/install/robot_localization/share/robot_localization/cmake/robot_localizationConfig.cmake
-- Symlinking: /home/macho/navivest_ws/install/robot_localization/share/robot_localization/cmake/robot_localizationConfig-version.cmake
-- Symlinking: /home/macho/navivest_ws/install/robot_localization/share/robot_localization/package.xml
-- Installing: /home/macho/navivest_ws/install/robot_localization/lib/librobot_localization__rosidl_generator_c.so
-- Set non-toolchain portion of runtime path of "/home/macho/navivest_ws/install/robot_localization/lib/librobot_localization__rosidl_generator_c.so" to ""
-- Installing: /home/macho/navivest_ws/install/robot_localization/lib/librobot_localization__rosidl_typesupport_fastrtps_c.so
-- Set non-toolchain portion of runtime path of "/home/macho/navivest_ws/install/robot_localization/lib/librobot_localization__rosidl_typesupport_fastrtps_c.so" to ""
-- Installing: /home/macho/navivest_ws/install/robot_localization/lib/librobot_localization__rosidl_typesupport_introspection_c.so
-- Set non-toolchain portion of runtime path of "/home/macho/navivest_ws/install/robot_localization/lib/librobot_localization__rosidl_typesupport_introspection_c.so" to ""
-- Installing: /home/macho/navivest_ws/install/robot_localization/lib/librobot_localization__rosidl_typesupport_c.so
-- Set non-toolchain portion of runtime path of "/home/macho/navivest_ws/install/robot_localization/lib/librobot_localization__rosidl_typesupport_c.so" to ""
-- Installing: /home/macho/navivest_ws/install/robot_localization/lib/librobot_localization__rosidl_typesupport_fastrtps_cpp.so
-- Set non-toolchain portion of runtime path of "/home/macho/navivest_ws/install/robot_localization/lib/librobot_localization__rosidl_typesupport_fastrtps_cpp.so" to ""
-- Installing: /home/macho/navivest_ws/install/robot_localization/lib/librobot_localization__rosidl_typesupport_introspection_cpp.so
-- Set non-toolchain portion of runtime path of "/home/macho/navivest_ws/install/robot_localization/lib/librobot_localization__rosidl_typesupport_introspection_cpp.so" to ""
-- Installing: /home/macho/navivest_ws/install/robot_localization/lib/librobot_localization__rosidl_typesupport_cpp.so
-- Set non-toolchain portion of runtime path of "/home/macho/navivest_ws/install/robot_localization/lib/librobot_localization__rosidl_typesupport_cpp.so" to ""
Listing '/home/macho/navivest_ws/install/robot_localization/lib/python3.12/site-packages/robot_localization'...
Compiling '/home/macho/navivest_ws/install/robot_localization/lib/python3.12/site-packages/robot_localization/__init__.py'...
Listing '/home/macho/navivest_ws/install/robot_localization/lib/python3.12/site-packages/robot_localization/srv'...
Compiling '/home/macho/navivest_ws/install/robot_localization/lib/python3.12/site-packages/robot_localization/srv/__init__.py'...
Compiling '/home/macho/navivest_ws/install/robot_localization/lib/python3.12/site-packages/robot_localization/srv/_from_ll.py'...
Compiling '/home/macho/navivest_ws/install/robot_localization/lib/python3.12/site-packages/robot_localization/srv/_from_ll_array.py'...
Compiling '/home/macho/navivest_ws/install/robot_localization/lib/python3.12/site-packages/robot_localization/srv/_get_state.py'...
Compiling '/home/macho/navivest_ws/install/robot_localization/lib/python3.12/site-packages/robot_localization/srv/_set_datum.py'...
Compiling '/home/macho/navivest_ws/install/robot_localization/lib/python3.12/site-packages/robot_localization/srv/_set_pose.py'...
Compiling '/home/macho/navivest_ws/install/robot_localization/lib/python3.12/site-packages/robot_localization/srv/_set_utm_zone.py'...
Compiling '/home/macho/navivest_ws/install/robot_localization/lib/python3.12/site-packages/robot_localization/srv/_to_ll.py'...
Compiling '/home/macho/navivest_ws/install/robot_localization/lib/python3.12/site-packages/robot_localization/srv/_to_ll_array.py'...
Compiling '/home/macho/navivest_ws/install/robot_localization/lib/python3.12/site-packages/robot_localization/srv/_toggle_filter_processing.py'...
-- Installing: /home/macho/navivest_ws/install/robot_localization/lib/librobot_localization__rosidl_generator_py.so
-- Set non-toolchain portion of runtime path of "/home/macho/navivest_ws/install/robot_localization/lib/librobot_localization__rosidl_generator_py.so" to ""
-- Installing: /home/macho/navivest_ws/install/robot_localization/share/robot_localization/cmake/export_robot_localization__rosidl_generator_cExport.cmake
-- Installing: /home/macho/navivest_ws/install/robot_localization/share/robot_localization/cmake/export_robot_localization__rosidl_generator_cExport-noconfig.cmake
-- Installing: /home/macho/navivest_ws/install/robot_localization/share/robot_localization/cmake/export_robot_localization__rosidl_typesupport_fastrtps_cExport.cmake
-- Installing: /home/macho/navivest_ws/install/robot_localization/share/robot_localization/cmake/export_robot_localization__rosidl_typesupport_fastrtps_cExport-noconfig.cmake
-- Installing: /home/macho/navivest_ws/install/robot_localization/share/robot_localization/cmake/robot_localization__rosidl_typesupport_introspection_cExport.cmake
-- Installing: /home/macho/navivest_ws/install/robot_localization/share/robot_localization/cmake/robot_localization__rosidl_typesupport_introspection_cExport-noconfig.cmake
-- Installing: /home/macho/navivest_ws/install/robot_localization/share/robot_localization/cmake/robot_localization__rosidl_typesupport_cExport.cmake
-- Installing: /home/macho/navivest_ws/install/robot_localization/share/robot_localization/cmake/robot_localization__rosidl_typesupport_cExport-noconfig.cmake
-- Installing: /home/macho/navivest_ws/install/robot_localization/share/robot_localization/cmake/export_robot_localization__rosidl_generator_cppExport.cmake
-- Installing: /home/macho/navivest_ws/install/robot_localization/share/robot_localization/cmake/export_robot_localization__rosidl_typesupport_fastrtps_cppExport.cmake
-- Installing: /home/macho/navivest_ws/install/robot_localization/share/robot_localization/cmake/export_robot_localization__rosidl_typesupport_fastrtps_cppExport-noconfig.cmake
-- Installing: /home/macho/navivest_ws/install/robot_localization/share/robot_localization/cmake/robot_localization__rosidl_typesupport_introspection_cppExport.cmake
-- Installing: /home/macho/navivest_ws/install/robot_localization/share/robot_localization/cmake/robot_localization__rosidl_typesupport_introspection_cppExport-noconfig.cmake
-- Installing: /home/macho/navivest_ws/install/robot_localization/share/robot_localization/cmake/robot_localization__rosidl_typesupport_cppExport.cmake
-- Installing: /home/macho/navivest_ws/install/robot_localization/share/robot_localization/cmake/robot_localization__rosidl_typesupport_cppExport-noconfig.cmake
-- Installing: /home/macho/navivest_ws/install/robot_localization/share/robot_localization/cmake/export_robot_localization__rosidl_generator_pyExport.cmake
-- Installing: /home/macho/navivest_ws/install/robot_localization/share/robot_localization/cmake/export_robot_localization__rosidl_generator_pyExport-noconfig.cmake
