running develop
running egg_info
creating navivest_bringup.egg-info
writing navivest_bringup.egg-info/PKG-INFO
writing dependency_links to navivest_bringup.egg-info/dependency_links.txt
writing requirements to navivest_bringup.egg-info/requires.txt
writing top-level names to navivest_bringup.egg-info/top_level.txt
writing manifest file 'navivest_bringup.egg-info/SOURCES.txt'
reading manifest file 'navivest_bringup.egg-info/SOURCES.txt'
writing manifest file 'navivest_bringup.egg-info/SOURCES.txt'
running build_ext
Creating /home/macho/navivest_ws/install/navivest_bringup/lib/python3.12/site-packages/navivest-bringup.egg-link (link to .)

Installed /home/macho/navivest_ws/build/navivest_bringup
running symlink_data
creating /home/macho/navivest_ws/install/navivest_bringup/share/ament_index
creating /home/macho/navivest_ws/install/navivest_bringup/share/ament_index/resource_index
creating /home/macho/navivest_ws/install/navivest_bringup/share/ament_index/resource_index/packages
symbolically linking /home/macho/navivest_ws/build/navivest_bringup/resource/navivest_bringup -> /home/macho/navivest_ws/install/navivest_bringup/share/ament_index/resource_index/packages
symbolically linking /home/macho/navivest_ws/build/navivest_bringup/package.xml -> /home/macho/navivest_ws/install/navivest_bringup/share/navivest_bringup
creating /home/macho/navivest_ws/install/navivest_bringup/share/navivest_bringup/launch
symbolically linking /home/macho/navivest_ws/build/navivest_bringup/launch/navivest_full_svo.launch.py -> /home/macho/navivest_ws/install/navivest_bringup/share/navivest_bringup/launch
symbolically linking /home/macho/navivest_ws/build/navivest_bringup/launch/navivest_topdown_astar.launch.py -> /home/macho/navivest_ws/install/navivest_bringup/share/navivest_bringup/launch
symbolically linking /home/macho/navivest_ws/build/navivest_bringup/launch/navivest_full_live.launch.py -> /home/macho/navivest_ws/install/navivest_bringup/share/navivest_bringup/launch
symbolically linking /home/macho/navivest_ws/build/navivest_bringup/launch/nav2_planner_with_local_costmap.launch.py -> /home/macho/navivest_ws/install/navivest_bringup/share/navivest_bringup/launch
symbolically linking /home/macho/navivest_ws/build/navivest_bringup/launch/nav2_planner_only.launch.py -> /home/macho/navivest_ws/install/navivest_bringup/share/navivest_bringup/launch
symbolically linking /home/macho/navivest_ws/build/navivest_bringup/launch/nav2_controller_only.launch.py -> /home/macho/navivest_ws/install/navivest_bringup/share/navivest_bringup/launch
symbolically linking /home/macho/navivest_ws/build/navivest_bringup/launch/zed_depth_to_scan.launch.py -> /home/macho/navivest_ws/install/navivest_bringup/share/navivest_bringup/launch
symbolically linking /home/macho/navivest_ws/build/navivest_bringup/launch/zed_to_scan.launch.py -> /home/macho/navivest_ws/install/navivest_bringup/share/navivest_bringup/launch
symbolically linking /home/macho/navivest_ws/build/navivest_bringup/launch/navivest_planner_only_live.launch.py -> /home/macho/navivest_ws/install/navivest_bringup/share/navivest_bringup/launch
symbolically linking /home/macho/navivest_ws/build/navivest_bringup/launch/nav2_local.launch.py -> /home/macho/navivest_ws/install/navivest_bringup/share/navivest_bringup/launch
creating /home/macho/navivest_ws/install/navivest_bringup/share/navivest_bringup/config
symbolically linking /home/macho/navivest_ws/build/navivest_bringup/config/nav2_params.yaml -> /home/macho/navivest_ws/install/navivest_bringup/share/navivest_bringup/config
symbolically linking /home/macho/navivest_ws/build/navivest_bringup/config/nav2_params_obstaclelayer_working.yaml -> /home/macho/navivest_ws/install/navivest_bringup/share/navivest_bringup/config
symbolically linking /home/macho/navivest_ws/build/navivest_bringup/config/zed2i.yaml -> /home/macho/navivest_ws/install/navivest_bringup/share/navivest_bringup/config
