-- The C compiler identification is GNU 13.3.0
-- The CXX compiler identification is GNU 13.3.0
-- Detecting C compiler ABI info
-- Detecting C compiler ABI info - done
-- Check for working C compiler: /usr/bin/cc - skipped
-- Detecting C compile features
-- Detecting C compile features - done
-- Detecting CXX compiler ABI info
-- Detecting CXX compiler ABI info - done
-- Check for working CXX compiler: /usr/bin/c++ - skipped
-- Detecting CXX compile features
-- Detecting CXX compile features - done
-- Found ament_cmake: 2.5.6 (/opt/ros/jazzy/share/ament_cmake/cmake)
-- Found Python3: /usr/bin/python3 (found version "3.12.3") found components: Interpreter 
-- Override CMake install command with custom implementation using symlinks instead of copying resources
-- Found ament_lint_auto: 0.17.5 (/opt/ros/jazzy/share/ament_lint_auto/cmake)
-- Added test 'cppcheck' to perform static code analysis on C / C++ code
-- Configured cppcheck include dirs: $<BUILD_INTERFACE:/home/macho/navivest_ws/src/bond_core/smclib/include>
-- Configured cppcheck exclude dirs and/or files: 
-- Added test 'cpplint' to check C / C++ code against the Google style
-- Configured cpplint exclude dirs and/or files: 
-- Added test 'flake8' to check Python code syntax and style conventions
-- Configured 'flake8' exclude dirs and/or files: 
-- Added test 'lint_cmake' to check CMake code style
-- Added test 'pep257' to check Python code against some of the docstring style conventions in PEP 257
-- Added test 'uncrustify' to check C / C++ code style
-- Configured uncrustify additional arguments: 
-- Added test 'xmllint' to check XML markup files
-- Configuring done (0.8s)
-- Generating done (0.0s)
-- Build files have been written to: /home/macho/navivest_ws/build/smclib
Built target ament_cmake_python_symlink_smclib
running egg_info
creating smclib.egg-info
writing smclib.egg-info/PKG-INFO
writing dependency_links to smclib.egg-info/dependency_links.txt
writing top-level names to smclib.egg-info/top_level.txt
writing manifest file 'smclib.egg-info/SOURCES.txt'
reading manifest file 'smclib.egg-info/SOURCES.txt'
writing manifest file 'smclib.egg-info/SOURCES.txt'
Built target ament_cmake_python_build_smclib_egg
-- Install configuration: ""
-- Execute custom install script
-- Symlinking: /home/macho/navivest_ws/install/smclib/include/smclib/smclib/statemap.hpp
-- Symlinking: /home/macho/navivest_ws/install/smclib/share/smclib/environment/pythonpath.sh
-- Symlinking: /home/macho/navivest_ws/install/smclib/share/smclib/environment/pythonpath.dsv
-- Symlinking: /home/macho/navivest_ws/install/smclib/lib/python3.12/site-packages/smclib-4.2.0-py3.12.egg-info/PKG-INFO
-- Symlinking: /home/macho/navivest_ws/install/smclib/lib/python3.12/site-packages/smclib-4.2.0-py3.12.egg-info/SOURCES.txt
-- Symlinking: /home/macho/navivest_ws/install/smclib/lib/python3.12/site-packages/smclib-4.2.0-py3.12.egg-info/dependency_links.txt
-- Symlinking: /home/macho/navivest_ws/install/smclib/lib/python3.12/site-packages/smclib-4.2.0-py3.12.egg-info/top_level.txt
-- Symlinking: /home/macho/navivest_ws/install/smclib/lib/python3.12/site-packages/smclib/__init__.py
-- Symlinking: /home/macho/navivest_ws/install/smclib/lib/python3.12/site-packages/smclib/statemap.py
-- Symlinking: /home/macho/navivest_ws/install/smclib/share/ament_index/resource_index/package_run_dependencies/smclib
-- Symlinking: /home/macho/navivest_ws/install/smclib/share/ament_index/resource_index/parent_prefix_path/smclib
-- Symlinking: /home/macho/navivest_ws/install/smclib/share/smclib/environment/ament_prefix_path.sh
-- Symlinking: /home/macho/navivest_ws/install/smclib/share/smclib/environment/ament_prefix_path.dsv
-- Symlinking: /home/macho/navivest_ws/install/smclib/share/smclib/environment/path.sh
-- Symlinking: /home/macho/navivest_ws/install/smclib/share/smclib/environment/path.dsv
-- Symlinking: /home/macho/navivest_ws/install/smclib/share/smclib/local_setup.bash
-- Symlinking: /home/macho/navivest_ws/install/smclib/share/smclib/local_setup.sh
-- Symlinking: /home/macho/navivest_ws/install/smclib/share/smclib/local_setup.zsh
-- Symlinking: /home/macho/navivest_ws/install/smclib/share/smclib/local_setup.dsv
-- Symlinking: /home/macho/navivest_ws/install/smclib/share/smclib/package.dsv
-- Symlinking: /home/macho/navivest_ws/install/smclib/share/ament_index/resource_index/packages/smclib
-- Symlinking: /home/macho/navivest_ws/install/smclib/share/smclib/cmake/ament_cmake_export_include_directories-extras.cmake
-- Symlinking: /home/macho/navivest_ws/install/smclib/share/smclib/cmake/ament_cmake_export_targets-extras.cmake
-- Symlinking: /home/macho/navivest_ws/install/smclib/share/smclib/cmake/smclibConfig.cmake
-- Symlinking: /home/macho/navivest_ws/install/smclib/share/smclib/cmake/smclibConfig-version.cmake
-- Symlinking: /home/macho/navivest_ws/install/smclib/share/smclib/package.xml
Listing '/home/macho/navivest_ws/install/smclib/lib/python3.12/site-packages/smclib'...
Compiling '/home/macho/navivest_ws/install/smclib/lib/python3.12/site-packages/smclib/__init__.py'...
Compiling '/home/macho/navivest_ws/install/smclib/lib/python3.12/site-packages/smclib/statemap.py'...
-- Installing: /home/macho/navivest_ws/install/smclib/share/smclib/cmake/smclib_headerExport.cmake
