[0.026s] Invoking command in '/home/macho/navivest_ws/build/smclib': CMAKE_PREFIX_PATH=${CMAKE_PREFIX_PATH}:/home/macho/navivest_ws/install/nav2_loopback_sim:/home/macho/navivest_ws/install/navivest_bringup:/home/macho/navivest_ws/install/bondpy:/home/macho/navivest_ws/install/navivest_guidance:/home/macho/navivest_ws/install/nav2_simple_commander:/opt/ros/jazzy DEBUGINFOD_URLS=https://debuginfod.ubuntu.com /usr/bin/cmake /home/macho/navivest_ws/src/bond_core/smclib -DAMENT_CMAKE_SYMLINK_INSTALL=1 -DCMAKE_INSTALL_PREFIX=/home/macho/navivest_ws/install/smclib
[0.074s] -- The C compiler identification is GNU 13.3.0
[0.140s] -- The CXX compiler identification is GNU 13.3.0
[0.153s] -- Detecting C compiler ABI info
[0.252s] -- Detecting C compiler ABI info - done
[0.260s] -- Check for working C compiler: /usr/bin/cc - skipped
[0.260s] -- Detecting C compile features
[0.261s] -- Detecting C compile features - done
[0.270s] -- Detecting CXX compiler ABI info
[0.380s] -- Detecting CXX compiler ABI info - done
[0.389s] -- Check for working CXX compiler: /usr/bin/c++ - skipped
[0.390s] -- Detecting CXX compile features
[0.390s] -- Detecting CXX compile features - done
[0.396s] -- Found ament_cmake: 2.5.6 (/opt/ros/jazzy/share/ament_cmake/cmake)
[0.578s] -- Found Python3: /usr/bin/python3 (found version "3.12.3") found components: Interpreter 
[0.639s] -- Override CMake install command with custom implementation using symlinks instead of copying resources
[0.687s] -- Found ament_lint_auto: 0.17.5 (/opt/ros/jazzy/share/ament_lint_auto/cmake)
[0.806s] -- Added test 'cppcheck' to perform static code analysis on C / C++ code
[0.806s] -- Configured cppcheck include dirs: $<BUILD_INTERFACE:/home/macho/navivest_ws/src/bond_core/smclib/include>
[0.807s] -- Configured cppcheck exclude dirs and/or files: 
[0.808s] -- Added test 'cpplint' to check C / C++ code against the Google style
[0.808s] -- Configured cpplint exclude dirs and/or files: 
[0.809s] -- Added test 'flake8' to check Python code syntax and style conventions
[0.809s] -- Configured 'flake8' exclude dirs and/or files: 
[0.810s] -- Added test 'lint_cmake' to check CMake code style
[0.811s] -- Added test 'pep257' to check Python code against some of the docstring style conventions in PEP 257
[0.813s] -- Added test 'uncrustify' to check C / C++ code style
[0.813s] -- Configured uncrustify additional arguments: 
[0.814s] -- Added test 'xmllint' to check XML markup files
[0.817s] -- Configuring done (0.8s)
[0.820s] -- Generating done (0.0s)
[0.821s] -- Build files have been written to: /home/macho/navivest_ws/build/smclib
[0.826s] Invoked command in '/home/macho/navivest_ws/build/smclib' returned '0': CMAKE_PREFIX_PATH=${CMAKE_PREFIX_PATH}:/home/macho/navivest_ws/install/nav2_loopback_sim:/home/macho/navivest_ws/install/navivest_bringup:/home/macho/navivest_ws/install/bondpy:/home/macho/navivest_ws/install/navivest_guidance:/home/macho/navivest_ws/install/nav2_simple_commander:/opt/ros/jazzy DEBUGINFOD_URLS=https://debuginfod.ubuntu.com /usr/bin/cmake /home/macho/navivest_ws/src/bond_core/smclib -DAMENT_CMAKE_SYMLINK_INSTALL=1 -DCMAKE_INSTALL_PREFIX=/home/macho/navivest_ws/install/smclib
[0.827s] Invoking command in '/home/macho/navivest_ws/build/smclib': CMAKE_PREFIX_PATH=${CMAKE_PREFIX_PATH}:/home/macho/navivest_ws/install/nav2_loopback_sim:/home/macho/navivest_ws/install/navivest_bringup:/home/macho/navivest_ws/install/bondpy:/home/macho/navivest_ws/install/navivest_guidance:/home/macho/navivest_ws/install/nav2_simple_commander:/opt/ros/jazzy DEBUGINFOD_URLS=https://debuginfod.ubuntu.com /usr/bin/cmake --build /home/macho/navivest_ws/build/smclib -- -j16 -l16
[0.885s] Built target ament_cmake_python_symlink_smclib
[1.047s] running egg_info
[1.048s] creating smclib.egg-info
[1.060s] writing smclib.egg-info/PKG-INFO
[1.060s] writing dependency_links to smclib.egg-info/dependency_links.txt
[1.060s] writing top-level names to smclib.egg-info/top_level.txt
[1.060s] writing manifest file 'smclib.egg-info/SOURCES.txt'
[1.100s] reading manifest file 'smclib.egg-info/SOURCES.txt'
[1.101s] writing manifest file 'smclib.egg-info/SOURCES.txt'
[1.141s] Built target ament_cmake_python_build_smclib_egg
[1.154s] Invoked command in '/home/macho/navivest_ws/build/smclib' returned '0': CMAKE_PREFIX_PATH=${CMAKE_PREFIX_PATH}:/home/macho/navivest_ws/install/nav2_loopback_sim:/home/macho/navivest_ws/install/navivest_bringup:/home/macho/navivest_ws/install/bondpy:/home/macho/navivest_ws/install/navivest_guidance:/home/macho/navivest_ws/install/nav2_simple_commander:/opt/ros/jazzy DEBUGINFOD_URLS=https://debuginfod.ubuntu.com /usr/bin/cmake --build /home/macho/navivest_ws/build/smclib -- -j16 -l16
[1.155s] Invoking command in '/home/macho/navivest_ws/build/smclib': CMAKE_PREFIX_PATH=${CMAKE_PREFIX_PATH}:/home/macho/navivest_ws/install/nav2_loopback_sim:/home/macho/navivest_ws/install/navivest_bringup:/home/macho/navivest_ws/install/bondpy:/home/macho/navivest_ws/install/navivest_guidance:/home/macho/navivest_ws/install/nav2_simple_commander:/opt/ros/jazzy DEBUGINFOD_URLS=https://debuginfod.ubuntu.com /usr/bin/cmake --install /home/macho/navivest_ws/build/smclib
[1.165s] -- Install configuration: ""
[1.166s] -- Execute custom install script
[1.166s] -- Symlinking: /home/macho/navivest_ws/install/smclib/include/smclib/smclib/statemap.hpp
[1.179s] -- Symlinking: /home/macho/navivest_ws/install/smclib/share/smclib/environment/pythonpath.sh
[1.190s] -- Symlinking: /home/macho/navivest_ws/install/smclib/share/smclib/environment/pythonpath.dsv
[1.202s] -- Symlinking: /home/macho/navivest_ws/install/smclib/lib/python3.12/site-packages/smclib-4.2.0-py3.12.egg-info/PKG-INFO
[1.212s] -- Symlinking: /home/macho/navivest_ws/install/smclib/lib/python3.12/site-packages/smclib-4.2.0-py3.12.egg-info/SOURCES.txt
[1.223s] -- Symlinking: /home/macho/navivest_ws/install/smclib/lib/python3.12/site-packages/smclib-4.2.0-py3.12.egg-info/dependency_links.txt
[1.235s] -- Symlinking: /home/macho/navivest_ws/install/smclib/lib/python3.12/site-packages/smclib-4.2.0-py3.12.egg-info/top_level.txt
[1.248s] -- Symlinking: /home/macho/navivest_ws/install/smclib/lib/python3.12/site-packages/smclib/__init__.py
[1.268s] -- Symlinking: /home/macho/navivest_ws/install/smclib/lib/python3.12/site-packages/smclib/statemap.py
[1.271s] -- Symlinking: /home/macho/navivest_ws/install/smclib/share/ament_index/resource_index/package_run_dependencies/smclib
[1.284s] -- Symlinking: /home/macho/navivest_ws/install/smclib/share/ament_index/resource_index/parent_prefix_path/smclib
[1.314s] -- Symlinking: /home/macho/navivest_ws/install/smclib/share/smclib/environment/ament_prefix_path.sh
[1.324s] -- Symlinking: /home/macho/navivest_ws/install/smclib/share/smclib/environment/ament_prefix_path.dsv
[1.338s] -- Symlinking: /home/macho/navivest_ws/install/smclib/share/smclib/environment/path.sh
[1.353s] -- Symlinking: /home/macho/navivest_ws/install/smclib/share/smclib/environment/path.dsv
[1.368s] -- Symlinking: /home/macho/navivest_ws/install/smclib/share/smclib/local_setup.bash
[1.383s] -- Symlinking: /home/macho/navivest_ws/install/smclib/share/smclib/local_setup.sh
[1.402s] -- Symlinking: /home/macho/navivest_ws/install/smclib/share/smclib/local_setup.zsh
[1.414s] -- Symlinking: /home/macho/navivest_ws/install/smclib/share/smclib/local_setup.dsv
[1.442s] -- Symlinking: /home/macho/navivest_ws/install/smclib/share/smclib/package.dsv
[1.468s] -- Symlinking: /home/macho/navivest_ws/install/smclib/share/ament_index/resource_index/packages/smclib
[1.498s] -- Symlinking: /home/macho/navivest_ws/install/smclib/share/smclib/cmake/ament_cmake_export_include_directories-extras.cmake
[1.532s] -- Symlinking: /home/macho/navivest_ws/install/smclib/share/smclib/cmake/ament_cmake_export_targets-extras.cmake
[1.564s] -- Symlinking: /home/macho/navivest_ws/install/smclib/share/smclib/cmake/smclibConfig.cmake
[1.582s] -- Symlinking: /home/macho/navivest_ws/install/smclib/share/smclib/cmake/smclibConfig-version.cmake
[1.598s] -- Symlinking: /home/macho/navivest_ws/install/smclib/share/smclib/package.xml
[1.738s] Listing '/home/macho/navivest_ws/install/smclib/lib/python3.12/site-packages/smclib'...
[1.738s] Compiling '/home/macho/navivest_ws/install/smclib/lib/python3.12/site-packages/smclib/__init__.py'...
[1.738s] Compiling '/home/macho/navivest_ws/install/smclib/lib/python3.12/site-packages/smclib/statemap.py'...
[1.769s] -- Installing: /home/macho/navivest_ws/install/smclib/share/smclib/cmake/smclib_headerExport.cmake
[1.771s] Invoked command in '/home/macho/navivest_ws/build/smclib' returned '0': CMAKE_PREFIX_PATH=${CMAKE_PREFIX_PATH}:/home/macho/navivest_ws/install/nav2_loopback_sim:/home/macho/navivest_ws/install/navivest_bringup:/home/macho/navivest_ws/install/bondpy:/home/macho/navivest_ws/install/navivest_guidance:/home/macho/navivest_ws/install/nav2_simple_commander:/opt/ros/jazzy DEBUGINFOD_URLS=https://debuginfod.ubuntu.com /usr/bin/cmake --install /home/macho/navivest_ws/build/smclib
