[0.028s] Invoking command in '/home/macho/navivest_ws/build/nav2_common': CMAKE_PREFIX_PATH=${CMAKE_PREFIX_PATH}:/home/macho/navivest_ws/install/nav2_loopback_sim:/home/macho/navivest_ws/install/navivest_bringup:/home/macho/navivest_ws/install/bondpy:/home/macho/navivest_ws/install/navivest_guidance:/home/macho/navivest_ws/install/nav2_simple_commander:/opt/ros/jazzy DEBUGINFOD_URLS=https://debuginfod.ubuntu.com /usr/bin/cmake /home/macho/navivest_ws/src/navigation2_DISABLED/nav2_common -DAMENT_CMAKE_SYMLINK_INSTALL=1 -DCMAKE_INSTALL_PREFIX=/home/macho/navivest_ws/install/nav2_common
[0.050s] -- Found ament_cmake_core: 2.5.6 (/opt/ros/jazzy/share/ament_cmake_core/cmake)
[0.266s] -- Found Python3: /usr/bin/python3 (found version "3.12.3") found components: Interpreter 
[0.346s] -- Override CMake install command with custom implementation using symlinks instead of copying resources
[0.352s] -- Found ament_cmake_python: 2.5.6 (/opt/ros/jazzy/share/ament_cmake_python/cmake)
[0.535s] -- Configuring done (0.5s)
[0.538s] -- Generating done (0.0s)
[0.539s] -- Build files have been written to: /home/macho/navivest_ws/build/nav2_common
[0.541s] Invoked command in '/home/macho/navivest_ws/build/nav2_common' returned '0': CMAKE_PREFIX_PATH=${CMAKE_PREFIX_PATH}:/home/macho/navivest_ws/install/nav2_loopback_sim:/home/macho/navivest_ws/install/navivest_bringup:/home/macho/navivest_ws/install/bondpy:/home/macho/navivest_ws/install/navivest_guidance:/home/macho/navivest_ws/install/nav2_simple_commander:/opt/ros/jazzy DEBUGINFOD_URLS=https://debuginfod.ubuntu.com /usr/bin/cmake /home/macho/navivest_ws/src/navigation2_DISABLED/nav2_common -DAMENT_CMAKE_SYMLINK_INSTALL=1 -DCMAKE_INSTALL_PREFIX=/home/macho/navivest_ws/install/nav2_common
[0.542s] Invoking command in '/home/macho/navivest_ws/build/nav2_common': CMAKE_PREFIX_PATH=${CMAKE_PREFIX_PATH}:/home/macho/navivest_ws/install/nav2_loopback_sim:/home/macho/navivest_ws/install/navivest_bringup:/home/macho/navivest_ws/install/bondpy:/home/macho/navivest_ws/install/navivest_guidance:/home/macho/navivest_ws/install/nav2_simple_commander:/opt/ros/jazzy DEBUGINFOD_URLS=https://debuginfod.ubuntu.com /usr/bin/cmake --build /home/macho/navivest_ws/build/nav2_common -- -j16 -l16
[0.606s] Built target ament_cmake_python_symlink_nav2_common
[0.801s] running egg_info
[0.802s] creating nav2_common.egg-info
[0.818s] writing nav2_common.egg-info/PKG-INFO
[0.818s] writing dependency_links to nav2_common.egg-info/dependency_links.txt
[0.819s] writing top-level names to nav2_common.egg-info/top_level.txt
[0.819s] writing manifest file 'nav2_common.egg-info/SOURCES.txt'
[0.872s] reading manifest file 'nav2_common.egg-info/SOURCES.txt'
[0.872s] writing manifest file 'nav2_common.egg-info/SOURCES.txt'
[0.914s] Built target ament_cmake_python_build_nav2_common_egg
[0.926s] Invoked command in '/home/macho/navivest_ws/build/nav2_common' returned '0': CMAKE_PREFIX_PATH=${CMAKE_PREFIX_PATH}:/home/macho/navivest_ws/install/nav2_loopback_sim:/home/macho/navivest_ws/install/navivest_bringup:/home/macho/navivest_ws/install/bondpy:/home/macho/navivest_ws/install/navivest_guidance:/home/macho/navivest_ws/install/nav2_simple_commander:/opt/ros/jazzy DEBUGINFOD_URLS=https://debuginfod.ubuntu.com /usr/bin/cmake --build /home/macho/navivest_ws/build/nav2_common -- -j16 -l16
[0.927s] Invoking command in '/home/macho/navivest_ws/build/nav2_common': CMAKE_PREFIX_PATH=${CMAKE_PREFIX_PATH}:/home/macho/navivest_ws/install/nav2_loopback_sim:/home/macho/navivest_ws/install/navivest_bringup:/home/macho/navivest_ws/install/bondpy:/home/macho/navivest_ws/install/navivest_guidance:/home/macho/navivest_ws/install/nav2_simple_commander:/opt/ros/jazzy DEBUGINFOD_URLS=https://debuginfod.ubuntu.com /usr/bin/cmake --install /home/macho/navivest_ws/build/nav2_common
[0.935s] -- Install configuration: ""
[0.935s] -- Execute custom install script
[0.935s] -- Symlinking: /home/macho/navivest_ws/install/nav2_common/share/nav2_common/environment/pythonpath.sh
[0.944s] -- Symlinking: /home/macho/navivest_ws/install/nav2_common/share/nav2_common/environment/pythonpath.dsv
[0.955s] -- Symlinking: /home/macho/navivest_ws/install/nav2_common/lib/python3.12/site-packages/nav2_common-1.3.12-py3.12.egg-info/PKG-INFO
[0.964s] -- Symlinking: /home/macho/navivest_ws/install/nav2_common/lib/python3.12/site-packages/nav2_common-1.3.12-py3.12.egg-info/SOURCES.txt
[0.975s] -- Symlinking: /home/macho/navivest_ws/install/nav2_common/lib/python3.12/site-packages/nav2_common-1.3.12-py3.12.egg-info/dependency_links.txt
[0.984s] -- Symlinking: /home/macho/navivest_ws/install/nav2_common/lib/python3.12/site-packages/nav2_common-1.3.12-py3.12.egg-info/top_level.txt
[0.995s] -- Symlinking: /home/macho/navivest_ws/install/nav2_common/lib/python3.12/site-packages/nav2_common/__init__.py
[1.004s] -- Symlinking: /home/macho/navivest_ws/install/nav2_common/lib/python3.12/site-packages/nav2_common/launch/__init__.py
[1.016s] -- Symlinking: /home/macho/navivest_ws/install/nav2_common/lib/python3.12/site-packages/nav2_common/launch/has_node_params.py
[1.026s] -- Symlinking: /home/macho/navivest_ws/install/nav2_common/lib/python3.12/site-packages/nav2_common/launch/parse_multirobot_pose.py
[1.035s] -- Symlinking: /home/macho/navivest_ws/install/nav2_common/lib/python3.12/site-packages/nav2_common/launch/replace_string.py
[1.045s] -- Symlinking: /home/macho/navivest_ws/install/nav2_common/lib/python3.12/site-packages/nav2_common/launch/rewritten_yaml.py
[1.055s] -- Symlinking: /home/macho/navivest_ws/install/nav2_common/share/ament_index/resource_index/package_run_dependencies/nav2_common
[1.065s] -- Symlinking: /home/macho/navivest_ws/install/nav2_common/share/ament_index/resource_index/parent_prefix_path/nav2_common
[1.074s] -- Symlinking: /home/macho/navivest_ws/install/nav2_common/share/nav2_common/environment/ament_prefix_path.sh
[1.083s] -- Symlinking: /home/macho/navivest_ws/install/nav2_common/share/nav2_common/environment/ament_prefix_path.dsv
[1.095s] -- Symlinking: /home/macho/navivest_ws/install/nav2_common/share/nav2_common/environment/path.sh
[1.106s] -- Symlinking: /home/macho/navivest_ws/install/nav2_common/share/nav2_common/environment/path.dsv
[1.117s] -- Symlinking: /home/macho/navivest_ws/install/nav2_common/share/nav2_common/local_setup.bash
[1.128s] -- Symlinking: /home/macho/navivest_ws/install/nav2_common/share/nav2_common/local_setup.sh
[1.139s] -- Symlinking: /home/macho/navivest_ws/install/nav2_common/share/nav2_common/local_setup.zsh
[1.148s] -- Symlinking: /home/macho/navivest_ws/install/nav2_common/share/nav2_common/local_setup.dsv
[1.158s] -- Symlinking: /home/macho/navivest_ws/install/nav2_common/share/nav2_common/package.dsv
[1.169s] -- Symlinking: /home/macho/navivest_ws/install/nav2_common/share/ament_index/resource_index/packages/nav2_common
[1.180s] -- Symlinking: /home/macho/navivest_ws/install/nav2_common/share/nav2_common/cmake/nav2_common-extras.cmake
[1.193s] -- Symlinking: /home/macho/navivest_ws/install/nav2_common/share/nav2_common/cmake/nav2_commonConfig.cmake
[1.205s] -- Symlinking: /home/macho/navivest_ws/install/nav2_common/share/nav2_common/cmake/nav2_commonConfig-version.cmake
[1.216s] -- Symlinking: /home/macho/navivest_ws/install/nav2_common/share/nav2_common/package.xml
[1.225s] -- Symlinking: /home/macho/navivest_ws/install/nav2_common/share/nav2_common/cmake/nav2_package.cmake
[1.275s] Listing '/home/macho/navivest_ws/install/nav2_common/lib/python3.12/site-packages/nav2_common'...
[1.275s] Compiling '/home/macho/navivest_ws/install/nav2_common/lib/python3.12/site-packages/nav2_common/__init__.py'...
[1.275s] Listing '/home/macho/navivest_ws/install/nav2_common/lib/python3.12/site-packages/nav2_common/launch'...
[1.276s] Compiling '/home/macho/navivest_ws/install/nav2_common/lib/python3.12/site-packages/nav2_common/launch/__init__.py'...
[1.276s] Compiling '/home/macho/navivest_ws/install/nav2_common/lib/python3.12/site-packages/nav2_common/launch/has_node_params.py'...
[1.276s] Compiling '/home/macho/navivest_ws/install/nav2_common/lib/python3.12/site-packages/nav2_common/launch/parse_multirobot_pose.py'...
[1.276s] Compiling '/home/macho/navivest_ws/install/nav2_common/lib/python3.12/site-packages/nav2_common/launch/replace_string.py'...
[1.276s] Compiling '/home/macho/navivest_ws/install/nav2_common/lib/python3.12/site-packages/nav2_common/launch/rewritten_yaml.py'...
[1.298s] Invoked command in '/home/macho/navivest_ws/build/nav2_common' returned '0': CMAKE_PREFIX_PATH=${CMAKE_PREFIX_PATH}:/home/macho/navivest_ws/install/nav2_loopback_sim:/home/macho/navivest_ws/install/navivest_bringup:/home/macho/navivest_ws/install/bondpy:/home/macho/navivest_ws/install/navivest_guidance:/home/macho/navivest_ws/install/nav2_simple_commander:/opt/ros/jazzy DEBUGINFOD_URLS=https://debuginfod.ubuntu.com /usr/bin/cmake --install /home/macho/navivest_ws/build/nav2_common
