running develop
running egg_info
creating navivest_guidance.egg-info
writing navivest_guidance.egg-info/PKG-INFO
writing dependency_links to navivest_guidance.egg-info/dependency_links.txt
writing entry points to navivest_guidance.egg-info/entry_points.txt
writing requirements to navivest_guidance.egg-info/requires.txt
writing top-level names to navivest_guidance.egg-info/top_level.txt
writing manifest file 'navivest_guidance.egg-info/SOURCES.txt'
reading manifest file 'navivest_guidance.egg-info/SOURCES.txt'
writing manifest file 'navivest_guidance.egg-info/SOURCES.txt'
running build_ext
Creating /home/macho/navivest_ws/install/navivest_guidance/lib/python3.12/site-packages/navivest-guidance.egg-link (link to .)
Installing goal_to_plan script to /home/macho/navivest_ws/install/navivest_guidance/lib/navivest_guidance
Installing scan_guardrails script to /home/macho/navivest_ws/install/navivest_guidance/lib/navivest_guidance
Installing zed_topdown_astar script to /home/macho/navivest_ws/install/navivest_guidance/lib/navivest_guidance

Installed /home/macho/navivest_ws/build/navivest_guidance
running symlink_data
creating /home/macho/navivest_ws/install/navivest_guidance/share/ament_index
creating /home/macho/navivest_ws/install/navivest_guidance/share/ament_index/resource_index
creating /home/macho/navivest_ws/install/navivest_guidance/share/ament_index/resource_index/packages
symbolically linking /home/macho/navivest_ws/build/navivest_guidance/resource/navivest_guidance -> /home/macho/navivest_ws/install/navivest_guidance/share/ament_index/resource_index/packages
symbolically linking /home/macho/navivest_ws/build/navivest_guidance/package.xml -> /home/macho/navivest_ws/install/navivest_guidance/share/navivest_guidance
