-- The C compiler identification is GNU 13.3.0
-- The CXX compiler identification is GNU 13.3.0
-- Detecting C compiler ABI info
-- Detecting C compiler ABI info - done
-- Check for working C compiler: /usr/bin/cc - skipped
-- Detecting C compile features
-- Detecting C compile features - done
-- Detecting CXX compiler ABI info
-- Detecting CXX compiler ABI info - done
-- Check for working CXX compiler: /usr/bin/c++ - skipped
-- Detecting CXX compile features
-- Detecting CXX compile features - done
-- Found ament_cmake: 2.5.6 (/opt/ros/jazzy/share/ament_cmake/cmake)
-- Found Python3: /usr/bin/python3 (found version "3.12.3") found components: Interpreter 
-- Override CMake install command with custom implementation using symlinks instead of copying resources
-- Found builtin_interfaces: 2.0.3 (/opt/ros/jazzy/share/builtin_interfaces/cmake)
-- Found rosidl_generator_c: 4.6.7 (/opt/ros/jazzy/share/rosidl_generator_c/cmake)
-- Found rosidl_generator_cpp: 4.6.7 (/opt/ros/jazzy/share/rosidl_generator_cpp/cmake)
-- Using all available rosidl_typesupport_c: rosidl_typesupport_fastrtps_c;rosidl_typesupport_introspection_c
-- Using all available rosidl_typesupport_cpp: rosidl_typesupport_fastrtps_cpp;rosidl_typesupport_introspection_cpp
-- Found rosidl_default_generators: 1.6.0 (/opt/ros/jazzy/share/rosidl_default_generators/cmake)
-- Found rosidl_adapter: 4.6.7 (/opt/ros/jazzy/share/rosidl_adapter/cmake)
-- Found std_msgs: 5.3.7 (/opt/ros/jazzy/share/std_msgs/cmake)
-- Found ament_cmake_cppcheck: 0.17.5 (/opt/ros/jazzy/share/ament_cmake_cppcheck/cmake)
-- Found ament_cmake_cpplint: 0.17.5 (/opt/ros/jazzy/share/ament_cmake_cpplint/cmake)
-- Found ament_cmake_uncrustify: 0.17.5 (/opt/ros/jazzy/share/ament_cmake_uncrustify/cmake)
-- Found ament_cmake_ros: 0.12.0 (/opt/ros/jazzy/share/ament_cmake_ros/cmake)
-- Using all available rosidl_typesupport_c: rosidl_typesupport_fastrtps_c;rosidl_typesupport_introspection_c
-- Using all available rosidl_typesupport_cpp: rosidl_typesupport_fastrtps_cpp;rosidl_typesupport_introspection_cpp
-- Found python_cmake_module: 0.11.1 (/opt/ros/jazzy/share/python_cmake_module/cmake)
-- Found PythonExtra: /usr/bin/python3  
-- Found Python3: /usr/bin/python3 (found version "3.12.3") found components: Interpreter Development NumPy Development.Module Development.Embed 
-- Found ament_cmake_flake8: 0.17.5 (/opt/ros/jazzy/share/ament_cmake_flake8/cmake)
-- Found ament_cmake_pep257: 0.17.5 (/opt/ros/jazzy/share/ament_cmake_pep257/cmake)
-- Found Python3: /usr/bin/python3 (found version "3.12.3") found components: Interpreter 
-- Found ament_lint_auto: 0.17.5 (/opt/ros/jazzy/share/ament_lint_auto/cmake)
-- Added test 'copyright' to check source files copyright and LICENSE
-- Added test 'lint_cmake' to check CMake code style
-- Added test 'xmllint' to check XML markup files
-- Configuring done (6.8s)
-- Generating done (0.1s)
-- Build files have been written to: /home/macho/navivest_ws/build/bond
[  2%] Generating type hashes for ROS interfaces
[  4%] Generating Rust code for ROS interfaces
[  4%] Built target ament_cmake_python_symlink_bond
running egg_info
creating bond.egg-info
writing bond.egg-info/PKG-INFO
writing dependency_links to bond.egg-info/dependency_links.txt
writing top-level names to bond.egg-info/top_level.txt
writing manifest file 'bond.egg-info/SOURCES.txt'
[  4%] Built target bond__rosidl_generator_type_description
[  6%] Generating C code for ROS interfaces
[  8%] Generating C++ code for ROS interfaces
reading manifest file 'bond.egg-info/SOURCES.txt'
writing manifest file 'bond.egg-info/SOURCES.txt'
[  8%] Built target ament_cmake_python_build_bond_egg
[  8%] Built target bond__rs
[  8%] Built target bond__cpp
[ 11%] Building C object CMakeFiles/bond__rosidl_generator_c.dir/rosidl_generator_c/bond/msg/detail/constants__description.c.o
[ 17%] Building C object CMakeFiles/bond__rosidl_generator_c.dir/rosidl_generator_c/bond/msg/detail/status__functions.c.o
[ 20%] Building C object CMakeFiles/bond__rosidl_generator_c.dir/rosidl_generator_c/bond/msg/detail/status__type_support.c.o
[ 17%] Building C object CMakeFiles/bond__rosidl_generator_c.dir/rosidl_generator_c/bond/msg/detail/status__description.c.o
[ 22%] Building C object CMakeFiles/bond__rosidl_generator_c.dir/rosidl_generator_c/bond/msg/detail/constants__type_support.c.o
[ 17%] Building C object CMakeFiles/bond__rosidl_generator_c.dir/rosidl_generator_c/bond/msg/detail/constants__functions.c.o
[ 24%] Linking C shared library libbond__rosidl_generator_c.so
[ 24%] Built target bond__rosidl_generator_c
[ 26%] Generating C++ introspection for ROS interfaces
[ 28%] Generating C type support dispatch for ROS interfaces
[ 31%] Generating C introspection for ROS interfaces
[ 33%] Generating C++ type support dispatch for ROS interfaces
[ 37%] Generating C type support for eProsima Fast-RTPS
[ 35%] Generating C++ type support for eProsima Fast-RTPS
[ 40%] Building CXX object CMakeFiles/bond__rosidl_typesupport_fastrtps_c.dir/rosidl_typesupport_fastrtps_c/bond/msg/detail/constants__type_support_c.cpp.o
[ 42%] Building CXX object CMakeFiles/bond__rosidl_typesupport_fastrtps_c.dir/rosidl_typesupport_fastrtps_c/bond/msg/detail/status__type_support_c.cpp.o
[ 44%] Building CXX object CMakeFiles/bond__rosidl_typesupport_cpp.dir/rosidl_typesupport_cpp/bond/msg/constants__type_support.cpp.o
[ 46%] Building CXX object CMakeFiles/bond__rosidl_typesupport_cpp.dir/rosidl_typesupport_cpp/bond/msg/status__type_support.cpp.o
[ 48%] Building CXX object CMakeFiles/bond__rosidl_typesupport_fastrtps_cpp.dir/rosidl_typesupport_fastrtps_cpp/bond/msg/detail/dds_fastrtps/constants__type_support.cpp.o
[ 51%] Building CXX object CMakeFiles/bond__rosidl_typesupport_fastrtps_cpp.dir/rosidl_typesupport_fastrtps_cpp/bond/msg/detail/dds_fastrtps/status__type_support.cpp.o
[ 53%] Building CXX object CMakeFiles/bond__rosidl_typesupport_c.dir/rosidl_typesupport_c/bond/msg/status__type_support.cpp.o
[ 55%] Building CXX object CMakeFiles/bond__rosidl_typesupport_c.dir/rosidl_typesupport_c/bond/msg/constants__type_support.cpp.o
[ 57%] Building C object CMakeFiles/bond__rosidl_typesupport_introspection_c.dir/rosidl_typesupport_introspection_c/bond/msg/detail/status__type_support.c.o
[ 60%] Building C object CMakeFiles/bond__rosidl_typesupport_introspection_c.dir/rosidl_typesupport_introspection_c/bond/msg/detail/constants__type_support.c.o
[ 62%] Building CXX object CMakeFiles/bond__rosidl_typesupport_introspection_cpp.dir/rosidl_typesupport_introspection_cpp/bond/msg/detail/constants__type_support.cpp.o
[ 64%] Building CXX object CMakeFiles/bond__rosidl_typesupport_introspection_cpp.dir/rosidl_typesupport_introspection_cpp/bond/msg/detail/status__type_support.cpp.o
[ 66%] Linking C shared library libbond__rosidl_typesupport_introspection_c.so
[ 68%] Linking CXX shared library libbond__rosidl_typesupport_c.so
[ 68%] Built target bond__rosidl_typesupport_introspection_c
[ 68%] Built target bond__rosidl_typesupport_c
[ 71%] Linking CXX shared library libbond__rosidl_typesupport_cpp.so
[ 73%] Linking CXX shared library libbond__rosidl_typesupport_fastrtps_c.so
[ 73%] Built target bond__rosidl_typesupport_cpp
[ 75%] Linking CXX shared library libbond__rosidl_typesupport_introspection_cpp.so
[ 75%] Built target bond__rosidl_typesupport_introspection_cpp
[ 75%] Built target bond__rosidl_typesupport_fastrtps_c
[ 77%] Linking CXX shared library libbond__rosidl_typesupport_fastrtps_cpp.so
[ 77%] Built target bond__rosidl_typesupport_fastrtps_cpp
[ 77%] Built target bond
[ 80%] Generating Python code for ROS interfaces
[ 80%] Built target bond__py
[ 82%] Building C object CMakeFiles/bond__rosidl_generator_py.dir/rosidl_generator_py/bond/msg/_constants_s.c.o
[ 84%] Building C object CMakeFiles/bond__rosidl_generator_py.dir/rosidl_generator_py/bond/msg/_status_s.c.o
[ 86%] Linking C shared library libbond__rosidl_generator_py.so
[ 86%] Built target bond__rosidl_generator_py
[ 88%] Building C object CMakeFiles/bond_s__rosidl_typesupport_fastrtps_c.dir/rosidl_generator_py/bond/_bond_s.ep.rosidl_typesupport_fastrtps_c.c.o
[ 91%] Building C object CMakeFiles/bond_s__rosidl_typesupport_introspection_c.dir/rosidl_generator_py/bond/_bond_s.ep.rosidl_typesupport_introspection_c.c.o
[ 93%] Building C object CMakeFiles/bond_s__rosidl_typesupport_c.dir/rosidl_generator_py/bond/_bond_s.ep.rosidl_typesupport_c.c.o
[ 95%] Linking C shared module rosidl_generator_py/bond/bond_s__rosidl_typesupport_fastrtps_c.so
[ 97%] Linking C shared module rosidl_generator_py/bond/bond_s__rosidl_typesupport_introspection_c.so
[100%] Linking C shared module rosidl_generator_py/bond/bond_s__rosidl_typesupport_c.so
[100%] Built target bond_s__rosidl_typesupport_fastrtps_c
[100%] Built target bond_s__rosidl_typesupport_c
[100%] Built target bond_s__rosidl_typesupport_introspection_c
-- Install configuration: ""
-- Execute custom install script
-- Symlinking: /home/macho/navivest_ws/install/bond/share/ament_index/resource_index/rosidl_interfaces/bond
-- Symlinking: /home/macho/navivest_ws/install/bond/share/bond/msg/Constants.json
-- Symlinking: /home/macho/navivest_ws/install/bond/share/bond/msg/Status.json
-- Symlinking: /home/macho/navivest_ws/install/bond/include/bond/bond/msg/constants.h
-- Symlinking: /home/macho/navivest_ws/install/bond/include/bond/bond/msg/detail/constants__functions.h
-- Symlinking: /home/macho/navivest_ws/install/bond/include/bond/bond/msg/detail/constants__struct.h
-- Symlinking: /home/macho/navivest_ws/install/bond/include/bond/bond/msg/detail/constants__type_support.h
-- Symlinking: /home/macho/navivest_ws/install/bond/include/bond/bond/msg/detail/status__functions.h
-- Symlinking: /home/macho/navivest_ws/install/bond/include/bond/bond/msg/detail/status__struct.h
-- Symlinking: /home/macho/navivest_ws/install/bond/include/bond/bond/msg/detail/status__type_support.h
-- Symlinking: /home/macho/navivest_ws/install/bond/include/bond/bond/msg/rosidl_generator_c__visibility_control.h
-- Symlinking: /home/macho/navivest_ws/install/bond/include/bond/bond/msg/status.h
-- Symlinking: /home/macho/navivest_ws/install/bond/share/bond/environment/library_path.sh
-- Symlinking: /home/macho/navivest_ws/install/bond/share/bond/environment/library_path.dsv
-- Symlinking: /home/macho/navivest_ws/install/bond/include/bond/bond/msg/detail/constants__rosidl_typesupport_fastrtps_c.h
-- Symlinking: /home/macho/navivest_ws/install/bond/include/bond/bond/msg/detail/status__rosidl_typesupport_fastrtps_c.h
-- Symlinking: /home/macho/navivest_ws/install/bond/include/bond/bond/msg/rosidl_typesupport_fastrtps_c__visibility_control.h
-- Symlinking: /home/macho/navivest_ws/install/bond/include/bond/bond/msg/constants.hpp
-- Symlinking: /home/macho/navivest_ws/install/bond/include/bond/bond/msg/detail/constants__builder.hpp
-- Symlinking: /home/macho/navivest_ws/install/bond/include/bond/bond/msg/detail/constants__struct.hpp
-- Symlinking: /home/macho/navivest_ws/install/bond/include/bond/bond/msg/detail/constants__traits.hpp
-- Symlinking: /home/macho/navivest_ws/install/bond/include/bond/bond/msg/detail/constants__type_support.hpp
-- Symlinking: /home/macho/navivest_ws/install/bond/include/bond/bond/msg/detail/status__builder.hpp
-- Symlinking: /home/macho/navivest_ws/install/bond/include/bond/bond/msg/detail/status__struct.hpp
-- Symlinking: /home/macho/navivest_ws/install/bond/include/bond/bond/msg/detail/status__traits.hpp
-- Symlinking: /home/macho/navivest_ws/install/bond/include/bond/bond/msg/detail/status__type_support.hpp
-- Symlinking: /home/macho/navivest_ws/install/bond/include/bond/bond/msg/rosidl_generator_cpp__visibility_control.hpp
-- Symlinking: /home/macho/navivest_ws/install/bond/include/bond/bond/msg/status.hpp
-- Symlinking: /home/macho/navivest_ws/install/bond/include/bond/bond/msg/detail/constants__rosidl_typesupport_fastrtps_cpp.hpp
-- Symlinking: /home/macho/navivest_ws/install/bond/include/bond/bond/msg/detail/status__rosidl_typesupport_fastrtps_cpp.hpp
-- Symlinking: /home/macho/navivest_ws/install/bond/include/bond/bond/msg/rosidl_typesupport_fastrtps_cpp__visibility_control.h
-- Symlinking: /home/macho/navivest_ws/install/bond/include/bond/bond/msg/detail/constants__rosidl_typesupport_introspection_c.h
-- Symlinking: /home/macho/navivest_ws/install/bond/include/bond/bond/msg/detail/status__rosidl_typesupport_introspection_c.h
-- Symlinking: /home/macho/navivest_ws/install/bond/include/bond/bond/msg/rosidl_typesupport_introspection_c__visibility_control.h
-- Symlinking: /home/macho/navivest_ws/install/bond/include/bond/bond/msg/detail/constants__rosidl_typesupport_introspection_cpp.hpp
-- Symlinking: /home/macho/navivest_ws/install/bond/include/bond/bond/msg/detail/status__rosidl_typesupport_introspection_cpp.hpp
-- Symlinking: /home/macho/navivest_ws/install/bond/share/bond/environment/pythonpath.sh
-- Symlinking: /home/macho/navivest_ws/install/bond/share/bond/environment/pythonpath.dsv
-- Symlinking: /home/macho/navivest_ws/install/bond/lib/python3.12/site-packages/bond-4.2.0-py3.12.egg-info/PKG-INFO
-- Symlinking: /home/macho/navivest_ws/install/bond/lib/python3.12/site-packages/bond-4.2.0-py3.12.egg-info/SOURCES.txt
-- Symlinking: /home/macho/navivest_ws/install/bond/lib/python3.12/site-packages/bond-4.2.0-py3.12.egg-info/dependency_links.txt
-- Symlinking: /home/macho/navivest_ws/install/bond/lib/python3.12/site-packages/bond-4.2.0-py3.12.egg-info/top_level.txt
-- Symlinking: /home/macho/navivest_ws/install/bond/lib/python3.12/site-packages/bond/__init__.py
-- Symlinking: /home/macho/navivest_ws/install/bond/lib/python3.12/site-packages/bond/_bond_s.ep.rosidl_typesupport_c.c
-- Symlinking: /home/macho/navivest_ws/install/bond/lib/python3.12/site-packages/bond/_bond_s.ep.rosidl_typesupport_fastrtps_c.c
-- Symlinking: /home/macho/navivest_ws/install/bond/lib/python3.12/site-packages/bond/_bond_s.ep.rosidl_typesupport_introspection_c.c
-- Symlinking: /home/macho/navivest_ws/install/bond/lib/python3.12/site-packages/bond/bond_s__rosidl_typesupport_c.so
-- Symlinking: /home/macho/navivest_ws/install/bond/lib/python3.12/site-packages/bond/bond_s__rosidl_typesupport_fastrtps_c.so
-- Symlinking: /home/macho/navivest_ws/install/bond/lib/python3.12/site-packages/bond/bond_s__rosidl_typesupport_introspection_c.so
-- Symlinking: /home/macho/navivest_ws/install/bond/lib/python3.12/site-packages/bond/msg/__init__.py
-- Symlinking: /home/macho/navivest_ws/install/bond/lib/python3.12/site-packages/bond/msg/_constants.py
-- Symlinking: /home/macho/navivest_ws/install/bond/lib/python3.12/site-packages/bond/msg/_constants_s.c
-- Symlinking: /home/macho/navivest_ws/install/bond/lib/python3.12/site-packages/bond/msg/_status.py
-- Symlinking: /home/macho/navivest_ws/install/bond/lib/python3.12/site-packages/bond/msg/_status_s.c
-- Up-to-date symlink: /home/macho/navivest_ws/install/bond/lib/python3.12/site-packages/bond/bond_s__rosidl_typesupport_fastrtps_c.so
-- Up-to-date symlink: /home/macho/navivest_ws/install/bond/lib/python3.12/site-packages/bond/bond_s__rosidl_typesupport_introspection_c.so
-- Up-to-date symlink: /home/macho/navivest_ws/install/bond/lib/python3.12/site-packages/bond/bond_s__rosidl_typesupport_c.so
-- Symlinking: /home/macho/navivest_ws/install/bond/share/ament_index/resource_index/rust_packages/bond
-- Symlinking: /home/macho/navivest_ws/install/bond/share/bond/rust/Cargo.toml
-- Symlinking: /home/macho/navivest_ws/install/bond/share/bond/rust/build.rs
-- Symlinking: /home/macho/navivest_ws/install/bond/share/bond/rust/src/lib.rs
-- Symlinking: /home/macho/navivest_ws/install/bond/share/bond/rust/src/msg.rs
-- Symlinking: /home/macho/navivest_ws/install/bond/share/bond/rust/src/msg/rmw.rs
-- Symlinking: /home/macho/navivest_ws/install/bond/share/bond/msg/Constants.idl
-- Symlinking: /home/macho/navivest_ws/install/bond/share/bond/msg/Status.idl
-- Symlinking: /home/macho/navivest_ws/install/bond/share/bond/msg/Constants.msg
-- Symlinking: /home/macho/navivest_ws/install/bond/share/bond/msg/Status.msg
-- Symlinking: /home/macho/navivest_ws/install/bond/share/ament_index/resource_index/package_run_dependencies/bond
-- Symlinking: /home/macho/navivest_ws/install/bond/share/ament_index/resource_index/parent_prefix_path/bond
-- Symlinking: /home/macho/navivest_ws/install/bond/share/bond/environment/ament_prefix_path.sh
-- Symlinking: /home/macho/navivest_ws/install/bond/share/bond/environment/ament_prefix_path.dsv
-- Symlinking: /home/macho/navivest_ws/install/bond/share/bond/environment/path.sh
-- Symlinking: /home/macho/navivest_ws/install/bond/share/bond/environment/path.dsv
-- Symlinking: /home/macho/navivest_ws/install/bond/share/bond/local_setup.bash
-- Symlinking: /home/macho/navivest_ws/install/bond/share/bond/local_setup.sh
-- Symlinking: /home/macho/navivest_ws/install/bond/share/bond/local_setup.zsh
-- Symlinking: /home/macho/navivest_ws/install/bond/share/bond/local_setup.dsv
-- Symlinking: /home/macho/navivest_ws/install/bond/share/bond/package.dsv
-- Symlinking: /home/macho/navivest_ws/install/bond/share/ament_index/resource_index/packages/bond
-- Symlinking: /home/macho/navivest_ws/install/bond/share/bond/cmake/rosidl_cmake-extras.cmake
-- Symlinking: /home/macho/navivest_ws/install/bond/share/bond/cmake/ament_cmake_export_dependencies-extras.cmake
-- Symlinking: /home/macho/navivest_ws/install/bond/share/bond/cmake/ament_cmake_export_include_directories-extras.cmake
-- Symlinking: /home/macho/navivest_ws/install/bond/share/bond/cmake/ament_cmake_export_libraries-extras.cmake
-- Symlinking: /home/macho/navivest_ws/install/bond/share/bond/cmake/ament_cmake_export_targets-extras.cmake
-- Symlinking: /home/macho/navivest_ws/install/bond/share/bond/cmake/rosidl_cmake_export_typesupport_targets-extras.cmake
-- Symlinking: /home/macho/navivest_ws/install/bond/share/bond/cmake/rosidl_cmake_export_typesupport_libraries-extras.cmake
-- Symlinking: /home/macho/navivest_ws/install/bond/share/bond/cmake/bondConfig.cmake
-- Symlinking: /home/macho/navivest_ws/install/bond/share/bond/cmake/bondConfig-version.cmake
-- Symlinking: /home/macho/navivest_ws/install/bond/share/bond/package.xml
-- Installing: /home/macho/navivest_ws/install/bond/lib/libbond__rosidl_generator_c.so
-- Set non-toolchain portion of runtime path of "/home/macho/navivest_ws/install/bond/lib/libbond__rosidl_generator_c.so" to ""
-- Installing: /home/macho/navivest_ws/install/bond/lib/libbond__rosidl_typesupport_fastrtps_c.so
-- Set non-toolchain portion of runtime path of "/home/macho/navivest_ws/install/bond/lib/libbond__rosidl_typesupport_fastrtps_c.so" to ""
-- Installing: /home/macho/navivest_ws/install/bond/lib/libbond__rosidl_typesupport_fastrtps_cpp.so
-- Set non-toolchain portion of runtime path of "/home/macho/navivest_ws/install/bond/lib/libbond__rosidl_typesupport_fastrtps_cpp.so" to ""
-- Installing: /home/macho/navivest_ws/install/bond/lib/libbond__rosidl_typesupport_introspection_c.so
-- Set non-toolchain portion of runtime path of "/home/macho/navivest_ws/install/bond/lib/libbond__rosidl_typesupport_introspection_c.so" to ""
-- Installing: /home/macho/navivest_ws/install/bond/lib/libbond__rosidl_typesupport_c.so
-- Set non-toolchain portion of runtime path of "/home/macho/navivest_ws/install/bond/lib/libbond__rosidl_typesupport_c.so" to ""
-- Installing: /home/macho/navivest_ws/install/bond/lib/libbond__rosidl_typesupport_introspection_cpp.so
-- Set non-toolchain portion of runtime path of "/home/macho/navivest_ws/install/bond/lib/libbond__rosidl_typesupport_introspection_cpp.so" to ""
-- Installing: /home/macho/navivest_ws/install/bond/lib/libbond__rosidl_typesupport_cpp.so
-- Set non-toolchain portion of runtime path of "/home/macho/navivest_ws/install/bond/lib/libbond__rosidl_typesupport_cpp.so" to ""
Listing '/home/macho/navivest_ws/install/bond/lib/python3.12/site-packages/bond'...
Compiling '/home/macho/navivest_ws/install/bond/lib/python3.12/site-packages/bond/__init__.py'...
Listing '/home/macho/navivest_ws/install/bond/lib/python3.12/site-packages/bond/msg'...
Compiling '/home/macho/navivest_ws/install/bond/lib/python3.12/site-packages/bond/msg/__init__.py'...
Compiling '/home/macho/navivest_ws/install/bond/lib/python3.12/site-packages/bond/msg/_constants.py'...
Compiling '/home/macho/navivest_ws/install/bond/lib/python3.12/site-packages/bond/msg/_status.py'...
-- Installing: /home/macho/navivest_ws/install/bond/lib/libbond__rosidl_generator_py.so
-- Set non-toolchain portion of runtime path of "/home/macho/navivest_ws/install/bond/lib/libbond__rosidl_generator_py.so" to ""
-- Installing: /home/macho/navivest_ws/install/bond/share/bond/cmake/export_bond__rosidl_generator_cExport.cmake
-- Installing: /home/macho/navivest_ws/install/bond/share/bond/cmake/export_bond__rosidl_generator_cExport-noconfig.cmake
-- Installing: /home/macho/navivest_ws/install/bond/share/bond/cmake/export_bond__rosidl_typesupport_fastrtps_cExport.cmake
-- Installing: /home/macho/navivest_ws/install/bond/share/bond/cmake/export_bond__rosidl_typesupport_fastrtps_cExport-noconfig.cmake
-- Installing: /home/macho/navivest_ws/install/bond/share/bond/cmake/export_bond__rosidl_generator_cppExport.cmake
-- Installing: /home/macho/navivest_ws/install/bond/share/bond/cmake/export_bond__rosidl_typesupport_fastrtps_cppExport.cmake
-- Installing: /home/macho/navivest_ws/install/bond/share/bond/cmake/export_bond__rosidl_typesupport_fastrtps_cppExport-noconfig.cmake
-- Installing: /home/macho/navivest_ws/install/bond/share/bond/cmake/bond__rosidl_typesupport_introspection_cExport.cmake
-- Installing: /home/macho/navivest_ws/install/bond/share/bond/cmake/bond__rosidl_typesupport_introspection_cExport-noconfig.cmake
-- Installing: /home/macho/navivest_ws/install/bond/share/bond/cmake/bond__rosidl_typesupport_cExport.cmake
-- Installing: /home/macho/navivest_ws/install/bond/share/bond/cmake/bond__rosidl_typesupport_cExport-noconfig.cmake
-- Installing: /home/macho/navivest_ws/install/bond/share/bond/cmake/bond__rosidl_typesupport_introspection_cppExport.cmake
-- Installing: /home/macho/navivest_ws/install/bond/share/bond/cmake/bond__rosidl_typesupport_introspection_cppExport-noconfig.cmake
-- Installing: /home/macho/navivest_ws/install/bond/share/bond/cmake/bond__rosidl_typesupport_cppExport.cmake
-- Installing: /home/macho/navivest_ws/install/bond/share/bond/cmake/bond__rosidl_typesupport_cppExport-noconfig.cmake
-- Installing: /home/macho/navivest_ws/install/bond/share/bond/cmake/export_bond__rosidl_generator_pyExport.cmake
-- Installing: /home/macho/navivest_ws/install/bond/share/bond/cmake/export_bond__rosidl_generator_pyExport-noconfig.cmake
