[0.027s] Invoking command in '/home/macho/navivest_ws/build/bond': CMAKE_PREFIX_PATH=${CMAKE_PREFIX_PATH}:/home/macho/navivest_ws/install/nav2_loopback_sim:/home/macho/navivest_ws/install/navivest_bringup:/home/macho/navivest_ws/install/bondpy:/home/macho/navivest_ws/install/navivest_guidance:/home/macho/navivest_ws/install/nav2_simple_commander:/opt/ros/jazzy DEBUGINFOD_URLS=https://debuginfod.ubuntu.com /usr/bin/cmake /home/macho/navivest_ws/src/bond_core/bond -DAMENT_CMAKE_SYMLINK_INSTALL=1 -DCMAKE_INSTALL_PREFIX=/home/macho/navivest_ws/install/bond
[0.074s] -- The C compiler identification is GNU 13.3.0
[0.143s] -- The CXX compiler identification is GNU 13.3.0
[0.150s] -- Detecting C compiler ABI info
[0.247s] -- Detecting C compiler ABI info - done
[0.255s] -- Check for working C compiler: /usr/bin/cc - skipped
[0.255s] -- Detecting C compile features
[0.255s] -- Detecting C compile features - done
[0.266s] -- Detecting CXX compiler ABI info
[0.375s] -- Detecting CXX compiler ABI info - done
[0.384s] -- Check for working CXX compiler: /usr/bin/c++ - skipped
[0.384s] -- Detecting CXX compile features
[0.385s] -- Detecting CXX compile features - done
[0.391s] -- Found ament_cmake: 2.5.6 (/opt/ros/jazzy/share/ament_cmake/cmake)
[0.581s] -- Found Python3: /usr/bin/python3 (found version "3.12.3") found components: Interpreter 
[0.635s] -- Override CMake install command with custom implementation using symlinks instead of copying resources
[0.685s] -- Found builtin_interfaces: 2.0.3 (/opt/ros/jazzy/share/builtin_interfaces/cmake)
[0.729s] -- Found rosidl_generator_c: 4.6.7 (/opt/ros/jazzy/share/rosidl_generator_c/cmake)
[0.744s] -- Found rosidl_generator_cpp: 4.6.7 (/opt/ros/jazzy/share/rosidl_generator_cpp/cmake)
[0.763s] -- Using all available rosidl_typesupport_c: rosidl_typesupport_fastrtps_c;rosidl_typesupport_introspection_c
[0.782s] -- Using all available rosidl_typesupport_cpp: rosidl_typesupport_fastrtps_cpp;rosidl_typesupport_introspection_cpp
[0.801s] -- Found rosidl_default_generators: 1.6.0 (/opt/ros/jazzy/share/rosidl_default_generators/cmake)
[0.827s] -- Found rosidl_adapter: 4.6.7 (/opt/ros/jazzy/share/rosidl_adapter/cmake)
[0.832s] -- Found std_msgs: 5.3.7 (/opt/ros/jazzy/share/std_msgs/cmake)
[1.535s] -- Found ament_cmake_cppcheck: 0.17.5 (/opt/ros/jazzy/share/ament_cmake_cppcheck/cmake)
[1.542s] -- Found ament_cmake_cpplint: 0.17.5 (/opt/ros/jazzy/share/ament_cmake_cpplint/cmake)
[1.550s] -- Found ament_cmake_uncrustify: 0.17.5 (/opt/ros/jazzy/share/ament_cmake_uncrustify/cmake)
[1.563s] -- Found ament_cmake_ros: 0.12.0 (/opt/ros/jazzy/share/ament_cmake_ros/cmake)
[3.754s] -- Using all available rosidl_typesupport_c: rosidl_typesupport_fastrtps_c;rosidl_typesupport_introspection_c
[4.517s] -- Using all available rosidl_typesupport_cpp: rosidl_typesupport_fastrtps_cpp;rosidl_typesupport_introspection_cpp
[4.537s] -- Found python_cmake_module: 0.11.1 (/opt/ros/jazzy/share/python_cmake_module/cmake)
[4.898s] -- Found PythonExtra: /usr/bin/python3  
[6.405s] -- Found Python3: /usr/bin/python3 (found version "3.12.3") found components: Interpreter Development NumPy Development.Module Development.Embed 
[6.599s] -- Found ament_cmake_flake8: 0.17.5 (/opt/ros/jazzy/share/ament_cmake_flake8/cmake)
[6.612s] -- Found ament_cmake_pep257: 0.17.5 (/opt/ros/jazzy/share/ament_cmake_pep257/cmake)
[6.767s] -- Found Python3: /usr/bin/python3 (found version "3.12.3") found components: Interpreter 
[6.790s] -- Found ament_lint_auto: 0.17.5 (/opt/ros/jazzy/share/ament_lint_auto/cmake)
[6.837s] -- Added test 'copyright' to check source files copyright and LICENSE
[6.846s] -- Added test 'lint_cmake' to check CMake code style
[6.854s] -- Added test 'xmllint' to check XML markup files
[6.865s] -- Configuring done (6.8s)
[6.984s] -- Generating done (0.1s)
[6.999s] -- Build files have been written to: /home/macho/navivest_ws/build/bond
[7.034s] Invoked command in '/home/macho/navivest_ws/build/bond' returned '0': CMAKE_PREFIX_PATH=${CMAKE_PREFIX_PATH}:/home/macho/navivest_ws/install/nav2_loopback_sim:/home/macho/navivest_ws/install/navivest_bringup:/home/macho/navivest_ws/install/bondpy:/home/macho/navivest_ws/install/navivest_guidance:/home/macho/navivest_ws/install/nav2_simple_commander:/opt/ros/jazzy DEBUGINFOD_URLS=https://debuginfod.ubuntu.com /usr/bin/cmake /home/macho/navivest_ws/src/bond_core/bond -DAMENT_CMAKE_SYMLINK_INSTALL=1 -DCMAKE_INSTALL_PREFIX=/home/macho/navivest_ws/install/bond
[7.042s] Invoking command in '/home/macho/navivest_ws/build/bond': CMAKE_PREFIX_PATH=${CMAKE_PREFIX_PATH}:/home/macho/navivest_ws/install/nav2_loopback_sim:/home/macho/navivest_ws/install/navivest_bringup:/home/macho/navivest_ws/install/bondpy:/home/macho/navivest_ws/install/navivest_guidance:/home/macho/navivest_ws/install/nav2_simple_commander:/opt/ros/jazzy DEBUGINFOD_URLS=https://debuginfod.ubuntu.com /usr/bin/cmake --build /home/macho/navivest_ws/build/bond -- -j16 -l16
[7.222s] [  2%] Generating type hashes for ROS interfaces
[7.228s] [  4%] Generating Rust code for ROS interfaces
[7.254s] [  4%] Built target ament_cmake_python_symlink_bond
[7.774s] running egg_info
[7.775s] creating bond.egg-info
[7.823s] writing bond.egg-info/PKG-INFO
[7.830s] writing dependency_links to bond.egg-info/dependency_links.txt
[7.830s] writing top-level names to bond.egg-info/top_level.txt
[7.830s] writing manifest file 'bond.egg-info/SOURCES.txt'
[7.843s] [  4%] Built target bond__rosidl_generator_type_description
[7.891s] [  6%] Generating C code for ROS interfaces
[7.945s] [  8%] Generating C++ code for ROS interfaces
[7.972s] reading manifest file 'bond.egg-info/SOURCES.txt'
[7.979s] writing manifest file 'bond.egg-info/SOURCES.txt'
[8.128s] [  8%] Built target ament_cmake_python_build_bond_egg
[8.250s] [  8%] Built target bond__rs
[8.613s] [  8%] Built target bond__cpp
[9.146s] [ 11%] Building C object CMakeFiles/bond__rosidl_generator_c.dir/rosidl_generator_c/bond/msg/detail/constants__description.c.o
[9.155s] [ 17%] Building C object CMakeFiles/bond__rosidl_generator_c.dir/rosidl_generator_c/bond/msg/detail/status__functions.c.o
[9.157s] [ 20%] Building C object CMakeFiles/bond__rosidl_generator_c.dir/rosidl_generator_c/bond/msg/detail/status__type_support.c.o
[9.157s] [ 17%] Building C object CMakeFiles/bond__rosidl_generator_c.dir/rosidl_generator_c/bond/msg/detail/status__description.c.o
[9.167s] [ 22%] Building C object CMakeFiles/bond__rosidl_generator_c.dir/rosidl_generator_c/bond/msg/detail/constants__type_support.c.o
[9.167s] [ 17%] Building C object CMakeFiles/bond__rosidl_generator_c.dir/rosidl_generator_c/bond/msg/detail/constants__functions.c.o
[9.368s] [ 24%] Linking C shared library libbond__rosidl_generator_c.so
[9.551s] [ 24%] Built target bond__rosidl_generator_c
[9.598s] [ 26%] Generating C++ introspection for ROS interfaces
[9.601s] [ 28%] Generating C type support dispatch for ROS interfaces
[9.608s] [ 31%] Generating C introspection for ROS interfaces
[9.613s] [ 33%] Generating C++ type support dispatch for ROS interfaces
[9.628s] [ 37%] Generating C type support for eProsima Fast-RTPS
[9.628s] [ 35%] Generating C++ type support for eProsima Fast-RTPS
[10.364s] [ 40%] Building CXX object CMakeFiles/bond__rosidl_typesupport_fastrtps_c.dir/rosidl_typesupport_fastrtps_c/bond/msg/detail/constants__type_support_c.cpp.o
[10.371s] [ 42%] Building CXX object CMakeFiles/bond__rosidl_typesupport_fastrtps_c.dir/rosidl_typesupport_fastrtps_c/bond/msg/detail/status__type_support_c.cpp.o
[10.606s] [ 44%] Building CXX object CMakeFiles/bond__rosidl_typesupport_cpp.dir/rosidl_typesupport_cpp/bond/msg/constants__type_support.cpp.o
[10.615s] [ 46%] Building CXX object CMakeFiles/bond__rosidl_typesupport_cpp.dir/rosidl_typesupport_cpp/bond/msg/status__type_support.cpp.o
[10.642s] [ 48%] Building CXX object CMakeFiles/bond__rosidl_typesupport_fastrtps_cpp.dir/rosidl_typesupport_fastrtps_cpp/bond/msg/detail/dds_fastrtps/constants__type_support.cpp.o
[10.657s] [ 51%] Building CXX object CMakeFiles/bond__rosidl_typesupport_fastrtps_cpp.dir/rosidl_typesupport_fastrtps_cpp/bond/msg/detail/dds_fastrtps/status__type_support.cpp.o
[10.814s] [ 53%] Building CXX object CMakeFiles/bond__rosidl_typesupport_c.dir/rosidl_typesupport_c/bond/msg/status__type_support.cpp.o
[10.821s] [ 55%] Building CXX object CMakeFiles/bond__rosidl_typesupport_c.dir/rosidl_typesupport_c/bond/msg/constants__type_support.cpp.o
[10.824s] [ 57%] Building C object CMakeFiles/bond__rosidl_typesupport_introspection_c.dir/rosidl_typesupport_introspection_c/bond/msg/detail/status__type_support.c.o
[10.828s] [ 60%] Building C object CMakeFiles/bond__rosidl_typesupport_introspection_c.dir/rosidl_typesupport_introspection_c/bond/msg/detail/constants__type_support.c.o
[10.922s] [ 62%] Building CXX object CMakeFiles/bond__rosidl_typesupport_introspection_cpp.dir/rosidl_typesupport_introspection_cpp/bond/msg/detail/constants__type_support.cpp.o
[10.927s] [ 64%] Building CXX object CMakeFiles/bond__rosidl_typesupport_introspection_cpp.dir/rosidl_typesupport_introspection_cpp/bond/msg/detail/status__type_support.cpp.o
[10.997s] [ 66%] Linking C shared library libbond__rosidl_typesupport_introspection_c.so
[11.008s] [ 68%] Linking CXX shared library libbond__rosidl_typesupport_c.so
[11.133s] [ 68%] Built target bond__rosidl_typesupport_introspection_c
[11.244s] [ 68%] Built target bond__rosidl_typesupport_c
[11.731s] [ 71%] Linking CXX shared library libbond__rosidl_typesupport_cpp.so
[11.817s] [ 73%] Linking CXX shared library libbond__rosidl_typesupport_fastrtps_c.so
[11.878s] [ 73%] Built target bond__rosidl_typesupport_cpp
[11.936s] [ 75%] Linking CXX shared library libbond__rosidl_typesupport_introspection_cpp.so
[12.173s] [ 75%] Built target bond__rosidl_typesupport_introspection_cpp
[12.221s] [ 75%] Built target bond__rosidl_typesupport_fastrtps_c
[12.226s] [ 77%] Linking CXX shared library libbond__rosidl_typesupport_fastrtps_cpp.so
[12.528s] [ 77%] Built target bond__rosidl_typesupport_fastrtps_cpp
[12.623s] [ 77%] Built target bond
[12.722s] [ 80%] Generating Python code for ROS interfaces
[14.741s] [ 80%] Built target bond__py
[14.868s] [ 82%] Building C object CMakeFiles/bond__rosidl_generator_py.dir/rosidl_generator_py/bond/msg/_constants_s.c.o
[14.871s] [ 84%] Building C object CMakeFiles/bond__rosidl_generator_py.dir/rosidl_generator_py/bond/msg/_status_s.c.o
[15.439s] [ 86%] Linking C shared library libbond__rosidl_generator_py.so
[15.664s] [ 86%] Built target bond__rosidl_generator_py
[15.748s] [ 88%] Building C object CMakeFiles/bond_s__rosidl_typesupport_fastrtps_c.dir/rosidl_generator_py/bond/_bond_s.ep.rosidl_typesupport_fastrtps_c.c.o
[15.760s] [ 91%] Building C object CMakeFiles/bond_s__rosidl_typesupport_introspection_c.dir/rosidl_generator_py/bond/_bond_s.ep.rosidl_typesupport_introspection_c.c.o
[15.767s] [ 93%] Building C object CMakeFiles/bond_s__rosidl_typesupport_c.dir/rosidl_generator_py/bond/_bond_s.ep.rosidl_typesupport_c.c.o
[16.078s] [ 95%] Linking C shared module rosidl_generator_py/bond/bond_s__rosidl_typesupport_fastrtps_c.so
[16.144s] [ 97%] Linking C shared module rosidl_generator_py/bond/bond_s__rosidl_typesupport_introspection_c.so
[16.181s] [100%] Linking C shared module rosidl_generator_py/bond/bond_s__rosidl_typesupport_c.so
[16.230s] [100%] Built target bond_s__rosidl_typesupport_fastrtps_c
[16.282s] [100%] Built target bond_s__rosidl_typesupport_c
[16.304s] [100%] Built target bond_s__rosidl_typesupport_introspection_c
[16.359s] Invoked command in '/home/macho/navivest_ws/build/bond' returned '0': CMAKE_PREFIX_PATH=${CMAKE_PREFIX_PATH}:/home/macho/navivest_ws/install/nav2_loopback_sim:/home/macho/navivest_ws/install/navivest_bringup:/home/macho/navivest_ws/install/bondpy:/home/macho/navivest_ws/install/navivest_guidance:/home/macho/navivest_ws/install/nav2_simple_commander:/opt/ros/jazzy DEBUGINFOD_URLS=https://debuginfod.ubuntu.com /usr/bin/cmake --build /home/macho/navivest_ws/build/bond -- -j16 -l16
[16.359s] Invoking command in '/home/macho/navivest_ws/build/bond': CMAKE_PREFIX_PATH=${CMAKE_PREFIX_PATH}:/home/macho/navivest_ws/install/nav2_loopback_sim:/home/macho/navivest_ws/install/navivest_bringup:/home/macho/navivest_ws/install/bondpy:/home/macho/navivest_ws/install/navivest_guidance:/home/macho/navivest_ws/install/nav2_simple_commander:/opt/ros/jazzy DEBUGINFOD_URLS=https://debuginfod.ubuntu.com /usr/bin/cmake --install /home/macho/navivest_ws/build/bond
[16.411s] -- Install configuration: ""
[16.411s] -- Execute custom install script
[16.411s] -- Symlinking: /home/macho/navivest_ws/install/bond/share/ament_index/resource_index/rosidl_interfaces/bond
[16.445s] -- Symlinking: /home/macho/navivest_ws/install/bond/share/bond/msg/Constants.json
[16.498s] -- Symlinking: /home/macho/navivest_ws/install/bond/share/bond/msg/Status.json
[16.528s] -- Symlinking: /home/macho/navivest_ws/install/bond/include/bond/bond/msg/constants.h
[16.546s] -- Symlinking: /home/macho/navivest_ws/install/bond/include/bond/bond/msg/detail/constants__functions.h
[16.560s] -- Symlinking: /home/macho/navivest_ws/install/bond/include/bond/bond/msg/detail/constants__struct.h
[16.584s] -- Symlinking: /home/macho/navivest_ws/install/bond/include/bond/bond/msg/detail/constants__type_support.h
[16.599s] -- Symlinking: /home/macho/navivest_ws/install/bond/include/bond/bond/msg/detail/status__functions.h
[16.619s] -- Symlinking: /home/macho/navivest_ws/install/bond/include/bond/bond/msg/detail/status__struct.h
[16.650s] -- Symlinking: /home/macho/navivest_ws/install/bond/include/bond/bond/msg/detail/status__type_support.h
[16.666s] -- Symlinking: /home/macho/navivest_ws/install/bond/include/bond/bond/msg/rosidl_generator_c__visibility_control.h
[16.700s] -- Symlinking: /home/macho/navivest_ws/install/bond/include/bond/bond/msg/status.h
[16.729s] -- Symlinking: /home/macho/navivest_ws/install/bond/share/bond/environment/library_path.sh
[16.762s] -- Symlinking: /home/macho/navivest_ws/install/bond/share/bond/environment/library_path.dsv
[16.799s] -- Symlinking: /home/macho/navivest_ws/install/bond/include/bond/bond/msg/detail/constants__rosidl_typesupport_fastrtps_c.h
[16.828s] -- Symlinking: /home/macho/navivest_ws/install/bond/include/bond/bond/msg/detail/status__rosidl_typesupport_fastrtps_c.h
[16.848s] -- Symlinking: /home/macho/navivest_ws/install/bond/include/bond/bond/msg/rosidl_typesupport_fastrtps_c__visibility_control.h
[16.873s] -- Symlinking: /home/macho/navivest_ws/install/bond/include/bond/bond/msg/constants.hpp
[16.917s] -- Symlinking: /home/macho/navivest_ws/install/bond/include/bond/bond/msg/detail/constants__builder.hpp
[16.968s] -- Symlinking: /home/macho/navivest_ws/install/bond/include/bond/bond/msg/detail/constants__struct.hpp
[17.010s] -- Symlinking: /home/macho/navivest_ws/install/bond/include/bond/bond/msg/detail/constants__traits.hpp
[17.047s] -- Symlinking: /home/macho/navivest_ws/install/bond/include/bond/bond/msg/detail/constants__type_support.hpp
[17.083s] -- Symlinking: /home/macho/navivest_ws/install/bond/include/bond/bond/msg/detail/status__builder.hpp
[17.117s] -- Symlinking: /home/macho/navivest_ws/install/bond/include/bond/bond/msg/detail/status__struct.hpp
[17.161s] -- Symlinking: /home/macho/navivest_ws/install/bond/include/bond/bond/msg/detail/status__traits.hpp
[17.206s] -- Symlinking: /home/macho/navivest_ws/install/bond/include/bond/bond/msg/detail/status__type_support.hpp
[17.249s] -- Symlinking: /home/macho/navivest_ws/install/bond/include/bond/bond/msg/rosidl_generator_cpp__visibility_control.hpp
[17.290s] -- Symlinking: /home/macho/navivest_ws/install/bond/include/bond/bond/msg/status.hpp
[17.345s] -- Symlinking: /home/macho/navivest_ws/install/bond/include/bond/bond/msg/detail/constants__rosidl_typesupport_fastrtps_cpp.hpp
[17.380s] -- Symlinking: /home/macho/navivest_ws/install/bond/include/bond/bond/msg/detail/status__rosidl_typesupport_fastrtps_cpp.hpp
[17.412s] -- Symlinking: /home/macho/navivest_ws/install/bond/include/bond/bond/msg/rosidl_typesupport_fastrtps_cpp__visibility_control.h
[17.446s] -- Symlinking: /home/macho/navivest_ws/install/bond/include/bond/bond/msg/detail/constants__rosidl_typesupport_introspection_c.h
[17.479s] -- Symlinking: /home/macho/navivest_ws/install/bond/include/bond/bond/msg/detail/status__rosidl_typesupport_introspection_c.h
[17.517s] -- Symlinking: /home/macho/navivest_ws/install/bond/include/bond/bond/msg/rosidl_typesupport_introspection_c__visibility_control.h
[17.567s] -- Symlinking: /home/macho/navivest_ws/install/bond/include/bond/bond/msg/detail/constants__rosidl_typesupport_introspection_cpp.hpp
[17.620s] -- Symlinking: /home/macho/navivest_ws/install/bond/include/bond/bond/msg/detail/status__rosidl_typesupport_introspection_cpp.hpp
[17.672s] -- Symlinking: /home/macho/navivest_ws/install/bond/share/bond/environment/pythonpath.sh
[17.716s] -- Symlinking: /home/macho/navivest_ws/install/bond/share/bond/environment/pythonpath.dsv
[17.756s] -- Symlinking: /home/macho/navivest_ws/install/bond/lib/python3.12/site-packages/bond-4.2.0-py3.12.egg-info/PKG-INFO
[17.797s] -- Symlinking: /home/macho/navivest_ws/install/bond/lib/python3.12/site-packages/bond-4.2.0-py3.12.egg-info/SOURCES.txt
[17.870s] -- Symlinking: /home/macho/navivest_ws/install/bond/lib/python3.12/site-packages/bond-4.2.0-py3.12.egg-info/dependency_links.txt
[17.925s] -- Symlinking: /home/macho/navivest_ws/install/bond/lib/python3.12/site-packages/bond-4.2.0-py3.12.egg-info/top_level.txt
[17.977s] -- Symlinking: /home/macho/navivest_ws/install/bond/lib/python3.12/site-packages/bond/__init__.py
[18.039s] -- Symlinking: /home/macho/navivest_ws/install/bond/lib/python3.12/site-packages/bond/_bond_s.ep.rosidl_typesupport_c.c
[18.089s] -- Symlinking: /home/macho/navivest_ws/install/bond/lib/python3.12/site-packages/bond/_bond_s.ep.rosidl_typesupport_fastrtps_c.c
[18.144s] -- Symlinking: /home/macho/navivest_ws/install/bond/lib/python3.12/site-packages/bond/_bond_s.ep.rosidl_typesupport_introspection_c.c
[18.177s] -- Symlinking: /home/macho/navivest_ws/install/bond/lib/python3.12/site-packages/bond/bond_s__rosidl_typesupport_c.so
[18.216s] -- Symlinking: /home/macho/navivest_ws/install/bond/lib/python3.12/site-packages/bond/bond_s__rosidl_typesupport_fastrtps_c.so
[18.249s] -- Symlinking: /home/macho/navivest_ws/install/bond/lib/python3.12/site-packages/bond/bond_s__rosidl_typesupport_introspection_c.so
[18.305s] -- Symlinking: /home/macho/navivest_ws/install/bond/lib/python3.12/site-packages/bond/msg/__init__.py
[18.334s] -- Symlinking: /home/macho/navivest_ws/install/bond/lib/python3.12/site-packages/bond/msg/_constants.py
[18.368s] -- Symlinking: /home/macho/navivest_ws/install/bond/lib/python3.12/site-packages/bond/msg/_constants_s.c
[18.393s] -- Symlinking: /home/macho/navivest_ws/install/bond/lib/python3.12/site-packages/bond/msg/_status.py
[18.462s] -- Symlinking: /home/macho/navivest_ws/install/bond/lib/python3.12/site-packages/bond/msg/_status_s.c
[18.498s] -- Up-to-date symlink: /home/macho/navivest_ws/install/bond/lib/python3.12/site-packages/bond/bond_s__rosidl_typesupport_fastrtps_c.so
[18.498s] -- Up-to-date symlink: /home/macho/navivest_ws/install/bond/lib/python3.12/site-packages/bond/bond_s__rosidl_typesupport_introspection_c.so
[18.498s] -- Up-to-date symlink: /home/macho/navivest_ws/install/bond/lib/python3.12/site-packages/bond/bond_s__rosidl_typesupport_c.so
[18.498s] -- Symlinking: /home/macho/navivest_ws/install/bond/share/ament_index/resource_index/rust_packages/bond
[18.533s] -- Symlinking: /home/macho/navivest_ws/install/bond/share/bond/rust/Cargo.toml
[18.561s] -- Symlinking: /home/macho/navivest_ws/install/bond/share/bond/rust/build.rs
[18.598s] -- Symlinking: /home/macho/navivest_ws/install/bond/share/bond/rust/src/lib.rs
[18.646s] -- Symlinking: /home/macho/navivest_ws/install/bond/share/bond/rust/src/msg.rs
[18.685s] -- Symlinking: /home/macho/navivest_ws/install/bond/share/bond/rust/src/msg/rmw.rs
[18.725s] -- Symlinking: /home/macho/navivest_ws/install/bond/share/bond/msg/Constants.idl
[18.778s] -- Symlinking: /home/macho/navivest_ws/install/bond/share/bond/msg/Status.idl
[18.814s] -- Symlinking: /home/macho/navivest_ws/install/bond/share/bond/msg/Constants.msg
[18.859s] -- Symlinking: /home/macho/navivest_ws/install/bond/share/bond/msg/Status.msg
[18.897s] -- Symlinking: /home/macho/navivest_ws/install/bond/share/ament_index/resource_index/package_run_dependencies/bond
[18.939s] -- Symlinking: /home/macho/navivest_ws/install/bond/share/ament_index/resource_index/parent_prefix_path/bond
[18.994s] -- Symlinking: /home/macho/navivest_ws/install/bond/share/bond/environment/ament_prefix_path.sh
[19.021s] -- Symlinking: /home/macho/navivest_ws/install/bond/share/bond/environment/ament_prefix_path.dsv
[19.082s] -- Symlinking: /home/macho/navivest_ws/install/bond/share/bond/environment/path.sh
[19.116s] -- Symlinking: /home/macho/navivest_ws/install/bond/share/bond/environment/path.dsv
[19.150s] -- Symlinking: /home/macho/navivest_ws/install/bond/share/bond/local_setup.bash
[19.198s] -- Symlinking: /home/macho/navivest_ws/install/bond/share/bond/local_setup.sh
[19.240s] -- Symlinking: /home/macho/navivest_ws/install/bond/share/bond/local_setup.zsh
[19.295s] -- Symlinking: /home/macho/navivest_ws/install/bond/share/bond/local_setup.dsv
[19.341s] -- Symlinking: /home/macho/navivest_ws/install/bond/share/bond/package.dsv
[19.373s] -- Symlinking: /home/macho/navivest_ws/install/bond/share/ament_index/resource_index/packages/bond
[19.408s] -- Symlinking: /home/macho/navivest_ws/install/bond/share/bond/cmake/rosidl_cmake-extras.cmake
[19.439s] -- Symlinking: /home/macho/navivest_ws/install/bond/share/bond/cmake/ament_cmake_export_dependencies-extras.cmake
[19.476s] -- Symlinking: /home/macho/navivest_ws/install/bond/share/bond/cmake/ament_cmake_export_include_directories-extras.cmake
[19.509s] -- Symlinking: /home/macho/navivest_ws/install/bond/share/bond/cmake/ament_cmake_export_libraries-extras.cmake
[19.541s] -- Symlinking: /home/macho/navivest_ws/install/bond/share/bond/cmake/ament_cmake_export_targets-extras.cmake
[19.585s] -- Symlinking: /home/macho/navivest_ws/install/bond/share/bond/cmake/rosidl_cmake_export_typesupport_targets-extras.cmake
[19.618s] -- Symlinking: /home/macho/navivest_ws/install/bond/share/bond/cmake/rosidl_cmake_export_typesupport_libraries-extras.cmake
[19.654s] -- Symlinking: /home/macho/navivest_ws/install/bond/share/bond/cmake/bondConfig.cmake
[19.686s] -- Symlinking: /home/macho/navivest_ws/install/bond/share/bond/cmake/bondConfig-version.cmake
[19.711s] -- Symlinking: /home/macho/navivest_ws/install/bond/share/bond/package.xml
[19.753s] -- Installing: /home/macho/navivest_ws/install/bond/lib/libbond__rosidl_generator_c.so
[19.753s] -- Set non-toolchain portion of runtime path of "/home/macho/navivest_ws/install/bond/lib/libbond__rosidl_generator_c.so" to ""
[19.753s] -- Installing: /home/macho/navivest_ws/install/bond/lib/libbond__rosidl_typesupport_fastrtps_c.so
[19.753s] -- Set non-toolchain portion of runtime path of "/home/macho/navivest_ws/install/bond/lib/libbond__rosidl_typesupport_fastrtps_c.so" to ""
[19.753s] -- Installing: /home/macho/navivest_ws/install/bond/lib/libbond__rosidl_typesupport_fastrtps_cpp.so
[19.753s] -- Set non-toolchain portion of runtime path of "/home/macho/navivest_ws/install/bond/lib/libbond__rosidl_typesupport_fastrtps_cpp.so" to ""
[19.753s] -- Installing: /home/macho/navivest_ws/install/bond/lib/libbond__rosidl_typesupport_introspection_c.so
[19.753s] -- Set non-toolchain portion of runtime path of "/home/macho/navivest_ws/install/bond/lib/libbond__rosidl_typesupport_introspection_c.so" to ""
[19.753s] -- Installing: /home/macho/navivest_ws/install/bond/lib/libbond__rosidl_typesupport_c.so
[19.753s] -- Set non-toolchain portion of runtime path of "/home/macho/navivest_ws/install/bond/lib/libbond__rosidl_typesupport_c.so" to ""
[19.754s] -- Installing: /home/macho/navivest_ws/install/bond/lib/libbond__rosidl_typesupport_introspection_cpp.so
[19.754s] -- Set non-toolchain portion of runtime path of "/home/macho/navivest_ws/install/bond/lib/libbond__rosidl_typesupport_introspection_cpp.so" to ""
[19.754s] -- Installing: /home/macho/navivest_ws/install/bond/lib/libbond__rosidl_typesupport_cpp.so
[19.755s] -- Set non-toolchain portion of runtime path of "/home/macho/navivest_ws/install/bond/lib/libbond__rosidl_typesupport_cpp.so" to ""
[19.950s] Listing '/home/macho/navivest_ws/install/bond/lib/python3.12/site-packages/bond'...
[19.950s] Compiling '/home/macho/navivest_ws/install/bond/lib/python3.12/site-packages/bond/__init__.py'...
[19.950s] Listing '/home/macho/navivest_ws/install/bond/lib/python3.12/site-packages/bond/msg'...
[19.950s] Compiling '/home/macho/navivest_ws/install/bond/lib/python3.12/site-packages/bond/msg/__init__.py'...
[19.950s] Compiling '/home/macho/navivest_ws/install/bond/lib/python3.12/site-packages/bond/msg/_constants.py'...
[19.950s] Compiling '/home/macho/navivest_ws/install/bond/lib/python3.12/site-packages/bond/msg/_status.py'...
[19.991s] -- Installing: /home/macho/navivest_ws/install/bond/lib/libbond__rosidl_generator_py.so
[19.991s] -- Set non-toolchain portion of runtime path of "/home/macho/navivest_ws/install/bond/lib/libbond__rosidl_generator_py.so" to ""
[19.991s] -- Installing: /home/macho/navivest_ws/install/bond/share/bond/cmake/export_bond__rosidl_generator_cExport.cmake
[19.992s] -- Installing: /home/macho/navivest_ws/install/bond/share/bond/cmake/export_bond__rosidl_generator_cExport-noconfig.cmake
[19.992s] -- Installing: /home/macho/navivest_ws/install/bond/share/bond/cmake/export_bond__rosidl_typesupport_fastrtps_cExport.cmake
[19.992s] -- Installing: /home/macho/navivest_ws/install/bond/share/bond/cmake/export_bond__rosidl_typesupport_fastrtps_cExport-noconfig.cmake
[19.992s] -- Installing: /home/macho/navivest_ws/install/bond/share/bond/cmake/export_bond__rosidl_generator_cppExport.cmake
[19.998s] -- Installing: /home/macho/navivest_ws/install/bond/share/bond/cmake/export_bond__rosidl_typesupport_fastrtps_cppExport.cmake
[19.998s] -- Installing: /home/macho/navivest_ws/install/bond/share/bond/cmake/export_bond__rosidl_typesupport_fastrtps_cppExport-noconfig.cmake
[19.998s] -- Installing: /home/macho/navivest_ws/install/bond/share/bond/cmake/bond__rosidl_typesupport_introspection_cExport.cmake
[19.998s] -- Installing: /home/macho/navivest_ws/install/bond/share/bond/cmake/bond__rosidl_typesupport_introspection_cExport-noconfig.cmake
[19.998s] -- Installing: /home/macho/navivest_ws/install/bond/share/bond/cmake/bond__rosidl_typesupport_cExport.cmake
[19.998s] -- Installing: /home/macho/navivest_ws/install/bond/share/bond/cmake/bond__rosidl_typesupport_cExport-noconfig.cmake
[19.998s] -- Installing: /home/macho/navivest_ws/install/bond/share/bond/cmake/bond__rosidl_typesupport_introspection_cppExport.cmake
[19.998s] -- Installing: /home/macho/navivest_ws/install/bond/share/bond/cmake/bond__rosidl_typesupport_introspection_cppExport-noconfig.cmake
[19.998s] -- Installing: /home/macho/navivest_ws/install/bond/share/bond/cmake/bond__rosidl_typesupport_cppExport.cmake
[19.998s] -- Installing: /home/macho/navivest_ws/install/bond/share/bond/cmake/bond__rosidl_typesupport_cppExport-noconfig.cmake
[20.009s] -- Installing: /home/macho/navivest_ws/install/bond/share/bond/cmake/export_bond__rosidl_generator_pyExport.cmake
[20.009s] -- Installing: /home/macho/navivest_ws/install/bond/share/bond/cmake/export_bond__rosidl_generator_pyExport-noconfig.cmake
[20.009s] Invoked command in '/home/macho/navivest_ws/build/bond' returned '0': CMAKE_PREFIX_PATH=${CMAKE_PREFIX_PATH}:/home/macho/navivest_ws/install/nav2_loopback_sim:/home/macho/navivest_ws/install/navivest_bringup:/home/macho/navivest_ws/install/bondpy:/home/macho/navivest_ws/install/navivest_guidance:/home/macho/navivest_ws/install/nav2_simple_commander:/opt/ros/jazzy DEBUGINFOD_URLS=https://debuginfod.ubuntu.com /usr/bin/cmake --install /home/macho/navivest_ws/build/bond
