[0.029s] Invoking command in '/home/macho/navivest_ws/build/nav_2d_msgs': CMAKE_PREFIX_PATH=${CMAKE_PREFIX_PATH}:/home/macho/navivest_ws/install/nav2_loopback_sim:/home/macho/navivest_ws/install/navivest_bringup:/home/macho/navivest_ws/install/bondpy:/home/macho/navivest_ws/install/navivest_guidance:/home/macho/navivest_ws/install/nav2_simple_commander:/opt/ros/jazzy DEBUGINFOD_URLS=https://debuginfod.ubuntu.com /usr/bin/cmake /home/macho/navivest_ws/src/navigation2_DISABLED/nav2_dwb_controller/nav_2d_msgs -DAMENT_CMAKE_SYMLINK_INSTALL=1 -DCMAKE_INSTALL_PREFIX=/home/macho/navivest_ws/install/nav_2d_msgs
[0.089s] -- The C compiler identification is GNU 13.3.0
[0.151s] -- The CXX compiler identification is GNU 13.3.0
[0.169s] -- Detecting C compiler ABI info
[0.275s] -- Detecting C compiler ABI info - done
[0.282s] -- Check for working C compiler: /usr/bin/cc - skipped
[0.282s] -- Detecting C compile features
[0.283s] -- Detecting C compile features - done
[0.293s] -- Detecting CXX compiler ABI info
[0.394s] -- Detecting CXX compiler ABI info - done
[0.401s] -- Check for working CXX compiler: /usr/bin/c++ - skipped
[0.401s] -- Detecting CXX compile features
[0.401s] -- Detecting CXX compile features - done
[0.405s] -- Found geometry_msgs: 5.3.7 (/opt/ros/jazzy/share/geometry_msgs/cmake)
[0.601s] -- Found Python3: /usr/bin/python3 (found version "3.12.3") found components: Interpreter 
[0.662s] -- Override CMake install command with custom implementation using symlinks instead of copying resources
[0.761s] -- Found rosidl_generator_c: 4.6.7 (/opt/ros/jazzy/share/rosidl_generator_c/cmake)
[0.775s] -- Found rosidl_generator_cpp: 4.6.7 (/opt/ros/jazzy/share/rosidl_generator_cpp/cmake)
[0.794s] -- Using all available rosidl_typesupport_c: rosidl_typesupport_fastrtps_c;rosidl_typesupport_introspection_c
[0.814s] -- Using all available rosidl_typesupport_cpp: rosidl_typesupport_fastrtps_cpp;rosidl_typesupport_introspection_cpp
[0.857s] -- Found rosidl_default_generators: 1.6.0 (/opt/ros/jazzy/share/rosidl_default_generators/cmake)
[0.884s] -- Found rosidl_adapter: 4.6.7 (/opt/ros/jazzy/share/rosidl_adapter/cmake)
[2.006s] -- Found ament_cmake_ros: 0.12.0 (/opt/ros/jazzy/share/ament_cmake_ros/cmake)
[4.364s] -- Using all available rosidl_typesupport_c: rosidl_typesupport_fastrtps_c;rosidl_typesupport_introspection_c
[5.334s] -- Using all available rosidl_typesupport_cpp: rosidl_typesupport_fastrtps_cpp;rosidl_typesupport_introspection_cpp
[5.341s] -- Found python_cmake_module: 0.11.1 (/opt/ros/jazzy/share/python_cmake_module/cmake)
[5.728s] -- Found PythonExtra: /usr/bin/python3  
[7.381s] -- Found Python3: /usr/bin/python3 (found version "3.12.3") found components: Interpreter Development NumPy Development.Module Development.Embed 
[7.777s] -- Found Python3: /usr/bin/python3 (found version "3.12.3") found components: Interpreter 
[7.820s] -- Configuring done (7.8s)
[8.009s] -- Generating done (0.1s)
[8.053s] -- Build files have been written to: /home/macho/navivest_ws/build/nav_2d_msgs
[8.135s] Invoked command in '/home/macho/navivest_ws/build/nav_2d_msgs' returned '0': CMAKE_PREFIX_PATH=${CMAKE_PREFIX_PATH}:/home/macho/navivest_ws/install/nav2_loopback_sim:/home/macho/navivest_ws/install/navivest_bringup:/home/macho/navivest_ws/install/bondpy:/home/macho/navivest_ws/install/navivest_guidance:/home/macho/navivest_ws/install/nav2_simple_commander:/opt/ros/jazzy DEBUGINFOD_URLS=https://debuginfod.ubuntu.com /usr/bin/cmake /home/macho/navivest_ws/src/navigation2_DISABLED/nav2_dwb_controller/nav_2d_msgs -DAMENT_CMAKE_SYMLINK_INSTALL=1 -DCMAKE_INSTALL_PREFIX=/home/macho/navivest_ws/install/nav_2d_msgs
[8.135s] Invoking command in '/home/macho/navivest_ws/build/nav_2d_msgs': CMAKE_PREFIX_PATH=${CMAKE_PREFIX_PATH}:/home/macho/navivest_ws/install/nav2_loopback_sim:/home/macho/navivest_ws/install/navivest_bringup:/home/macho/navivest_ws/install/bondpy:/home/macho/navivest_ws/install/navivest_guidance:/home/macho/navivest_ws/install/nav2_simple_commander:/opt/ros/jazzy DEBUGINFOD_URLS=https://debuginfod.ubuntu.com /usr/bin/cmake --build /home/macho/navivest_ws/build/nav_2d_msgs -- -j16 -l16
[8.358s] [  1%] Generating Rust code for ROS interfaces
[8.360s] [  2%] Generating type hashes for ROS interfaces
[8.386s] [  2%] Built target ament_cmake_python_symlink_nav_2d_msgs
[9.020s] [  2%] Built target nav_2d_msgs__rs
[9.137s] running egg_info
[9.137s] creating nav_2d_msgs.egg-info
[9.206s] writing nav_2d_msgs.egg-info/PKG-INFO
[9.213s] writing dependency_links to nav_2d_msgs.egg-info/dependency_links.txt
[9.216s] writing top-level names to nav_2d_msgs.egg-info/top_level.txt
[9.216s] writing manifest file 'nav_2d_msgs.egg-info/SOURCES.txt'
[9.366s] [  2%] Built target nav_2d_msgs__rosidl_generator_type_description
[9.419s] reading manifest file 'nav_2d_msgs.egg-info/SOURCES.txt'
[9.419s] writing manifest file 'nav_2d_msgs.egg-info/SOURCES.txt'
[9.422s] [  3%] Generating C code for ROS interfaces
[9.467s] [  4%] Generating C++ code for ROS interfaces
[9.668s] [  4%] Built target ament_cmake_python_build_nav_2d_msgs_egg
[11.143s] [  4%] Built target nav_2d_msgs__cpp
[11.177s] [  5%] Building C object CMakeFiles/nav_2d_msgs__rosidl_generator_c.dir/rosidl_generator_c/nav_2d_msgs/msg/detail/path2_d__functions.c.o
[11.187s] [  7%] Building C object CMakeFiles/nav_2d_msgs__rosidl_generator_c.dir/rosidl_generator_c/nav_2d_msgs/msg/detail/path2_d__type_support.c.o
[11.194s] [  9%] Building C object CMakeFiles/nav_2d_msgs__rosidl_generator_c.dir/rosidl_generator_c/nav_2d_msgs/msg/detail/path2_d__description.c.o
[11.197s] [  8%] Building C object CMakeFiles/nav_2d_msgs__rosidl_generator_c.dir/rosidl_generator_c/nav_2d_msgs/msg/detail/pose2_d32__functions.c.o
[11.204s] [ 10%] Building C object CMakeFiles/nav_2d_msgs__rosidl_generator_c.dir/rosidl_generator_c/nav_2d_msgs/msg/detail/pose2_d32__description.c.o
[11.206s] [ 12%] Building C object CMakeFiles/nav_2d_msgs__rosidl_generator_c.dir/rosidl_generator_c/nav_2d_msgs/msg/detail/pose2_d32__type_support.c.o
[11.206s] [ 12%] Building C object CMakeFiles/nav_2d_msgs__rosidl_generator_c.dir/rosidl_generator_c/nav_2d_msgs/msg/detail/twist2_d32__functions.c.o
[11.208s] [ 14%] Building C object CMakeFiles/nav_2d_msgs__rosidl_generator_c.dir/rosidl_generator_c/nav_2d_msgs/msg/detail/pose2_d_stamped__description.c.o
[11.208s] [ 15%] Building C object CMakeFiles/nav_2d_msgs__rosidl_generator_c.dir/rosidl_generator_c/nav_2d_msgs/msg/detail/pose2_d_stamped__type_support.c.o
[11.219s] [ 16%] Building C object CMakeFiles/nav_2d_msgs__rosidl_generator_c.dir/rosidl_generator_c/nav_2d_msgs/msg/detail/twist2_d__description.c.o
[11.228s] [ 18%] Building C object CMakeFiles/nav_2d_msgs__rosidl_generator_c.dir/rosidl_generator_c/nav_2d_msgs/msg/detail/pose2_d_stamped__functions.c.o
[11.228s] [ 18%] Building C object CMakeFiles/nav_2d_msgs__rosidl_generator_c.dir/rosidl_generator_c/nav_2d_msgs/msg/detail/twist2_d__type_support.c.o
[11.228s] [ 20%] Building C object CMakeFiles/nav_2d_msgs__rosidl_generator_c.dir/rosidl_generator_c/nav_2d_msgs/msg/detail/twist2_d__functions.c.o
[11.230s] [ 21%] Building C object CMakeFiles/nav_2d_msgs__rosidl_generator_c.dir/rosidl_generator_c/nav_2d_msgs/msg/detail/twist2_d_stamped__description.c.o
[11.234s] [ 22%] Building C object CMakeFiles/nav_2d_msgs__rosidl_generator_c.dir/rosidl_generator_c/nav_2d_msgs/msg/detail/twist2_d32__type_support.c.o
[11.245s] [ 23%] Building C object CMakeFiles/nav_2d_msgs__rosidl_generator_c.dir/rosidl_generator_c/nav_2d_msgs/msg/detail/twist2_d32__description.c.o
[11.310s] [ 24%] Building C object CMakeFiles/nav_2d_msgs__rosidl_generator_c.dir/rosidl_generator_c/nav_2d_msgs/msg/detail/twist2_d_stamped__functions.c.o
[11.342s] [ 25%] Building C object CMakeFiles/nav_2d_msgs__rosidl_generator_c.dir/rosidl_generator_c/nav_2d_msgs/msg/detail/twist2_d_stamped__type_support.c.o
[11.516s] [ 27%] Linking C shared library libnav_2d_msgs__rosidl_generator_c.so
[11.668s] [ 27%] Built target nav_2d_msgs__rosidl_generator_c
[11.728s] [ 28%] Generating C type support for eProsima Fast-RTPS
[11.728s] [ 30%] Generating C++ type support dispatch for ROS interfaces
[11.734s] [ 30%] Generating C++ type support for eProsima Fast-RTPS
[11.742s] [ 31%] Generating C++ introspection for ROS interfaces
[11.755s] [ 32%] Generating C type support dispatch for ROS interfaces
[11.757s] [ 34%] Generating C introspection for ROS interfaces
[12.679s] [ 35%] Building CXX object CMakeFiles/nav_2d_msgs__rosidl_typesupport_c.dir/rosidl_typesupport_c/nav_2d_msgs/msg/pose2_d_stamped__type_support.cpp.o
[12.698s] [ 36%] Building CXX object CMakeFiles/nav_2d_msgs__rosidl_typesupport_c.dir/rosidl_typesupport_c/nav_2d_msgs/msg/twist2_d_stamped__type_support.cpp.o
[12.698s] [ 37%] Building CXX object CMakeFiles/nav_2d_msgs__rosidl_typesupport_c.dir/rosidl_typesupport_c/nav_2d_msgs/msg/path2_d__type_support.cpp.o
[12.698s] [ 38%] Building CXX object CMakeFiles/nav_2d_msgs__rosidl_typesupport_c.dir/rosidl_typesupport_c/nav_2d_msgs/msg/twist2_d32__type_support.cpp.o
[12.710s] [ 40%] Building CXX object CMakeFiles/nav_2d_msgs__rosidl_typesupport_c.dir/rosidl_typesupport_c/nav_2d_msgs/msg/twist2_d__type_support.cpp.o
[12.714s] [ 41%] Building CXX object CMakeFiles/nav_2d_msgs__rosidl_typesupport_c.dir/rosidl_typesupport_c/nav_2d_msgs/msg/pose2_d32__type_support.cpp.o
[12.762s] [ 42%] Building CXX object CMakeFiles/nav_2d_msgs__rosidl_typesupport_fastrtps_cpp.dir/rosidl_typesupport_fastrtps_cpp/nav_2d_msgs/msg/detail/dds_fastrtps/path2_d__type_support.cpp.o
[12.764s] [ 43%] Building CXX object CMakeFiles/nav_2d_msgs__rosidl_typesupport_fastrtps_cpp.dir/rosidl_typesupport_fastrtps_cpp/nav_2d_msgs/msg/detail/dds_fastrtps/twist2_d__type_support.cpp.o
[12.777s] [ 44%] Building CXX object CMakeFiles/nav_2d_msgs__rosidl_typesupport_fastrtps_cpp.dir/rosidl_typesupport_fastrtps_cpp/nav_2d_msgs/msg/detail/dds_fastrtps/pose2_d_stamped__type_support.cpp.o
[12.779s] [ 45%] Building CXX object CMakeFiles/nav_2d_msgs__rosidl_typesupport_fastrtps_cpp.dir/rosidl_typesupport_fastrtps_cpp/nav_2d_msgs/msg/detail/dds_fastrtps/pose2_d32__type_support.cpp.o
[12.788s] [ 47%] Building CXX object CMakeFiles/nav_2d_msgs__rosidl_typesupport_fastrtps_cpp.dir/rosidl_typesupport_fastrtps_cpp/nav_2d_msgs/msg/detail/dds_fastrtps/twist2_d32__type_support.cpp.o
[12.806s] [ 48%] Building CXX object CMakeFiles/nav_2d_msgs__rosidl_typesupport_fastrtps_cpp.dir/rosidl_typesupport_fastrtps_cpp/nav_2d_msgs/msg/detail/dds_fastrtps/twist2_d_stamped__type_support.cpp.o
[12.933s] [ 49%] Linking CXX shared library libnav_2d_msgs__rosidl_typesupport_c.so
[13.023s] [ 51%] Building CXX object CMakeFiles/nav_2d_msgs__rosidl_typesupport_cpp.dir/rosidl_typesupport_cpp/nav_2d_msgs/msg/pose2_d32__type_support.cpp.o
[13.027s] [ 50%] Building CXX object CMakeFiles/nav_2d_msgs__rosidl_typesupport_cpp.dir/rosidl_typesupport_cpp/nav_2d_msgs/msg/path2_d__type_support.cpp.o
[13.035s] [ 52%] Building CXX object CMakeFiles/nav_2d_msgs__rosidl_typesupport_cpp.dir/rosidl_typesupport_cpp/nav_2d_msgs/msg/twist2_d__type_support.cpp.o
[13.054s] [ 54%] Building CXX object CMakeFiles/nav_2d_msgs__rosidl_typesupport_cpp.dir/rosidl_typesupport_cpp/nav_2d_msgs/msg/pose2_d_stamped__type_support.cpp.o
[13.054s] [ 55%] Building CXX object CMakeFiles/nav_2d_msgs__rosidl_typesupport_cpp.dir/rosidl_typesupport_cpp/nav_2d_msgs/msg/twist2_d32__type_support.cpp.o
[13.075s] [ 55%] Built target nav_2d_msgs__rosidl_typesupport_c
[13.116s] [ 56%] Building C object CMakeFiles/nav_2d_msgs__rosidl_typesupport_introspection_c.dir/rosidl_typesupport_introspection_c/nav_2d_msgs/msg/detail/path2_d__type_support.c.o
[13.129s] [ 57%] Building CXX object CMakeFiles/nav_2d_msgs__rosidl_typesupport_cpp.dir/rosidl_typesupport_cpp/nav_2d_msgs/msg/twist2_d_stamped__type_support.cpp.o
[13.136s] [ 58%] Building CXX object CMakeFiles/nav_2d_msgs__rosidl_typesupport_introspection_cpp.dir/rosidl_typesupport_introspection_cpp/nav_2d_msgs/msg/detail/path2_d__type_support.cpp.o
[13.150s] [ 60%] Building CXX object CMakeFiles/nav_2d_msgs__rosidl_typesupport_introspection_cpp.dir/rosidl_typesupport_introspection_cpp/nav_2d_msgs/msg/detail/pose2_d32__type_support.cpp.o
[13.281s] [ 61%] Building C object CMakeFiles/nav_2d_msgs__rosidl_typesupport_introspection_c.dir/rosidl_typesupport_introspection_c/nav_2d_msgs/msg/detail/pose2_d32__type_support.c.o
[13.454s] [ 62%] Building C object CMakeFiles/nav_2d_msgs__rosidl_typesupport_introspection_c.dir/rosidl_typesupport_introspection_c/nav_2d_msgs/msg/detail/pose2_d_stamped__type_support.c.o
[13.524s] [ 63%] Building CXX object CMakeFiles/nav_2d_msgs__rosidl_typesupport_fastrtps_c.dir/rosidl_typesupport_fastrtps_c/nav_2d_msgs/msg/detail/path2_d__type_support_c.cpp.o
[13.617s] [ 64%] Building CXX object CMakeFiles/nav_2d_msgs__rosidl_typesupport_fastrtps_c.dir/rosidl_typesupport_fastrtps_c/nav_2d_msgs/msg/detail/pose2_d32__type_support_c.cpp.o
[13.629s] [ 65%] Building C object CMakeFiles/nav_2d_msgs__rosidl_typesupport_introspection_c.dir/rosidl_typesupport_introspection_c/nav_2d_msgs/msg/detail/twist2_d__type_support.c.o
[13.820s] [ 67%] Building C object CMakeFiles/nav_2d_msgs__rosidl_typesupport_introspection_c.dir/rosidl_typesupport_introspection_c/nav_2d_msgs/msg/detail/twist2_d32__type_support.c.o
[13.992s] [ 68%] Building C object CMakeFiles/nav_2d_msgs__rosidl_typesupport_introspection_c.dir/rosidl_typesupport_introspection_c/nav_2d_msgs/msg/detail/twist2_d_stamped__type_support.c.o
[14.047s] [ 69%] Building CXX object CMakeFiles/nav_2d_msgs__rosidl_typesupport_introspection_cpp.dir/rosidl_typesupport_introspection_cpp/nav_2d_msgs/msg/detail/pose2_d_stamped__type_support.cpp.o
[14.122s] [ 70%] Linking C shared library libnav_2d_msgs__rosidl_typesupport_introspection_c.so
[14.156s] [ 71%] Building CXX object CMakeFiles/nav_2d_msgs__rosidl_typesupport_fastrtps_c.dir/rosidl_typesupport_fastrtps_c/nav_2d_msgs/msg/detail/pose2_d_stamped__type_support_c.cpp.o
[14.239s] [ 72%] Building CXX object CMakeFiles/nav_2d_msgs__rosidl_typesupport_introspection_cpp.dir/rosidl_typesupport_introspection_cpp/nav_2d_msgs/msg/detail/twist2_d__type_support.cpp.o
[14.242s] [ 72%] Built target nav_2d_msgs__rosidl_typesupport_introspection_c
[14.295s] [ 74%] Building CXX object CMakeFiles/nav_2d_msgs__rosidl_typesupport_fastrtps_c.dir/rosidl_typesupport_fastrtps_c/nav_2d_msgs/msg/detail/twist2_d__type_support_c.cpp.o
[14.336s] [ 75%] Building CXX object CMakeFiles/nav_2d_msgs__rosidl_typesupport_fastrtps_c.dir/rosidl_typesupport_fastrtps_c/nav_2d_msgs/msg/detail/twist2_d32__type_support_c.cpp.o
[14.433s] [ 76%] Building CXX object CMakeFiles/nav_2d_msgs__rosidl_typesupport_introspection_cpp.dir/rosidl_typesupport_introspection_cpp/nav_2d_msgs/msg/detail/twist2_d32__type_support.cpp.o
[14.483s] [ 77%] Building CXX object CMakeFiles/nav_2d_msgs__rosidl_typesupport_introspection_cpp.dir/rosidl_typesupport_introspection_cpp/nav_2d_msgs/msg/detail/twist2_d_stamped__type_support.cpp.o
[14.548s] [ 78%] Linking CXX shared library libnav_2d_msgs__rosidl_typesupport_cpp.so
[14.691s] [ 80%] Building CXX object CMakeFiles/nav_2d_msgs__rosidl_typesupport_fastrtps_c.dir/rosidl_typesupport_fastrtps_c/nav_2d_msgs/msg/detail/twist2_d_stamped__type_support_c.cpp.o
[14.779s] [ 80%] Built target nav_2d_msgs__rosidl_typesupport_cpp
[14.845s] [ 81%] Linking CXX shared library libnav_2d_msgs__rosidl_typesupport_fastrtps_cpp.so
[15.156s] [ 81%] Built target nav_2d_msgs__rosidl_typesupport_fastrtps_cpp
[15.709s] [ 82%] Linking CXX shared library libnav_2d_msgs__rosidl_typesupport_introspection_cpp.so
[16.227s] [ 82%] Built target nav_2d_msgs__rosidl_typesupport_introspection_cpp
[16.604s] [ 83%] Linking CXX shared library libnav_2d_msgs__rosidl_typesupport_fastrtps_c.so
[16.845s] [ 83%] Built target nav_2d_msgs__rosidl_typesupport_fastrtps_c
[16.967s] [ 83%] Built target nav_2d_msgs
[17.074s] [ 84%] Generating Python code for ROS interfaces
[19.079s] [ 84%] Built target nav_2d_msgs__py
[19.188s] [ 88%] Building C object CMakeFiles/nav_2d_msgs__rosidl_generator_py.dir/rosidl_generator_py/nav_2d_msgs/msg/_pose2_d_stamped_s.c.o
[19.190s] [ 87%] Building C object CMakeFiles/nav_2d_msgs__rosidl_generator_py.dir/rosidl_generator_py/nav_2d_msgs/msg/_pose2_d32_s.c.o
[19.198s] [ 90%] Building C object CMakeFiles/nav_2d_msgs__rosidl_generator_py.dir/rosidl_generator_py/nav_2d_msgs/msg/_twist2_d_s.c.o
[19.198s] [ 85%] Building C object CMakeFiles/nav_2d_msgs__rosidl_generator_py.dir/rosidl_generator_py/nav_2d_msgs/msg/_path2_d_s.c.o
[19.198s] [ 90%] Building C object CMakeFiles/nav_2d_msgs__rosidl_generator_py.dir/rosidl_generator_py/nav_2d_msgs/msg/_twist2_d32_s.c.o
[19.208s] [ 91%] Building C object CMakeFiles/nav_2d_msgs__rosidl_generator_py.dir/rosidl_generator_py/nav_2d_msgs/msg/_twist2_d_stamped_s.c.o
[19.676s] [ 92%] Linking C shared library libnav_2d_msgs__rosidl_generator_py.so
[19.835s] [ 92%] Built target nav_2d_msgs__rosidl_generator_py
[19.927s] [ 94%] Building C object CMakeFiles/nav_2d_msgs_s__rosidl_typesupport_c.dir/rosidl_generator_py/nav_2d_msgs/_nav_2d_msgs_s.ep.rosidl_typesupport_c.c.o
[19.927s] [ 95%] Building C object CMakeFiles/nav_2d_msgs_s__rosidl_typesupport_introspection_c.dir/rosidl_generator_py/nav_2d_msgs/_nav_2d_msgs_s.ep.rosidl_typesupport_introspection_c.c.o
[19.932s] [ 96%] Building C object CMakeFiles/nav_2d_msgs_s__rosidl_typesupport_fastrtps_c.dir/rosidl_generator_py/nav_2d_msgs/_nav_2d_msgs_s.ep.rosidl_typesupport_fastrtps_c.c.o
[20.138s] [ 97%] Linking C shared module rosidl_generator_py/nav_2d_msgs/nav_2d_msgs_s__rosidl_typesupport_introspection_c.so
[20.151s] [ 98%] Linking C shared module rosidl_generator_py/nav_2d_msgs/nav_2d_msgs_s__rosidl_typesupport_c.so
[20.231s] [ 98%] Built target nav_2d_msgs_s__rosidl_typesupport_introspection_c
[20.251s] [100%] Linking C shared module rosidl_generator_py/nav_2d_msgs/nav_2d_msgs_s__rosidl_typesupport_fastrtps_c.so
[20.259s] [100%] Built target nav_2d_msgs_s__rosidl_typesupport_c
[20.379s] [100%] Built target nav_2d_msgs_s__rosidl_typesupport_fastrtps_c
[20.423s] Invoked command in '/home/macho/navivest_ws/build/nav_2d_msgs' returned '0': CMAKE_PREFIX_PATH=${CMAKE_PREFIX_PATH}:/home/macho/navivest_ws/install/nav2_loopback_sim:/home/macho/navivest_ws/install/navivest_bringup:/home/macho/navivest_ws/install/bondpy:/home/macho/navivest_ws/install/navivest_guidance:/home/macho/navivest_ws/install/nav2_simple_commander:/opt/ros/jazzy DEBUGINFOD_URLS=https://debuginfod.ubuntu.com /usr/bin/cmake --build /home/macho/navivest_ws/build/nav_2d_msgs -- -j16 -l16
[20.428s] Invoking command in '/home/macho/navivest_ws/build/nav_2d_msgs': CMAKE_PREFIX_PATH=${CMAKE_PREFIX_PATH}:/home/macho/navivest_ws/install/nav2_loopback_sim:/home/macho/navivest_ws/install/navivest_bringup:/home/macho/navivest_ws/install/bondpy:/home/macho/navivest_ws/install/navivest_guidance:/home/macho/navivest_ws/install/nav2_simple_commander:/opt/ros/jazzy DEBUGINFOD_URLS=https://debuginfod.ubuntu.com /usr/bin/cmake --install /home/macho/navivest_ws/build/nav_2d_msgs
[20.464s] -- Install configuration: ""
[20.465s] -- Execute custom install script
[20.465s] -- Symlinking: /home/macho/navivest_ws/install/nav_2d_msgs/share/ament_index/resource_index/rosidl_interfaces/nav_2d_msgs
[20.497s] -- Symlinking: /home/macho/navivest_ws/install/nav_2d_msgs/share/nav_2d_msgs/msg/Path2D.json
[20.525s] -- Symlinking: /home/macho/navivest_ws/install/nav_2d_msgs/share/nav_2d_msgs/msg/Pose2D32.json
[20.557s] -- Symlinking: /home/macho/navivest_ws/install/nav_2d_msgs/share/nav_2d_msgs/msg/Pose2DStamped.json
[20.595s] -- Symlinking: /home/macho/navivest_ws/install/nav_2d_msgs/share/nav_2d_msgs/msg/Twist2D.json
[20.631s] -- Symlinking: /home/macho/navivest_ws/install/nav_2d_msgs/share/nav_2d_msgs/msg/Twist2D32.json
[20.681s] -- Symlinking: /home/macho/navivest_ws/install/nav_2d_msgs/share/nav_2d_msgs/msg/Twist2DStamped.json
[20.713s] -- Symlinking: /home/macho/navivest_ws/install/nav_2d_msgs/include/nav_2d_msgs/nav_2d_msgs/msg/detail/path2_d__functions.h
[20.749s] -- Symlinking: /home/macho/navivest_ws/install/nav_2d_msgs/include/nav_2d_msgs/nav_2d_msgs/msg/detail/path2_d__struct.h
[20.782s] -- Symlinking: /home/macho/navivest_ws/install/nav_2d_msgs/include/nav_2d_msgs/nav_2d_msgs/msg/detail/path2_d__type_support.h
[20.807s] -- Symlinking: /home/macho/navivest_ws/install/nav_2d_msgs/include/nav_2d_msgs/nav_2d_msgs/msg/detail/pose2_d32__functions.h
[20.835s] -- Symlinking: /home/macho/navivest_ws/install/nav_2d_msgs/include/nav_2d_msgs/nav_2d_msgs/msg/detail/pose2_d32__struct.h
[20.852s] -- Symlinking: /home/macho/navivest_ws/install/nav_2d_msgs/include/nav_2d_msgs/nav_2d_msgs/msg/detail/pose2_d32__type_support.h
[20.890s] -- Symlinking: /home/macho/navivest_ws/install/nav_2d_msgs/include/nav_2d_msgs/nav_2d_msgs/msg/detail/pose2_d_stamped__functions.h
[20.914s] -- Symlinking: /home/macho/navivest_ws/install/nav_2d_msgs/include/nav_2d_msgs/nav_2d_msgs/msg/detail/pose2_d_stamped__struct.h
[20.930s] -- Symlinking: /home/macho/navivest_ws/install/nav_2d_msgs/include/nav_2d_msgs/nav_2d_msgs/msg/detail/pose2_d_stamped__type_support.h
[20.947s] -- Symlinking: /home/macho/navivest_ws/install/nav_2d_msgs/include/nav_2d_msgs/nav_2d_msgs/msg/detail/twist2_d32__functions.h
[20.972s] -- Symlinking: /home/macho/navivest_ws/install/nav_2d_msgs/include/nav_2d_msgs/nav_2d_msgs/msg/detail/twist2_d32__struct.h
[21.005s] -- Symlinking: /home/macho/navivest_ws/install/nav_2d_msgs/include/nav_2d_msgs/nav_2d_msgs/msg/detail/twist2_d32__type_support.h
[21.037s] -- Symlinking: /home/macho/navivest_ws/install/nav_2d_msgs/include/nav_2d_msgs/nav_2d_msgs/msg/detail/twist2_d__functions.h
[21.069s] -- Symlinking: /home/macho/navivest_ws/install/nav_2d_msgs/include/nav_2d_msgs/nav_2d_msgs/msg/detail/twist2_d__struct.h
[21.088s] -- Symlinking: /home/macho/navivest_ws/install/nav_2d_msgs/include/nav_2d_msgs/nav_2d_msgs/msg/detail/twist2_d__type_support.h
[21.104s] -- Symlinking: /home/macho/navivest_ws/install/nav_2d_msgs/include/nav_2d_msgs/nav_2d_msgs/msg/detail/twist2_d_stamped__functions.h
[21.123s] -- Symlinking: /home/macho/navivest_ws/install/nav_2d_msgs/include/nav_2d_msgs/nav_2d_msgs/msg/detail/twist2_d_stamped__struct.h
[21.138s] -- Symlinking: /home/macho/navivest_ws/install/nav_2d_msgs/include/nav_2d_msgs/nav_2d_msgs/msg/detail/twist2_d_stamped__type_support.h
[21.157s] -- Symlinking: /home/macho/navivest_ws/install/nav_2d_msgs/include/nav_2d_msgs/nav_2d_msgs/msg/path2_d.h
[21.175s] -- Symlinking: /home/macho/navivest_ws/install/nav_2d_msgs/include/nav_2d_msgs/nav_2d_msgs/msg/pose2_d32.h
[21.190s] -- Symlinking: /home/macho/navivest_ws/install/nav_2d_msgs/include/nav_2d_msgs/nav_2d_msgs/msg/pose2_d_stamped.h
[21.207s] -- Symlinking: /home/macho/navivest_ws/install/nav_2d_msgs/include/nav_2d_msgs/nav_2d_msgs/msg/rosidl_generator_c__visibility_control.h
[21.231s] -- Symlinking: /home/macho/navivest_ws/install/nav_2d_msgs/include/nav_2d_msgs/nav_2d_msgs/msg/twist2_d.h
[21.262s] -- Symlinking: /home/macho/navivest_ws/install/nav_2d_msgs/include/nav_2d_msgs/nav_2d_msgs/msg/twist2_d32.h
[21.296s] -- Symlinking: /home/macho/navivest_ws/install/nav_2d_msgs/include/nav_2d_msgs/nav_2d_msgs/msg/twist2_d_stamped.h
[21.323s] -- Symlinking: /home/macho/navivest_ws/install/nav_2d_msgs/share/nav_2d_msgs/environment/library_path.sh
[21.354s] -- Symlinking: /home/macho/navivest_ws/install/nav_2d_msgs/share/nav_2d_msgs/environment/library_path.dsv
[21.395s] -- Symlinking: /home/macho/navivest_ws/install/nav_2d_msgs/include/nav_2d_msgs/nav_2d_msgs/msg/detail/path2_d__rosidl_typesupport_fastrtps_c.h
[21.412s] -- Symlinking: /home/macho/navivest_ws/install/nav_2d_msgs/include/nav_2d_msgs/nav_2d_msgs/msg/detail/pose2_d32__rosidl_typesupport_fastrtps_c.h
[21.429s] -- Symlinking: /home/macho/navivest_ws/install/nav_2d_msgs/include/nav_2d_msgs/nav_2d_msgs/msg/detail/pose2_d_stamped__rosidl_typesupport_fastrtps_c.h
[21.467s] -- Symlinking: /home/macho/navivest_ws/install/nav_2d_msgs/include/nav_2d_msgs/nav_2d_msgs/msg/detail/twist2_d32__rosidl_typesupport_fastrtps_c.h
[21.500s] -- Symlinking: /home/macho/navivest_ws/install/nav_2d_msgs/include/nav_2d_msgs/nav_2d_msgs/msg/detail/twist2_d__rosidl_typesupport_fastrtps_c.h
[21.532s] -- Symlinking: /home/macho/navivest_ws/install/nav_2d_msgs/include/nav_2d_msgs/nav_2d_msgs/msg/detail/twist2_d_stamped__rosidl_typesupport_fastrtps_c.h
[21.562s] -- Symlinking: /home/macho/navivest_ws/install/nav_2d_msgs/include/nav_2d_msgs/nav_2d_msgs/msg/rosidl_typesupport_fastrtps_c__visibility_control.h
[21.588s] -- Symlinking: /home/macho/navivest_ws/install/nav_2d_msgs/include/nav_2d_msgs/nav_2d_msgs/msg/detail/path2_d__builder.hpp
[21.607s] -- Symlinking: /home/macho/navivest_ws/install/nav_2d_msgs/include/nav_2d_msgs/nav_2d_msgs/msg/detail/path2_d__struct.hpp
[21.626s] -- Symlinking: /home/macho/navivest_ws/install/nav_2d_msgs/include/nav_2d_msgs/nav_2d_msgs/msg/detail/path2_d__traits.hpp
[21.640s] -- Symlinking: /home/macho/navivest_ws/install/nav_2d_msgs/include/nav_2d_msgs/nav_2d_msgs/msg/detail/path2_d__type_support.hpp
[21.659s] -- Symlinking: /home/macho/navivest_ws/install/nav_2d_msgs/include/nav_2d_msgs/nav_2d_msgs/msg/detail/pose2_d32__builder.hpp
[21.676s] -- Symlinking: /home/macho/navivest_ws/install/nav_2d_msgs/include/nav_2d_msgs/nav_2d_msgs/msg/detail/pose2_d32__struct.hpp
[21.693s] -- Symlinking: /home/macho/navivest_ws/install/nav_2d_msgs/include/nav_2d_msgs/nav_2d_msgs/msg/detail/pose2_d32__traits.hpp
[21.712s] -- Symlinking: /home/macho/navivest_ws/install/nav_2d_msgs/include/nav_2d_msgs/nav_2d_msgs/msg/detail/pose2_d32__type_support.hpp
[21.729s] -- Symlinking: /home/macho/navivest_ws/install/nav_2d_msgs/include/nav_2d_msgs/nav_2d_msgs/msg/detail/pose2_d_stamped__builder.hpp
[21.746s] -- Symlinking: /home/macho/navivest_ws/install/nav_2d_msgs/include/nav_2d_msgs/nav_2d_msgs/msg/detail/pose2_d_stamped__struct.hpp
[21.764s] -- Symlinking: /home/macho/navivest_ws/install/nav_2d_msgs/include/nav_2d_msgs/nav_2d_msgs/msg/detail/pose2_d_stamped__traits.hpp
[21.780s] -- Symlinking: /home/macho/navivest_ws/install/nav_2d_msgs/include/nav_2d_msgs/nav_2d_msgs/msg/detail/pose2_d_stamped__type_support.hpp
[21.799s] -- Symlinking: /home/macho/navivest_ws/install/nav_2d_msgs/include/nav_2d_msgs/nav_2d_msgs/msg/detail/twist2_d32__builder.hpp
[21.816s] -- Symlinking: /home/macho/navivest_ws/install/nav_2d_msgs/include/nav_2d_msgs/nav_2d_msgs/msg/detail/twist2_d32__struct.hpp
[21.832s] -- Symlinking: /home/macho/navivest_ws/install/nav_2d_msgs/include/nav_2d_msgs/nav_2d_msgs/msg/detail/twist2_d32__traits.hpp
[21.849s] -- Symlinking: /home/macho/navivest_ws/install/nav_2d_msgs/include/nav_2d_msgs/nav_2d_msgs/msg/detail/twist2_d32__type_support.hpp
[21.869s] -- Symlinking: /home/macho/navivest_ws/install/nav_2d_msgs/include/nav_2d_msgs/nav_2d_msgs/msg/detail/twist2_d__builder.hpp
[21.884s] -- Symlinking: /home/macho/navivest_ws/install/nav_2d_msgs/include/nav_2d_msgs/nav_2d_msgs/msg/detail/twist2_d__struct.hpp
[21.901s] -- Symlinking: /home/macho/navivest_ws/install/nav_2d_msgs/include/nav_2d_msgs/nav_2d_msgs/msg/detail/twist2_d__traits.hpp
[21.920s] -- Symlinking: /home/macho/navivest_ws/install/nav_2d_msgs/include/nav_2d_msgs/nav_2d_msgs/msg/detail/twist2_d__type_support.hpp
[21.937s] -- Symlinking: /home/macho/navivest_ws/install/nav_2d_msgs/include/nav_2d_msgs/nav_2d_msgs/msg/detail/twist2_d_stamped__builder.hpp
[21.953s] -- Symlinking: /home/macho/navivest_ws/install/nav_2d_msgs/include/nav_2d_msgs/nav_2d_msgs/msg/detail/twist2_d_stamped__struct.hpp
[21.971s] -- Symlinking: /home/macho/navivest_ws/install/nav_2d_msgs/include/nav_2d_msgs/nav_2d_msgs/msg/detail/twist2_d_stamped__traits.hpp
[21.997s] -- Symlinking: /home/macho/navivest_ws/install/nav_2d_msgs/include/nav_2d_msgs/nav_2d_msgs/msg/detail/twist2_d_stamped__type_support.hpp
[22.029s] -- Symlinking: /home/macho/navivest_ws/install/nav_2d_msgs/include/nav_2d_msgs/nav_2d_msgs/msg/path2_d.hpp
[22.059s] -- Symlinking: /home/macho/navivest_ws/install/nav_2d_msgs/include/nav_2d_msgs/nav_2d_msgs/msg/pose2_d32.hpp
[22.090s] -- Symlinking: /home/macho/navivest_ws/install/nav_2d_msgs/include/nav_2d_msgs/nav_2d_msgs/msg/pose2_d_stamped.hpp
[22.122s] -- Symlinking: /home/macho/navivest_ws/install/nav_2d_msgs/include/nav_2d_msgs/nav_2d_msgs/msg/rosidl_generator_cpp__visibility_control.hpp
[22.155s] -- Symlinking: /home/macho/navivest_ws/install/nav_2d_msgs/include/nav_2d_msgs/nav_2d_msgs/msg/twist2_d.hpp
[22.189s] -- Symlinking: /home/macho/navivest_ws/install/nav_2d_msgs/include/nav_2d_msgs/nav_2d_msgs/msg/twist2_d32.hpp
[22.211s] -- Symlinking: /home/macho/navivest_ws/install/nav_2d_msgs/include/nav_2d_msgs/nav_2d_msgs/msg/twist2_d_stamped.hpp
[22.227s] -- Symlinking: /home/macho/navivest_ws/install/nav_2d_msgs/include/nav_2d_msgs/nav_2d_msgs/msg/detail/path2_d__rosidl_typesupport_fastrtps_cpp.hpp
[22.245s] -- Symlinking: /home/macho/navivest_ws/install/nav_2d_msgs/include/nav_2d_msgs/nav_2d_msgs/msg/detail/pose2_d32__rosidl_typesupport_fastrtps_cpp.hpp
[22.268s] -- Symlinking: /home/macho/navivest_ws/install/nav_2d_msgs/include/nav_2d_msgs/nav_2d_msgs/msg/detail/pose2_d_stamped__rosidl_typesupport_fastrtps_cpp.hpp
[22.305s] -- Symlinking: /home/macho/navivest_ws/install/nav_2d_msgs/include/nav_2d_msgs/nav_2d_msgs/msg/detail/twist2_d32__rosidl_typesupport_fastrtps_cpp.hpp
[22.335s] -- Symlinking: /home/macho/navivest_ws/install/nav_2d_msgs/include/nav_2d_msgs/nav_2d_msgs/msg/detail/twist2_d__rosidl_typesupport_fastrtps_cpp.hpp
[22.355s] -- Symlinking: /home/macho/navivest_ws/install/nav_2d_msgs/include/nav_2d_msgs/nav_2d_msgs/msg/detail/twist2_d_stamped__rosidl_typesupport_fastrtps_cpp.hpp
[22.390s] -- Symlinking: /home/macho/navivest_ws/install/nav_2d_msgs/include/nav_2d_msgs/nav_2d_msgs/msg/rosidl_typesupport_fastrtps_cpp__visibility_control.h
[22.424s] -- Symlinking: /home/macho/navivest_ws/install/nav_2d_msgs/include/nav_2d_msgs/nav_2d_msgs/msg/detail/path2_d__rosidl_typesupport_introspection_c.h
[22.452s] -- Symlinking: /home/macho/navivest_ws/install/nav_2d_msgs/include/nav_2d_msgs/nav_2d_msgs/msg/detail/pose2_d32__rosidl_typesupport_introspection_c.h
[22.486s] -- Symlinking: /home/macho/navivest_ws/install/nav_2d_msgs/include/nav_2d_msgs/nav_2d_msgs/msg/detail/pose2_d_stamped__rosidl_typesupport_introspection_c.h
[22.510s] -- Symlinking: /home/macho/navivest_ws/install/nav_2d_msgs/include/nav_2d_msgs/nav_2d_msgs/msg/detail/twist2_d32__rosidl_typesupport_introspection_c.h
[22.525s] -- Symlinking: /home/macho/navivest_ws/install/nav_2d_msgs/include/nav_2d_msgs/nav_2d_msgs/msg/detail/twist2_d__rosidl_typesupport_introspection_c.h
[22.563s] -- Symlinking: /home/macho/navivest_ws/install/nav_2d_msgs/include/nav_2d_msgs/nav_2d_msgs/msg/detail/twist2_d_stamped__rosidl_typesupport_introspection_c.h
[22.594s] -- Symlinking: /home/macho/navivest_ws/install/nav_2d_msgs/include/nav_2d_msgs/nav_2d_msgs/msg/rosidl_typesupport_introspection_c__visibility_control.h
[22.627s] -- Symlinking: /home/macho/navivest_ws/install/nav_2d_msgs/include/nav_2d_msgs/nav_2d_msgs/msg/detail/path2_d__rosidl_typesupport_introspection_cpp.hpp
[22.658s] -- Symlinking: /home/macho/navivest_ws/install/nav_2d_msgs/include/nav_2d_msgs/nav_2d_msgs/msg/detail/pose2_d32__rosidl_typesupport_introspection_cpp.hpp
[22.692s] -- Symlinking: /home/macho/navivest_ws/install/nav_2d_msgs/include/nav_2d_msgs/nav_2d_msgs/msg/detail/pose2_d_stamped__rosidl_typesupport_introspection_cpp.hpp
[22.722s] -- Symlinking: /home/macho/navivest_ws/install/nav_2d_msgs/include/nav_2d_msgs/nav_2d_msgs/msg/detail/twist2_d32__rosidl_typesupport_introspection_cpp.hpp
[22.753s] -- Symlinking: /home/macho/navivest_ws/install/nav_2d_msgs/include/nav_2d_msgs/nav_2d_msgs/msg/detail/twist2_d__rosidl_typesupport_introspection_cpp.hpp
[22.785s] -- Symlinking: /home/macho/navivest_ws/install/nav_2d_msgs/include/nav_2d_msgs/nav_2d_msgs/msg/detail/twist2_d_stamped__rosidl_typesupport_introspection_cpp.hpp
[22.823s] -- Symlinking: /home/macho/navivest_ws/install/nav_2d_msgs/share/nav_2d_msgs/environment/pythonpath.sh
[22.844s] -- Symlinking: /home/macho/navivest_ws/install/nav_2d_msgs/share/nav_2d_msgs/environment/pythonpath.dsv
[22.874s] -- Symlinking: /home/macho/navivest_ws/install/nav_2d_msgs/lib/python3.12/site-packages/nav_2d_msgs-1.3.12-py3.12.egg-info/PKG-INFO
[22.907s] -- Symlinking: /home/macho/navivest_ws/install/nav_2d_msgs/lib/python3.12/site-packages/nav_2d_msgs-1.3.12-py3.12.egg-info/SOURCES.txt
[22.938s] -- Symlinking: /home/macho/navivest_ws/install/nav_2d_msgs/lib/python3.12/site-packages/nav_2d_msgs-1.3.12-py3.12.egg-info/dependency_links.txt
[22.973s] -- Symlinking: /home/macho/navivest_ws/install/nav_2d_msgs/lib/python3.12/site-packages/nav_2d_msgs-1.3.12-py3.12.egg-info/top_level.txt
[23.005s] -- Symlinking: /home/macho/navivest_ws/install/nav_2d_msgs/lib/python3.12/site-packages/nav_2d_msgs/__init__.py
[23.030s] -- Symlinking: /home/macho/navivest_ws/install/nav_2d_msgs/lib/python3.12/site-packages/nav_2d_msgs/_nav_2d_msgs_s.ep.rosidl_typesupport_c.c
[23.060s] -- Symlinking: /home/macho/navivest_ws/install/nav_2d_msgs/lib/python3.12/site-packages/nav_2d_msgs/_nav_2d_msgs_s.ep.rosidl_typesupport_fastrtps_c.c
[23.094s] -- Symlinking: /home/macho/navivest_ws/install/nav_2d_msgs/lib/python3.12/site-packages/nav_2d_msgs/_nav_2d_msgs_s.ep.rosidl_typesupport_introspection_c.c
[23.110s] -- Symlinking: /home/macho/navivest_ws/install/nav_2d_msgs/lib/python3.12/site-packages/nav_2d_msgs/msg/__init__.py
[23.165s] -- Symlinking: /home/macho/navivest_ws/install/nav_2d_msgs/lib/python3.12/site-packages/nav_2d_msgs/msg/_path2_d.py
[23.211s] -- Symlinking: /home/macho/navivest_ws/install/nav_2d_msgs/lib/python3.12/site-packages/nav_2d_msgs/msg/_path2_d_s.c
[23.243s] -- Symlinking: /home/macho/navivest_ws/install/nav_2d_msgs/lib/python3.12/site-packages/nav_2d_msgs/msg/_pose2_d32.py
[23.285s] -- Symlinking: /home/macho/navivest_ws/install/nav_2d_msgs/lib/python3.12/site-packages/nav_2d_msgs/msg/_pose2_d32_s.c
[23.316s] -- Symlinking: /home/macho/navivest_ws/install/nav_2d_msgs/lib/python3.12/site-packages/nav_2d_msgs/msg/_pose2_d_stamped.py
[23.349s] -- Symlinking: /home/macho/navivest_ws/install/nav_2d_msgs/lib/python3.12/site-packages/nav_2d_msgs/msg/_pose2_d_stamped_s.c
[23.383s] -- Symlinking: /home/macho/navivest_ws/install/nav_2d_msgs/lib/python3.12/site-packages/nav_2d_msgs/msg/_twist2_d.py
[23.419s] -- Symlinking: /home/macho/navivest_ws/install/nav_2d_msgs/lib/python3.12/site-packages/nav_2d_msgs/msg/_twist2_d32.py
[23.456s] -- Symlinking: /home/macho/navivest_ws/install/nav_2d_msgs/lib/python3.12/site-packages/nav_2d_msgs/msg/_twist2_d32_s.c
[23.489s] -- Symlinking: /home/macho/navivest_ws/install/nav_2d_msgs/lib/python3.12/site-packages/nav_2d_msgs/msg/_twist2_d_s.c
[23.521s] -- Symlinking: /home/macho/navivest_ws/install/nav_2d_msgs/lib/python3.12/site-packages/nav_2d_msgs/msg/_twist2_d_stamped.py
[23.551s] -- Symlinking: /home/macho/navivest_ws/install/nav_2d_msgs/lib/python3.12/site-packages/nav_2d_msgs/msg/_twist2_d_stamped_s.c
[23.584s] -- Symlinking: /home/macho/navivest_ws/install/nav_2d_msgs/lib/python3.12/site-packages/nav_2d_msgs/nav_2d_msgs_s__rosidl_typesupport_c.so
[23.623s] -- Symlinking: /home/macho/navivest_ws/install/nav_2d_msgs/lib/python3.12/site-packages/nav_2d_msgs/nav_2d_msgs_s__rosidl_typesupport_fastrtps_c.so
[23.666s] -- Symlinking: /home/macho/navivest_ws/install/nav_2d_msgs/lib/python3.12/site-packages/nav_2d_msgs/nav_2d_msgs_s__rosidl_typesupport_introspection_c.so
[23.704s] -- Up-to-date symlink: /home/macho/navivest_ws/install/nav_2d_msgs/lib/python3.12/site-packages/nav_2d_msgs/nav_2d_msgs_s__rosidl_typesupport_fastrtps_c.so
[23.704s] -- Up-to-date symlink: /home/macho/navivest_ws/install/nav_2d_msgs/lib/python3.12/site-packages/nav_2d_msgs/nav_2d_msgs_s__rosidl_typesupport_introspection_c.so
[23.704s] -- Up-to-date symlink: /home/macho/navivest_ws/install/nav_2d_msgs/lib/python3.12/site-packages/nav_2d_msgs/nav_2d_msgs_s__rosidl_typesupport_c.so
[23.704s] -- Symlinking: /home/macho/navivest_ws/install/nav_2d_msgs/share/ament_index/resource_index/rust_packages/nav_2d_msgs
[23.735s] -- Symlinking: /home/macho/navivest_ws/install/nav_2d_msgs/share/nav_2d_msgs/rust/Cargo.toml
[23.774s] -- Symlinking: /home/macho/navivest_ws/install/nav_2d_msgs/share/nav_2d_msgs/rust/build.rs
[23.808s] -- Symlinking: /home/macho/navivest_ws/install/nav_2d_msgs/share/nav_2d_msgs/rust/src/lib.rs
[23.838s] -- Symlinking: /home/macho/navivest_ws/install/nav_2d_msgs/share/nav_2d_msgs/rust/src/msg.rs
[23.880s] -- Symlinking: /home/macho/navivest_ws/install/nav_2d_msgs/share/nav_2d_msgs/rust/src/msg/rmw.rs
[23.915s] -- Symlinking: /home/macho/navivest_ws/install/nav_2d_msgs/share/nav_2d_msgs/msg/Path2D.idl
[23.961s] -- Symlinking: /home/macho/navivest_ws/install/nav_2d_msgs/share/nav_2d_msgs/msg/Pose2D32.idl
[23.988s] -- Symlinking: /home/macho/navivest_ws/install/nav_2d_msgs/share/nav_2d_msgs/msg/Pose2DStamped.idl
[24.023s] -- Symlinking: /home/macho/navivest_ws/install/nav_2d_msgs/share/nav_2d_msgs/msg/Twist2D.idl
[24.055s] -- Symlinking: /home/macho/navivest_ws/install/nav_2d_msgs/share/nav_2d_msgs/msg/Twist2D32.idl
[24.088s] -- Symlinking: /home/macho/navivest_ws/install/nav_2d_msgs/share/nav_2d_msgs/msg/Twist2DStamped.idl
[24.117s] -- Symlinking: /home/macho/navivest_ws/install/nav_2d_msgs/share/nav_2d_msgs/msg/Path2D.msg
[24.165s] -- Symlinking: /home/macho/navivest_ws/install/nav_2d_msgs/share/nav_2d_msgs/msg/Pose2D32.msg
[24.201s] -- Symlinking: /home/macho/navivest_ws/install/nav_2d_msgs/share/nav_2d_msgs/msg/Pose2DStamped.msg
[24.250s] -- Symlinking: /home/macho/navivest_ws/install/nav_2d_msgs/share/nav_2d_msgs/msg/Twist2D.msg
[24.286s] -- Symlinking: /home/macho/navivest_ws/install/nav_2d_msgs/share/nav_2d_msgs/msg/Twist2D32.msg
[24.322s] -- Symlinking: /home/macho/navivest_ws/install/nav_2d_msgs/share/nav_2d_msgs/msg/Twist2DStamped.msg
[24.359s] -- Symlinking: /home/macho/navivest_ws/install/nav_2d_msgs/share/ament_index/resource_index/package_run_dependencies/nav_2d_msgs
[24.391s] -- Symlinking: /home/macho/navivest_ws/install/nav_2d_msgs/share/ament_index/resource_index/parent_prefix_path/nav_2d_msgs
[24.424s] -- Symlinking: /home/macho/navivest_ws/install/nav_2d_msgs/share/nav_2d_msgs/environment/ament_prefix_path.sh
[24.464s] -- Symlinking: /home/macho/navivest_ws/install/nav_2d_msgs/share/nav_2d_msgs/environment/ament_prefix_path.dsv
[24.504s] -- Symlinking: /home/macho/navivest_ws/install/nav_2d_msgs/share/nav_2d_msgs/environment/path.sh
[24.553s] -- Symlinking: /home/macho/navivest_ws/install/nav_2d_msgs/share/nav_2d_msgs/environment/path.dsv
[24.587s] -- Symlinking: /home/macho/navivest_ws/install/nav_2d_msgs/share/nav_2d_msgs/local_setup.bash
[24.626s] -- Symlinking: /home/macho/navivest_ws/install/nav_2d_msgs/share/nav_2d_msgs/local_setup.sh
[24.663s] -- Symlinking: /home/macho/navivest_ws/install/nav_2d_msgs/share/nav_2d_msgs/local_setup.zsh
[24.707s] -- Symlinking: /home/macho/navivest_ws/install/nav_2d_msgs/share/nav_2d_msgs/local_setup.dsv
[24.736s] -- Symlinking: /home/macho/navivest_ws/install/nav_2d_msgs/share/nav_2d_msgs/package.dsv
[24.771s] -- Symlinking: /home/macho/navivest_ws/install/nav_2d_msgs/share/ament_index/resource_index/packages/nav_2d_msgs
[24.800s] -- Symlinking: /home/macho/navivest_ws/install/nav_2d_msgs/share/nav_2d_msgs/cmake/rosidl_cmake-extras.cmake
[24.849s] -- Symlinking: /home/macho/navivest_ws/install/nav_2d_msgs/share/nav_2d_msgs/cmake/ament_cmake_export_dependencies-extras.cmake
[24.881s] -- Symlinking: /home/macho/navivest_ws/install/nav_2d_msgs/share/nav_2d_msgs/cmake/ament_cmake_export_include_directories-extras.cmake
[24.906s] -- Symlinking: /home/macho/navivest_ws/install/nav_2d_msgs/share/nav_2d_msgs/cmake/ament_cmake_export_libraries-extras.cmake
[24.945s] -- Symlinking: /home/macho/navivest_ws/install/nav_2d_msgs/share/nav_2d_msgs/cmake/ament_cmake_export_targets-extras.cmake
[24.973s] -- Symlinking: /home/macho/navivest_ws/install/nav_2d_msgs/share/nav_2d_msgs/cmake/rosidl_cmake_export_typesupport_targets-extras.cmake
[25.013s] -- Symlinking: /home/macho/navivest_ws/install/nav_2d_msgs/share/nav_2d_msgs/cmake/rosidl_cmake_export_typesupport_libraries-extras.cmake
[25.038s] -- Symlinking: /home/macho/navivest_ws/install/nav_2d_msgs/share/nav_2d_msgs/cmake/nav_2d_msgsConfig.cmake
[25.053s] -- Symlinking: /home/macho/navivest_ws/install/nav_2d_msgs/share/nav_2d_msgs/cmake/nav_2d_msgsConfig-version.cmake
[25.090s] -- Symlinking: /home/macho/navivest_ws/install/nav_2d_msgs/share/nav_2d_msgs/package.xml
[25.119s] -- Installing: /home/macho/navivest_ws/install/nav_2d_msgs/lib/libnav_2d_msgs__rosidl_generator_c.so
[25.119s] -- Set non-toolchain portion of runtime path of "/home/macho/navivest_ws/install/nav_2d_msgs/lib/libnav_2d_msgs__rosidl_generator_c.so" to ""
[25.120s] -- Installing: /home/macho/navivest_ws/install/nav_2d_msgs/lib/libnav_2d_msgs__rosidl_typesupport_fastrtps_c.so
[25.121s] -- Set non-toolchain portion of runtime path of "/home/macho/navivest_ws/install/nav_2d_msgs/lib/libnav_2d_msgs__rosidl_typesupport_fastrtps_c.so" to ""
[25.121s] -- Installing: /home/macho/navivest_ws/install/nav_2d_msgs/lib/libnav_2d_msgs__rosidl_typesupport_fastrtps_cpp.so
[25.121s] -- Set non-toolchain portion of runtime path of "/home/macho/navivest_ws/install/nav_2d_msgs/lib/libnav_2d_msgs__rosidl_typesupport_fastrtps_cpp.so" to ""
[25.121s] -- Installing: /home/macho/navivest_ws/install/nav_2d_msgs/lib/libnav_2d_msgs__rosidl_typesupport_introspection_c.so
[25.122s] -- Set non-toolchain portion of runtime path of "/home/macho/navivest_ws/install/nav_2d_msgs/lib/libnav_2d_msgs__rosidl_typesupport_introspection_c.so" to ""
[25.122s] -- Installing: /home/macho/navivest_ws/install/nav_2d_msgs/lib/libnav_2d_msgs__rosidl_typesupport_c.so
[25.127s] -- Set non-toolchain portion of runtime path of "/home/macho/navivest_ws/install/nav_2d_msgs/lib/libnav_2d_msgs__rosidl_typesupport_c.so" to ""
[25.127s] -- Installing: /home/macho/navivest_ws/install/nav_2d_msgs/lib/libnav_2d_msgs__rosidl_typesupport_introspection_cpp.so
[25.127s] -- Set non-toolchain portion of runtime path of "/home/macho/navivest_ws/install/nav_2d_msgs/lib/libnav_2d_msgs__rosidl_typesupport_introspection_cpp.so" to ""
[25.127s] -- Installing: /home/macho/navivest_ws/install/nav_2d_msgs/lib/libnav_2d_msgs__rosidl_typesupport_cpp.so
[25.127s] -- Set non-toolchain portion of runtime path of "/home/macho/navivest_ws/install/nav_2d_msgs/lib/libnav_2d_msgs__rosidl_typesupport_cpp.so" to ""
[25.268s] Listing '/home/macho/navivest_ws/install/nav_2d_msgs/lib/python3.12/site-packages/nav_2d_msgs'...
[25.268s] Compiling '/home/macho/navivest_ws/install/nav_2d_msgs/lib/python3.12/site-packages/nav_2d_msgs/__init__.py'...
[25.268s] Listing '/home/macho/navivest_ws/install/nav_2d_msgs/lib/python3.12/site-packages/nav_2d_msgs/msg'...
[25.269s] Compiling '/home/macho/navivest_ws/install/nav_2d_msgs/lib/python3.12/site-packages/nav_2d_msgs/msg/__init__.py'...
[25.269s] Compiling '/home/macho/navivest_ws/install/nav_2d_msgs/lib/python3.12/site-packages/nav_2d_msgs/msg/_path2_d.py'...
[25.269s] Compiling '/home/macho/navivest_ws/install/nav_2d_msgs/lib/python3.12/site-packages/nav_2d_msgs/msg/_pose2_d32.py'...
[25.270s] Compiling '/home/macho/navivest_ws/install/nav_2d_msgs/lib/python3.12/site-packages/nav_2d_msgs/msg/_pose2_d_stamped.py'...
[25.270s] Compiling '/home/macho/navivest_ws/install/nav_2d_msgs/lib/python3.12/site-packages/nav_2d_msgs/msg/_twist2_d.py'...
[25.271s] Compiling '/home/macho/navivest_ws/install/nav_2d_msgs/lib/python3.12/site-packages/nav_2d_msgs/msg/_twist2_d32.py'...
[25.271s] Compiling '/home/macho/navivest_ws/install/nav_2d_msgs/lib/python3.12/site-packages/nav_2d_msgs/msg/_twist2_d_stamped.py'...
[25.282s] -- Installing: /home/macho/navivest_ws/install/nav_2d_msgs/lib/libnav_2d_msgs__rosidl_generator_py.so
[25.283s] -- Set non-toolchain portion of runtime path of "/home/macho/navivest_ws/install/nav_2d_msgs/lib/libnav_2d_msgs__rosidl_generator_py.so" to ""
[25.283s] -- Installing: /home/macho/navivest_ws/install/nav_2d_msgs/share/nav_2d_msgs/cmake/export_nav_2d_msgs__rosidl_generator_cExport.cmake
[25.284s] -- Installing: /home/macho/navivest_ws/install/nav_2d_msgs/share/nav_2d_msgs/cmake/export_nav_2d_msgs__rosidl_generator_cExport-noconfig.cmake
[25.287s] -- Installing: /home/macho/navivest_ws/install/nav_2d_msgs/share/nav_2d_msgs/cmake/export_nav_2d_msgs__rosidl_typesupport_fastrtps_cExport.cmake
[25.287s] -- Installing: /home/macho/navivest_ws/install/nav_2d_msgs/share/nav_2d_msgs/cmake/export_nav_2d_msgs__rosidl_typesupport_fastrtps_cExport-noconfig.cmake
[25.287s] -- Installing: /home/macho/navivest_ws/install/nav_2d_msgs/share/nav_2d_msgs/cmake/export_nav_2d_msgs__rosidl_generator_cppExport.cmake
[25.287s] -- Installing: /home/macho/navivest_ws/install/nav_2d_msgs/share/nav_2d_msgs/cmake/export_nav_2d_msgs__rosidl_typesupport_fastrtps_cppExport.cmake
[25.287s] -- Installing: /home/macho/navivest_ws/install/nav_2d_msgs/share/nav_2d_msgs/cmake/export_nav_2d_msgs__rosidl_typesupport_fastrtps_cppExport-noconfig.cmake
[25.287s] -- Installing: /home/macho/navivest_ws/install/nav_2d_msgs/share/nav_2d_msgs/cmake/nav_2d_msgs__rosidl_typesupport_introspection_cExport.cmake
[25.287s] -- Installing: /home/macho/navivest_ws/install/nav_2d_msgs/share/nav_2d_msgs/cmake/nav_2d_msgs__rosidl_typesupport_introspection_cExport-noconfig.cmake
[25.287s] -- Installing: /home/macho/navivest_ws/install/nav_2d_msgs/share/nav_2d_msgs/cmake/nav_2d_msgs__rosidl_typesupport_cExport.cmake
[25.287s] -- Installing: /home/macho/navivest_ws/install/nav_2d_msgs/share/nav_2d_msgs/cmake/nav_2d_msgs__rosidl_typesupport_cExport-noconfig.cmake
[25.287s] -- Installing: /home/macho/navivest_ws/install/nav_2d_msgs/share/nav_2d_msgs/cmake/nav_2d_msgs__rosidl_typesupport_introspection_cppExport.cmake
[25.288s] -- Installing: /home/macho/navivest_ws/install/nav_2d_msgs/share/nav_2d_msgs/cmake/nav_2d_msgs__rosidl_typesupport_introspection_cppExport-noconfig.cmake
[25.289s] -- Installing: /home/macho/navivest_ws/install/nav_2d_msgs/share/nav_2d_msgs/cmake/nav_2d_msgs__rosidl_typesupport_cppExport.cmake
[25.289s] -- Installing: /home/macho/navivest_ws/install/nav_2d_msgs/share/nav_2d_msgs/cmake/nav_2d_msgs__rosidl_typesupport_cppExport-noconfig.cmake
[25.289s] -- Installing: /home/macho/navivest_ws/install/nav_2d_msgs/share/nav_2d_msgs/cmake/export_nav_2d_msgs__rosidl_generator_pyExport.cmake
[25.290s] -- Installing: /home/macho/navivest_ws/install/nav_2d_msgs/share/nav_2d_msgs/cmake/export_nav_2d_msgs__rosidl_generator_pyExport-noconfig.cmake
[25.293s] Invoked command in '/home/macho/navivest_ws/build/nav_2d_msgs' returned '0': CMAKE_PREFIX_PATH=${CMAKE_PREFIX_PATH}:/home/macho/navivest_ws/install/nav2_loopback_sim:/home/macho/navivest_ws/install/navivest_bringup:/home/macho/navivest_ws/install/bondpy:/home/macho/navivest_ws/install/navivest_guidance:/home/macho/navivest_ws/install/nav2_simple_commander:/opt/ros/jazzy DEBUGINFOD_URLS=https://debuginfod.ubuntu.com /usr/bin/cmake --install /home/macho/navivest_ws/build/nav_2d_msgs
