[0.141s] Invoking command in '/home/macho/navivest_ws/build/nav2_util': CMAKE_PREFIX_PATH=/home/macho/navivest_ws/install/nav2_msgs:/home/macho/navivest_ws/install/bondcpp:/home/macho/navivest_ws/install/smclib:/home/macho/navivest_ws/install/nav2_common:/home/macho/navivest_ws/install/geographic_msgs:/home/macho/navivest_ws/install/bond:/opt/ros/jazzy/opt/gz_sim_vendor:/opt/ros/jazzy/opt/gz_sensors_vendor:/opt/ros/jazzy/opt/gz_physics_vendor:/opt/ros/jazzy/opt/sdformat_vendor:/opt/ros/jazzy/opt/gz_gui_vendor:/opt/ros/jazzy/opt/gz_transport_vendor:/opt/ros/jazzy/opt/gz_rendering_vendor:/opt/ros/jazzy/opt/gz_plugin_vendor:/opt/ros/jazzy/opt/gz_fuel_tools_vendor:/opt/ros/jazzy/opt/gz_msgs_vendor:/opt/ros/jazzy/opt/gz_common_vendor:/opt/ros/jazzy/opt/gz_tools_vendor:/opt/ros/jazzy/opt/gz_ogre_next_vendor:/opt/ros/jazzy/opt/gz_dartsim_vendor:/home/macho/navivest_ws/install/nav2_velocity_smoother:/home/macho/navivest_ws/install/nav2_map_server:/home/macho/navivest_ws/install/nav2_amcl:/home/macho/navivest_ws/install/test_bond:/home/macho/navivest_ws/install/opennav_docking_core:/home/macho/navivest_ws/install/zed_wrapper:/home/macho/navivest_ws/install/zed_components:/home/macho/navivest_ws/install/zed_msgs:/home/macho/navivest_ws/install/zed_description:/home/macho/navivest_ws/install/nav2_dwb_controller:/home/macho/navivest_ws/install/nav2_controller:/home/macho/navivest_ws/install/dwb_plugins:/home/macho/navivest_ws/install/dwb_critics:/home/macho/navivest_ws/install/dwb_core:/home/macho/navivest_ws/install/nav_2d_utils:/home/macho/navivest_ws/install/nav2_theta_star_planner:/home/macho/navivest_ws/install/nav2_planner:/home/macho/navivest_ws/install/nav2_lifecycle_manager:/home/macho/navivest_ws/install/nav2_core:/home/macho/navivest_ws/install/costmap_queue:/home/macho/navivest_ws/install/nav2_costmap_2d:/home/macho/navivest_ws/install/nav2_behavior_tree:/home/macho/navivest_ws/install/nav2_util:/home/macho/navivest_ws/install/bond_core:/home/macho/navivest_ws/install/robot_localization:/home/macho/navivest_ws/install/pointcloud_to_laserscan:/home/macho/navivest_ws/install/nmea_msgs:/home/macho/navivest_ws/install/dwb_msgs:/home/macho/navivest_ws/install/nav_2d_msgs:/home/macho/navivest_ws/install/nav2_voxel_grid:/home/macho/navivest_ws/install/geographic_info:/home/macho/navivest_ws/install/geodesy:/home/macho/navivest_ws/install/behaviortree_cpp:/home/macho/navivest_ws/install/backward_ros:/opt/ros/jazzy/opt/gz_math_vendor:/opt/ros/jazzy/opt/gz_utils_vendor:/opt/ros/jazzy/opt/gz_cmake_vendor:/home/macho/navivest_ws/install/nav2_loopback_sim:/home/macho/navivest_ws/install/navivest_bringup:/home/macho/navivest_ws/install/bondpy:/home/macho/navivest_ws/install/navivest_guidance:/home/macho/navivest_ws/install/nav2_simple_commander:/opt/ros/jazzy DEBUGINFOD_URLS=https://debuginfod.ubuntu.com LD_LIBRARY_PATH=/home/macho/navivest_ws/install/nav2_msgs/lib:/home/macho/navivest_ws/install/bondcpp/lib:/home/macho/navivest_ws/install/geographic_msgs/lib:/home/macho/navivest_ws/install/bond/lib:/opt/ros/jazzy/opt/gz_sim_vendor/lib:/opt/ros/jazzy/opt/gz_sensors_vendor/lib:/opt/ros/jazzy/opt/gz_physics_vendor/lib:/opt/ros/jazzy/opt/sdformat_vendor/lib:/opt/ros/jazzy/opt/gz_gui_vendor/lib:/opt/ros/jazzy/opt/gz_transport_vendor/lib:/opt/ros/jazzy/opt/gz_rendering_vendor/lib:/opt/ros/jazzy/opt/gz_plugin_vendor/lib:/opt/ros/jazzy/opt/gz_fuel_tools_vendor/lib:/opt/ros/jazzy/opt/gz_msgs_vendor/lib:/opt/ros/jazzy/opt/gz_common_vendor/lib:/opt/ros/jazzy/opt/gz_tools_vendor/lib:/opt/ros/jazzy/opt/gz_ogre_next_vendor/lib:/opt/ros/jazzy/opt/gz_dartsim_vendor/lib:/home/macho/navivest_ws/install/nav2_velocity_smoother/lib:/home/macho/navivest_ws/install/nav2_map_server/lib:/home/macho/navivest_ws/install/nav2_amcl/lib:/home/macho/navivest_ws/install/test_bond/lib:/home/macho/navivest_ws/install/zed_components/lib:/home/macho/navivest_ws/install/zed_msgs/lib:/home/macho/navivest_ws/install/nav2_controller/lib:/home/macho/navivest_ws/install/dwb_plugins/lib:/home/macho/navivest_ws/install/dwb_critics/lib:/home/macho/navivest_ws/install/dwb_core/lib:/home/macho/navivest_ws/install/nav_2d_utils/lib:/home/macho/navivest_ws/install/nav2_theta_star_planner/lib:/home/macho/navivest_ws/install/nav2_planner/lib:/home/macho/navivest_ws/install/nav2_lifecycle_manager/lib:/home/macho/navivest_ws/install/costmap_queue/lib:/home/macho/navivest_ws/install/nav2_costmap_2d/lib:/home/macho/navivest_ws/install/nav2_behavior_tree/lib:/home/macho/navivest_ws/install/nav2_util/lib:/home/macho/navivest_ws/install/robot_localization/lib:/home/macho/navivest_ws/install/pointcloud_to_laserscan/lib:/home/macho/navivest_ws/install/nmea_msgs/lib:/home/macho/navivest_ws/install/dwb_msgs/lib:/home/macho/navivest_ws/install/nav_2d_msgs/lib:/home/macho/navivest_ws/install/nav2_voxel_grid/lib:/home/macho/navivest_ws/install/geodesy/lib:/home/macho/navivest_ws/install/behaviortree_cpp/lib:/home/macho/navivest_ws/install/backward_ros/lib:/opt/ros/jazzy/opt/rviz_ogre_vendor/lib:/opt/ros/jazzy/lib/x86_64-linux-gnu:/opt/ros/jazzy/opt/gz_math_vendor/lib:/opt/ros/jazzy/opt/gz_utils_vendor/lib:/opt/ros/jazzy/opt/gz_cmake_vendor/lib:/opt/ros/jazzy/lib:/usr/local/cuda-13.0/lib64 PYTHONPATH=/home/macho/navivest_ws/install/nav2_msgs/lib/python3.12/site-packages:/home/macho/navivest_ws/install/smclib/lib/python3.12/site-packages:/home/macho/navivest_ws/install/nav2_common/lib/python3.12/site-packages:/home/macho/navivest_ws/install/geographic_msgs/lib/python3.12/site-packages:/home/macho/navivest_ws/install/bond/lib/python3.12/site-packages:/home/macho/navivest_ws/build/nav2_loopback_sim:/home/macho/navivest_ws/install/nav2_loopback_sim/lib/python3.12/site-packages:/home/macho/navivest_ws/install/test_bond/lib/python3.12/site-packages:/home/macho/navivest_ws/build/navivest_bringup:/home/macho/navivest_ws/install/navivest_bringup/lib/python3.12/site-packages:/home/macho/navivest_ws/install/zed_msgs/lib/python3.12/site-packages:/home/macho/navivest_ws/build/bondpy:/home/macho/navivest_ws/install/bondpy/lib/python3.12/site-packages:/home/macho/navivest_ws/install/robot_localization/lib/python3.12/site-packages:/home/macho/navivest_ws/install/nmea_msgs/lib/python3.12/site-packages:/home/macho/navivest_ws/build/navivest_guidance:/home/macho/navivest_ws/install/navivest_guidance/lib/python3.12/site-packages:/home/macho/navivest_ws/install/dwb_msgs/lib/python3.12/site-packages:/home/macho/navivest_ws/install/nav_2d_msgs/lib/python3.12/site-packages:/home/macho/navivest_ws/build/nav2_simple_commander:/home/macho/navivest_ws/install/nav2_simple_commander/lib/python3.12/site-packages:/home/macho/navivest_ws/install/geodesy/lib/python3.12/site-packages:/opt/ros/jazzy/lib/python3.12/site-packages /usr/bin/cmake /home/macho/navivest_ws/src/navigation2_DISABLED/nav2_util -DAMENT_CMAKE_SYMLINK_INSTALL=1 -DCMAKE_INSTALL_PREFIX=/home/macho/navivest_ws/install/nav2_util
[0.187s] -- The C compiler identification is GNU 13.3.0
[0.229s] -- The CXX compiler identification is GNU 13.3.0
[0.243s] -- Detecting C compiler ABI info
[0.321s] -- Detecting C compiler ABI info - done
[0.327s] -- Check for working C compiler: /usr/bin/cc - skipped
[0.327s] -- Detecting C compile features
[0.327s] -- Detecting C compile features - done
[0.335s] -- Detecting CXX compiler ABI info
[0.421s] -- Detecting CXX compiler ABI info - done
[0.427s] -- Check for working CXX compiler: /usr/bin/c++ - skipped
[0.427s] -- Detecting CXX compile features
[0.427s] -- Detecting CXX compile features - done
[0.432s] -- Found ament_cmake: 2.5.6 (/opt/ros/jazzy/share/ament_cmake/cmake)
[0.576s] -- Found Python3: /usr/bin/python3 (found version "3.12.3") found components: Interpreter 
[0.629s] -- Override CMake install command with custom implementation using symlinks instead of copying resources
[0.684s] -- Found bond: 4.2.0 (/home/macho/navivest_ws/install/bond/share/bond/cmake)
[0.738s] -- Found rosidl_generator_c: 4.6.7 (/opt/ros/jazzy/share/rosidl_generator_c/cmake)
[0.754s] -- Found rosidl_generator_cpp: 4.6.7 (/opt/ros/jazzy/share/rosidl_generator_cpp/cmake)
[0.774s] -- Using all available rosidl_typesupport_c: rosidl_typesupport_fastrtps_c;rosidl_typesupport_introspection_c
[0.794s] -- Using all available rosidl_typesupport_cpp: rosidl_typesupport_fastrtps_cpp;rosidl_typesupport_introspection_cpp
[0.834s] -- Found bondcpp: 4.2.0 (/home/macho/navivest_ws/install/bondcpp/share/bondcpp/cmake)
[0.903s] -- Found rmw_implementation_cmake: 7.3.3 (/opt/ros/jazzy/share/rmw_implementation_cmake/cmake)
[0.908s] -- Found rmw_fastrtps_cpp: 8.4.3 (/opt/ros/jazzy/share/rmw_fastrtps_cpp/cmake)
[1.000s] -- Found OpenSSL: /usr/lib/x86_64-linux-gnu/libcrypto.so (found version "3.0.13")  
[1.016s] -- Found FastRTPS: /opt/ros/jazzy/include (Required is at least version "2.13") 
[1.035s] -- Using RMW implementation 'rmw_fastrtps_cpp' as default
[1.135s] -- Found geometry_msgs: 5.3.7 (/opt/ros/jazzy/share/geometry_msgs/cmake)
[1.145s] -- Found nav2_common: 1.3.12 (/home/macho/navivest_ws/install/nav2_common/share/nav2_common/cmake)
[1.145s] -- Found nav2_msgs: 1.3.12 (/home/macho/navivest_ws/install/nav2_msgs/share/nav2_msgs/cmake)
[1.264s] -- Found rclcpp_action: 28.1.18 (/opt/ros/jazzy/share/rclcpp_action/cmake)
[1.277s] -- Found tf2: 0.36.20 (/opt/ros/jazzy/share/tf2/cmake)
[1.283s] -- Found tf2_geometry_msgs: 0.36.20 (/opt/ros/jazzy/share/tf2_geometry_msgs/cmake)
[1.306s] -- Found eigen3_cmake_module: 0.3.0 (/opt/ros/jazzy/share/eigen3_cmake_module/cmake)
[1.307s] -- Found Eigen3: TRUE (found version "3.4.0") 
[1.307s] -- Ensuring Eigen3 include directory is part of orocos-kdl CMake target
[1.382s] -- Setting build type to Release as none was specified.
[1.390s] -- Found ament_lint_auto: 0.17.5 (/opt/ros/jazzy/share/ament_lint_auto/cmake)
[1.394s] -- Found ament_cmake_pytest: 2.5.6 (/opt/ros/jazzy/share/ament_cmake_pytest/cmake)
[1.520s] -- Found gtest sources under '/opt/ros/jazzy/src/gtest_vendor': C++ tests using 'Google Test' will be built
[1.522s] -- Performing Test CMAKE_HAVE_LIBC_PTHREAD
[1.607s] -- Performing Test CMAKE_HAVE_LIBC_PTHREAD - Success
[1.608s] -- Found Threads: TRUE  
[1.620s] CMake Error at test/CMakeLists.txt:8 (find_package):
[1.620s]   By not providing "Findtest_msgs.cmake" in CMAKE_MODULE_PATH this project
[1.620s]   has asked CMake to find a package configuration file provided by
[1.620s]   "test_msgs", but CMake did not find one.
[1.620s] 
[1.620s]   Could not find a package configuration file provided by "test_msgs" with
[1.620s]   any of the following names:
[1.620s] 
[1.620s]     test_msgsConfig.cmake
[1.620s]     test_msgs-config.cmake
[1.620s] 
[1.620s]   Add the installation prefix of "test_msgs" to CMAKE_PREFIX_PATH or set
[1.621s]   "test_msgs_DIR" to a directory containing one of the above files.  If
[1.621s]   "test_msgs" provides a separate development package or SDK, be sure it has
[1.621s]   been installed.
[1.621s] 
[1.621s] 
[1.621s] -- Configuring incomplete, errors occurred!
[1.631s] Invoked command in '/home/macho/navivest_ws/build/nav2_util' returned '1': CMAKE_PREFIX_PATH=/home/macho/navivest_ws/install/nav2_msgs:/home/macho/navivest_ws/install/bondcpp:/home/macho/navivest_ws/install/smclib:/home/macho/navivest_ws/install/nav2_common:/home/macho/navivest_ws/install/geographic_msgs:/home/macho/navivest_ws/install/bond:/opt/ros/jazzy/opt/gz_sim_vendor:/opt/ros/jazzy/opt/gz_sensors_vendor:/opt/ros/jazzy/opt/gz_physics_vendor:/opt/ros/jazzy/opt/sdformat_vendor:/opt/ros/jazzy/opt/gz_gui_vendor:/opt/ros/jazzy/opt/gz_transport_vendor:/opt/ros/jazzy/opt/gz_rendering_vendor:/opt/ros/jazzy/opt/gz_plugin_vendor:/opt/ros/jazzy/opt/gz_fuel_tools_vendor:/opt/ros/jazzy/opt/gz_msgs_vendor:/opt/ros/jazzy/opt/gz_common_vendor:/opt/ros/jazzy/opt/gz_tools_vendor:/opt/ros/jazzy/opt/gz_ogre_next_vendor:/opt/ros/jazzy/opt/gz_dartsim_vendor:/home/macho/navivest_ws/install/nav2_velocity_smoother:/home/macho/navivest_ws/install/nav2_map_server:/home/macho/navivest_ws/install/nav2_amcl:/home/macho/navivest_ws/install/test_bond:/home/macho/navivest_ws/install/opennav_docking_core:/home/macho/navivest_ws/install/zed_wrapper:/home/macho/navivest_ws/install/zed_components:/home/macho/navivest_ws/install/zed_msgs:/home/macho/navivest_ws/install/zed_description:/home/macho/navivest_ws/install/nav2_dwb_controller:/home/macho/navivest_ws/install/nav2_controller:/home/macho/navivest_ws/install/dwb_plugins:/home/macho/navivest_ws/install/dwb_critics:/home/macho/navivest_ws/install/dwb_core:/home/macho/navivest_ws/install/nav_2d_utils:/home/macho/navivest_ws/install/nav2_theta_star_planner:/home/macho/navivest_ws/install/nav2_planner:/home/macho/navivest_ws/install/nav2_lifecycle_manager:/home/macho/navivest_ws/install/nav2_core:/home/macho/navivest_ws/install/costmap_queue:/home/macho/navivest_ws/install/nav2_costmap_2d:/home/macho/navivest_ws/install/nav2_behavior_tree:/home/macho/navivest_ws/install/nav2_util:/home/macho/navivest_ws/install/bond_core:/home/macho/navivest_ws/install/robot_localization:/home/macho/navivest_ws/install/pointcloud_to_laserscan:/home/macho/navivest_ws/install/nmea_msgs:/home/macho/navivest_ws/install/dwb_msgs:/home/macho/navivest_ws/install/nav_2d_msgs:/home/macho/navivest_ws/install/nav2_voxel_grid:/home/macho/navivest_ws/install/geographic_info:/home/macho/navivest_ws/install/geodesy:/home/macho/navivest_ws/install/behaviortree_cpp:/home/macho/navivest_ws/install/backward_ros:/opt/ros/jazzy/opt/gz_math_vendor:/opt/ros/jazzy/opt/gz_utils_vendor:/opt/ros/jazzy/opt/gz_cmake_vendor:/home/macho/navivest_ws/install/nav2_loopback_sim:/home/macho/navivest_ws/install/navivest_bringup:/home/macho/navivest_ws/install/bondpy:/home/macho/navivest_ws/install/navivest_guidance:/home/macho/navivest_ws/install/nav2_simple_commander:/opt/ros/jazzy DEBUGINFOD_URLS=https://debuginfod.ubuntu.com LD_LIBRARY_PATH=/home/macho/navivest_ws/install/nav2_msgs/lib:/home/macho/navivest_ws/install/bondcpp/lib:/home/macho/navivest_ws/install/geographic_msgs/lib:/home/macho/navivest_ws/install/bond/lib:/opt/ros/jazzy/opt/gz_sim_vendor/lib:/opt/ros/jazzy/opt/gz_sensors_vendor/lib:/opt/ros/jazzy/opt/gz_physics_vendor/lib:/opt/ros/jazzy/opt/sdformat_vendor/lib:/opt/ros/jazzy/opt/gz_gui_vendor/lib:/opt/ros/jazzy/opt/gz_transport_vendor/lib:/opt/ros/jazzy/opt/gz_rendering_vendor/lib:/opt/ros/jazzy/opt/gz_plugin_vendor/lib:/opt/ros/jazzy/opt/gz_fuel_tools_vendor/lib:/opt/ros/jazzy/opt/gz_msgs_vendor/lib:/opt/ros/jazzy/opt/gz_common_vendor/lib:/opt/ros/jazzy/opt/gz_tools_vendor/lib:/opt/ros/jazzy/opt/gz_ogre_next_vendor/lib:/opt/ros/jazzy/opt/gz_dartsim_vendor/lib:/home/macho/navivest_ws/install/nav2_velocity_smoother/lib:/home/macho/navivest_ws/install/nav2_map_server/lib:/home/macho/navivest_ws/install/nav2_amcl/lib:/home/macho/navivest_ws/install/test_bond/lib:/home/macho/navivest_ws/install/zed_components/lib:/home/macho/navivest_ws/install/zed_msgs/lib:/home/macho/navivest_ws/install/nav2_controller/lib:/home/macho/navivest_ws/install/dwb_plugins/lib:/home/macho/navivest_ws/install/dwb_critics/lib:/home/macho/navivest_ws/install/dwb_core/lib:/home/macho/navivest_ws/install/nav_2d_utils/lib:/home/macho/navivest_ws/install/nav2_theta_star_planner/lib:/home/macho/navivest_ws/install/nav2_planner/lib:/home/macho/navivest_ws/install/nav2_lifecycle_manager/lib:/home/macho/navivest_ws/install/costmap_queue/lib:/home/macho/navivest_ws/install/nav2_costmap_2d/lib:/home/macho/navivest_ws/install/nav2_behavior_tree/lib:/home/macho/navivest_ws/install/nav2_util/lib:/home/macho/navivest_ws/install/robot_localization/lib:/home/macho/navivest_ws/install/pointcloud_to_laserscan/lib:/home/macho/navivest_ws/install/nmea_msgs/lib:/home/macho/navivest_ws/install/dwb_msgs/lib:/home/macho/navivest_ws/install/nav_2d_msgs/lib:/home/macho/navivest_ws/install/nav2_voxel_grid/lib:/home/macho/navivest_ws/install/geodesy/lib:/home/macho/navivest_ws/install/behaviortree_cpp/lib:/home/macho/navivest_ws/install/backward_ros/lib:/opt/ros/jazzy/opt/rviz_ogre_vendor/lib:/opt/ros/jazzy/lib/x86_64-linux-gnu:/opt/ros/jazzy/opt/gz_math_vendor/lib:/opt/ros/jazzy/opt/gz_utils_vendor/lib:/opt/ros/jazzy/opt/gz_cmake_vendor/lib:/opt/ros/jazzy/lib:/usr/local/cuda-13.0/lib64 PYTHONPATH=/home/macho/navivest_ws/install/nav2_msgs/lib/python3.12/site-packages:/home/macho/navivest_ws/install/smclib/lib/python3.12/site-packages:/home/macho/navivest_ws/install/nav2_common/lib/python3.12/site-packages:/home/macho/navivest_ws/install/geographic_msgs/lib/python3.12/site-packages:/home/macho/navivest_ws/install/bond/lib/python3.12/site-packages:/home/macho/navivest_ws/build/nav2_loopback_sim:/home/macho/navivest_ws/install/nav2_loopback_sim/lib/python3.12/site-packages:/home/macho/navivest_ws/install/test_bond/lib/python3.12/site-packages:/home/macho/navivest_ws/build/navivest_bringup:/home/macho/navivest_ws/install/navivest_bringup/lib/python3.12/site-packages:/home/macho/navivest_ws/install/zed_msgs/lib/python3.12/site-packages:/home/macho/navivest_ws/build/bondpy:/home/macho/navivest_ws/install/bondpy/lib/python3.12/site-packages:/home/macho/navivest_ws/install/robot_localization/lib/python3.12/site-packages:/home/macho/navivest_ws/install/nmea_msgs/lib/python3.12/site-packages:/home/macho/navivest_ws/build/navivest_guidance:/home/macho/navivest_ws/install/navivest_guidance/lib/python3.12/site-packages:/home/macho/navivest_ws/install/dwb_msgs/lib/python3.12/site-packages:/home/macho/navivest_ws/install/nav_2d_msgs/lib/python3.12/site-packages:/home/macho/navivest_ws/build/nav2_simple_commander:/home/macho/navivest_ws/install/nav2_simple_commander/lib/python3.12/site-packages:/home/macho/navivest_ws/install/geodesy/lib/python3.12/site-packages:/opt/ros/jazzy/lib/python3.12/site-packages /usr/bin/cmake /home/macho/navivest_ws/src/navigation2_DISABLED/nav2_util -DAMENT_CMAKE_SYMLINK_INSTALL=1 -DCMAKE_INSTALL_PREFIX=/home/macho/navivest_ws/install/nav2_util
