-- The C compiler identification is GNU 13.3.0
-- The CXX compiler identification is GNU 13.3.0
-- Detecting C compiler ABI info
-- Detecting C compiler ABI info - done
-- Check for working C compiler: /usr/bin/cc - skipped
-- Detecting C compile features
-- Detecting C compile features - done
-- Detecting CXX compiler ABI info
-- Detecting CXX compiler ABI info - done
-- Check for working CXX compiler: /usr/bin/c++ - skipped
-- Detecting CXX compile features
-- Detecting CXX compile features - done
-- Found ament_cmake: 2.5.6 (/opt/ros/jazzy/share/ament_cmake/cmake)
-- Found Python3: /usr/bin/python3 (found version "3.12.3") found components: Interpreter 
-- Override CMake install command with custom implementation using symlinks instead of copying resources
-- Found bond: 4.2.0 (/home/macho/navivest_ws/install/bond/share/bond/cmake)
-- Found rosidl_generator_c: 4.6.7 (/opt/ros/jazzy/share/rosidl_generator_c/cmake)
-- Found rosidl_generator_cpp: 4.6.7 (/opt/ros/jazzy/share/rosidl_generator_cpp/cmake)
-- Using all available rosidl_typesupport_c: rosidl_typesupport_fastrtps_c;rosidl_typesupport_introspection_c
-- Using all available rosidl_typesupport_cpp: rosidl_typesupport_fastrtps_cpp;rosidl_typesupport_introspection_cpp
-- Found rclcpp: 28.1.18 (/opt/ros/jazzy/share/rclcpp/cmake)
-- Found rmw_implementation_cmake: 7.3.3 (/opt/ros/jazzy/share/rmw_implementation_cmake/cmake)
-- Found rmw_fastrtps_cpp: 8.4.3 (/opt/ros/jazzy/share/rmw_fastrtps_cpp/cmake)
-- Found OpenSSL: /usr/lib/x86_64-linux-gnu/libcrypto.so (found version "3.0.13")  
-- Found FastRTPS: /opt/ros/jazzy/include (Required is at least version "2.13") 
-- Using RMW implementation 'rmw_fastrtps_cpp' as default
-- Found rclcpp_lifecycle: 28.1.18 (/opt/ros/jazzy/share/rclcpp_lifecycle/cmake)
-- Found smclib: 4.2.0 (/home/macho/navivest_ws/install/smclib/share/smclib/cmake)
-- Performing Test CMAKE_HAVE_LIBC_PTHREAD
-- Performing Test CMAKE_HAVE_LIBC_PTHREAD - Success
-- Found Threads: TRUE  
-- Found PkgConfig: /usr/bin/pkg-config (found version "1.8.1") 
-- Checking for module 'uuid'
--   Found uuid, version 2.39.3
-- Found ament_lint_auto: 0.17.5 (/opt/ros/jazzy/share/ament_lint_auto/cmake)
-- Added test 'copyright' to check source files copyright and LICENSE
-- Added test 'cppcheck' to perform static code analysis on C / C++ code
-- Configured cppcheck include dirs: $<BUILD_INTERFACE:/home/macho/navivest_ws/src/bond_core/bondcpp/include>
-- Configured cppcheck exclude dirs and/or files: 
-- Added test 'cpplint' to check C / C++ code against the Google style
-- Configured cpplint exclude dirs and/or files: 
-- Added test 'lint_cmake' to check CMake code style
-- Added test 'uncrustify' to check C / C++ code style
-- Configured uncrustify additional arguments: 
-- Added test 'xmllint' to check XML markup files
-- Configuring done (4.2s)
-- Generating done (0.0s)
-- Build files have been written to: /home/macho/navivest_ws/build/bondcpp
[ 33%] Building CXX object CMakeFiles/bondcpp.dir/src/bond.cpp.o
[ 66%] Building CXX object CMakeFiles/bondcpp.dir/src/BondSM_sm.cpp.o
[100%] Linking CXX shared library libbondcpp.so
[100%] Built target bondcpp
-- Install configuration: ""
-- Execute custom install script
-- Symlinking: /home/macho/navivest_ws/install/bondcpp/include/bondcpp/bondcpp/BondSM_sm.hpp
-- Symlinking: /home/macho/navivest_ws/install/bondcpp/include/bondcpp/bondcpp/bond.hpp
-- Symlinking: /home/macho/navivest_ws/install/bondcpp/include/bondcpp/bondcpp/visibility_control.hpp
-- Symlinking: /home/macho/navivest_ws/install/bondcpp/share/bondcpp/environment/library_path.sh
-- Symlinking: /home/macho/navivest_ws/install/bondcpp/share/bondcpp/environment/library_path.dsv
-- Symlinking: /home/macho/navivest_ws/install/bondcpp/share/ament_index/resource_index/package_run_dependencies/bondcpp
-- Symlinking: /home/macho/navivest_ws/install/bondcpp/share/ament_index/resource_index/parent_prefix_path/bondcpp
-- Symlinking: /home/macho/navivest_ws/install/bondcpp/share/bondcpp/environment/ament_prefix_path.sh
-- Symlinking: /home/macho/navivest_ws/install/bondcpp/share/bondcpp/environment/ament_prefix_path.dsv
-- Symlinking: /home/macho/navivest_ws/install/bondcpp/share/bondcpp/environment/path.sh
-- Symlinking: /home/macho/navivest_ws/install/bondcpp/share/bondcpp/environment/path.dsv
-- Symlinking: /home/macho/navivest_ws/install/bondcpp/share/bondcpp/local_setup.bash
-- Symlinking: /home/macho/navivest_ws/install/bondcpp/share/bondcpp/local_setup.sh
-- Symlinking: /home/macho/navivest_ws/install/bondcpp/share/bondcpp/local_setup.zsh
-- Symlinking: /home/macho/navivest_ws/install/bondcpp/share/bondcpp/local_setup.dsv
-- Symlinking: /home/macho/navivest_ws/install/bondcpp/share/bondcpp/package.dsv
-- Symlinking: /home/macho/navivest_ws/install/bondcpp/share/ament_index/resource_index/packages/bondcpp
-- Symlinking: /home/macho/navivest_ws/install/bondcpp/share/bondcpp/cmake/ament_cmake_export_dependencies-extras.cmake
-- Symlinking: /home/macho/navivest_ws/install/bondcpp/share/bondcpp/cmake/ament_cmake_export_include_directories-extras.cmake
-- Symlinking: /home/macho/navivest_ws/install/bondcpp/share/bondcpp/cmake/ament_cmake_export_libraries-extras.cmake
-- Symlinking: /home/macho/navivest_ws/install/bondcpp/share/bondcpp/cmake/ament_cmake_export_targets-extras.cmake
-- Symlinking: /home/macho/navivest_ws/install/bondcpp/share/bondcpp/cmake/bondcppConfig.cmake
-- Symlinking: /home/macho/navivest_ws/install/bondcpp/share/bondcpp/cmake/bondcppConfig-version.cmake
-- Symlinking: /home/macho/navivest_ws/install/bondcpp/share/bondcpp/package.xml
-- Installing: /home/macho/navivest_ws/install/bondcpp/lib/libbondcpp.so
-- Set non-toolchain portion of runtime path of "/home/macho/navivest_ws/install/bondcpp/lib/libbondcpp.so" to ""
-- Installing: /home/macho/navivest_ws/install/bondcpp/share/bondcpp/cmake/bondcppExport.cmake
-- Installing: /home/macho/navivest_ws/install/bondcpp/share/bondcpp/cmake/bondcppExport-noconfig.cmake
