[0.064s] DEBUG:colcon:Command line arguments: ['/usr/bin/colcon', 'build', '--packages-select', 'navivest_guidance', 'navivest_bringup', '--symlink-install']
[0.064s] DEBUG:colcon:Parsed command line arguments: Namespace(log_base=None, log_level=None, verb_name='build', build_base='build', install_base='install', merge_install=False, symlink_install=True, test_result_base=None, continue_on_error=False, executor='parallel', parallel_workers=16, event_handlers=None, ignore_user_meta=False, metas=['./colcon.meta'], base_paths=['.'], packages_ignore=None, packages_ignore_regex=None, paths=None, packages_up_to=None, packages_up_to_regex=None, packages_above=None, packages_above_and_dependencies=None, packages_above_depth=None, packages_select_by_dep=None, packages_skip_by_dep=None, packages_skip_up_to=None, packages_select_build_failed=False, packages_skip_build_finished=False, packages_select_test_failures=False, packages_skip_test_passed=False, packages_select=['navivest_guidance', 'navivest_bringup'], packages_skip=None, packages_select_regex=None, packages_skip_regex=None, packages_start=None, packages_end=None, cmake_args=None, cmake_target=None, cmake_target_skip_unavailable=False, cmake_clean_cache=False, cmake_clean_first=False, cmake_force_configure=False, ament_cmake_args=None, catkin_cmake_args=None, catkin_skip_building_tests=False, verb_parser=<colcon_defaults.argument_parser.defaults.DefaultArgumentsDecorator object at 0x765aaff17da0>, verb_extension=<colcon_core.verb.build.BuildVerb object at 0x765ab00b1c40>, main=<bound method BuildVerb.main of <colcon_core.verb.build.BuildVerb object at 0x765ab00b1c40>>)
[0.090s] Level 1:colcon.colcon_core.package_discovery:discover_packages(colcon_meta) check parameters
[0.091s] Level 1:colcon.colcon_core.package_discovery:discover_packages(recursive) check parameters
[0.091s] Level 1:colcon.colcon_core.package_discovery:discover_packages(ignore) check parameters
[0.091s] Level 1:colcon.colcon_core.package_discovery:discover_packages(path) check parameters
[0.091s] Level 1:colcon.colcon_core.package_discovery:discover_packages(colcon_meta) discover
[0.091s] Level 1:colcon.colcon_core.package_discovery:discover_packages(recursive) discover
[0.091s] INFO:colcon.colcon_core.package_discovery:Crawling recursively for packages in '/home/macho/navivest_ws'
[0.091s] Level 1:colcon.colcon_core.package_identification:_identify(.) by extensions ['ignore', 'ignore_ament_install']
[0.091s] Level 1:colcon.colcon_core.package_identification:_identify(.) by extension 'ignore'
[0.091s] Level 1:colcon.colcon_core.package_identification:_identify(.) by extension 'ignore_ament_install'
[0.091s] Level 1:colcon.colcon_core.package_identification:_identify(.) by extensions ['colcon_pkg']
[0.091s] Level 1:colcon.colcon_core.package_identification:_identify(.) by extension 'colcon_pkg'
[0.091s] Level 1:colcon.colcon_core.package_identification:_identify(.) by extensions ['colcon_meta']
[0.091s] Level 1:colcon.colcon_core.package_identification:_identify(.) by extension 'colcon_meta'
[0.091s] Level 1:colcon.colcon_core.package_identification:_identify(.) by extensions ['ros']
[0.091s] Level 1:colcon.colcon_core.package_identification:_identify(.) by extension 'ros'
[0.106s] Level 1:colcon.colcon_core.package_identification:_identify(.) by extensions ['cmake', 'python']
[0.106s] Level 1:colcon.colcon_core.package_identification:_identify(.) by extension 'cmake'
[0.106s] Level 1:colcon.colcon_core.package_identification:_identify(.) by extension 'python'
[0.106s] Level 1:colcon.colcon_core.package_identification:_identify(.) by extensions ['python_setup_py']
[0.106s] Level 1:colcon.colcon_core.package_identification:_identify(.) by extension 'python_setup_py'
[0.106s] Level 1:colcon.colcon_core.package_identification:_identify(build) by extensions ['ignore', 'ignore_ament_install']
[0.106s] Level 1:colcon.colcon_core.package_identification:_identify(build) by extension 'ignore'
[0.106s] Level 1:colcon.colcon_core.package_identification:_identify(build) ignored
[0.106s] Level 1:colcon.colcon_core.package_identification:_identify(demo_recordings) by extensions ['ignore', 'ignore_ament_install']
[0.107s] Level 1:colcon.colcon_core.package_identification:_identify(demo_recordings) by extension 'ignore'
[0.107s] Level 1:colcon.colcon_core.package_identification:_identify(demo_recordings) by extension 'ignore_ament_install'
[0.107s] Level 1:colcon.colcon_core.package_identification:_identify(demo_recordings) by extensions ['colcon_pkg']
[0.107s] Level 1:colcon.colcon_core.package_identification:_identify(demo_recordings) by extension 'colcon_pkg'
[0.107s] Level 1:colcon.colcon_core.package_identification:_identify(demo_recordings) by extensions ['colcon_meta']
[0.107s] Level 1:colcon.colcon_core.package_identification:_identify(demo_recordings) by extension 'colcon_meta'
[0.107s] Level 1:colcon.colcon_core.package_identification:_identify(demo_recordings) by extensions ['ros']
[0.107s] Level 1:colcon.colcon_core.package_identification:_identify(demo_recordings) by extension 'ros'
[0.107s] Level 1:colcon.colcon_core.package_identification:_identify(demo_recordings) by extensions ['cmake', 'python']
[0.107s] Level 1:colcon.colcon_core.package_identification:_identify(demo_recordings) by extension 'cmake'
[0.107s] Level 1:colcon.colcon_core.package_identification:_identify(demo_recordings) by extension 'python'
[0.107s] Level 1:colcon.colcon_core.package_identification:_identify(demo_recordings) by extensions ['python_setup_py']
[0.107s] Level 1:colcon.colcon_core.package_identification:_identify(demo_recordings) by extension 'python_setup_py'
[0.107s] Level 1:colcon.colcon_core.package_identification:_identify(install) by extensions ['ignore', 'ignore_ament_install']
[0.107s] Level 1:colcon.colcon_core.package_identification:_identify(install) by extension 'ignore'
[0.107s] Level 1:colcon.colcon_core.package_identification:_identify(install) ignored
[0.107s] Level 1:colcon.colcon_core.package_identification:_identify(log) by extensions ['ignore', 'ignore_ament_install']
[0.107s] Level 1:colcon.colcon_core.package_identification:_identify(log) by extension 'ignore'
[0.107s] Level 1:colcon.colcon_core.package_identification:_identify(log) ignored
[0.107s] Level 1:colcon.colcon_core.package_identification:_identify(src) by extensions ['ignore', 'ignore_ament_install']
[0.107s] Level 1:colcon.colcon_core.package_identification:_identify(src) by extension 'ignore'
[0.107s] Level 1:colcon.colcon_core.package_identification:_identify(src) by extension 'ignore_ament_install'
[0.107s] Level 1:colcon.colcon_core.package_identification:_identify(src) by extensions ['colcon_pkg']
[0.107s] Level 1:colcon.colcon_core.package_identification:_identify(src) by extension 'colcon_pkg'
[0.107s] Level 1:colcon.colcon_core.package_identification:_identify(src) by extensions ['colcon_meta']
[0.107s] Level 1:colcon.colcon_core.package_identification:_identify(src) by extension 'colcon_meta'
[0.107s] Level 1:colcon.colcon_core.package_identification:_identify(src) by extensions ['ros']
[0.107s] Level 1:colcon.colcon_core.package_identification:_identify(src) by extension 'ros'
[0.107s] Level 1:colcon.colcon_core.package_identification:_identify(src) by extensions ['cmake', 'python']
[0.107s] Level 1:colcon.colcon_core.package_identification:_identify(src) by extension 'cmake'
[0.107s] Level 1:colcon.colcon_core.package_identification:_identify(src) by extension 'python'
[0.107s] Level 1:colcon.colcon_core.package_identification:_identify(src) by extensions ['python_setup_py']
[0.107s] Level 1:colcon.colcon_core.package_identification:_identify(src) by extension 'python_setup_py'
[0.107s] Level 1:colcon.colcon_core.package_identification:_identify(src/backward_ros) by extensions ['ignore', 'ignore_ament_install']
[0.107s] Level 1:colcon.colcon_core.package_identification:_identify(src/backward_ros) by extension 'ignore'
[0.107s] Level 1:colcon.colcon_core.package_identification:_identify(src/backward_ros) by extension 'ignore_ament_install'
[0.107s] Level 1:colcon.colcon_core.package_identification:_identify(src/backward_ros) by extensions ['colcon_pkg']
[0.107s] Level 1:colcon.colcon_core.package_identification:_identify(src/backward_ros) by extension 'colcon_pkg'
[0.107s] Level 1:colcon.colcon_core.package_identification:_identify(src/backward_ros) by extensions ['colcon_meta']
[0.107s] Level 1:colcon.colcon_core.package_identification:_identify(src/backward_ros) by extension 'colcon_meta'
[0.107s] Level 1:colcon.colcon_core.package_identification:_identify(src/backward_ros) by extensions ['ros']
[0.107s] Level 1:colcon.colcon_core.package_identification:_identify(src/backward_ros) by extension 'ros'
[0.109s] DEBUG:colcon.colcon_core.package_identification:Package 'src/backward_ros' with type 'ros.cmake' and name 'backward_ros'
[0.109s] Level 1:colcon.colcon_core.package_identification:_identify(src/behaviortree_cpp) by extensions ['ignore', 'ignore_ament_install']
[0.109s] Level 1:colcon.colcon_core.package_identification:_identify(src/behaviortree_cpp) by extension 'ignore'
[0.109s] Level 1:colcon.colcon_core.package_identification:_identify(src/behaviortree_cpp) by extension 'ignore_ament_install'
[0.109s] Level 1:colcon.colcon_core.package_identification:_identify(src/behaviortree_cpp) by extensions ['colcon_pkg']
[0.109s] Level 1:colcon.colcon_core.package_identification:_identify(src/behaviortree_cpp) by extension 'colcon_pkg'
[0.109s] Level 1:colcon.colcon_core.package_identification:_identify(src/behaviortree_cpp) by extensions ['colcon_meta']
[0.109s] Level 1:colcon.colcon_core.package_identification:_identify(src/behaviortree_cpp) by extension 'colcon_meta'
[0.109s] Level 1:colcon.colcon_core.package_identification:_identify(src/behaviortree_cpp) by extensions ['ros']
[0.109s] Level 1:colcon.colcon_core.package_identification:_identify(src/behaviortree_cpp) by extension 'ros'
[0.110s] DEBUG:colcon.colcon_core.package_identification:Package 'src/behaviortree_cpp' with type 'ros.ament_cmake' and name 'behaviortree_cpp'
[0.110s] Level 1:colcon.colcon_core.package_identification:_identify(src/bond_core) by extensions ['ignore', 'ignore_ament_install']
[0.110s] Level 1:colcon.colcon_core.package_identification:_identify(src/bond_core) by extension 'ignore'
[0.110s] Level 1:colcon.colcon_core.package_identification:_identify(src/bond_core) by extension 'ignore_ament_install'
[0.110s] Level 1:colcon.colcon_core.package_identification:_identify(src/bond_core) by extensions ['colcon_pkg']
[0.110s] Level 1:colcon.colcon_core.package_identification:_identify(src/bond_core) by extension 'colcon_pkg'
[0.110s] Level 1:colcon.colcon_core.package_identification:_identify(src/bond_core) by extensions ['colcon_meta']
[0.110s] Level 1:colcon.colcon_core.package_identification:_identify(src/bond_core) by extension 'colcon_meta'
[0.110s] Level 1:colcon.colcon_core.package_identification:_identify(src/bond_core) by extensions ['ros']
[0.110s] Level 1:colcon.colcon_core.package_identification:_identify(src/bond_core) by extension 'ros'
[0.110s] Level 1:colcon.colcon_core.package_identification:_identify(src/bond_core) by extensions ['cmake', 'python']
[0.110s] Level 1:colcon.colcon_core.package_identification:_identify(src/bond_core) by extension 'cmake'
[0.110s] Level 1:colcon.colcon_core.package_identification:_identify(src/bond_core) by extension 'python'
[0.110s] Level 1:colcon.colcon_core.package_identification:_identify(src/bond_core) by extensions ['python_setup_py']
[0.110s] Level 1:colcon.colcon_core.package_identification:_identify(src/bond_core) by extension 'python_setup_py'
[0.110s] Level 1:colcon.colcon_core.package_identification:_identify(src/bond_core/bond) by extensions ['ignore', 'ignore_ament_install']
[0.110s] Level 1:colcon.colcon_core.package_identification:_identify(src/bond_core/bond) by extension 'ignore'
[0.110s] Level 1:colcon.colcon_core.package_identification:_identify(src/bond_core/bond) by extension 'ignore_ament_install'
[0.110s] Level 1:colcon.colcon_core.package_identification:_identify(src/bond_core/bond) by extensions ['colcon_pkg']
[0.110s] Level 1:colcon.colcon_core.package_identification:_identify(src/bond_core/bond) by extension 'colcon_pkg'
[0.110s] Level 1:colcon.colcon_core.package_identification:_identify(src/bond_core/bond) by extensions ['colcon_meta']
[0.110s] Level 1:colcon.colcon_core.package_identification:_identify(src/bond_core/bond) by extension 'colcon_meta'
[0.110s] Level 1:colcon.colcon_core.package_identification:_identify(src/bond_core/bond) by extensions ['ros']
[0.110s] Level 1:colcon.colcon_core.package_identification:_identify(src/bond_core/bond) by extension 'ros'
[0.110s] DEBUG:colcon.colcon_core.package_identification:Package 'src/bond_core/bond' with type 'ros.ament_cmake' and name 'bond'
[0.110s] Level 1:colcon.colcon_core.package_identification:_identify(src/bond_core/bond_core) by extensions ['ignore', 'ignore_ament_install']
[0.110s] Level 1:colcon.colcon_core.package_identification:_identify(src/bond_core/bond_core) by extension 'ignore'
[0.111s] Level 1:colcon.colcon_core.package_identification:_identify(src/bond_core/bond_core) by extension 'ignore_ament_install'
[0.111s] Level 1:colcon.colcon_core.package_identification:_identify(src/bond_core/bond_core) by extensions ['colcon_pkg']
[0.111s] Level 1:colcon.colcon_core.package_identification:_identify(src/bond_core/bond_core) by extension 'colcon_pkg'
[0.111s] Level 1:colcon.colcon_core.package_identification:_identify(src/bond_core/bond_core) by extensions ['colcon_meta']
[0.111s] Level 1:colcon.colcon_core.package_identification:_identify(src/bond_core/bond_core) by extension 'colcon_meta'
[0.111s] Level 1:colcon.colcon_core.package_identification:_identify(src/bond_core/bond_core) by extensions ['ros']
[0.111s] Level 1:colcon.colcon_core.package_identification:_identify(src/bond_core/bond_core) by extension 'ros'
[0.111s] DEBUG:colcon.colcon_core.package_identification:Package 'src/bond_core/bond_core' with type 'ros.ament_cmake' and name 'bond_core'
[0.111s] Level 1:colcon.colcon_core.package_identification:_identify(src/bond_core/bondcpp) by extensions ['ignore', 'ignore_ament_install']
[0.111s] Level 1:colcon.colcon_core.package_identification:_identify(src/bond_core/bondcpp) by extension 'ignore'
[0.111s] Level 1:colcon.colcon_core.package_identification:_identify(src/bond_core/bondcpp) by extension 'ignore_ament_install'
[0.111s] Level 1:colcon.colcon_core.package_identification:_identify(src/bond_core/bondcpp) by extensions ['colcon_pkg']
[0.111s] Level 1:colcon.colcon_core.package_identification:_identify(src/bond_core/bondcpp) by extension 'colcon_pkg'
[0.111s] Level 1:colcon.colcon_core.package_identification:_identify(src/bond_core/bondcpp) by extensions ['colcon_meta']
[0.111s] Level 1:colcon.colcon_core.package_identification:_identify(src/bond_core/bondcpp) by extension 'colcon_meta'
[0.111s] Level 1:colcon.colcon_core.package_identification:_identify(src/bond_core/bondcpp) by extensions ['ros']
[0.111s] Level 1:colcon.colcon_core.package_identification:_identify(src/bond_core/bondcpp) by extension 'ros'
[0.111s] DEBUG:colcon.colcon_core.package_identification:Package 'src/bond_core/bondcpp' with type 'ros.ament_cmake' and name 'bondcpp'
[0.111s] Level 1:colcon.colcon_core.package_identification:_identify(src/bond_core/bondpy) by extensions ['ignore', 'ignore_ament_install']
[0.111s] Level 1:colcon.colcon_core.package_identification:_identify(src/bond_core/bondpy) by extension 'ignore'
[0.112s] Level 1:colcon.colcon_core.package_identification:_identify(src/bond_core/bondpy) by extension 'ignore_ament_install'
[0.112s] Level 1:colcon.colcon_core.package_identification:_identify(src/bond_core/bondpy) by extensions ['colcon_pkg']
[0.112s] Level 1:colcon.colcon_core.package_identification:_identify(src/bond_core/bondpy) by extension 'colcon_pkg'
[0.112s] Level 1:colcon.colcon_core.package_identification:_identify(src/bond_core/bondpy) by extensions ['colcon_meta']
[0.112s] Level 1:colcon.colcon_core.package_identification:_identify(src/bond_core/bondpy) by extension 'colcon_meta'
[0.112s] Level 1:colcon.colcon_core.package_identification:_identify(src/bond_core/bondpy) by extensions ['ros']
[0.112s] Level 1:colcon.colcon_core.package_identification:_identify(src/bond_core/bondpy) by extension 'ros'
[0.112s] DEBUG:colcon.colcon_core.package_identification:Package 'src/bond_core/bondpy' with type 'ros.ament_python' and name 'bondpy'
[0.112s] Level 1:colcon.colcon_core.package_identification:_identify(src/bond_core/smclib) by extensions ['ignore', 'ignore_ament_install']
[0.112s] Level 1:colcon.colcon_core.package_identification:_identify(src/bond_core/smclib) by extension 'ignore'
[0.112s] Level 1:colcon.colcon_core.package_identification:_identify(src/bond_core/smclib) by extension 'ignore_ament_install'
[0.112s] Level 1:colcon.colcon_core.package_identification:_identify(src/bond_core/smclib) by extensions ['colcon_pkg']
[0.112s] Level 1:colcon.colcon_core.package_identification:_identify(src/bond_core/smclib) by extension 'colcon_pkg'
[0.112s] Level 1:colcon.colcon_core.package_identification:_identify(src/bond_core/smclib) by extensions ['colcon_meta']
[0.112s] Level 1:colcon.colcon_core.package_identification:_identify(src/bond_core/smclib) by extension 'colcon_meta'
[0.112s] Level 1:colcon.colcon_core.package_identification:_identify(src/bond_core/smclib) by extensions ['ros']
[0.112s] Level 1:colcon.colcon_core.package_identification:_identify(src/bond_core/smclib) by extension 'ros'
[0.112s] DEBUG:colcon.colcon_core.package_identification:Package 'src/bond_core/smclib' with type 'ros.ament_cmake' and name 'smclib'
[0.112s] Level 1:colcon.colcon_core.package_identification:_identify(src/bond_core/test_bond) by extensions ['ignore', 'ignore_ament_install']
[0.112s] Level 1:colcon.colcon_core.package_identification:_identify(src/bond_core/test_bond) by extension 'ignore'
[0.112s] Level 1:colcon.colcon_core.package_identification:_identify(src/bond_core/test_bond) by extension 'ignore_ament_install'
[0.112s] Level 1:colcon.colcon_core.package_identification:_identify(src/bond_core/test_bond) by extensions ['colcon_pkg']
[0.112s] Level 1:colcon.colcon_core.package_identification:_identify(src/bond_core/test_bond) by extension 'colcon_pkg'
[0.112s] Level 1:colcon.colcon_core.package_identification:_identify(src/bond_core/test_bond) by extensions ['colcon_meta']
[0.112s] Level 1:colcon.colcon_core.package_identification:_identify(src/bond_core/test_bond) by extension 'colcon_meta'
[0.112s] Level 1:colcon.colcon_core.package_identification:_identify(src/bond_core/test_bond) by extensions ['ros']
[0.113s] Level 1:colcon.colcon_core.package_identification:_identify(src/bond_core/test_bond) by extension 'ros'
[0.113s] DEBUG:colcon.colcon_core.package_identification:Package 'src/bond_core/test_bond' with type 'ros.ament_cmake' and name 'test_bond'
[0.113s] Level 1:colcon.colcon_core.package_identification:_identify(src/geographic_info) by extensions ['ignore', 'ignore_ament_install']
[0.113s] Level 1:colcon.colcon_core.package_identification:_identify(src/geographic_info) by extension 'ignore'
[0.113s] Level 1:colcon.colcon_core.package_identification:_identify(src/geographic_info) by extension 'ignore_ament_install'
[0.113s] Level 1:colcon.colcon_core.package_identification:_identify(src/geographic_info) by extensions ['colcon_pkg']
[0.113s] Level 1:colcon.colcon_core.package_identification:_identify(src/geographic_info) by extension 'colcon_pkg'
[0.113s] Level 1:colcon.colcon_core.package_identification:_identify(src/geographic_info) by extensions ['colcon_meta']
[0.113s] Level 1:colcon.colcon_core.package_identification:_identify(src/geographic_info) by extension 'colcon_meta'
[0.113s] Level 1:colcon.colcon_core.package_identification:_identify(src/geographic_info) by extensions ['ros']
[0.113s] Level 1:colcon.colcon_core.package_identification:_identify(src/geographic_info) by extension 'ros'
[0.113s] Level 1:colcon.colcon_core.package_identification:_identify(src/geographic_info) by extensions ['cmake', 'python']
[0.113s] Level 1:colcon.colcon_core.package_identification:_identify(src/geographic_info) by extension 'cmake'
[0.113s] Level 1:colcon.colcon_core.package_identification:_identify(src/geographic_info) by extension 'python'
[0.113s] Level 1:colcon.colcon_core.package_identification:_identify(src/geographic_info) by extensions ['python_setup_py']
[0.113s] Level 1:colcon.colcon_core.package_identification:_identify(src/geographic_info) by extension 'python_setup_py'
[0.113s] Level 1:colcon.colcon_core.package_identification:_identify(src/geographic_info/geodesy) by extensions ['ignore', 'ignore_ament_install']
[0.113s] Level 1:colcon.colcon_core.package_identification:_identify(src/geographic_info/geodesy) by extension 'ignore'
[0.113s] Level 1:colcon.colcon_core.package_identification:_identify(src/geographic_info/geodesy) by extension 'ignore_ament_install'
[0.113s] Level 1:colcon.colcon_core.package_identification:_identify(src/geographic_info/geodesy) by extensions ['colcon_pkg']
[0.113s] Level 1:colcon.colcon_core.package_identification:_identify(src/geographic_info/geodesy) by extension 'colcon_pkg'
[0.113s] Level 1:colcon.colcon_core.package_identification:_identify(src/geographic_info/geodesy) by extensions ['colcon_meta']
[0.113s] Level 1:colcon.colcon_core.package_identification:_identify(src/geographic_info/geodesy) by extension 'colcon_meta'
[0.113s] Level 1:colcon.colcon_core.package_identification:_identify(src/geographic_info/geodesy) by extensions ['ros']
[0.113s] Level 1:colcon.colcon_core.package_identification:_identify(src/geographic_info/geodesy) by extension 'ros'
[0.114s] DEBUG:colcon.colcon_core.package_identification:Package 'src/geographic_info/geodesy' with type 'ros.ament_cmake' and name 'geodesy'
[0.114s] Level 1:colcon.colcon_core.package_identification:_identify(src/geographic_info/geographic_info) by extensions ['ignore', 'ignore_ament_install']
[0.114s] Level 1:colcon.colcon_core.package_identification:_identify(src/geographic_info/geographic_info) by extension 'ignore'
[0.114s] Level 1:colcon.colcon_core.package_identification:_identify(src/geographic_info/geographic_info) by extension 'ignore_ament_install'
[0.114s] Level 1:colcon.colcon_core.package_identification:_identify(src/geographic_info/geographic_info) by extensions ['colcon_pkg']
[0.114s] Level 1:colcon.colcon_core.package_identification:_identify(src/geographic_info/geographic_info) by extension 'colcon_pkg'
[0.114s] Level 1:colcon.colcon_core.package_identification:_identify(src/geographic_info/geographic_info) by extensions ['colcon_meta']
[0.114s] Level 1:colcon.colcon_core.package_identification:_identify(src/geographic_info/geographic_info) by extension 'colcon_meta'
[0.114s] Level 1:colcon.colcon_core.package_identification:_identify(src/geographic_info/geographic_info) by extensions ['ros']
[0.114s] Level 1:colcon.colcon_core.package_identification:_identify(src/geographic_info/geographic_info) by extension 'ros'
[0.114s] DEBUG:colcon.colcon_core.package_identification:Package 'src/geographic_info/geographic_info' with type 'ros.ament_cmake' and name 'geographic_info'
[0.115s] Level 1:colcon.colcon_core.package_identification:_identify(src/geographic_info/geographic_msgs) by extensions ['ignore', 'ignore_ament_install']
[0.115s] Level 1:colcon.colcon_core.package_identification:_identify(src/geographic_info/geographic_msgs) by extension 'ignore'
[0.115s] Level 1:colcon.colcon_core.package_identification:_identify(src/geographic_info/geographic_msgs) by extension 'ignore_ament_install'
[0.115s] Level 1:colcon.colcon_core.package_identification:_identify(src/geographic_info/geographic_msgs) by extensions ['colcon_pkg']
[0.115s] Level 1:colcon.colcon_core.package_identification:_identify(src/geographic_info/geographic_msgs) by extension 'colcon_pkg'
[0.115s] Level 1:colcon.colcon_core.package_identification:_identify(src/geographic_info/geographic_msgs) by extensions ['colcon_meta']
[0.115s] Level 1:colcon.colcon_core.package_identification:_identify(src/geographic_info/geographic_msgs) by extension 'colcon_meta'
[0.115s] Level 1:colcon.colcon_core.package_identification:_identify(src/geographic_info/geographic_msgs) by extensions ['ros']
[0.115s] Level 1:colcon.colcon_core.package_identification:_identify(src/geographic_info/geographic_msgs) by extension 'ros'
[0.115s] DEBUG:colcon.colcon_core.package_identification:Package 'src/geographic_info/geographic_msgs' with type 'ros.ament_cmake' and name 'geographic_msgs'
[0.115s] Level 1:colcon.colcon_core.package_identification:_identify(src/navigation2_DISABLED) by extensions ['ignore', 'ignore_ament_install']
[0.115s] Level 1:colcon.colcon_core.package_identification:_identify(src/navigation2_DISABLED) by extension 'ignore'
[0.115s] Level 1:colcon.colcon_core.package_identification:_identify(src/navigation2_DISABLED) ignored
[0.115s] Level 1:colcon.colcon_core.package_identification:_identify(src/navivest_bringup) by extensions ['ignore', 'ignore_ament_install']
[0.115s] Level 1:colcon.colcon_core.package_identification:_identify(src/navivest_bringup) by extension 'ignore'
[0.115s] Level 1:colcon.colcon_core.package_identification:_identify(src/navivest_bringup) by extension 'ignore_ament_install'
[0.115s] Level 1:colcon.colcon_core.package_identification:_identify(src/navivest_bringup) by extensions ['colcon_pkg']
[0.115s] Level 1:colcon.colcon_core.package_identification:_identify(src/navivest_bringup) by extension 'colcon_pkg'
[0.115s] Level 1:colcon.colcon_core.package_identification:_identify(src/navivest_bringup) by extensions ['colcon_meta']
[0.115s] Level 1:colcon.colcon_core.package_identification:_identify(src/navivest_bringup) by extension 'colcon_meta'
[0.115s] Level 1:colcon.colcon_core.package_identification:_identify(src/navivest_bringup) by extensions ['ros']
[0.115s] Level 1:colcon.colcon_core.package_identification:_identify(src/navivest_bringup) by extension 'ros'
[0.116s] DEBUG:colcon.colcon_core.package_identification:Package 'src/navivest_bringup' with type 'ros.ament_python' and name 'navivest_bringup'
[0.116s] Level 1:colcon.colcon_core.package_identification:_identify(src/navivest_guidance) by extensions ['ignore', 'ignore_ament_install']
[0.116s] Level 1:colcon.colcon_core.package_identification:_identify(src/navivest_guidance) by extension 'ignore'
[0.116s] Level 1:colcon.colcon_core.package_identification:_identify(src/navivest_guidance) by extension 'ignore_ament_install'
[0.116s] Level 1:colcon.colcon_core.package_identification:_identify(src/navivest_guidance) by extensions ['colcon_pkg']
[0.116s] Level 1:colcon.colcon_core.package_identification:_identify(src/navivest_guidance) by extension 'colcon_pkg'
[0.116s] Level 1:colcon.colcon_core.package_identification:_identify(src/navivest_guidance) by extensions ['colcon_meta']
[0.116s] Level 1:colcon.colcon_core.package_identification:_identify(src/navivest_guidance) by extension 'colcon_meta'
[0.116s] Level 1:colcon.colcon_core.package_identification:_identify(src/navivest_guidance) by extensions ['ros']
[0.116s] Level 1:colcon.colcon_core.package_identification:_identify(src/navivest_guidance) by extension 'ros'
[0.116s] DEBUG:colcon.colcon_core.package_identification:Package 'src/navivest_guidance' with type 'ros.ament_python' and name 'navivest_guidance'
[0.116s] Level 1:colcon.colcon_core.package_identification:_identify(src/nmea_msgs) by extensions ['ignore', 'ignore_ament_install']
[0.116s] Level 1:colcon.colcon_core.package_identification:_identify(src/nmea_msgs) by extension 'ignore'
[0.116s] Level 1:colcon.colcon_core.package_identification:_identify(src/nmea_msgs) by extension 'ignore_ament_install'
[0.116s] Level 1:colcon.colcon_core.package_identification:_identify(src/nmea_msgs) by extensions ['colcon_pkg']
[0.117s] Level 1:colcon.colcon_core.package_identification:_identify(src/nmea_msgs) by extension 'colcon_pkg'
[0.117s] Level 1:colcon.colcon_core.package_identification:_identify(src/nmea_msgs) by extensions ['colcon_meta']
[0.117s] Level 1:colcon.colcon_core.package_identification:_identify(src/nmea_msgs) by extension 'colcon_meta'
[0.117s] Level 1:colcon.colcon_core.package_identification:_identify(src/nmea_msgs) by extensions ['ros']
[0.117s] Level 1:colcon.colcon_core.package_identification:_identify(src/nmea_msgs) by extension 'ros'
[0.117s] DEBUG:colcon.colcon_core.package_identification:Package 'src/nmea_msgs' with type 'ros.ament_cmake' and name 'nmea_msgs'
[0.117s] Level 1:colcon.colcon_core.package_identification:_identify(src/pointcloud_to_laserscan) by extensions ['ignore', 'ignore_ament_install']
[0.117s] Level 1:colcon.colcon_core.package_identification:_identify(src/pointcloud_to_laserscan) by extension 'ignore'
[0.117s] Level 1:colcon.colcon_core.package_identification:_identify(src/pointcloud_to_laserscan) by extension 'ignore_ament_install'
[0.117s] Level 1:colcon.colcon_core.package_identification:_identify(src/pointcloud_to_laserscan) by extensions ['colcon_pkg']
[0.117s] Level 1:colcon.colcon_core.package_identification:_identify(src/pointcloud_to_laserscan) by extension 'colcon_pkg'
[0.117s] Level 1:colcon.colcon_core.package_identification:_identify(src/pointcloud_to_laserscan) by extensions ['colcon_meta']
[0.117s] Level 1:colcon.colcon_core.package_identification:_identify(src/pointcloud_to_laserscan) by extension 'colcon_meta'
[0.117s] Level 1:colcon.colcon_core.package_identification:_identify(src/pointcloud_to_laserscan) by extensions ['ros']
[0.117s] Level 1:colcon.colcon_core.package_identification:_identify(src/pointcloud_to_laserscan) by extension 'ros'
[0.118s] DEBUG:colcon.colcon_core.package_identification:Package 'src/pointcloud_to_laserscan' with type 'ros.ament_cmake' and name 'pointcloud_to_laserscan'
[0.118s] Level 1:colcon.colcon_core.package_identification:_identify(src/robot_localization) by extensions ['ignore', 'ignore_ament_install']
[0.118s] Level 1:colcon.colcon_core.package_identification:_identify(src/robot_localization) by extension 'ignore'
[0.118s] Level 1:colcon.colcon_core.package_identification:_identify(src/robot_localization) ignored
[0.118s] Level 1:colcon.colcon_core.package_identification:_identify(src/robot_localization_interfaces_only) by extensions ['ignore', 'ignore_ament_install']
[0.118s] Level 1:colcon.colcon_core.package_identification:_identify(src/robot_localization_interfaces_only) by extension 'ignore'
[0.118s] Level 1:colcon.colcon_core.package_identification:_identify(src/robot_localization_interfaces_only) by extension 'ignore_ament_install'
[0.118s] Level 1:colcon.colcon_core.package_identification:_identify(src/robot_localization_interfaces_only) by extensions ['colcon_pkg']
[0.118s] Level 1:colcon.colcon_core.package_identification:_identify(src/robot_localization_interfaces_only) by extension 'colcon_pkg'
[0.118s] Level 1:colcon.colcon_core.package_identification:_identify(src/robot_localization_interfaces_only) by extensions ['colcon_meta']
[0.118s] Level 1:colcon.colcon_core.package_identification:_identify(src/robot_localization_interfaces_only) by extension 'colcon_meta'
[0.118s] Level 1:colcon.colcon_core.package_identification:_identify(src/robot_localization_interfaces_only) by extensions ['ros']
[0.118s] Level 1:colcon.colcon_core.package_identification:_identify(src/robot_localization_interfaces_only) by extension 'ros'
[0.118s] DEBUG:colcon.colcon_core.package_identification:Package 'src/robot_localization_interfaces_only' with type 'ros.ament_cmake' and name 'robot_localization'
[0.118s] Level 1:colcon.colcon_core.package_identification:_identify(src/zed-ros2-description) by extensions ['ignore', 'ignore_ament_install']
[0.118s] Level 1:colcon.colcon_core.package_identification:_identify(src/zed-ros2-description) by extension 'ignore'
[0.118s] Level 1:colcon.colcon_core.package_identification:_identify(src/zed-ros2-description) by extension 'ignore_ament_install'
[0.118s] Level 1:colcon.colcon_core.package_identification:_identify(src/zed-ros2-description) by extensions ['colcon_pkg']
[0.118s] Level 1:colcon.colcon_core.package_identification:_identify(src/zed-ros2-description) by extension 'colcon_pkg'
[0.118s] Level 1:colcon.colcon_core.package_identification:_identify(src/zed-ros2-description) by extensions ['colcon_meta']
[0.118s] Level 1:colcon.colcon_core.package_identification:_identify(src/zed-ros2-description) by extension 'colcon_meta'
[0.118s] Level 1:colcon.colcon_core.package_identification:_identify(src/zed-ros2-description) by extensions ['ros']
[0.118s] Level 1:colcon.colcon_core.package_identification:_identify(src/zed-ros2-description) by extension 'ros'
[0.119s] DEBUG:colcon.colcon_core.package_identification:Package 'src/zed-ros2-description' with type 'ros.ament_cmake' and name 'zed_description'
[0.119s] Level 1:colcon.colcon_core.package_identification:_identify(src/zed-ros2-examples) by extensions ['ignore', 'ignore_ament_install']
[0.119s] Level 1:colcon.colcon_core.package_identification:_identify(src/zed-ros2-examples) by extension 'ignore'
[0.119s] Level 1:colcon.colcon_core.package_identification:_identify(src/zed-ros2-examples) ignored
[0.119s] Level 1:colcon.colcon_core.package_identification:_identify(src/zed-ros2-interfaces) by extensions ['ignore', 'ignore_ament_install']
[0.119s] Level 1:colcon.colcon_core.package_identification:_identify(src/zed-ros2-interfaces) by extension 'ignore'
[0.119s] Level 1:colcon.colcon_core.package_identification:_identify(src/zed-ros2-interfaces) by extension 'ignore_ament_install'
[0.119s] Level 1:colcon.colcon_core.package_identification:_identify(src/zed-ros2-interfaces) by extensions ['colcon_pkg']
[0.119s] Level 1:colcon.colcon_core.package_identification:_identify(src/zed-ros2-interfaces) by extension 'colcon_pkg'
[0.119s] Level 1:colcon.colcon_core.package_identification:_identify(src/zed-ros2-interfaces) by extensions ['colcon_meta']
[0.119s] Level 1:colcon.colcon_core.package_identification:_identify(src/zed-ros2-interfaces) by extension 'colcon_meta'
[0.119s] Level 1:colcon.colcon_core.package_identification:_identify(src/zed-ros2-interfaces) by extensions ['ros']
[0.119s] Level 1:colcon.colcon_core.package_identification:_identify(src/zed-ros2-interfaces) by extension 'ros'
[0.119s] DEBUG:colcon.colcon_core.package_identification:Package 'src/zed-ros2-interfaces' with type 'ros.ament_cmake' and name 'zed_msgs'
[0.119s] Level 1:colcon.colcon_core.package_identification:_identify(src/zed-ros2-wrapper) by extensions ['ignore', 'ignore_ament_install']
[0.119s] Level 1:colcon.colcon_core.package_identification:_identify(src/zed-ros2-wrapper) by extension 'ignore'
[0.119s] Level 1:colcon.colcon_core.package_identification:_identify(src/zed-ros2-wrapper) by extension 'ignore_ament_install'
[0.119s] Level 1:colcon.colcon_core.package_identification:_identify(src/zed-ros2-wrapper) by extensions ['colcon_pkg']
[0.119s] Level 1:colcon.colcon_core.package_identification:_identify(src/zed-ros2-wrapper) by extension 'colcon_pkg'
[0.119s] Level 1:colcon.colcon_core.package_identification:_identify(src/zed-ros2-wrapper) by extensions ['colcon_meta']
[0.119s] Level 1:colcon.colcon_core.package_identification:_identify(src/zed-ros2-wrapper) by extension 'colcon_meta'
[0.119s] Level 1:colcon.colcon_core.package_identification:_identify(src/zed-ros2-wrapper) by extensions ['ros']
[0.119s] Level 1:colcon.colcon_core.package_identification:_identify(src/zed-ros2-wrapper) by extension 'ros'
[0.119s] Level 1:colcon.colcon_core.package_identification:_identify(src/zed-ros2-wrapper) by extensions ['cmake', 'python']
[0.119s] Level 1:colcon.colcon_core.package_identification:_identify(src/zed-ros2-wrapper) by extension 'cmake'
[0.120s] Level 1:colcon.colcon_core.package_identification:_identify(src/zed-ros2-wrapper) by extension 'python'
[0.120s] Level 1:colcon.colcon_core.package_identification:_identify(src/zed-ros2-wrapper) by extensions ['python_setup_py']
[0.120s] Level 1:colcon.colcon_core.package_identification:_identify(src/zed-ros2-wrapper) by extension 'python_setup_py'
[0.120s] Level 1:colcon.colcon_core.package_identification:_identify(src/zed-ros2-wrapper/docker) by extensions ['ignore', 'ignore_ament_install']
[0.120s] Level 1:colcon.colcon_core.package_identification:_identify(src/zed-ros2-wrapper/docker) by extension 'ignore'
[0.120s] Level 1:colcon.colcon_core.package_identification:_identify(src/zed-ros2-wrapper/docker) by extension 'ignore_ament_install'
[0.120s] Level 1:colcon.colcon_core.package_identification:_identify(src/zed-ros2-wrapper/docker) by extensions ['colcon_pkg']
[0.120s] Level 1:colcon.colcon_core.package_identification:_identify(src/zed-ros2-wrapper/docker) by extension 'colcon_pkg'
[0.120s] Level 1:colcon.colcon_core.package_identification:_identify(src/zed-ros2-wrapper/docker) by extensions ['colcon_meta']
[0.120s] Level 1:colcon.colcon_core.package_identification:_identify(src/zed-ros2-wrapper/docker) by extension 'colcon_meta'
[0.120s] Level 1:colcon.colcon_core.package_identification:_identify(src/zed-ros2-wrapper/docker) by extensions ['ros']
[0.120s] Level 1:colcon.colcon_core.package_identification:_identify(src/zed-ros2-wrapper/docker) by extension 'ros'
[0.120s] Level 1:colcon.colcon_core.package_identification:_identify(src/zed-ros2-wrapper/docker) by extensions ['cmake', 'python']
[0.120s] Level 1:colcon.colcon_core.package_identification:_identify(src/zed-ros2-wrapper/docker) by extension 'cmake'
[0.120s] Level 1:colcon.colcon_core.package_identification:_identify(src/zed-ros2-wrapper/docker) by extension 'python'
[0.120s] Level 1:colcon.colcon_core.package_identification:_identify(src/zed-ros2-wrapper/docker) by extensions ['python_setup_py']
[0.120s] Level 1:colcon.colcon_core.package_identification:_identify(src/zed-ros2-wrapper/docker) by extension 'python_setup_py'
[0.120s] Level 1:colcon.colcon_core.package_identification:_identify(src/zed-ros2-wrapper/images) by extensions ['ignore', 'ignore_ament_install']
[0.120s] Level 1:colcon.colcon_core.package_identification:_identify(src/zed-ros2-wrapper/images) by extension 'ignore'
[0.120s] Level 1:colcon.colcon_core.package_identification:_identify(src/zed-ros2-wrapper/images) by extension 'ignore_ament_install'
[0.120s] Level 1:colcon.colcon_core.package_identification:_identify(src/zed-ros2-wrapper/images) by extensions ['colcon_pkg']
[0.120s] Level 1:colcon.colcon_core.package_identification:_identify(src/zed-ros2-wrapper/images) by extension 'colcon_pkg'
[0.120s] Level 1:colcon.colcon_core.package_identification:_identify(src/zed-ros2-wrapper/images) by extensions ['colcon_meta']
[0.120s] Level 1:colcon.colcon_core.package_identification:_identify(src/zed-ros2-wrapper/images) by extension 'colcon_meta'
[0.120s] Level 1:colcon.colcon_core.package_identification:_identify(src/zed-ros2-wrapper/images) by extensions ['ros']
[0.120s] Level 1:colcon.colcon_core.package_identification:_identify(src/zed-ros2-wrapper/images) by extension 'ros'
[0.120s] Level 1:colcon.colcon_core.package_identification:_identify(src/zed-ros2-wrapper/images) by extensions ['cmake', 'python']
[0.120s] Level 1:colcon.colcon_core.package_identification:_identify(src/zed-ros2-wrapper/images) by extension 'cmake'
[0.120s] Level 1:colcon.colcon_core.package_identification:_identify(src/zed-ros2-wrapper/images) by extension 'python'
[0.120s] Level 1:colcon.colcon_core.package_identification:_identify(src/zed-ros2-wrapper/images) by extensions ['python_setup_py']
[0.120s] Level 1:colcon.colcon_core.package_identification:_identify(src/zed-ros2-wrapper/images) by extension 'python_setup_py'
[0.120s] Level 1:colcon.colcon_core.package_identification:_identify(src/zed-ros2-wrapper/zed_components) by extensions ['ignore', 'ignore_ament_install']
[0.120s] Level 1:colcon.colcon_core.package_identification:_identify(src/zed-ros2-wrapper/zed_components) by extension 'ignore'
[0.120s] Level 1:colcon.colcon_core.package_identification:_identify(src/zed-ros2-wrapper/zed_components) by extension 'ignore_ament_install'
[0.120s] Level 1:colcon.colcon_core.package_identification:_identify(src/zed-ros2-wrapper/zed_components) by extensions ['colcon_pkg']
[0.120s] Level 1:colcon.colcon_core.package_identification:_identify(src/zed-ros2-wrapper/zed_components) by extension 'colcon_pkg'
[0.120s] Level 1:colcon.colcon_core.package_identification:_identify(src/zed-ros2-wrapper/zed_components) by extensions ['colcon_meta']
[0.120s] Level 1:colcon.colcon_core.package_identification:_identify(src/zed-ros2-wrapper/zed_components) by extension 'colcon_meta'
[0.120s] Level 1:colcon.colcon_core.package_identification:_identify(src/zed-ros2-wrapper/zed_components) by extensions ['ros']
[0.120s] Level 1:colcon.colcon_core.package_identification:_identify(src/zed-ros2-wrapper/zed_components) by extension 'ros'
[0.123s] DEBUG:colcon.colcon_core.package_identification:Package 'src/zed-ros2-wrapper/zed_components' with type 'ros.ament_cmake' and name 'zed_components'
[0.123s] Level 1:colcon.colcon_core.package_identification:_identify(src/zed-ros2-wrapper/zed_debug) by extensions ['ignore', 'ignore_ament_install']
[0.123s] Level 1:colcon.colcon_core.package_identification:_identify(src/zed-ros2-wrapper/zed_debug) by extension 'ignore'
[0.123s] Level 1:colcon.colcon_core.package_identification:_identify(src/zed-ros2-wrapper/zed_debug) by extension 'ignore_ament_install'
[0.123s] Level 1:colcon.colcon_core.package_identification:_identify(src/zed-ros2-wrapper/zed_debug) by extensions ['colcon_pkg']
[0.123s] Level 1:colcon.colcon_core.package_identification:_identify(src/zed-ros2-wrapper/zed_debug) by extension 'colcon_pkg'
[0.123s] Level 1:colcon.colcon_core.package_identification:_identify(src/zed-ros2-wrapper/zed_debug) by extensions ['colcon_meta']
[0.123s] Level 1:colcon.colcon_core.package_identification:_identify(src/zed-ros2-wrapper/zed_debug) by extension 'colcon_meta'
[0.123s] Level 1:colcon.colcon_core.package_identification:_identify(src/zed-ros2-wrapper/zed_debug) by extensions ['ros']
[0.123s] Level 1:colcon.colcon_core.package_identification:_identify(src/zed-ros2-wrapper/zed_debug) by extension 'ros'
[0.123s] DEBUG:colcon.colcon_core.package_identification:Package 'src/zed-ros2-wrapper/zed_debug' with type 'ros.ament_cmake' and name 'zed_debug'
[0.123s] Level 1:colcon.colcon_core.package_identification:_identify(src/zed-ros2-wrapper/zed_ros2) by extensions ['ignore', 'ignore_ament_install']
[0.123s] Level 1:colcon.colcon_core.package_identification:_identify(src/zed-ros2-wrapper/zed_ros2) by extension 'ignore'
[0.124s] Level 1:colcon.colcon_core.package_identification:_identify(src/zed-ros2-wrapper/zed_ros2) by extension 'ignore_ament_install'
[0.124s] Level 1:colcon.colcon_core.package_identification:_identify(src/zed-ros2-wrapper/zed_ros2) by extensions ['colcon_pkg']
[0.124s] Level 1:colcon.colcon_core.package_identification:_identify(src/zed-ros2-wrapper/zed_ros2) by extension 'colcon_pkg'
[0.124s] Level 1:colcon.colcon_core.package_identification:_identify(src/zed-ros2-wrapper/zed_ros2) by extensions ['colcon_meta']
[0.124s] Level 1:colcon.colcon_core.package_identification:_identify(src/zed-ros2-wrapper/zed_ros2) by extension 'colcon_meta'
[0.124s] Level 1:colcon.colcon_core.package_identification:_identify(src/zed-ros2-wrapper/zed_ros2) by extensions ['ros']
[0.124s] Level 1:colcon.colcon_core.package_identification:_identify(src/zed-ros2-wrapper/zed_ros2) by extension 'ros'
[0.124s] DEBUG:colcon.colcon_core.package_identification:Package 'src/zed-ros2-wrapper/zed_ros2' with type 'ros.ament_cmake' and name 'zed_ros2'
[0.124s] Level 1:colcon.colcon_core.package_identification:_identify(src/zed-ros2-wrapper/zed_wrapper) by extensions ['ignore', 'ignore_ament_install']
[0.124s] Level 1:colcon.colcon_core.package_identification:_identify(src/zed-ros2-wrapper/zed_wrapper) by extension 'ignore'
[0.124s] Level 1:colcon.colcon_core.package_identification:_identify(src/zed-ros2-wrapper/zed_wrapper) by extension 'ignore_ament_install'
[0.124s] Level 1:colcon.colcon_core.package_identification:_identify(src/zed-ros2-wrapper/zed_wrapper) by extensions ['colcon_pkg']
[0.124s] Level 1:colcon.colcon_core.package_identification:_identify(src/zed-ros2-wrapper/zed_wrapper) by extension 'colcon_pkg'
[0.124s] Level 1:colcon.colcon_core.package_identification:_identify(src/zed-ros2-wrapper/zed_wrapper) by extensions ['colcon_meta']
[0.124s] Level 1:colcon.colcon_core.package_identification:_identify(src/zed-ros2-wrapper/zed_wrapper) by extension 'colcon_meta'
[0.124s] Level 1:colcon.colcon_core.package_identification:_identify(src/zed-ros2-wrapper/zed_wrapper) by extensions ['ros']
[0.124s] Level 1:colcon.colcon_core.package_identification:_identify(src/zed-ros2-wrapper/zed_wrapper) by extension 'ros'
[0.125s] DEBUG:colcon.colcon_core.package_identification:Package 'src/zed-ros2-wrapper/zed_wrapper' with type 'ros.ament_cmake' and name 'zed_wrapper'
[0.125s] Level 1:colcon.colcon_core.package_discovery:discover_packages(recursive) using defaults
[0.125s] Level 1:colcon.colcon_core.package_discovery:discover_packages(ignore) discover
[0.125s] Level 1:colcon.colcon_core.package_discovery:discover_packages(ignore) using defaults
[0.125s] Level 1:colcon.colcon_core.package_discovery:discover_packages(path) discover
[0.125s] Level 1:colcon.colcon_core.package_discovery:discover_packages(path) using defaults
[0.139s] INFO:colcon.colcon_core.package_selection:Skipping not selected package 'backward_ros' in 'src/backward_ros'
[0.139s] INFO:colcon.colcon_core.package_selection:Skipping not selected package 'behaviortree_cpp' in 'src/behaviortree_cpp'
[0.139s] INFO:colcon.colcon_core.package_selection:Skipping not selected package 'bond' in 'src/bond_core/bond'
[0.139s] INFO:colcon.colcon_core.package_selection:Skipping not selected package 'geographic_msgs' in 'src/geographic_info/geographic_msgs'
[0.139s] INFO:colcon.colcon_core.package_selection:Skipping not selected package 'nmea_msgs' in 'src/nmea_msgs'
[0.139s] INFO:colcon.colcon_core.package_selection:Skipping not selected package 'pointcloud_to_laserscan' in 'src/pointcloud_to_laserscan'
[0.139s] INFO:colcon.colcon_core.package_selection:Skipping not selected package 'smclib' in 'src/bond_core/smclib'
[0.139s] INFO:colcon.colcon_core.package_selection:Skipping not selected package 'zed_description' in 'src/zed-ros2-description'
[0.139s] INFO:colcon.colcon_core.package_selection:Skipping not selected package 'zed_msgs' in 'src/zed-ros2-interfaces'
[0.139s] INFO:colcon.colcon_core.package_selection:Skipping not selected package 'bondcpp' in 'src/bond_core/bondcpp'
[0.139s] INFO:colcon.colcon_core.package_selection:Skipping not selected package 'bondpy' in 'src/bond_core/bondpy'
[0.139s] INFO:colcon.colcon_core.package_selection:Skipping not selected package 'geodesy' in 'src/geographic_info/geodesy'
[0.139s] INFO:colcon.colcon_core.package_selection:Skipping not selected package 'robot_localization' in 'src/robot_localization_interfaces_only'
[0.139s] INFO:colcon.colcon_core.package_selection:Skipping not selected package 'bond_core' in 'src/bond_core/bond_core'
[0.139s] INFO:colcon.colcon_core.package_selection:Skipping not selected package 'geographic_info' in 'src/geographic_info/geographic_info'
[0.139s] INFO:colcon.colcon_core.package_selection:Skipping not selected package 'test_bond' in 'src/bond_core/test_bond'
[0.139s] INFO:colcon.colcon_core.package_selection:Skipping not selected package 'zed_components' in 'src/zed-ros2-wrapper/zed_components'
[0.139s] INFO:colcon.colcon_core.package_selection:Skipping not selected package 'zed_debug' in 'src/zed-ros2-wrapper/zed_debug'
[0.139s] INFO:colcon.colcon_core.package_selection:Skipping not selected package 'zed_wrapper' in 'src/zed-ros2-wrapper/zed_wrapper'
[0.139s] INFO:colcon.colcon_core.package_selection:Skipping not selected package 'zed_ros2' in 'src/zed-ros2-wrapper/zed_ros2'
[0.139s] Level 5:colcon.colcon_core.verb:set package 'navivest_guidance' build argument 'cmake_args' from command line to 'None'
[0.139s] Level 5:colcon.colcon_core.verb:set package 'navivest_guidance' build argument 'cmake_target' from command line to 'None'
[0.139s] Level 5:colcon.colcon_core.verb:set package 'navivest_guidance' build argument 'cmake_target_skip_unavailable' from command line to 'False'
[0.139s] Level 5:colcon.colcon_core.verb:set package 'navivest_guidance' build argument 'cmake_clean_cache' from command line to 'False'
[0.139s] Level 5:colcon.colcon_core.verb:set package 'navivest_guidance' build argument 'cmake_clean_first' from command line to 'False'
[0.139s] Level 5:colcon.colcon_core.verb:set package 'navivest_guidance' build argument 'cmake_force_configure' from command line to 'False'
[0.139s] Level 5:colcon.colcon_core.verb:set package 'navivest_guidance' build argument 'ament_cmake_args' from command line to 'None'
[0.139s] Level 5:colcon.colcon_core.verb:set package 'navivest_guidance' build argument 'catkin_cmake_args' from command line to 'None'
[0.139s] Level 5:colcon.colcon_core.verb:set package 'navivest_guidance' build argument 'catkin_skip_building_tests' from command line to 'False'
[0.139s] DEBUG:colcon.colcon_core.verb:Building package 'navivest_guidance' with the following arguments: {'ament_cmake_args': None, 'build_base': '/home/macho/navivest_ws/build/navivest_guidance', 'catkin_cmake_args': None, 'catkin_skip_building_tests': False, 'cmake_args': None, 'cmake_clean_cache': False, 'cmake_clean_first': False, 'cmake_force_configure': False, 'cmake_target': None, 'cmake_target_skip_unavailable': False, 'install_base': '/home/macho/navivest_ws/install/navivest_guidance', 'merge_install': False, 'path': '/home/macho/navivest_ws/src/navivest_guidance', 'symlink_install': True, 'test_result_base': None}
[0.140s] Level 5:colcon.colcon_core.verb:set package 'navivest_bringup' build argument 'cmake_args' from command line to 'None'
[0.140s] Level 5:colcon.colcon_core.verb:set package 'navivest_bringup' build argument 'cmake_target' from command line to 'None'
[0.140s] Level 5:colcon.colcon_core.verb:set package 'navivest_bringup' build argument 'cmake_target_skip_unavailable' from command line to 'False'
[0.140s] Level 5:colcon.colcon_core.verb:set package 'navivest_bringup' build argument 'cmake_clean_cache' from command line to 'False'
[0.140s] Level 5:colcon.colcon_core.verb:set package 'navivest_bringup' build argument 'cmake_clean_first' from command line to 'False'
[0.140s] Level 5:colcon.colcon_core.verb:set package 'navivest_bringup' build argument 'cmake_force_configure' from command line to 'False'
[0.140s] Level 5:colcon.colcon_core.verb:set package 'navivest_bringup' build argument 'ament_cmake_args' from command line to 'None'
[0.140s] Level 5:colcon.colcon_core.verb:set package 'navivest_bringup' build argument 'catkin_cmake_args' from command line to 'None'
[0.140s] Level 5:colcon.colcon_core.verb:set package 'navivest_bringup' build argument 'catkin_skip_building_tests' from command line to 'False'
[0.140s] DEBUG:colcon.colcon_core.verb:Building package 'navivest_bringup' with the following arguments: {'ament_cmake_args': None, 'build_base': '/home/macho/navivest_ws/build/navivest_bringup', 'catkin_cmake_args': None, 'catkin_skip_building_tests': False, 'cmake_args': None, 'cmake_clean_cache': False, 'cmake_clean_first': False, 'cmake_force_configure': False, 'cmake_target': None, 'cmake_target_skip_unavailable': False, 'install_base': '/home/macho/navivest_ws/install/navivest_bringup', 'merge_install': False, 'path': '/home/macho/navivest_ws/src/navivest_bringup', 'symlink_install': True, 'test_result_base': None}
[0.140s] INFO:colcon.colcon_core.executor:Executing jobs using 'parallel' executor
[0.140s] DEBUG:colcon.colcon_parallel_executor.executor.parallel:run_until_complete
[0.140s] INFO:colcon.colcon_ros.task.ament_python.build:Building ROS package in '/home/macho/navivest_ws/src/navivest_guidance' with build type 'ament_python'
[0.141s] Level 1:colcon.colcon_core.shell:create_environment_hook('navivest_guidance', 'ament_prefix_path')
[0.142s] INFO:colcon.colcon_core.plugin_system:Skipping extension 'colcon_core.shell.bat': Not used on non-Windows systems
[0.142s] INFO:colcon.colcon_core.shell:Creating environment descriptor '/home/macho/navivest_ws/install/navivest_guidance/share/navivest_guidance/hook/ament_prefix_path.dsv'
[0.142s] INFO:colcon.colcon_core.shell:Creating environment hook '/home/macho/navivest_ws/install/navivest_guidance/share/navivest_guidance/hook/ament_prefix_path.sh'
[0.143s] DEBUG:colcon.colcon_core.shell:Skip shell extension 'dsv' for command environment
[0.143s] WARNING:colcon.colcon_ros.prefix_path.ament:The path '/home/macho/navivest_ws/install/nav2_velocity_smoother' in the environment variable AMENT_PREFIX_PATH doesn't exist
[0.143s] WARNING:colcon.colcon_ros.prefix_path.ament:The path '/home/macho/navivest_ws/install/nav2_map_server' in the environment variable AMENT_PREFIX_PATH doesn't exist
[0.143s] WARNING:colcon.colcon_ros.prefix_path.ament:The path '/home/macho/navivest_ws/install/nav2_amcl' in the environment variable AMENT_PREFIX_PATH doesn't exist
[0.143s] WARNING:colcon.colcon_ros.prefix_path.ament:The path '/home/macho/navivest_ws/install/nav2_loopback_sim' in the environment variable AMENT_PREFIX_PATH doesn't exist
[0.143s] WARNING:colcon.colcon_ros.prefix_path.ament:The path '/home/macho/navivest_ws/install/test_bond' in the environment variable AMENT_PREFIX_PATH doesn't exist
[0.143s] WARNING:colcon.colcon_ros.prefix_path.ament:The path '/home/macho/navivest_ws/install/opennav_docking_core' in the environment variable AMENT_PREFIX_PATH doesn't exist
[0.143s] WARNING:colcon.colcon_ros.prefix_path.ament:The path '/home/macho/navivest_ws/install/nav2_dwb_controller' in the environment variable AMENT_PREFIX_PATH doesn't exist
[0.143s] WARNING:colcon.colcon_ros.prefix_path.ament:The path '/home/macho/navivest_ws/install/nav2_controller' in the environment variable AMENT_PREFIX_PATH doesn't exist
[0.143s] WARNING:colcon.colcon_ros.prefix_path.ament:The path '/home/macho/navivest_ws/install/dwb_plugins' in the environment variable AMENT_PREFIX_PATH doesn't exist
[0.143s] WARNING:colcon.colcon_ros.prefix_path.ament:The path '/home/macho/navivest_ws/install/dwb_critics' in the environment variable AMENT_PREFIX_PATH doesn't exist
[0.143s] WARNING:colcon.colcon_ros.prefix_path.ament:The path '/home/macho/navivest_ws/install/dwb_core' in the environment variable AMENT_PREFIX_PATH doesn't exist
[0.144s] WARNING:colcon.colcon_ros.prefix_path.ament:The path '/home/macho/navivest_ws/install/nav_2d_utils' in the environment variable AMENT_PREFIX_PATH doesn't exist
[0.144s] WARNING:colcon.colcon_ros.prefix_path.ament:The path '/home/macho/navivest_ws/install/nav2_theta_star_planner' in the environment variable AMENT_PREFIX_PATH doesn't exist
[0.144s] WARNING:colcon.colcon_ros.prefix_path.ament:The path '/home/macho/navivest_ws/install/nav2_planner' in the environment variable AMENT_PREFIX_PATH doesn't exist
[0.144s] WARNING:colcon.colcon_ros.prefix_path.ament:The path '/home/macho/navivest_ws/install/nav2_lifecycle_manager' in the environment variable AMENT_PREFIX_PATH doesn't exist
[0.144s] WARNING:colcon.colcon_ros.prefix_path.ament:The path '/home/macho/navivest_ws/install/nav2_core' in the environment variable AMENT_PREFIX_PATH doesn't exist
[0.144s] WARNING:colcon.colcon_ros.prefix_path.ament:The path '/home/macho/navivest_ws/install/costmap_queue' in the environment variable AMENT_PREFIX_PATH doesn't exist
[0.144s] WARNING:colcon.colcon_ros.prefix_path.ament:The path '/home/macho/navivest_ws/install/nav2_costmap_2d' in the environment variable AMENT_PREFIX_PATH doesn't exist
[0.144s] WARNING:colcon.colcon_ros.prefix_path.ament:The path '/home/macho/navivest_ws/install/nav2_behavior_tree' in the environment variable AMENT_PREFIX_PATH doesn't exist
[0.144s] WARNING:colcon.colcon_ros.prefix_path.ament:The path '/home/macho/navivest_ws/install/bondpy' in the environment variable AMENT_PREFIX_PATH doesn't exist
[0.144s] WARNING:colcon.colcon_ros.prefix_path.ament:The path '/home/macho/navivest_ws/install/bond_core' in the environment variable AMENT_PREFIX_PATH doesn't exist
[0.144s] WARNING:colcon.colcon_ros.prefix_path.ament:The path '/home/macho/navivest_ws/install/dwb_msgs' in the environment variable AMENT_PREFIX_PATH doesn't exist
[0.144s] WARNING:colcon.colcon_ros.prefix_path.ament:The path '/home/macho/navivest_ws/install/nav2_simple_commander' in the environment variable AMENT_PREFIX_PATH doesn't exist
[0.144s] WARNING:colcon.colcon_ros.prefix_path.ament:The path '/home/macho/navivest_ws/install/geographic_info' in the environment variable AMENT_PREFIX_PATH doesn't exist
[0.144s] WARNING:colcon.colcon_ros.prefix_path.ament:The path '/home/macho/navivest_ws/install/geodesy' in the environment variable AMENT_PREFIX_PATH doesn't exist
[0.144s] WARNING:colcon.colcon_ros.prefix_path.catkin:The path '/home/macho/navivest_ws/install/nav2_velocity_smoother' in the environment variable CMAKE_PREFIX_PATH doesn't exist
[0.144s] WARNING:colcon.colcon_ros.prefix_path.catkin:The path '/home/macho/navivest_ws/install/nav2_map_server' in the environment variable CMAKE_PREFIX_PATH doesn't exist
[0.144s] WARNING:colcon.colcon_ros.prefix_path.catkin:The path '/home/macho/navivest_ws/install/nav2_amcl' in the environment variable CMAKE_PREFIX_PATH doesn't exist
[0.144s] WARNING:colcon.colcon_ros.prefix_path.catkin:The path '/home/macho/navivest_ws/install/test_bond' in the environment variable CMAKE_PREFIX_PATH doesn't exist
[0.144s] WARNING:colcon.colcon_ros.prefix_path.catkin:The path '/home/macho/navivest_ws/install/opennav_docking_core' in the environment variable CMAKE_PREFIX_PATH doesn't exist
[0.144s] WARNING:colcon.colcon_ros.prefix_path.catkin:The path '/home/macho/navivest_ws/install/nav2_dwb_controller' in the environment variable CMAKE_PREFIX_PATH doesn't exist
[0.144s] WARNING:colcon.colcon_ros.prefix_path.catkin:The path '/home/macho/navivest_ws/install/nav2_controller' in the environment variable CMAKE_PREFIX_PATH doesn't exist
[0.144s] WARNING:colcon.colcon_ros.prefix_path.catkin:The path '/home/macho/navivest_ws/install/dwb_plugins' in the environment variable CMAKE_PREFIX_PATH doesn't exist
[0.144s] WARNING:colcon.colcon_ros.prefix_path.catkin:The path '/home/macho/navivest_ws/install/dwb_critics' in the environment variable CMAKE_PREFIX_PATH doesn't exist
[0.144s] WARNING:colcon.colcon_ros.prefix_path.catkin:The path '/home/macho/navivest_ws/install/dwb_core' in the environment variable CMAKE_PREFIX_PATH doesn't exist
[0.144s] WARNING:colcon.colcon_ros.prefix_path.catkin:The path '/home/macho/navivest_ws/install/nav_2d_utils' in the environment variable CMAKE_PREFIX_PATH doesn't exist
[0.144s] WARNING:colcon.colcon_ros.prefix_path.catkin:The path '/home/macho/navivest_ws/install/nav2_theta_star_planner' in the environment variable CMAKE_PREFIX_PATH doesn't exist
[0.144s] WARNING:colcon.colcon_ros.prefix_path.catkin:The path '/home/macho/navivest_ws/install/nav2_planner' in the environment variable CMAKE_PREFIX_PATH doesn't exist
[0.144s] WARNING:colcon.colcon_ros.prefix_path.catkin:The path '/home/macho/navivest_ws/install/nav2_lifecycle_manager' in the environment variable CMAKE_PREFIX_PATH doesn't exist
[0.144s] WARNING:colcon.colcon_ros.prefix_path.catkin:The path '/home/macho/navivest_ws/install/nav2_core' in the environment variable CMAKE_PREFIX_PATH doesn't exist
[0.144s] WARNING:colcon.colcon_ros.prefix_path.catkin:The path '/home/macho/navivest_ws/install/costmap_queue' in the environment variable CMAKE_PREFIX_PATH doesn't exist
[0.144s] WARNING:colcon.colcon_ros.prefix_path.catkin:The path '/home/macho/navivest_ws/install/nav2_costmap_2d' in the environment variable CMAKE_PREFIX_PATH doesn't exist
[0.144s] WARNING:colcon.colcon_ros.prefix_path.catkin:The path '/home/macho/navivest_ws/install/nav2_behavior_tree' in the environment variable CMAKE_PREFIX_PATH doesn't exist
[0.144s] WARNING:colcon.colcon_ros.prefix_path.catkin:The path '/home/macho/navivest_ws/install/bond_core' in the environment variable CMAKE_PREFIX_PATH doesn't exist
[0.144s] WARNING:colcon.colcon_ros.prefix_path.catkin:The path '/home/macho/navivest_ws/install/dwb_msgs' in the environment variable CMAKE_PREFIX_PATH doesn't exist
[0.144s] WARNING:colcon.colcon_ros.prefix_path.catkin:The path '/home/macho/navivest_ws/install/geographic_info' in the environment variable CMAKE_PREFIX_PATH doesn't exist
[0.144s] WARNING:colcon.colcon_ros.prefix_path.catkin:The path '/home/macho/navivest_ws/install/geodesy' in the environment variable CMAKE_PREFIX_PATH doesn't exist
[0.274s] INFO:colcon.colcon_core.task.python.build:Building Python package in '/home/macho/navivest_ws/src/navivest_guidance'
[0.275s] DEBUG:colcon.colcon_core.shell:Skip shell extension 'dsv' for command environment
[0.644s] DEBUG:colcon.colcon_core.event_handler.log_command:Invoking command in '/home/macho/navivest_ws/build/navivest_guidance': DEBUGINFOD_URLS=https://debuginfod.ubuntu.com PYTHONPATH=/home/macho/navivest_ws/build/navivest_guidance/prefix_override:/usr/lib/python3/dist-packages/colcon_core/task/python/colcon_distutils_commands:/home/macho/navivest_ws/install/navivest_guidance/lib/python3.12/site-packages:${PYTHONPATH} /usr/bin/python3 -W ignore:setup.py install is deprecated -W ignore:easy_install command is deprecated setup.py develop --editable --build-directory /home/macho/navivest_ws/build/navivest_guidance/build --no-deps symlink_data
[1.030s] Level 1:colcon.colcon_core.shell:create_environment_hook('navivest_guidance', 'pythonpath_develop')
[1.030s] INFO:colcon.colcon_core.shell:Creating environment descriptor '/home/macho/navivest_ws/build/navivest_guidance/share/navivest_guidance/hook/pythonpath_develop.dsv'
[1.031s] DEBUG:colcon.colcon_core.event_handler.log_command:Invoked command in '/home/macho/navivest_ws/build/navivest_guidance' returned '0': DEBUGINFOD_URLS=https://debuginfod.ubuntu.com PYTHONPATH=/home/macho/navivest_ws/build/navivest_guidance/prefix_override:/usr/lib/python3/dist-packages/colcon_core/task/python/colcon_distutils_commands:/home/macho/navivest_ws/install/navivest_guidance/lib/python3.12/site-packages:${PYTHONPATH} /usr/bin/python3 -W ignore:setup.py install is deprecated -W ignore:easy_install command is deprecated setup.py develop --editable --build-directory /home/macho/navivest_ws/build/navivest_guidance/build --no-deps symlink_data
[1.031s] INFO:colcon.colcon_core.shell:Creating environment hook '/home/macho/navivest_ws/build/navivest_guidance/share/navivest_guidance/hook/pythonpath_develop.sh'
[1.032s] Level 1:colcon.colcon_core.environment:checking '/home/macho/navivest_ws/install/navivest_guidance' for CMake module files
[1.033s] Level 1:colcon.colcon_core.environment:checking '/home/macho/navivest_ws/install/navivest_guidance' for CMake config files
[1.033s] Level 1:colcon.colcon_core.environment:checking '/home/macho/navivest_ws/install/navivest_guidance/lib'
[1.033s] Level 1:colcon.colcon_core.environment:checking '/home/macho/navivest_ws/install/navivest_guidance/bin'
[1.033s] Level 1:colcon.colcon_core.environment:checking '/home/macho/navivest_ws/install/navivest_guidance/lib/pkgconfig/navivest_guidance.pc'
[1.033s] Level 1:colcon.colcon_core.environment:checking '/home/macho/navivest_ws/install/navivest_guidance/lib/python3.12/site-packages'
[1.033s] Level 1:colcon.colcon_core.shell:create_environment_hook('navivest_guidance', 'pythonpath')
[1.033s] INFO:colcon.colcon_core.shell:Creating environment descriptor '/home/macho/navivest_ws/install/navivest_guidance/share/navivest_guidance/hook/pythonpath.dsv'
[1.034s] INFO:colcon.colcon_core.shell:Creating environment hook '/home/macho/navivest_ws/install/navivest_guidance/share/navivest_guidance/hook/pythonpath.sh'
[1.034s] Level 1:colcon.colcon_core.environment:checking '/home/macho/navivest_ws/install/navivest_guidance/bin'
[1.034s] Level 1:colcon.colcon_core.environment:create_environment_scripts_only(navivest_guidance)
[1.034s] INFO:colcon.colcon_core.shell:Creating package descriptor '/home/macho/navivest_ws/install/navivest_guidance/share/navivest_guidance/package.dsv'
[1.034s] INFO:colcon.colcon_core.shell:Creating package script '/home/macho/navivest_ws/install/navivest_guidance/share/navivest_guidance/package.sh'
[1.035s] INFO:colcon.colcon_core.shell:Creating package script '/home/macho/navivest_ws/install/navivest_guidance/share/navivest_guidance/package.bash'
[1.035s] INFO:colcon.colcon_core.shell:Creating package script '/home/macho/navivest_ws/install/navivest_guidance/share/navivest_guidance/package.zsh'
[1.035s] Level 1:colcon.colcon_core.environment:create_file_with_runtime_dependencies(/home/macho/navivest_ws/install/navivest_guidance/share/colcon-core/packages/navivest_guidance)
[1.036s] INFO:colcon.colcon_ros.task.ament_python.build:Building ROS package in '/home/macho/navivest_ws/src/navivest_bringup' with build type 'ament_python'
[1.036s] Level 1:colcon.colcon_core.shell:create_environment_hook('navivest_bringup', 'ament_prefix_path')
[1.036s] INFO:colcon.colcon_core.shell:Creating environment descriptor '/home/macho/navivest_ws/install/navivest_bringup/share/navivest_bringup/hook/ament_prefix_path.dsv'
[1.036s] INFO:colcon.colcon_core.shell:Creating environment hook '/home/macho/navivest_ws/install/navivest_bringup/share/navivest_bringup/hook/ament_prefix_path.sh'
[1.037s] DEBUG:colcon.colcon_core.shell:Skip shell extension 'dsv' for command environment
[1.187s] INFO:colcon.colcon_core.task.python.build:Building Python package in '/home/macho/navivest_ws/src/navivest_bringup'
[1.188s] DEBUG:colcon.colcon_core.shell:Skip shell extension 'dsv' for command environment
[1.592s] DEBUG:colcon.colcon_core.event_handler.log_command:Invoking command in '/home/macho/navivest_ws/build/navivest_bringup': AMENT_PREFIX_PATH=/home/macho/navivest_ws/install/navivest_guidance:/home/macho/navivest_ws/install/nav2_velocity_smoother:/home/macho/navivest_ws/install/nav2_map_server:/home/macho/navivest_ws/install/nav2_amcl:/home/macho/navivest_ws/install/nav2_loopback_sim:/home/macho/navivest_ws/install/test_bond:/home/macho/navivest_ws/install/opennav_docking_core:/home/macho/navivest_ws/install/navivest_bringup:/home/macho/navivest_ws/install/zed_wrapper:/home/macho/navivest_ws/install/zed_components:/home/macho/navivest_ws/install/zed_msgs:/home/macho/navivest_ws/install/zed_description:/home/macho/navivest_ws/install/nav2_dwb_controller:/home/macho/navivest_ws/install/nav2_controller:/home/macho/navivest_ws/install/dwb_plugins:/home/macho/navivest_ws/install/dwb_critics:/home/macho/navivest_ws/install/dwb_core:/home/macho/navivest_ws/install/nav_2d_utils:/home/macho/navivest_ws/install/nav2_theta_star_planner:/home/macho/navivest_ws/install/nav2_planner:/home/macho/navivest_ws/install/nav2_lifecycle_manager:/home/macho/navivest_ws/install/nav2_core:/home/macho/navivest_ws/install/costmap_queue:/home/macho/navivest_ws/install/nav2_costmap_2d:/home/macho/navivest_ws/install/nav2_behavior_tree:/home/macho/navivest_ws/install/nav2_util:/home/macho/navivest_ws/install/bondpy:/home/macho/navivest_ws/install/bond_core:/home/macho/navivest_ws/install/bondcpp:/home/macho/navivest_ws/install/smclib:/home/macho/navivest_ws/install/robot_localization:/home/macho/navivest_ws/install/pointcloud_to_laserscan:/home/macho/navivest_ws/install/nmea_msgs:/home/macho/navivest_ws/install/dwb_msgs:/home/macho/navivest_ws/install/nav_2d_msgs:/home/macho/navivest_ws/install/nav2_voxel_grid:/home/macho/navivest_ws/install/nav2_simple_commander:/home/macho/navivest_ws/install/nav2_msgs:/home/macho/navivest_ws/install/nav2_common:/home/macho/navivest_ws/install/geographic_info:/home/macho/navivest_ws/install/geodesy:/home/macho/navivest_ws/install/geographic_msgs:/home/macho/navivest_ws/install/bond:/home/macho/navivest_ws/install/behaviortree_cpp:/opt/ros/jazzy CMAKE_PREFIX_PATH=/home/macho/navivest_ws/install/zed_wrapper:/home/macho/navivest_ws/install/zed_components:/home/macho/navivest_ws/install/robot_localization:/home/macho/navivest_ws/install/zed_msgs:/home/macho/navivest_ws/install/zed_description:/home/macho/navivest_ws/install/pointcloud_to_laserscan:/home/macho/navivest_ws/install/nmea_msgs:/home/macho/navivest_ws/install/geographic_msgs:/home/macho/navivest_ws/install/backward_ros:/opt/ros/jazzy/opt/gz_sim_vendor:/opt/ros/jazzy/opt/gz_sensors_vendor:/opt/ros/jazzy/opt/gz_physics_vendor:/opt/ros/jazzy/opt/sdformat_vendor:/opt/ros/jazzy/opt/gz_gui_vendor:/opt/ros/jazzy/opt/gz_transport_vendor:/opt/ros/jazzy/opt/gz_rendering_vendor:/opt/ros/jazzy/opt/gz_plugin_vendor:/opt/ros/jazzy/opt/gz_fuel_tools_vendor:/opt/ros/jazzy/opt/gz_msgs_vendor:/opt/ros/jazzy/opt/gz_common_vendor:/opt/ros/jazzy/opt/gz_tools_vendor:/opt/ros/jazzy/opt/gz_ogre_next_vendor:/opt/ros/jazzy/opt/gz_dartsim_vendor:/home/macho/navivest_ws/install/nav2_velocity_smoother:/home/macho/navivest_ws/install/nav2_map_server:/home/macho/navivest_ws/install/nav2_amcl:/home/macho/navivest_ws/install/test_bond:/home/macho/navivest_ws/install/opennav_docking_core:/home/macho/navivest_ws/install/nav2_dwb_controller:/home/macho/navivest_ws/install/nav2_controller:/home/macho/navivest_ws/install/dwb_plugins:/home/macho/navivest_ws/install/dwb_critics:/home/macho/navivest_ws/install/dwb_core:/home/macho/navivest_ws/install/nav_2d_utils:/home/macho/navivest_ws/install/nav2_theta_star_planner:/home/macho/navivest_ws/install/nav2_planner:/home/macho/navivest_ws/install/nav2_lifecycle_manager:/home/macho/navivest_ws/install/nav2_core:/home/macho/navivest_ws/install/costmap_queue:/home/macho/navivest_ws/install/nav2_costmap_2d:/home/macho/navivest_ws/install/nav2_behavior_tree:/home/macho/navivest_ws/install/nav2_util:/home/macho/navivest_ws/install/bond_core:/home/macho/navivest_ws/install/bondcpp:/home/macho/navivest_ws/install/smclib:/home/macho/navivest_ws/install/dwb_msgs:/home/macho/navivest_ws/install/nav_2d_msgs:/home/macho/navivest_ws/install/nav2_voxel_grid:/home/macho/navivest_ws/install/nav2_msgs:/home/macho/navivest_ws/install/nav2_common:/home/macho/navivest_ws/install/geographic_info:/home/macho/navivest_ws/install/geodesy:/home/macho/navivest_ws/install/bond:/home/macho/navivest_ws/install/behaviortree_cpp:/opt/ros/jazzy/opt/gz_math_vendor:/opt/ros/jazzy/opt/gz_utils_vendor:/opt/ros/jazzy/opt/gz_cmake_vendor DEBUGINFOD_URLS=https://debuginfod.ubuntu.com LD_LIBRARY_PATH=/home/macho/navivest_ws/install/zed_components/lib:/home/macho/navivest_ws/install/robot_localization/lib:/home/macho/navivest_ws/install/zed_msgs/lib:/home/macho/navivest_ws/install/pointcloud_to_laserscan/lib:/home/macho/navivest_ws/install/nmea_msgs/lib:/home/macho/navivest_ws/install/geographic_msgs/lib:/home/macho/navivest_ws/install/backward_ros/lib:/opt/ros/jazzy/opt/gz_sim_vendor/lib:/opt/ros/jazzy/opt/gz_sensors_vendor/lib:/opt/ros/jazzy/opt/gz_physics_vendor/lib:/opt/ros/jazzy/opt/sdformat_vendor/lib:/opt/ros/jazzy/opt/gz_gui_vendor/lib:/opt/ros/jazzy/opt/gz_transport_vendor/lib:/opt/ros/jazzy/opt/gz_rendering_vendor/lib:/opt/ros/jazzy/opt/gz_plugin_vendor/lib:/opt/ros/jazzy/opt/gz_fuel_tools_vendor/lib:/opt/ros/jazzy/opt/gz_msgs_vendor/lib:/opt/ros/jazzy/opt/gz_common_vendor/lib:/opt/ros/jazzy/opt/gz_tools_vendor/lib:/opt/ros/jazzy/opt/gz_ogre_next_vendor/lib:/opt/ros/jazzy/opt/gz_dartsim_vendor/lib:/home/macho/navivest_ws/install/nav2_velocity_smoother/lib:/home/macho/navivest_ws/install/nav2_map_server/lib:/home/macho/navivest_ws/install/nav2_amcl/lib:/home/macho/navivest_ws/install/test_bond/lib:/home/macho/navivest_ws/install/nav2_controller/lib:/home/macho/navivest_ws/install/dwb_plugins/lib:/home/macho/navivest_ws/install/dwb_critics/lib:/home/macho/navivest_ws/install/dwb_core/lib:/home/macho/navivest_ws/install/nav_2d_utils/lib:/home/macho/navivest_ws/install/nav2_theta_star_planner/lib:/home/macho/navivest_ws/install/nav2_planner/lib:/home/macho/navivest_ws/install/nav2_lifecycle_manager/lib:/home/macho/navivest_ws/install/costmap_queue/lib:/home/macho/navivest_ws/install/nav2_costmap_2d/lib:/home/macho/navivest_ws/install/nav2_behavior_tree/lib:/home/macho/navivest_ws/install/nav2_util/lib:/home/macho/navivest_ws/install/bondcpp/lib:/home/macho/navivest_ws/install/dwb_msgs/lib:/home/macho/navivest_ws/install/nav_2d_msgs/lib:/home/macho/navivest_ws/install/nav2_voxel_grid/lib:/home/macho/navivest_ws/install/nav2_msgs/lib:/home/macho/navivest_ws/install/geodesy/lib:/home/macho/navivest_ws/install/bond/lib:/home/macho/navivest_ws/install/behaviortree_cpp/lib:/opt/ros/jazzy/opt/rviz_ogre_vendor/lib:/opt/ros/jazzy/lib/x86_64-linux-gnu:/opt/ros/jazzy/opt/gz_math_vendor/lib:/opt/ros/jazzy/opt/gz_utils_vendor/lib:/opt/ros/jazzy/opt/gz_cmake_vendor/lib:/opt/ros/jazzy/lib:/usr/local/cuda-13.0/lib64 PYTHONPATH=/home/macho/navivest_ws/build/navivest_bringup/prefix_override:/usr/lib/python3/dist-packages/colcon_core/task/python/colcon_distutils_commands:/home/macho/navivest_ws/install/navivest_bringup/lib/python3.12/site-packages:/home/macho/navivest_ws/install/robot_localization/lib/python3.12/site-packages:/home/macho/navivest_ws/install/zed_msgs/lib/python3.12/site-packages:/home/macho/navivest_ws/install/nmea_msgs/lib/python3.12/site-packages:/home/macho/navivest_ws/build/navivest_guidance:/home/macho/navivest_ws/install/navivest_guidance/lib/python3.12/site-packages:/home/macho/navivest_ws/install/geographic_msgs/lib/python3.12/site-packages:/home/macho/navivest_ws/build/nav2_loopback_sim:/home/macho/navivest_ws/install/nav2_loopback_sim/lib/python3.12/site-packages:/home/macho/navivest_ws/install/test_bond/lib/python3.12/site-packages:/home/macho/navivest_ws/build/navivest_bringup:/home/macho/navivest_ws/install/navivest_bringup/lib/python3.12/site-packages:/home/macho/navivest_ws/build/bondpy:/home/macho/navivest_ws/install/bondpy/lib/python3.12/site-packages:/home/macho/navivest_ws/install/smclib/lib/python3.12/site-packages:/home/macho/navivest_ws/install/dwb_msgs/lib/python3.12/site-packages:/home/macho/navivest_ws/install/nav_2d_msgs/lib/python3.12/site-packages:/home/macho/navivest_ws/build/nav2_simple_commander:/home/macho/navivest_ws/install/nav2_simple_commander/lib/python3.12/site-packages:/home/macho/navivest_ws/install/nav2_msgs/lib/python3.12/site-packages:/home/macho/navivest_ws/install/nav2_common/lib/python3.12/site-packages:/home/macho/navivest_ws/install/geodesy/lib/python3.12/site-packages:/home/macho/navivest_ws/install/bond/lib/python3.12/site-packages:/opt/ros/jazzy/lib/python3.12/site-packages /usr/bin/python3 -W ignore:setup.py install is deprecated -W ignore:easy_install command is deprecated setup.py develop --editable --build-directory /home/macho/navivest_ws/build/navivest_bringup/build --no-deps symlink_data
[1.984s] Level 1:colcon.colcon_core.shell:create_environment_hook('navivest_bringup', 'pythonpath_develop')
[1.985s] INFO:colcon.colcon_core.shell:Creating environment descriptor '/home/macho/navivest_ws/build/navivest_bringup/share/navivest_bringup/hook/pythonpath_develop.dsv'
[1.985s] DEBUG:colcon.colcon_core.event_handler.log_command:Invoked command in '/home/macho/navivest_ws/build/navivest_bringup' returned '0': AMENT_PREFIX_PATH=/home/macho/navivest_ws/install/navivest_guidance:/home/macho/navivest_ws/install/nav2_velocity_smoother:/home/macho/navivest_ws/install/nav2_map_server:/home/macho/navivest_ws/install/nav2_amcl:/home/macho/navivest_ws/install/nav2_loopback_sim:/home/macho/navivest_ws/install/test_bond:/home/macho/navivest_ws/install/opennav_docking_core:/home/macho/navivest_ws/install/navivest_bringup:/home/macho/navivest_ws/install/zed_wrapper:/home/macho/navivest_ws/install/zed_components:/home/macho/navivest_ws/install/zed_msgs:/home/macho/navivest_ws/install/zed_description:/home/macho/navivest_ws/install/nav2_dwb_controller:/home/macho/navivest_ws/install/nav2_controller:/home/macho/navivest_ws/install/dwb_plugins:/home/macho/navivest_ws/install/dwb_critics:/home/macho/navivest_ws/install/dwb_core:/home/macho/navivest_ws/install/nav_2d_utils:/home/macho/navivest_ws/install/nav2_theta_star_planner:/home/macho/navivest_ws/install/nav2_planner:/home/macho/navivest_ws/install/nav2_lifecycle_manager:/home/macho/navivest_ws/install/nav2_core:/home/macho/navivest_ws/install/costmap_queue:/home/macho/navivest_ws/install/nav2_costmap_2d:/home/macho/navivest_ws/install/nav2_behavior_tree:/home/macho/navivest_ws/install/nav2_util:/home/macho/navivest_ws/install/bondpy:/home/macho/navivest_ws/install/bond_core:/home/macho/navivest_ws/install/bondcpp:/home/macho/navivest_ws/install/smclib:/home/macho/navivest_ws/install/robot_localization:/home/macho/navivest_ws/install/pointcloud_to_laserscan:/home/macho/navivest_ws/install/nmea_msgs:/home/macho/navivest_ws/install/dwb_msgs:/home/macho/navivest_ws/install/nav_2d_msgs:/home/macho/navivest_ws/install/nav2_voxel_grid:/home/macho/navivest_ws/install/nav2_simple_commander:/home/macho/navivest_ws/install/nav2_msgs:/home/macho/navivest_ws/install/nav2_common:/home/macho/navivest_ws/install/geographic_info:/home/macho/navivest_ws/install/geodesy:/home/macho/navivest_ws/install/geographic_msgs:/home/macho/navivest_ws/install/bond:/home/macho/navivest_ws/install/behaviortree_cpp:/opt/ros/jazzy CMAKE_PREFIX_PATH=/home/macho/navivest_ws/install/zed_wrapper:/home/macho/navivest_ws/install/zed_components:/home/macho/navivest_ws/install/robot_localization:/home/macho/navivest_ws/install/zed_msgs:/home/macho/navivest_ws/install/zed_description:/home/macho/navivest_ws/install/pointcloud_to_laserscan:/home/macho/navivest_ws/install/nmea_msgs:/home/macho/navivest_ws/install/geographic_msgs:/home/macho/navivest_ws/install/backward_ros:/opt/ros/jazzy/opt/gz_sim_vendor:/opt/ros/jazzy/opt/gz_sensors_vendor:/opt/ros/jazzy/opt/gz_physics_vendor:/opt/ros/jazzy/opt/sdformat_vendor:/opt/ros/jazzy/opt/gz_gui_vendor:/opt/ros/jazzy/opt/gz_transport_vendor:/opt/ros/jazzy/opt/gz_rendering_vendor:/opt/ros/jazzy/opt/gz_plugin_vendor:/opt/ros/jazzy/opt/gz_fuel_tools_vendor:/opt/ros/jazzy/opt/gz_msgs_vendor:/opt/ros/jazzy/opt/gz_common_vendor:/opt/ros/jazzy/opt/gz_tools_vendor:/opt/ros/jazzy/opt/gz_ogre_next_vendor:/opt/ros/jazzy/opt/gz_dartsim_vendor:/home/macho/navivest_ws/install/nav2_velocity_smoother:/home/macho/navivest_ws/install/nav2_map_server:/home/macho/navivest_ws/install/nav2_amcl:/home/macho/navivest_ws/install/test_bond:/home/macho/navivest_ws/install/opennav_docking_core:/home/macho/navivest_ws/install/nav2_dwb_controller:/home/macho/navivest_ws/install/nav2_controller:/home/macho/navivest_ws/install/dwb_plugins:/home/macho/navivest_ws/install/dwb_critics:/home/macho/navivest_ws/install/dwb_core:/home/macho/navivest_ws/install/nav_2d_utils:/home/macho/navivest_ws/install/nav2_theta_star_planner:/home/macho/navivest_ws/install/nav2_planner:/home/macho/navivest_ws/install/nav2_lifecycle_manager:/home/macho/navivest_ws/install/nav2_core:/home/macho/navivest_ws/install/costmap_queue:/home/macho/navivest_ws/install/nav2_costmap_2d:/home/macho/navivest_ws/install/nav2_behavior_tree:/home/macho/navivest_ws/install/nav2_util:/home/macho/navivest_ws/install/bond_core:/home/macho/navivest_ws/install/bondcpp:/home/macho/navivest_ws/install/smclib:/home/macho/navivest_ws/install/dwb_msgs:/home/macho/navivest_ws/install/nav_2d_msgs:/home/macho/navivest_ws/install/nav2_voxel_grid:/home/macho/navivest_ws/install/nav2_msgs:/home/macho/navivest_ws/install/nav2_common:/home/macho/navivest_ws/install/geographic_info:/home/macho/navivest_ws/install/geodesy:/home/macho/navivest_ws/install/bond:/home/macho/navivest_ws/install/behaviortree_cpp:/opt/ros/jazzy/opt/gz_math_vendor:/opt/ros/jazzy/opt/gz_utils_vendor:/opt/ros/jazzy/opt/gz_cmake_vendor DEBUGINFOD_URLS=https://debuginfod.ubuntu.com LD_LIBRARY_PATH=/home/macho/navivest_ws/install/zed_components/lib:/home/macho/navivest_ws/install/robot_localization/lib:/home/macho/navivest_ws/install/zed_msgs/lib:/home/macho/navivest_ws/install/pointcloud_to_laserscan/lib:/home/macho/navivest_ws/install/nmea_msgs/lib:/home/macho/navivest_ws/install/geographic_msgs/lib:/home/macho/navivest_ws/install/backward_ros/lib:/opt/ros/jazzy/opt/gz_sim_vendor/lib:/opt/ros/jazzy/opt/gz_sensors_vendor/lib:/opt/ros/jazzy/opt/gz_physics_vendor/lib:/opt/ros/jazzy/opt/sdformat_vendor/lib:/opt/ros/jazzy/opt/gz_gui_vendor/lib:/opt/ros/jazzy/opt/gz_transport_vendor/lib:/opt/ros/jazzy/opt/gz_rendering_vendor/lib:/opt/ros/jazzy/opt/gz_plugin_vendor/lib:/opt/ros/jazzy/opt/gz_fuel_tools_vendor/lib:/opt/ros/jazzy/opt/gz_msgs_vendor/lib:/opt/ros/jazzy/opt/gz_common_vendor/lib:/opt/ros/jazzy/opt/gz_tools_vendor/lib:/opt/ros/jazzy/opt/gz_ogre_next_vendor/lib:/opt/ros/jazzy/opt/gz_dartsim_vendor/lib:/home/macho/navivest_ws/install/nav2_velocity_smoother/lib:/home/macho/navivest_ws/install/nav2_map_server/lib:/home/macho/navivest_ws/install/nav2_amcl/lib:/home/macho/navivest_ws/install/test_bond/lib:/home/macho/navivest_ws/install/nav2_controller/lib:/home/macho/navivest_ws/install/dwb_plugins/lib:/home/macho/navivest_ws/install/dwb_critics/lib:/home/macho/navivest_ws/install/dwb_core/lib:/home/macho/navivest_ws/install/nav_2d_utils/lib:/home/macho/navivest_ws/install/nav2_theta_star_planner/lib:/home/macho/navivest_ws/install/nav2_planner/lib:/home/macho/navivest_ws/install/nav2_lifecycle_manager/lib:/home/macho/navivest_ws/install/costmap_queue/lib:/home/macho/navivest_ws/install/nav2_costmap_2d/lib:/home/macho/navivest_ws/install/nav2_behavior_tree/lib:/home/macho/navivest_ws/install/nav2_util/lib:/home/macho/navivest_ws/install/bondcpp/lib:/home/macho/navivest_ws/install/dwb_msgs/lib:/home/macho/navivest_ws/install/nav_2d_msgs/lib:/home/macho/navivest_ws/install/nav2_voxel_grid/lib:/home/macho/navivest_ws/install/nav2_msgs/lib:/home/macho/navivest_ws/install/geodesy/lib:/home/macho/navivest_ws/install/bond/lib:/home/macho/navivest_ws/install/behaviortree_cpp/lib:/opt/ros/jazzy/opt/rviz_ogre_vendor/lib:/opt/ros/jazzy/lib/x86_64-linux-gnu:/opt/ros/jazzy/opt/gz_math_vendor/lib:/opt/ros/jazzy/opt/gz_utils_vendor/lib:/opt/ros/jazzy/opt/gz_cmake_vendor/lib:/opt/ros/jazzy/lib:/usr/local/cuda-13.0/lib64 PYTHONPATH=/home/macho/navivest_ws/build/navivest_bringup/prefix_override:/usr/lib/python3/dist-packages/colcon_core/task/python/colcon_distutils_commands:/home/macho/navivest_ws/install/navivest_bringup/lib/python3.12/site-packages:/home/macho/navivest_ws/install/robot_localization/lib/python3.12/site-packages:/home/macho/navivest_ws/install/zed_msgs/lib/python3.12/site-packages:/home/macho/navivest_ws/install/nmea_msgs/lib/python3.12/site-packages:/home/macho/navivest_ws/build/navivest_guidance:/home/macho/navivest_ws/install/navivest_guidance/lib/python3.12/site-packages:/home/macho/navivest_ws/install/geographic_msgs/lib/python3.12/site-packages:/home/macho/navivest_ws/build/nav2_loopback_sim:/home/macho/navivest_ws/install/nav2_loopback_sim/lib/python3.12/site-packages:/home/macho/navivest_ws/install/test_bond/lib/python3.12/site-packages:/home/macho/navivest_ws/build/navivest_bringup:/home/macho/navivest_ws/install/navivest_bringup/lib/python3.12/site-packages:/home/macho/navivest_ws/build/bondpy:/home/macho/navivest_ws/install/bondpy/lib/python3.12/site-packages:/home/macho/navivest_ws/install/smclib/lib/python3.12/site-packages:/home/macho/navivest_ws/install/dwb_msgs/lib/python3.12/site-packages:/home/macho/navivest_ws/install/nav_2d_msgs/lib/python3.12/site-packages:/home/macho/navivest_ws/build/nav2_simple_commander:/home/macho/navivest_ws/install/nav2_simple_commander/lib/python3.12/site-packages:/home/macho/navivest_ws/install/nav2_msgs/lib/python3.12/site-packages:/home/macho/navivest_ws/install/nav2_common/lib/python3.12/site-packages:/home/macho/navivest_ws/install/geodesy/lib/python3.12/site-packages:/home/macho/navivest_ws/install/bond/lib/python3.12/site-packages:/opt/ros/jazzy/lib/python3.12/site-packages /usr/bin/python3 -W ignore:setup.py install is deprecated -W ignore:easy_install command is deprecated setup.py develop --editable --build-directory /home/macho/navivest_ws/build/navivest_bringup/build --no-deps symlink_data
[1.985s] INFO:colcon.colcon_core.shell:Creating environment hook '/home/macho/navivest_ws/build/navivest_bringup/share/navivest_bringup/hook/pythonpath_develop.sh'
[1.986s] Level 1:colcon.colcon_core.environment:checking '/home/macho/navivest_ws/install/navivest_bringup' for CMake module files
[1.986s] Level 1:colcon.colcon_core.environment:checking '/home/macho/navivest_ws/install/navivest_bringup' for CMake config files
[1.986s] Level 1:colcon.colcon_core.environment:checking '/home/macho/navivest_ws/install/navivest_bringup/lib'
[1.986s] Level 1:colcon.colcon_core.environment:checking '/home/macho/navivest_ws/install/navivest_bringup/bin'
[1.986s] Level 1:colcon.colcon_core.environment:checking '/home/macho/navivest_ws/install/navivest_bringup/lib/pkgconfig/navivest_bringup.pc'
[1.987s] Level 1:colcon.colcon_core.environment:checking '/home/macho/navivest_ws/install/navivest_bringup/lib/python3.12/site-packages'
[1.987s] Level 1:colcon.colcon_core.shell:create_environment_hook('navivest_bringup', 'pythonpath')
[1.987s] INFO:colcon.colcon_core.shell:Creating environment descriptor '/home/macho/navivest_ws/install/navivest_bringup/share/navivest_bringup/hook/pythonpath.dsv'
[1.987s] INFO:colcon.colcon_core.shell:Creating environment hook '/home/macho/navivest_ws/install/navivest_bringup/share/navivest_bringup/hook/pythonpath.sh'
[1.987s] Level 1:colcon.colcon_core.environment:checking '/home/macho/navivest_ws/install/navivest_bringup/bin'
[1.987s] Level 1:colcon.colcon_core.environment:create_environment_scripts_only(navivest_bringup)
[1.988s] INFO:colcon.colcon_core.shell:Creating package descriptor '/home/macho/navivest_ws/install/navivest_bringup/share/navivest_bringup/package.dsv'
[1.988s] INFO:colcon.colcon_core.shell:Creating package script '/home/macho/navivest_ws/install/navivest_bringup/share/navivest_bringup/package.sh'
[1.988s] INFO:colcon.colcon_core.shell:Creating package script '/home/macho/navivest_ws/install/navivest_bringup/share/navivest_bringup/package.bash'
[1.988s] INFO:colcon.colcon_core.shell:Creating package script '/home/macho/navivest_ws/install/navivest_bringup/share/navivest_bringup/package.zsh'
[1.989s] Level 1:colcon.colcon_core.environment:create_file_with_runtime_dependencies(/home/macho/navivest_ws/install/navivest_bringup/share/colcon-core/packages/navivest_bringup)
[1.989s] DEBUG:colcon.colcon_parallel_executor.executor.parallel:closing loop
[1.989s] DEBUG:colcon.colcon_parallel_executor.executor.parallel:loop closed
[1.989s] DEBUG:colcon.colcon_parallel_executor.executor.parallel:run_until_complete finished with '0'
[1.989s] DEBUG:colcon.colcon_core.event_reactor:joining thread
[1.994s] INFO:colcon.colcon_core.plugin_system:Skipping extension 'colcon_notification.desktop_notification.terminal_notifier': Not used on non-Darwin systems
[1.994s] INFO:colcon.colcon_core.plugin_system:Skipping extension 'colcon_notification.desktop_notification.win32': Not used on non-Windows systems
[1.994s] INFO:colcon.colcon_notification.desktop_notification:Sending desktop notification using 'notify2'
[2.004s] DEBUG:colcon.colcon_core.event_reactor:joined thread
[2.004s] INFO:colcon.colcon_core.shell:Creating prefix script '/home/macho/navivest_ws/install/local_setup.sh'
[2.005s] INFO:colcon.colcon_core.shell:Creating prefix util module '/home/macho/navivest_ws/install/_local_setup_util_sh.py'
[2.005s] INFO:colcon.colcon_core.shell:Creating prefix chain script '/home/macho/navivest_ws/install/setup.sh'
[2.007s] INFO:colcon.colcon_core.shell:Creating prefix script '/home/macho/navivest_ws/install/local_setup.bash'
[2.007s] INFO:colcon.colcon_core.shell:Creating prefix chain script '/home/macho/navivest_ws/install/setup.bash'
[2.008s] INFO:colcon.colcon_core.shell:Creating prefix script '/home/macho/navivest_ws/install/local_setup.zsh'
[2.008s] INFO:colcon.colcon_core.shell:Creating prefix chain script '/home/macho/navivest_ws/install/setup.zsh'
